============================================================================================== 
Warning! Mixing Conda and module environments may lead to corruption of the
user environment. 
We do not recommend users mixing those two environments unless absolutely
necessary. Note that 
SURF does not provide any support for Conda environment.
For more information, please refer to our software policy page:
https://servicedesk.surf.nl/wiki/display/WIKI/Software+policy+Snellius#SoftwarepolicySnellius-UseofAnacondaandMinicondaenvironmentsonSnellius 

Remember that many packages have already been installed on the system and can
be loaded using 
the 'module load <package__name>' command. If you are uncertain if a package is
already available 
on the system, please use 'module avail' or 'module spider' to search for it.
============================================================================================== 
Using config file: configs/config_aig_attention.yaml
Output directory: current_runs/attention_11048420
Loaded config:
data:
  dataset_type: aig-directed-multiclass
  graph_file: dataset/inputs8_outputs8max_nodes128max.pkl
  use_bfs: false
  max_graphs: null
model:
  mode: directed-multiclass
  edge_model: attention_rnn
  GraphRNN:
    use_attention: true
    embedding_size: 384
    hidden_size: 768
    num_layers: 4
    edge_feature_len: 3
    attention_heads: 12
    attention_dropout: 0.1
    output_size: 512
  EdgeMLP:
    hidden_size: 512
    edge_feature_len: 3
  EdgeRNN:
    embedding_size: 128
    hidden_size: 256
    num_layers: 3
    edge_feature_len: 3
  EdgeAttentionRNN:
    embedding_size: 256
    hidden_size: 512
    num_layers: 4
    edge_feature_len: 8
    attention_heads: 4
    attention_dropout: 0.1
train:
  batch_size: 32
  lr: 0.0001
  steps: 50000
  print_iter: 100
  checkpoint_iter: 5000
  checkpoint_dir: checkpoints_NodeAttn_EdgeAttn
  log_dir: logs_NodeAttn_EdgeAttn
  lr_schedule_milestones:
  - 10000
  - 20000
  - 30000
  - 40000
  lr_schedule_gamma: 0.5

Loading AIG graphs from dataset/inputs8_outputs8max_nodes128max.pkl...
Preprocessing graphs...
Graph preprocessing complete. 2704 graphs processed, 0 skipped.
Maximum node count in processed dataset: 64
INFO: Topological Sort mode. Effective input size (m_internal): 63
Calculating node levels...
Maximum node level across dataset: 13
Calculating edge type counts for class weighting...
Calculating weights based on 2433 training graphs...
Total edge slots considered for weights: 6737031
Raw edge counts: {0: 6590773, 1: 88996, 2: 57262}
Calculated edge weights (Inverse Frequency): [0.015776561573147774, 1.16836416721344, 1.815859317779541]
Dataset ready: 2433 graphs (training split). Ordering: Topological Sort
Dataset initialized. Max node count: 64, Max level: 13
INFO: Using Topological Sort mode. Effective input/output size (max_nodes-1): 63
Selected EdgeLevelAttentionRNN model. Expecting GraphRNN output size: 512
INFO: Using GraphLevelAttentionRNN for node level.
INFO: GraphLevelAttentionRNN using level embedding up to level 13
Setting up CrossEntropyLoss for 3 edge classes.
Applying edge class weights: [0.015776561573147774, 1.16836416721344, 1.815859317779541]
TensorBoard logs will be saved to: current_runs/attention_11048420/logs_NodeAttn_EdgeAttn
[100/50000] loss=0.5581 lr=1.0E-04 time/iter=0.161s eta=2:13:52
[200/50000] loss=0.4453 lr=1.0E-04 time/iter=0.158s eta=2:10:49
[300/50000] loss=0.3586 lr=1.0E-04 time/iter=0.156s eta=2:09:26
[400/50000] loss=0.3216 lr=1.0E-04 time/iter=0.155s eta=2:08:29
[500/50000] loss=0.3014 lr=1.0E-04 time/iter=0.155s eta=2:07:50
[600/50000] loss=0.2950 lr=1.0E-04 time/iter=0.155s eta=2:07:31
[700/50000] loss=0.2798 lr=1.0E-04 time/iter=0.155s eta=2:07:01
[800/50000] loss=0.2566 lr=1.0E-04 time/iter=0.154s eta=2:06:38
[900/50000] loss=0.2350 lr=1.0E-04 time/iter=0.154s eta=2:06:22
[1000/50000] loss=0.2137 lr=1.0E-04 time/iter=0.154s eta=2:06:05
[1100/50000] loss=0.1906 lr=1.0E-04 time/iter=0.154s eta=2:05:44
[1200/50000] loss=0.1666 lr=1.0E-04 time/iter=0.154s eta=2:05:26
[1300/50000] loss=0.1609 lr=1.0E-04 time/iter=0.154s eta=2:05:07
[1400/50000] loss=0.1556 lr=1.0E-04 time/iter=0.154s eta=2:04:48
[1500/50000] loss=0.1471 lr=1.0E-04 time/iter=0.154s eta=2:04:31
[1600/50000] loss=0.1397 lr=1.0E-04 time/iter=0.154s eta=2:04:13
[1700/50000] loss=0.1410 lr=1.0E-04 time/iter=0.154s eta=2:03:54
[1800/50000] loss=0.1316 lr=1.0E-04 time/iter=0.154s eta=2:03:38
[1900/50000] loss=0.1341 lr=1.0E-04 time/iter=0.154s eta=2:03:22
[2000/50000] loss=0.1292 lr=1.0E-04 time/iter=0.154s eta=2:03:08
[2100/50000] loss=0.1232 lr=1.0E-04 time/iter=0.154s eta=2:02:51
[2200/50000] loss=0.1268 lr=1.0E-04 time/iter=0.154s eta=2:02:36
[2300/50000] loss=0.1213 lr=9.9E-05 time/iter=0.154s eta=2:02:19
[2400/50000] loss=0.1197 lr=9.9E-05 time/iter=0.154s eta=2:02:01
[2500/50000] loss=0.1223 lr=9.9E-05 time/iter=0.154s eta=2:01:47
[2600/50000] loss=0.1182 lr=9.9E-05 time/iter=0.154s eta=2:01:32
[2700/50000] loss=0.1189 lr=9.9E-05 time/iter=0.154s eta=2:01:15
[2800/50000] loss=0.1160 lr=9.9E-05 time/iter=0.154s eta=2:00:59
[2900/50000] loss=0.1151 lr=9.9E-05 time/iter=0.154s eta=2:00:45
[3000/50000] loss=0.1139 lr=9.9E-05 time/iter=0.154s eta=2:00:29
[3100/50000] loss=0.1108 lr=9.9E-05 time/iter=0.154s eta=2:00:13
[3200/50000] loss=0.1099 lr=9.9E-05 time/iter=0.154s eta=1:59:57
[3300/50000] loss=0.1086 lr=9.9E-05 time/iter=0.154s eta=1:59:43
[3400/50000] loss=0.1167 lr=9.9E-05 time/iter=0.154s eta=1:59:26
[3500/50000] loss=0.1066 lr=9.9E-05 time/iter=0.154s eta=1:59:10
[3600/50000] loss=0.1048 lr=9.9E-05 time/iter=0.154s eta=1:58:55
[3700/50000] loss=0.1124 lr=9.9E-05 time/iter=0.154s eta=1:58:39
[3800/50000] loss=0.1071 lr=9.9E-05 time/iter=0.154s eta=1:58:24
[3900/50000] loss=0.1074 lr=9.9E-05 time/iter=0.154s eta=1:58:09
[4000/50000] loss=0.1073 lr=9.8E-05 time/iter=0.154s eta=1:57:53
[4100/50000] loss=0.1167 lr=9.8E-05 time/iter=0.154s eta=1:57:37
[4200/50000] loss=0.1049 lr=9.8E-05 time/iter=0.154s eta=1:57:21
[4300/50000] loss=0.1066 lr=9.8E-05 time/iter=0.154s eta=1:57:06
[4400/50000] loss=0.1047 lr=9.8E-05 time/iter=0.154s eta=1:56:49
[4500/50000] loss=0.1048 lr=9.8E-05 time/iter=0.154s eta=1:56:34
[4600/50000] loss=0.1023 lr=9.8E-05 time/iter=0.154s eta=1:56:19
[4700/50000] loss=0.1046 lr=9.8E-05 time/iter=0.154s eta=1:56:02
[4800/50000] loss=0.1164 lr=9.8E-05 time/iter=0.154s eta=1:56:00
[4900/50000] loss=0.0988 lr=9.8E-05 time/iter=0.154s eta=1:55:45
[5000/50000] loss=0.1010 lr=9.8E-05 time/iter=0.154s eta=1:55:29
Saving checkpoint to current_runs/attention_11048420/checkpoints_NodeAttn_EdgeAttn/checkpoint-5000.pth...
Checkpoint saved.
[5100/50000] loss=0.1036 lr=9.7E-05 time/iter=0.154s eta=1:55:14
[5200/50000] loss=0.1033 lr=9.7E-05 time/iter=0.154s eta=1:54:59
[5300/50000] loss=0.1033 lr=9.7E-05 time/iter=0.154s eta=1:54:43
[5400/50000] loss=0.1040 lr=9.7E-05 time/iter=0.154s eta=1:54:26
[5500/50000] loss=0.0993 lr=9.7E-05 time/iter=0.154s eta=1:54:10
[5600/50000] loss=0.1008 lr=9.7E-05 time/iter=0.154s eta=1:53:55
[5700/50000] loss=0.1004 lr=9.7E-05 time/iter=0.154s eta=1:53:38
[5800/50000] loss=0.0998 lr=9.7E-05 time/iter=0.154s eta=1:53:22
[5900/50000] loss=0.1003 lr=9.7E-05 time/iter=0.154s eta=1:53:06
[6000/50000] loss=0.1091 lr=9.6E-05 time/iter=0.154s eta=1:52:50
[6100/50000] loss=0.1109 lr=9.6E-05 time/iter=0.154s eta=1:52:34
[6200/50000] loss=0.0993 lr=9.6E-05 time/iter=0.154s eta=1:52:19
[6300/50000] loss=0.1023 lr=9.6E-05 time/iter=0.154s eta=1:52:03
[6400/50000] loss=0.0981 lr=9.6E-05 time/iter=0.154s eta=1:51:46
[6500/50000] loss=0.1070 lr=9.6E-05 time/iter=0.154s eta=1:51:31
[6600/50000] loss=0.1120 lr=9.6E-05 time/iter=0.154s eta=1:51:15
[6700/50000] loss=0.0971 lr=9.6E-05 time/iter=0.154s eta=1:50:59
[6800/50000] loss=0.0945 lr=9.6E-05 time/iter=0.154s eta=1:50:43
[6900/50000] loss=0.0976 lr=9.5E-05 time/iter=0.154s eta=1:50:28
[7000/50000] loss=0.1005 lr=9.5E-05 time/iter=0.154s eta=1:50:12
[7100/50000] loss=0.1029 lr=9.5E-05 time/iter=0.154s eta=1:49:56
[7200/50000] loss=0.0978 lr=9.5E-05 time/iter=0.154s eta=1:49:41
[7300/50000] loss=0.1023 lr=9.5E-05 time/iter=0.154s eta=1:49:25
[7400/50000] loss=0.1050 lr=9.5E-05 time/iter=0.154s eta=1:49:09
[7500/50000] loss=0.0919 lr=9.5E-05 time/iter=0.154s eta=1:48:53
[7600/50000] loss=0.1089 lr=9.4E-05 time/iter=0.154s eta=1:48:37
[7700/50000] loss=0.0951 lr=9.4E-05 time/iter=0.154s eta=1:48:21
[7800/50000] loss=0.0990 lr=9.4E-05 time/iter=0.154s eta=1:48:06
[7900/50000] loss=0.0978 lr=9.4E-05 time/iter=0.154s eta=1:47:50
[8000/50000] loss=0.0988 lr=9.4E-05 time/iter=0.154s eta=1:47:34
[8100/50000] loss=0.1130 lr=9.4E-05 time/iter=0.154s eta=1:47:18
[8200/50000] loss=0.0970 lr=9.4E-05 time/iter=0.154s eta=1:47:02
[8300/50000] loss=0.0937 lr=9.3E-05 time/iter=0.154s eta=1:46:47
[8400/50000] loss=0.1211 lr=9.3E-05 time/iter=0.154s eta=1:46:31
[8500/50000] loss=0.0878 lr=9.3E-05 time/iter=0.154s eta=1:46:15
[8600/50000] loss=0.0917 lr=9.3E-05 time/iter=0.154s eta=1:46:00
[8700/50000] loss=0.0888 lr=9.3E-05 time/iter=0.154s eta=1:45:44
[8800/50000] loss=0.0863 lr=9.3E-05 time/iter=0.154s eta=1:45:28
[8900/50000] loss=0.0926 lr=9.2E-05 time/iter=0.154s eta=1:45:13
[9000/50000] loss=0.0893 lr=9.2E-05 time/iter=0.154s eta=1:44:57
[9100/50000] loss=0.0867 lr=9.2E-05 time/iter=0.154s eta=1:44:41
[9200/50000] loss=0.0810 lr=9.2E-05 time/iter=0.154s eta=1:44:26
[9300/50000] loss=0.0827 lr=9.2E-05 time/iter=0.154s eta=1:44:11
[9400/50000] loss=0.0919 lr=9.2E-05 time/iter=0.154s eta=1:43:55
[9500/50000] loss=0.0870 lr=9.1E-05 time/iter=0.154s eta=1:43:39
[9600/50000] loss=0.0812 lr=9.1E-05 time/iter=0.154s eta=1:43:23
[9700/50000] loss=0.0823 lr=9.1E-05 time/iter=0.154s eta=1:43:08
[9800/50000] loss=0.0807 lr=9.1E-05 time/iter=0.154s eta=1:42:52
[9900/50000] loss=0.0764 lr=9.1E-05 time/iter=0.154s eta=1:42:37
[10000/50000] loss=0.0827 lr=9.0E-05 time/iter=0.154s eta=1:42:21
Saving checkpoint to current_runs/attention_11048420/checkpoints_NodeAttn_EdgeAttn/checkpoint-10000.pth...
Checkpoint saved.
[10100/50000] loss=0.0712 lr=9.0E-05 time/iter=0.154s eta=1:42:06
[10200/50000] loss=0.0810 lr=9.0E-05 time/iter=0.154s eta=1:41:51
[10300/50000] loss=0.0766 lr=9.0E-05 time/iter=0.154s eta=1:41:35
[10400/50000] loss=0.0783 lr=9.0E-05 time/iter=0.154s eta=1:41:19
[10500/50000] loss=0.0783 lr=9.0E-05 time/iter=0.154s eta=1:41:04
[10600/50000] loss=0.0721 lr=8.9E-05 time/iter=0.154s eta=1:40:49
[10700/50000] loss=0.0659 lr=8.9E-05 time/iter=0.154s eta=1:40:33
[10800/50000] loss=0.0573 lr=8.9E-05 time/iter=0.154s eta=1:40:17
[10900/50000] loss=0.0495 lr=8.9E-05 time/iter=0.154s eta=1:40:02
[11000/50000] loss=0.0468 lr=8.9E-05 time/iter=0.154s eta=1:39:46
[11100/50000] loss=0.0482 lr=8.8E-05 time/iter=0.153s eta=1:39:31
[11200/50000] loss=0.0519 lr=8.8E-05 time/iter=0.154s eta=1:39:15
[11300/50000] loss=0.0462 lr=8.8E-05 time/iter=0.153s eta=1:39:00
[11400/50000] loss=0.0425 lr=8.8E-05 time/iter=0.153s eta=1:38:44
[11500/50000] loss=0.0451 lr=8.8E-05 time/iter=0.153s eta=1:38:29
[11600/50000] loss=0.0377 lr=8.7E-05 time/iter=0.153s eta=1:38:14
[11700/50000] loss=0.0444 lr=8.7E-05 time/iter=0.153s eta=1:37:58
[11800/50000] loss=0.0582 lr=8.7E-05 time/iter=0.153s eta=1:37:42
[11900/50000] loss=0.0358 lr=8.7E-05 time/iter=0.153s eta=1:37:27
[12000/50000] loss=0.0374 lr=8.6E-05 time/iter=0.153s eta=1:37:11
[12100/50000] loss=0.0358 lr=8.6E-05 time/iter=0.153s eta=1:36:56
[12200/50000] loss=0.0288 lr=8.6E-05 time/iter=0.153s eta=1:36:40
[12300/50000] loss=0.0319 lr=8.6E-05 time/iter=0.153s eta=1:36:25
[12400/50000] loss=0.0498 lr=8.6E-05 time/iter=0.153s eta=1:36:09
[12500/50000] loss=0.0290 lr=8.5E-05 time/iter=0.153s eta=1:35:54
[12600/50000] loss=0.0308 lr=8.5E-05 time/iter=0.153s eta=1:35:38
[12700/50000] loss=0.0313 lr=8.5E-05 time/iter=0.153s eta=1:35:23
[12800/50000] loss=0.0409 lr=8.5E-05 time/iter=0.153s eta=1:35:07
[12900/50000] loss=0.0323 lr=8.4E-05 time/iter=0.153s eta=1:34:52
[13000/50000] loss=0.0366 lr=8.4E-05 time/iter=0.153s eta=1:34:36
[13100/50000] loss=0.0382 lr=8.4E-05 time/iter=0.153s eta=1:34:20
[13200/50000] loss=0.0298 lr=8.4E-05 time/iter=0.153s eta=1:34:05
[13300/50000] loss=0.0273 lr=8.4E-05 time/iter=0.153s eta=1:33:50
[13400/50000] loss=0.0311 lr=8.3E-05 time/iter=0.153s eta=1:33:34
[13500/50000] loss=0.1052 lr=8.3E-05 time/iter=0.153s eta=1:33:18
[13600/50000] loss=0.0246 lr=8.3E-05 time/iter=0.153s eta=1:33:03
[13700/50000] loss=0.0273 lr=8.3E-05 time/iter=0.153s eta=1:32:47
[13800/50000] loss=0.0254 lr=8.2E-05 time/iter=0.153s eta=1:32:32
[13900/50000] loss=0.0307 lr=8.2E-05 time/iter=0.153s eta=1:32:16
[14000/50000] loss=0.0239 lr=8.2E-05 time/iter=0.153s eta=1:32:00
[14100/50000] loss=0.0273 lr=8.2E-05 time/iter=0.153s eta=1:31:44
[14200/50000] loss=0.0234 lr=8.1E-05 time/iter=0.153s eta=1:31:29
[14300/50000] loss=0.0291 lr=8.1E-05 time/iter=0.153s eta=1:31:14
[14400/50000] loss=0.0256 lr=8.1E-05 time/iter=0.153s eta=1:30:58
[14500/50000] loss=0.0250 lr=8.1E-05 time/iter=0.153s eta=1:30:42
[14600/50000] loss=0.0216 lr=8.0E-05 time/iter=0.153s eta=1:30:27
[14700/50000] loss=0.0262 lr=8.0E-05 time/iter=0.153s eta=1:30:11
[14800/50000] loss=0.0213 lr=8.0E-05 time/iter=0.153s eta=1:29:55
[14900/50000] loss=0.0278 lr=8.0E-05 time/iter=0.153s eta=1:29:40
[15000/50000] loss=0.0246 lr=7.9E-05 time/iter=0.153s eta=1:29:24
Saving checkpoint to current_runs/attention_11048420/checkpoints_NodeAttn_EdgeAttn/checkpoint-15000.pth...
Checkpoint saved.
[15100/50000] loss=0.0204 lr=7.9E-05 time/iter=0.153s eta=1:29:09
[15200/50000] loss=0.0212 lr=7.9E-05 time/iter=0.153s eta=1:28:54
[15300/50000] loss=0.0212 lr=7.9E-05 time/iter=0.153s eta=1:28:38
[15400/50000] loss=0.0215 lr=7.8E-05 time/iter=0.153s eta=1:28:22
[15500/50000] loss=0.0211 lr=7.8E-05 time/iter=0.153s eta=1:28:07
[15600/50000] loss=0.0247 lr=7.8E-05 time/iter=0.153s eta=1:27:52
[15700/50000] loss=0.0280 lr=7.8E-05 time/iter=0.153s eta=1:27:36
[15800/50000] loss=0.0232 lr=7.7E-05 time/iter=0.153s eta=1:27:20
[15900/50000] loss=0.0250 lr=7.7E-05 time/iter=0.153s eta=1:27:05
[16000/50000] loss=0.0205 lr=7.7E-05 time/iter=0.153s eta=1:26:49
[16100/50000] loss=0.0262 lr=7.7E-05 time/iter=0.153s eta=1:26:34
[16200/50000] loss=0.0248 lr=7.6E-05 time/iter=0.153s eta=1:26:18
[16300/50000] loss=0.0290 lr=7.6E-05 time/iter=0.153s eta=1:26:03
[16400/50000] loss=0.0202 lr=7.6E-05 time/iter=0.153s eta=1:25:48
[16500/50000] loss=0.0179 lr=7.5E-05 time/iter=0.153s eta=1:25:32
[16600/50000] loss=0.0195 lr=7.5E-05 time/iter=0.153s eta=1:25:16
[16700/50000] loss=0.0183 lr=7.5E-05 time/iter=0.153s eta=1:25:01
[16800/50000] loss=0.0190 lr=7.5E-05 time/iter=0.153s eta=1:24:45
[16900/50000] loss=0.0185 lr=7.4E-05 time/iter=0.153s eta=1:24:30
[17000/50000] loss=0.0194 lr=7.4E-05 time/iter=0.153s eta=1:24:15
[17100/50000] loss=0.0246 lr=7.4E-05 time/iter=0.153s eta=1:23:59
[17200/50000] loss=0.0205 lr=7.4E-05 time/iter=0.153s eta=1:23:44
[17300/50000] loss=0.0193 lr=7.3E-05 time/iter=0.153s eta=1:23:28
[17400/50000] loss=0.0183 lr=7.3E-05 time/iter=0.153s eta=1:23:13
[17500/50000] loss=0.0217 lr=7.3E-05 time/iter=0.153s eta=1:22:57
[17600/50000] loss=0.0163 lr=7.2E-05 time/iter=0.153s eta=1:22:42
[17700/50000] loss=0.0146 lr=7.2E-05 time/iter=0.153s eta=1:22:26
[17800/50000] loss=0.0152 lr=7.2E-05 time/iter=0.153s eta=1:22:11
[17900/50000] loss=0.0156 lr=7.2E-05 time/iter=0.153s eta=1:21:55
[18000/50000] loss=0.0260 lr=7.1E-05 time/iter=0.153s eta=1:21:40
[18100/50000] loss=0.0123 lr=7.1E-05 time/iter=0.153s eta=1:21:24
[18200/50000] loss=0.0260 lr=7.1E-05 time/iter=0.153s eta=1:21:09
[18300/50000] loss=0.0112 lr=7.0E-05 time/iter=0.153s eta=1:20:54
[18400/50000] loss=0.0124 lr=7.0E-05 time/iter=0.153s eta=1:20:38
[18500/50000] loss=0.0307 lr=7.0E-05 time/iter=0.153s eta=1:20:23
[18600/50000] loss=0.0120 lr=7.0E-05 time/iter=0.153s eta=1:20:07
[18700/50000] loss=0.0122 lr=6.9E-05 time/iter=0.153s eta=1:19:52
[18800/50000] loss=0.0234 lr=6.9E-05 time/iter=0.153s eta=1:19:36
[18900/50000] loss=0.0140 lr=6.9E-05 time/iter=0.153s eta=1:19:21
[19000/50000] loss=0.0122 lr=6.8E-05 time/iter=0.153s eta=1:19:06
[19100/50000] loss=0.0108 lr=6.8E-05 time/iter=0.153s eta=1:18:50
[19200/50000] loss=0.0195 lr=6.8E-05 time/iter=0.153s eta=1:18:35
[19300/50000] loss=0.0299 lr=6.8E-05 time/iter=0.153s eta=1:18:19
[19400/50000] loss=0.0078 lr=6.7E-05 time/iter=0.153s eta=1:18:04
[19500/50000] loss=0.0257 lr=6.7E-05 time/iter=0.153s eta=1:17:48
[19600/50000] loss=0.0119 lr=6.7E-05 time/iter=0.153s eta=1:17:33
[19700/50000] loss=0.0217 lr=6.6E-05 time/iter=0.153s eta=1:17:17
[19800/50000] loss=0.0123 lr=6.6E-05 time/iter=0.153s eta=1:17:02
[19900/50000] loss=0.0092 lr=6.6E-05 time/iter=0.153s eta=1:16:47
[20000/50000] loss=0.0126 lr=6.5E-05 time/iter=0.153s eta=1:16:31
Saving checkpoint to current_runs/attention_11048420/checkpoints_NodeAttn_EdgeAttn/checkpoint-20000.pth...
Checkpoint saved.
[20100/50000] loss=0.0189 lr=6.5E-05 time/iter=0.153s eta=1:16:16
[20200/50000] loss=0.0102 lr=6.5E-05 time/iter=0.153s eta=1:16:01
[20300/50000] loss=0.0093 lr=6.5E-05 time/iter=0.153s eta=1:15:45
[20400/50000] loss=0.0088 lr=6.4E-05 time/iter=0.153s eta=1:15:30
[20500/50000] loss=0.0102 lr=6.4E-05 time/iter=0.153s eta=1:15:14
[20600/50000] loss=0.0074 lr=6.4E-05 time/iter=0.153s eta=1:14:59
[20700/50000] loss=0.0076 lr=6.3E-05 time/iter=0.153s eta=1:14:43
[20800/50000] loss=0.0173 lr=6.3E-05 time/iter=0.153s eta=1:14:28
[20900/50000] loss=0.0161 lr=6.3E-05 time/iter=0.153s eta=1:14:12
[21000/50000] loss=0.0095 lr=6.2E-05 time/iter=0.153s eta=1:13:57
[21100/50000] loss=0.0201 lr=6.2E-05 time/iter=0.153s eta=1:13:42
[21200/50000] loss=0.0137 lr=6.2E-05 time/iter=0.153s eta=1:13:26
[21300/50000] loss=0.0072 lr=6.2E-05 time/iter=0.153s eta=1:13:11
[21400/50000] loss=0.0104 lr=6.1E-05 time/iter=0.153s eta=1:12:55
[21500/50000] loss=0.0088 lr=6.1E-05 time/iter=0.153s eta=1:12:40
[21600/50000] loss=0.0074 lr=6.1E-05 time/iter=0.153s eta=1:12:25
[21700/50000] loss=0.0138 lr=6.0E-05 time/iter=0.153s eta=1:12:09
[21800/50000] loss=0.0076 lr=6.0E-05 time/iter=0.153s eta=1:11:54
[21900/50000] loss=0.0096 lr=6.0E-05 time/iter=0.153s eta=1:11:38
[22000/50000] loss=0.0097 lr=5.9E-05 time/iter=0.153s eta=1:11:23
[22100/50000] loss=0.0125 lr=5.9E-05 time/iter=0.153s eta=1:11:07
[22200/50000] loss=0.0110 lr=5.9E-05 time/iter=0.153s eta=1:10:52
[22300/50000] loss=0.0162 lr=5.8E-05 time/iter=0.153s eta=1:10:37
[22400/50000] loss=0.0071 lr=5.8E-05 time/iter=0.153s eta=1:10:21
[22500/50000] loss=0.0069 lr=5.8E-05 time/iter=0.153s eta=1:10:06
[22600/50000] loss=0.0071 lr=5.8E-05 time/iter=0.153s eta=1:09:51
[22700/50000] loss=0.0064 lr=5.7E-05 time/iter=0.153s eta=1:09:35
[22800/50000] loss=0.0093 lr=5.7E-05 time/iter=0.153s eta=1:09:20
[22900/50000] loss=0.0067 lr=5.7E-05 time/iter=0.153s eta=1:09:04
[23000/50000] loss=0.0057 lr=5.6E-05 time/iter=0.153s eta=1:08:49
[23100/50000] loss=0.0070 lr=5.6E-05 time/iter=0.153s eta=1:08:33
[23200/50000] loss=0.0067 lr=5.6E-05 time/iter=0.153s eta=1:08:18
[23300/50000] loss=0.0078 lr=5.5E-05 time/iter=0.153s eta=1:08:03
[23400/50000] loss=0.0067 lr=5.5E-05 time/iter=0.153s eta=1:07:47
[23500/50000] loss=0.0092 lr=5.5E-05 time/iter=0.153s eta=1:07:32
[23600/50000] loss=0.0051 lr=5.4E-05 time/iter=0.153s eta=1:07:17
[23700/50000] loss=0.0054 lr=5.4E-05 time/iter=0.153s eta=1:07:01
[23800/50000] loss=0.0074 lr=5.4E-05 time/iter=0.153s eta=1:06:46
[23900/50000] loss=0.0065 lr=5.3E-05 time/iter=0.153s eta=1:06:30
[24000/50000] loss=0.0053 lr=5.3E-05 time/iter=0.153s eta=1:06:15
[24100/50000] loss=0.0073 lr=5.3E-05 time/iter=0.153s eta=1:06:00
[24200/50000] loss=0.0040 lr=5.3E-05 time/iter=0.153s eta=1:05:44
[24300/50000] loss=0.0165 lr=5.2E-05 time/iter=0.153s eta=1:05:29
[24400/50000] loss=0.0051 lr=5.2E-05 time/iter=0.153s eta=1:05:14
[24500/50000] loss=0.0034 lr=5.2E-05 time/iter=0.153s eta=1:04:58
[24600/50000] loss=0.0074 lr=5.1E-05 time/iter=0.153s eta=1:04:43
[24700/50000] loss=0.0075 lr=5.1E-05 time/iter=0.153s eta=1:04:27
[24800/50000] loss=0.0053 lr=5.1E-05 time/iter=0.153s eta=1:04:12
[24900/50000] loss=0.0058 lr=5.0E-05 time/iter=0.153s eta=1:03:57
[25000/50000] loss=0.0061 lr=5.0E-05 time/iter=0.153s eta=1:03:41
Saving checkpoint to current_runs/attention_11048420/checkpoints_NodeAttn_EdgeAttn/checkpoint-25000.pth...
Checkpoint saved.
[25100/50000] loss=0.0066 lr=5.0E-05 time/iter=0.153s eta=1:03:26
[25200/50000] loss=0.0108 lr=4.9E-05 time/iter=0.153s eta=1:03:11
[25300/50000] loss=0.0132 lr=4.9E-05 time/iter=0.153s eta=1:02:55
[25400/50000] loss=0.0054 lr=4.9E-05 time/iter=0.153s eta=1:02:40
[25500/50000] loss=0.0039 lr=4.8E-05 time/iter=0.153s eta=1:02:25
[25600/50000] loss=0.0062 lr=4.8E-05 time/iter=0.153s eta=1:02:09
[25700/50000] loss=0.0048 lr=4.8E-05 time/iter=0.153s eta=1:01:54
[25800/50000] loss=0.0080 lr=4.7E-05 time/iter=0.153s eta=1:01:39
[25900/50000] loss=0.0054 lr=4.7E-05 time/iter=0.153s eta=1:01:23
[26000/50000] loss=0.0099 lr=4.7E-05 time/iter=0.153s eta=1:01:08
[26100/50000] loss=0.0063 lr=4.7E-05 time/iter=0.153s eta=1:00:53
[26200/50000] loss=0.0057 lr=4.6E-05 time/iter=0.153s eta=1:00:37
[26300/50000] loss=0.0052 lr=4.6E-05 time/iter=0.153s eta=1:00:22
[26400/50000] loss=0.0030 lr=4.6E-05 time/iter=0.153s eta=1:00:06
[26500/50000] loss=0.0109 lr=4.5E-05 time/iter=0.153s eta=0:59:51
[26600/50000] loss=0.0110 lr=4.5E-05 time/iter=0.153s eta=0:59:36
[26700/50000] loss=0.0083 lr=4.5E-05 time/iter=0.153s eta=0:59:20
[26800/50000] loss=0.0157 lr=4.4E-05 time/iter=0.153s eta=0:59:05
[26900/50000] loss=0.0032 lr=4.4E-05 time/iter=0.153s eta=0:58:50
[27000/50000] loss=0.0059 lr=4.4E-05 time/iter=0.153s eta=0:58:34
[27100/50000] loss=0.0049 lr=4.3E-05 time/iter=0.153s eta=0:58:19
[27200/50000] loss=0.0064 lr=4.3E-05 time/iter=0.153s eta=0:58:04
[27300/50000] loss=0.0055 lr=4.3E-05 time/iter=0.153s eta=0:57:48
[27400/50000] loss=0.0061 lr=4.2E-05 time/iter=0.153s eta=0:57:33
[27500/50000] loss=0.0079 lr=4.2E-05 time/iter=0.153s eta=0:57:18
[27600/50000] loss=0.0048 lr=4.2E-05 time/iter=0.153s eta=0:57:02
[27700/50000] loss=0.0065 lr=4.2E-05 time/iter=0.153s eta=0:56:47
[27800/50000] loss=0.0070 lr=4.1E-05 time/iter=0.153s eta=0:56:31
[27900/50000] loss=0.0035 lr=4.1E-05 time/iter=0.153s eta=0:56:16
[28000/50000] loss=0.0069 lr=4.1E-05 time/iter=0.153s eta=0:56:01
[28100/50000] loss=0.0043 lr=4.0E-05 time/iter=0.153s eta=0:55:46
[28200/50000] loss=0.0035 lr=4.0E-05 time/iter=0.153s eta=0:55:30
[28300/50000] loss=0.0060 lr=4.0E-05 time/iter=0.153s eta=0:55:15
[28400/50000] loss=0.0041 lr=3.9E-05 time/iter=0.153s eta=0:54:59
[28500/50000] loss=0.0044 lr=3.9E-05 time/iter=0.153s eta=0:54:44
[28600/50000] loss=0.0039 lr=3.9E-05 time/iter=0.153s eta=0:54:29
[28700/50000] loss=0.0057 lr=3.8E-05 time/iter=0.153s eta=0:54:13
[28800/50000] loss=0.0026 lr=3.8E-05 time/iter=0.153s eta=0:53:58
[28900/50000] loss=0.0023 lr=3.8E-05 time/iter=0.153s eta=0:53:43
[29000/50000] loss=0.0066 lr=3.8E-05 time/iter=0.153s eta=0:53:27
[29100/50000] loss=0.0030 lr=3.7E-05 time/iter=0.153s eta=0:53:12
[29200/50000] loss=0.0054 lr=3.7E-05 time/iter=0.153s eta=0:52:57
[29300/50000] loss=0.0066 lr=3.7E-05 time/iter=0.153s eta=0:52:41
[29400/50000] loss=0.0059 lr=3.6E-05 time/iter=0.153s eta=0:52:26
[29500/50000] loss=0.0057 lr=3.6E-05 time/iter=0.153s eta=0:52:11
[29600/50000] loss=0.0044 lr=3.6E-05 time/iter=0.153s eta=0:51:55
[29700/50000] loss=0.0039 lr=3.5E-05 time/iter=0.153s eta=0:51:40
[29800/50000] loss=0.1064 lr=3.5E-05 time/iter=0.153s eta=0:51:25
[29900/50000] loss=0.0028 lr=3.5E-05 time/iter=0.153s eta=0:51:09
[30000/50000] loss=0.0021 lr=3.5E-05 time/iter=0.153s eta=0:50:54
Saving checkpoint to current_runs/attention_11048420/checkpoints_NodeAttn_EdgeAttn/checkpoint-30000.pth...
Checkpoint saved.
[30100/50000] loss=0.0035 lr=3.4E-05 time/iter=0.153s eta=0:50:39
[30200/50000] loss=0.0058 lr=3.4E-05 time/iter=0.153s eta=0:50:24
[30300/50000] loss=0.0034 lr=3.4E-05 time/iter=0.153s eta=0:50:08
[30400/50000] loss=0.0026 lr=3.3E-05 time/iter=0.153s eta=0:49:53
[30500/50000] loss=0.0030 lr=3.3E-05 time/iter=0.153s eta=0:49:38
[30600/50000] loss=0.0018 lr=3.3E-05 time/iter=0.153s eta=0:49:22
[30700/50000] loss=0.0049 lr=3.2E-05 time/iter=0.153s eta=0:49:07
[30800/50000] loss=0.0038 lr=3.2E-05 time/iter=0.153s eta=0:48:52
[30900/50000] loss=0.0025 lr=3.2E-05 time/iter=0.153s eta=0:48:36
[31000/50000] loss=0.0045 lr=3.2E-05 time/iter=0.153s eta=0:48:21
[31100/50000] loss=0.0036 lr=3.1E-05 time/iter=0.153s eta=0:48:06
[31200/50000] loss=0.0038 lr=3.1E-05 time/iter=0.153s eta=0:47:50
[31300/50000] loss=0.0020 lr=3.1E-05 time/iter=0.153s eta=0:47:35
[31400/50000] loss=0.0046 lr=3.0E-05 time/iter=0.153s eta=0:47:20
[31500/50000] loss=0.0020 lr=3.0E-05 time/iter=0.153s eta=0:47:04
[31600/50000] loss=0.0019 lr=3.0E-05 time/iter=0.153s eta=0:46:49
[31700/50000] loss=0.0057 lr=3.0E-05 time/iter=0.153s eta=0:46:34
[31800/50000] loss=0.0031 lr=2.9E-05 time/iter=0.153s eta=0:46:19
[31900/50000] loss=0.0050 lr=2.9E-05 time/iter=0.153s eta=0:46:03
[32000/50000] loss=0.0021 lr=2.9E-05 time/iter=0.153s eta=0:45:48
[32100/50000] loss=0.0015 lr=2.8E-05 time/iter=0.153s eta=0:45:33
[32200/50000] loss=0.0096 lr=2.8E-05 time/iter=0.153s eta=0:45:17
[32300/50000] loss=0.0019 lr=2.8E-05 time/iter=0.153s eta=0:45:02
[32400/50000] loss=0.0030 lr=2.8E-05 time/iter=0.153s eta=0:44:47
[32500/50000] loss=0.0019 lr=2.7E-05 time/iter=0.153s eta=0:44:31
[32600/50000] loss=0.0029 lr=2.7E-05 time/iter=0.153s eta=0:44:16
[32700/50000] loss=0.0022 lr=2.7E-05 time/iter=0.153s eta=0:44:01
[32800/50000] loss=0.0020 lr=2.6E-05 time/iter=0.153s eta=0:43:45
[32900/50000] loss=0.0017 lr=2.6E-05 time/iter=0.153s eta=0:43:30
[33000/50000] loss=0.0024 lr=2.6E-05 time/iter=0.153s eta=0:43:15
[33100/50000] loss=0.0057 lr=2.6E-05 time/iter=0.153s eta=0:43:00
[33200/50000] loss=0.0016 lr=2.5E-05 time/iter=0.153s eta=0:42:44
[33300/50000] loss=0.0021 lr=2.5E-05 time/iter=0.153s eta=0:42:29
[33400/50000] loss=0.0020 lr=2.5E-05 time/iter=0.153s eta=0:42:14
[33500/50000] loss=0.0021 lr=2.5E-05 time/iter=0.153s eta=0:41:58
[33600/50000] loss=0.0042 lr=2.4E-05 time/iter=0.153s eta=0:41:43
[33700/50000] loss=0.0025 lr=2.4E-05 time/iter=0.153s eta=0:41:28
[33800/50000] loss=0.0025 lr=2.4E-05 time/iter=0.153s eta=0:41:12
[33900/50000] loss=0.0012 lr=2.3E-05 time/iter=0.153s eta=0:40:57
[34000/50000] loss=0.0016 lr=2.3E-05 time/iter=0.153s eta=0:40:42
[34100/50000] loss=0.0020 lr=2.3E-05 time/iter=0.153s eta=0:40:27
[34200/50000] loss=0.0022 lr=2.3E-05 time/iter=0.153s eta=0:40:11
[34300/50000] loss=0.0020 lr=2.2E-05 time/iter=0.153s eta=0:39:56
[34400/50000] loss=0.0014 lr=2.2E-05 time/iter=0.153s eta=0:39:41
[34500/50000] loss=0.0024 lr=2.2E-05 time/iter=0.153s eta=0:39:25
[34600/50000] loss=0.0015 lr=2.2E-05 time/iter=0.153s eta=0:39:10
[34700/50000] loss=0.0027 lr=2.1E-05 time/iter=0.153s eta=0:38:55
[34800/50000] loss=0.0013 lr=2.1E-05 time/iter=0.153s eta=0:38:39
[34900/50000] loss=0.0028 lr=2.1E-05 time/iter=0.153s eta=0:38:24
[35000/50000] loss=0.0021 lr=2.1E-05 time/iter=0.153s eta=0:38:09
Saving checkpoint to current_runs/attention_11048420/checkpoints_NodeAttn_EdgeAttn/checkpoint-35000.pth...
Checkpoint saved.
[35100/50000] loss=0.0013 lr=2.0E-05 time/iter=0.153s eta=0:37:54
[35200/50000] loss=0.0017 lr=2.0E-05 time/iter=0.153s eta=0:37:38
[35300/50000] loss=0.0032 lr=2.0E-05 time/iter=0.153s eta=0:37:23
[35400/50000] loss=0.0025 lr=2.0E-05 time/iter=0.153s eta=0:37:08
[35500/50000] loss=0.0018 lr=1.9E-05 time/iter=0.153s eta=0:36:53
[35600/50000] loss=0.0010 lr=1.9E-05 time/iter=0.153s eta=0:36:37
[35700/50000] loss=0.0010 lr=1.9E-05 time/iter=0.153s eta=0:36:22
[35800/50000] loss=0.0022 lr=1.9E-05 time/iter=0.153s eta=0:36:07
[35900/50000] loss=0.0019 lr=1.8E-05 time/iter=0.153s eta=0:35:51
[36000/50000] loss=0.0017 lr=1.8E-05 time/iter=0.153s eta=0:35:36
[36100/50000] loss=0.0026 lr=1.8E-05 time/iter=0.153s eta=0:35:21
[36200/50000] loss=0.0012 lr=1.8E-05 time/iter=0.153s eta=0:35:06
[36300/50000] loss=0.0019 lr=1.7E-05 time/iter=0.153s eta=0:34:50
[36400/50000] loss=0.0016 lr=1.7E-05 time/iter=0.153s eta=0:34:35
[36500/50000] loss=0.0010 lr=1.7E-05 time/iter=0.153s eta=0:34:20
[36600/50000] loss=0.0017 lr=1.7E-05 time/iter=0.153s eta=0:34:04
[36700/50000] loss=0.0015 lr=1.6E-05 time/iter=0.153s eta=0:33:49
[36800/50000] loss=0.0013 lr=1.6E-05 time/iter=0.153s eta=0:33:34
[36900/50000] loss=0.0014 lr=1.6E-05 time/iter=0.153s eta=0:33:19
[37000/50000] loss=0.0028 lr=1.6E-05 time/iter=0.153s eta=0:33:03
[37100/50000] loss=0.0013 lr=1.6E-05 time/iter=0.153s eta=0:32:48
[37200/50000] loss=0.0005 lr=1.5E-05 time/iter=0.153s eta=0:32:33
[37300/50000] loss=0.0007 lr=1.5E-05 time/iter=0.153s eta=0:32:17
[37400/50000] loss=0.0012 lr=1.5E-05 time/iter=0.153s eta=0:32:02
[37500/50000] loss=0.0021 lr=1.5E-05 time/iter=0.153s eta=0:31:47
[37600/50000] loss=0.0012 lr=1.4E-05 time/iter=0.153s eta=0:31:32
[37700/50000] loss=0.0011 lr=1.4E-05 time/iter=0.153s eta=0:31:16
[37800/50000] loss=0.0007 lr=1.4E-05 time/iter=0.153s eta=0:31:01
[37900/50000] loss=0.0011 lr=1.4E-05 time/iter=0.153s eta=0:30:46
[38000/50000] loss=0.0018 lr=1.4E-05 time/iter=0.153s eta=0:30:30
[38100/50000] loss=0.0009 lr=1.3E-05 time/iter=0.153s eta=0:30:15
[38200/50000] loss=0.0006 lr=1.3E-05 time/iter=0.153s eta=0:30:00
[38300/50000] loss=0.0009 lr=1.3E-05 time/iter=0.153s eta=0:29:45
[38400/50000] loss=0.0008 lr=1.3E-05 time/iter=0.153s eta=0:29:29
[38500/50000] loss=0.0008 lr=1.2E-05 time/iter=0.153s eta=0:29:14
[38600/50000] loss=0.0007 lr=1.2E-05 time/iter=0.153s eta=0:28:59
[38700/50000] loss=0.0012 lr=1.2E-05 time/iter=0.153s eta=0:28:43
[38800/50000] loss=0.0008 lr=1.2E-05 time/iter=0.153s eta=0:28:28
[38900/50000] loss=0.0011 lr=1.2E-05 time/iter=0.153s eta=0:28:13
[39000/50000] loss=0.0008 lr=1.1E-05 time/iter=0.153s eta=0:27:58
[39100/50000] loss=0.0013 lr=1.1E-05 time/iter=0.153s eta=0:27:42
[39200/50000] loss=0.0017 lr=1.1E-05 time/iter=0.153s eta=0:27:27
[39300/50000] loss=0.0008 lr=1.1E-05 time/iter=0.153s eta=0:27:12
[39400/50000] loss=0.0008 lr=1.1E-05 time/iter=0.153s eta=0:26:57
[39500/50000] loss=0.0012 lr=1.0E-05 time/iter=0.153s eta=0:26:41
[39600/50000] loss=0.0007 lr=1.0E-05 time/iter=0.153s eta=0:26:26
[39700/50000] loss=0.0007 lr=1.0E-05 time/iter=0.153s eta=0:26:11
[39800/50000] loss=0.0007 lr=9.9E-06 time/iter=0.153s eta=0:25:55
[39900/50000] loss=0.0009 lr=9.7E-06 time/iter=0.153s eta=0:25:40
[40000/50000] loss=0.0007 lr=9.5E-06 time/iter=0.153s eta=0:25:25
Saving checkpoint to current_runs/attention_11048420/checkpoints_NodeAttn_EdgeAttn/checkpoint-40000.pth...
Checkpoint saved.
[40100/50000] loss=0.0006 lr=9.4E-06 time/iter=0.153s eta=0:25:10
[40200/50000] loss=0.0007 lr=9.2E-06 time/iter=0.153s eta=0:24:54
[40300/50000] loss=0.0009 lr=9.0E-06 time/iter=0.153s eta=0:24:39
[40400/50000] loss=0.0007 lr=8.8E-06 time/iter=0.153s eta=0:24:24
[40500/50000] loss=0.0006 lr=8.6E-06 time/iter=0.153s eta=0:24:09
[40600/50000] loss=0.0011 lr=8.5E-06 time/iter=0.153s eta=0:23:53
[40700/50000] loss=0.0007 lr=8.3E-06 time/iter=0.153s eta=0:23:38
[40800/50000] loss=0.0006 lr=8.1E-06 time/iter=0.153s eta=0:23:23
[40900/50000] loss=0.0007 lr=8.0E-06 time/iter=0.153s eta=0:23:08
[41000/50000] loss=0.0007 lr=7.8E-06 time/iter=0.153s eta=0:22:52
[41100/50000] loss=0.0005 lr=7.6E-06 time/iter=0.153s eta=0:22:37
[41200/50000] loss=0.0005 lr=7.5E-06 time/iter=0.153s eta=0:22:22
[41300/50000] loss=0.0009 lr=7.3E-06 time/iter=0.153s eta=0:22:06
[41400/50000] loss=0.0007 lr=7.1E-06 time/iter=0.153s eta=0:21:51
[41500/50000] loss=0.0006 lr=7.0E-06 time/iter=0.153s eta=0:21:36
[41600/50000] loss=0.0007 lr=6.8E-06 time/iter=0.153s eta=0:21:21
[41700/50000] loss=0.0007 lr=6.6E-06 time/iter=0.153s eta=0:21:05
[41800/50000] loss=0.0007 lr=6.5E-06 time/iter=0.153s eta=0:20:50
[41900/50000] loss=0.0005 lr=6.3E-06 time/iter=0.153s eta=0:20:35
[42000/50000] loss=0.0005 lr=6.2E-06 time/iter=0.153s eta=0:20:20
[42100/50000] loss=0.0005 lr=6.0E-06 time/iter=0.153s eta=0:20:04
[42200/50000] loss=0.0004 lr=5.9E-06 time/iter=0.153s eta=0:19:49
[42300/50000] loss=0.0009 lr=5.7E-06 time/iter=0.153s eta=0:19:34
[42400/50000] loss=0.0005 lr=5.6E-06 time/iter=0.153s eta=0:19:19
[42500/50000] loss=0.0007 lr=5.4E-06 time/iter=0.153s eta=0:19:03
[42600/50000] loss=0.0008 lr=5.3E-06 time/iter=0.153s eta=0:18:48
[42700/50000] loss=0.0005 lr=5.2E-06 time/iter=0.153s eta=0:18:33
[42800/50000] loss=0.0004 lr=5.0E-06 time/iter=0.153s eta=0:18:18
[42900/50000] loss=0.0004 lr=4.9E-06 time/iter=0.153s eta=0:18:02
[43000/50000] loss=0.0004 lr=4.8E-06 time/iter=0.153s eta=0:17:47
[43100/50000] loss=0.0007 lr=4.6E-06 time/iter=0.153s eta=0:17:32
[43200/50000] loss=0.0005 lr=4.5E-06 time/iter=0.152s eta=0:17:16
[43300/50000] loss=0.0005 lr=4.4E-06 time/iter=0.152s eta=0:17:01
[43400/50000] loss=0.0004 lr=4.2E-06 time/iter=0.152s eta=0:16:46
[43500/50000] loss=0.0004 lr=4.1E-06 time/iter=0.152s eta=0:16:31
[43600/50000] loss=0.0005 lr=4.0E-06 time/iter=0.152s eta=0:16:15
[43700/50000] loss=0.0004 lr=3.9E-06 time/iter=0.152s eta=0:16:00
[43800/50000] loss=0.0006 lr=3.7E-06 time/iter=0.152s eta=0:15:45
[43900/50000] loss=0.0005 lr=3.6E-06 time/iter=0.152s eta=0:15:30
[44000/50000] loss=0.0004 lr=3.5E-06 time/iter=0.152s eta=0:15:14
[44100/50000] loss=0.0005 lr=3.4E-06 time/iter=0.152s eta=0:14:59
[44200/50000] loss=0.0011 lr=3.3E-06 time/iter=0.152s eta=0:14:44
[44300/50000] loss=0.0004 lr=3.2E-06 time/iter=0.152s eta=0:14:29
[44400/50000] loss=0.0005 lr=3.1E-06 time/iter=0.152s eta=0:14:13
[44500/50000] loss=0.0004 lr=3.0E-06 time/iter=0.152s eta=0:13:58
[44600/50000] loss=0.0004 lr=2.9E-06 time/iter=0.152s eta=0:13:43
[44700/50000] loss=0.0005 lr=2.7E-06 time/iter=0.152s eta=0:13:28
[44800/50000] loss=0.0004 lr=2.6E-06 time/iter=0.152s eta=0:13:12
[44900/50000] loss=0.0005 lr=2.5E-06 time/iter=0.152s eta=0:12:57
[45000/50000] loss=0.0003 lr=2.4E-06 time/iter=0.152s eta=0:12:42
Saving checkpoint to current_runs/attention_11048420/checkpoints_NodeAttn_EdgeAttn/checkpoint-45000.pth...
Checkpoint saved.
[45100/50000] loss=0.0004 lr=2.4E-06 time/iter=0.152s eta=0:12:27
[45200/50000] loss=0.0003 lr=2.3E-06 time/iter=0.152s eta=0:12:11
[45300/50000] loss=0.0004 lr=2.2E-06 time/iter=0.152s eta=0:11:56
[45400/50000] loss=0.0004 lr=2.1E-06 time/iter=0.152s eta=0:11:41
[45500/50000] loss=0.0004 lr=2.0E-06 time/iter=0.152s eta=0:11:26
[45600/50000] loss=0.0004 lr=1.9E-06 time/iter=0.152s eta=0:11:10
[45700/50000] loss=0.0003 lr=1.8E-06 time/iter=0.152s eta=0:10:55
[45800/50000] loss=0.0004 lr=1.7E-06 time/iter=0.152s eta=0:10:40
[45900/50000] loss=0.0004 lr=1.6E-06 time/iter=0.152s eta=0:10:25
[46000/50000] loss=0.0004 lr=1.6E-06 time/iter=0.152s eta=0:10:09
[46100/50000] loss=0.0005 lr=1.5E-06 time/iter=0.152s eta=0:09:54
[46200/50000] loss=0.0004 lr=1.4E-06 time/iter=0.152s eta=0:09:39
[46300/50000] loss=0.0004 lr=1.3E-06 time/iter=0.152s eta=0:09:24
[46400/50000] loss=0.0004 lr=1.3E-06 time/iter=0.152s eta=0:09:08
[46500/50000] loss=0.0004 lr=1.2E-06 time/iter=0.152s eta=0:08:53
[46600/50000] loss=0.0004 lr=1.1E-06 time/iter=0.152s eta=0:08:38
[46700/50000] loss=0.0003 lr=1.1E-06 time/iter=0.152s eta=0:08:23
[46800/50000] loss=0.0003 lr=1.0E-06 time/iter=0.152s eta=0:08:07
[46900/50000] loss=0.0003 lr=9.5E-07 time/iter=0.152s eta=0:07:52
[47000/50000] loss=0.0004 lr=8.9E-07 time/iter=0.152s eta=0:07:37
[47100/50000] loss=0.0004 lr=8.3E-07 time/iter=0.152s eta=0:07:22
[47200/50000] loss=0.0003 lr=7.7E-07 time/iter=0.152s eta=0:07:06
[47300/50000] loss=0.0003 lr=7.2E-07 time/iter=0.152s eta=0:06:51
[47400/50000] loss=0.0003 lr=6.7E-07 time/iter=0.152s eta=0:06:36
[47500/50000] loss=0.0003 lr=6.2E-07 time/iter=0.152s eta=0:06:21
[47600/50000] loss=0.0003 lr=5.7E-07 time/iter=0.152s eta=0:06:05
[47700/50000] loss=0.0003 lr=5.2E-07 time/iter=0.152s eta=0:05:50
[47800/50000] loss=0.0003 lr=4.8E-07 time/iter=0.152s eta=0:05:35
[47900/50000] loss=0.0003 lr=4.3E-07 time/iter=0.152s eta=0:05:20
[48000/50000] loss=0.0003 lr=3.9E-07 time/iter=0.152s eta=0:05:04
[48100/50000] loss=0.0004 lr=3.6E-07 time/iter=0.152s eta=0:04:49
[48200/50000] loss=0.0004 lr=3.2E-07 time/iter=0.152s eta=0:04:34
[48300/50000] loss=0.0003 lr=2.8E-07 time/iter=0.152s eta=0:04:19
[48400/50000] loss=0.0003 lr=2.5E-07 time/iter=0.152s eta=0:04:03
[48500/50000] loss=0.0003 lr=2.2E-07 time/iter=0.152s eta=0:03:48
[48600/50000] loss=0.0003 lr=1.9E-07 time/iter=0.152s eta=0:03:33
[48700/50000] loss=0.0004 lr=1.7E-07 time/iter=0.152s eta=0:03:18
[48800/50000] loss=0.0003 lr=1.4E-07 time/iter=0.152s eta=0:03:02
[48900/50000] loss=0.0004 lr=1.2E-07 time/iter=0.152s eta=0:02:47
[49000/50000] loss=0.0003 lr=9.9E-08 time/iter=0.152s eta=0:02:32
[49100/50000] loss=0.0003 lr=8.0E-08 time/iter=0.152s eta=0:02:17
[49200/50000] loss=0.0003 lr=6.3E-08 time/iter=0.152s eta=0:02:01
[49300/50000] loss=0.0003 lr=4.8E-08 time/iter=0.152s eta=0:01:46
[49400/50000] loss=0.0003 lr=3.6E-08 time/iter=0.152s eta=0:01:31
[49500/50000] loss=0.0003 lr=2.5E-08 time/iter=0.152s eta=0:01:16
[49600/50000] loss=0.0003 lr=1.6E-08 time/iter=0.152s eta=0:01:00
[49700/50000] loss=0.0003 lr=8.9E-09 time/iter=0.152s eta=0:00:45
[49800/50000] loss=0.0003 lr=3.9E-09 time/iter=0.152s eta=0:00:30
[49900/50000] loss=0.0003 lr=9.9E-10 time/iter=0.152s eta=0:00:15
[50000/50000] loss=0.0003 lr=0.0E+00 time/iter=0.152s eta=0:00:00
Saving checkpoint to current_runs/attention_11048420/checkpoints_NodeAttn_EdgeAttn/checkpoint-50000.pth...
Checkpoint saved.
Training loop finished.
Main function finished.
Job finished at Mon Apr  7 18:42:13 CEST 2025
Results saved to current_runs/attention_11048420

JOB STATISTICS
==============
Job ID: 11048420
Cluster: snellius
User/Group: igardner1/igardner1
State: RUNNING
Nodes: 1
Cores per node: 18
CPU Utilized: 00:00:00
CPU Efficiency: 0.00% of 1-14:17:06 core-walltime
Job Wall-clock time: 02:07:37
Memory Utilized: 0.00 MB
Memory Efficiency: 0.00% of 120.00 GB (120.00 GB/node)
WARNING: Efficiency statistics can only be obtained after the job has ended as seff tool is based on the accounting database data.
