============================================================================================== 
Warning! Mixing Conda and module environments may lead to corruption of the
user environment. 
We do not recommend users mixing those two environments unless absolutely
necessary. Note that 
SURF does not provide any support for Conda environment.
For more information, please refer to our software policy page:
https://servicedesk.surf.nl/wiki/display/WIKI/Software+policy+Snellius#SoftwarepolicySnellius-UseofAnacondaandMinicondaenvironmentsonSnellius 

Remember that many packages have already been installed on the system and can
be loaded using 
the 'module load <package__name>' command. If you are uncertain if a package is
already available 
on the system, please use 'module avail' or 'module spider' to search for it.
============================================================================================== 
Using config file: configs/config_aig_mlp.yaml
Output directory: current_runs/mlp_11049142
Loaded config:
data:
  dataset_type: aig-directed-multiclass
  graph_file: dataset/inputs8_outputs8max_nodes128max.pkl
  use_bfs: false
  max_graphs: null
model:
  mode: directed-multiclass
  edge_model: mlp
  GraphRNN:
    use_attention: false
    embedding_size: 384
    hidden_size: 768
    num_layers: 3
    edge_feature_len: 3
    output_size: null
  EdgeMLP:
    hidden_size: 768
    edge_feature_len: 3
  EdgeRNN:
    embedding_size: 128
    hidden_size: 256
    num_layers: 3
    edge_feature_len: 3
train:
  batch_size: 32
  lr: 0.0005
  steps: 50000
  print_iter: 100
  checkpoint_iter: 5000
  checkpoint_dir: checkpoints_GraphLevelRNN
  log_dir: logs_GraphLevelRNNP
  lr_schedule_milestones:
  - 5000
  - 10000
  - 15000
  - 20000
  - 30000
  - 40000
  lr_schedule_gamma: 0.3

Loading AIG graphs from dataset/inputs8_outputs8max_nodes128max.pkl...
Preprocessing graphs...
Graph preprocessing complete. 2704 graphs processed, 0 skipped.
Maximum node count in processed dataset: 64
INFO: Topological Sort mode. Effective input size (m_internal): 63
Calculating node levels...
Maximum node level across dataset: 13
Calculating edge type counts for class weighting...
Calculating weights based on 2433 training graphs...
Total edge slots considered for weights: 6737031
Raw edge counts: {0: 6590773, 1: 88996, 2: 57262}
Calculated edge weights (Inverse Frequency): [0.015776561573147774, 1.16836416721344, 1.815859317779541]
Dataset ready: 2433 graphs (training split). Ordering: Topological Sort
Dataset initialized. Max node count: 64, Max level: 13
INFO: Using Topological Sort mode. Effective input/output size (max_nodes-1): 63
Selected EdgeLevelMLP model.
INFO: Using standard GraphLevelRNN for node level.
INFO: GraphLevelRNN (No Attention) using level embedding up to level 13
Setting up CrossEntropyLoss for 3 edge classes.
Applying edge class weights: [0.015776561573147774, 1.16836416721344, 1.815859317779541]
TensorBoard logs will be saved to: current_runs/mlp_11049142/logs_GraphLevelRNNP
[100/50000] loss=0.7378 lr=5.0E-04 time/iter=0.073s eta=1:00:32
[200/50000] loss=0.7161 lr=5.0E-04 time/iter=0.070s eta=0:58:29
[300/50000] loss=0.7072 lr=5.0E-04 time/iter=0.070s eta=0:57:45
[400/50000] loss=0.7016 lr=5.0E-04 time/iter=0.069s eta=0:57:09
[500/50000] loss=0.6879 lr=5.0E-04 time/iter=0.069s eta=0:56:50
[600/50000] loss=0.6844 lr=5.0E-04 time/iter=0.069s eta=0:56:36
[700/50000] loss=0.6860 lr=5.0E-04 time/iter=0.069s eta=0:56:21
[800/50000] loss=0.6787 lr=5.0E-04 time/iter=0.068s eta=0:56:09
[900/50000] loss=0.6763 lr=5.0E-04 time/iter=0.068s eta=0:55:59
[1000/50000] loss=0.6713 lr=5.0E-04 time/iter=0.068s eta=0:55:50
[1100/50000] loss=0.6671 lr=5.0E-04 time/iter=0.068s eta=0:55:39
[1200/50000] loss=0.6658 lr=5.0E-04 time/iter=0.068s eta=0:55:32
[1300/50000] loss=0.6639 lr=5.0E-04 time/iter=0.068s eta=0:55:23
[1400/50000] loss=0.6604 lr=5.0E-04 time/iter=0.068s eta=0:55:13
[1500/50000] loss=0.6555 lr=5.0E-04 time/iter=0.068s eta=0:55:05
[1600/50000] loss=0.6509 lr=5.0E-04 time/iter=0.068s eta=0:54:58
[1700/50000] loss=0.6504 lr=5.0E-04 time/iter=0.068s eta=0:54:49
[1800/50000] loss=0.6423 lr=5.0E-04 time/iter=0.068s eta=0:54:41
[1900/50000] loss=0.6397 lr=5.0E-04 time/iter=0.068s eta=0:54:33
[2000/50000] loss=0.6360 lr=5.0E-04 time/iter=0.068s eta=0:54:25
[2100/50000] loss=0.6285 lr=5.0E-04 time/iter=0.068s eta=0:54:17
[2200/50000] loss=0.6293 lr=5.0E-04 time/iter=0.068s eta=0:54:10
[2300/50000] loss=0.6195 lr=5.0E-04 time/iter=0.068s eta=0:54:02
[2400/50000] loss=0.6152 lr=5.0E-04 time/iter=0.068s eta=0:53:54
[2500/50000] loss=0.6070 lr=5.0E-04 time/iter=0.068s eta=0:53:47
[2600/50000] loss=0.6014 lr=5.0E-04 time/iter=0.068s eta=0:53:39
[2700/50000] loss=0.5878 lr=5.0E-04 time/iter=0.068s eta=0:53:31
[2800/50000] loss=0.5775 lr=5.0E-04 time/iter=0.068s eta=0:53:24
[2900/50000] loss=0.5728 lr=5.0E-04 time/iter=0.068s eta=0:53:17
[3000/50000] loss=0.5650 lr=5.0E-04 time/iter=0.068s eta=0:53:10
[3100/50000] loss=0.5518 lr=5.0E-04 time/iter=0.068s eta=0:53:03
[3200/50000] loss=0.5348 lr=4.9E-04 time/iter=0.068s eta=0:53:18
[3300/50000] loss=0.5244 lr=4.9E-04 time/iter=0.068s eta=0:53:10
[3400/50000] loss=0.5099 lr=4.9E-04 time/iter=0.068s eta=0:53:01
[3500/50000] loss=0.5032 lr=4.9E-04 time/iter=0.068s eta=0:52:54
[3600/50000] loss=0.4904 lr=4.9E-04 time/iter=0.068s eta=0:52:46
[3700/50000] loss=0.4823 lr=4.9E-04 time/iter=0.068s eta=0:52:38
[3800/50000] loss=0.4705 lr=4.9E-04 time/iter=0.068s eta=0:52:31
[3900/50000] loss=0.4507 lr=4.9E-04 time/iter=0.068s eta=0:52:24
[4000/50000] loss=0.4370 lr=4.9E-04 time/iter=0.068s eta=0:52:16
[4100/50000] loss=0.4216 lr=4.9E-04 time/iter=0.068s eta=0:52:08
[4200/50000] loss=0.4043 lr=4.9E-04 time/iter=0.068s eta=0:52:01
[4300/50000] loss=0.4105 lr=4.9E-04 time/iter=0.068s eta=0:51:54
[4400/50000] loss=0.3857 lr=4.9E-04 time/iter=0.068s eta=0:51:46
[4500/50000] loss=0.3681 lr=4.9E-04 time/iter=0.068s eta=0:51:39
[4600/50000] loss=0.3606 lr=4.9E-04 time/iter=0.068s eta=0:51:32
[4700/50000] loss=0.3417 lr=4.9E-04 time/iter=0.068s eta=0:51:25
[4800/50000] loss=0.3338 lr=4.9E-04 time/iter=0.068s eta=0:51:18
[4900/50000] loss=0.3270 lr=4.9E-04 time/iter=0.068s eta=0:51:11
[5000/50000] loss=0.3276 lr=4.9E-04 time/iter=0.068s eta=0:51:04
Saving checkpoint to current_runs/mlp_11049142/checkpoints_GraphLevelRNN/checkpoint-5000.pth...
Checkpoint saved.
[5100/50000] loss=0.3085 lr=4.9E-04 time/iter=0.068s eta=0:50:57
[5200/50000] loss=0.3094 lr=4.9E-04 time/iter=0.068s eta=0:50:50
[5300/50000] loss=0.2938 lr=4.9E-04 time/iter=0.068s eta=0:50:43
[5400/50000] loss=0.2960 lr=4.9E-04 time/iter=0.068s eta=0:50:35
[5500/50000] loss=0.2883 lr=4.9E-04 time/iter=0.068s eta=0:50:28
[5600/50000] loss=0.2702 lr=4.8E-04 time/iter=0.068s eta=0:50:21
[5700/50000] loss=0.2764 lr=4.8E-04 time/iter=0.068s eta=0:50:14
[5800/50000] loss=0.2899 lr=4.8E-04 time/iter=0.068s eta=0:50:07
[5900/50000] loss=0.2777 lr=4.8E-04 time/iter=0.068s eta=0:50:00
[6000/50000] loss=0.2804 lr=4.8E-04 time/iter=0.068s eta=0:49:53
[6100/50000] loss=0.2790 lr=4.8E-04 time/iter=0.068s eta=0:49:45
[6200/50000] loss=0.2529 lr=4.8E-04 time/iter=0.068s eta=0:49:38
[6300/50000] loss=0.2581 lr=4.8E-04 time/iter=0.068s eta=0:49:31
[6400/50000] loss=0.2502 lr=4.8E-04 time/iter=0.068s eta=0:49:24
[6500/50000] loss=0.2337 lr=4.8E-04 time/iter=0.068s eta=0:49:17
[6600/50000] loss=0.2221 lr=4.8E-04 time/iter=0.068s eta=0:49:10
[6700/50000] loss=0.2203 lr=4.8E-04 time/iter=0.068s eta=0:49:02
[6800/50000] loss=0.2120 lr=4.8E-04 time/iter=0.068s eta=0:48:55
[6900/50000] loss=0.2177 lr=4.8E-04 time/iter=0.068s eta=0:48:48
[7000/50000] loss=0.2154 lr=4.8E-04 time/iter=0.068s eta=0:48:41
[7100/50000] loss=0.1973 lr=4.8E-04 time/iter=0.068s eta=0:48:34
[7200/50000] loss=0.2102 lr=4.7E-04 time/iter=0.068s eta=0:48:27
[7300/50000] loss=0.1970 lr=4.7E-04 time/iter=0.068s eta=0:48:20
[7400/50000] loss=0.1873 lr=4.7E-04 time/iter=0.068s eta=0:48:13
[7500/50000] loss=0.1903 lr=4.7E-04 time/iter=0.068s eta=0:48:06
[7600/50000] loss=0.1903 lr=4.7E-04 time/iter=0.068s eta=0:47:59
[7700/50000] loss=0.1809 lr=4.7E-04 time/iter=0.068s eta=0:47:51
[7800/50000] loss=0.1803 lr=4.7E-04 time/iter=0.068s eta=0:47:44
[7900/50000] loss=0.1791 lr=4.7E-04 time/iter=0.068s eta=0:47:38
[8000/50000] loss=0.2050 lr=4.7E-04 time/iter=0.068s eta=0:47:31
[8100/50000] loss=0.4175 lr=4.7E-04 time/iter=0.068s eta=0:47:23
[8200/50000] loss=0.2735 lr=4.7E-04 time/iter=0.068s eta=0:47:16
[8300/50000] loss=0.2258 lr=4.7E-04 time/iter=0.068s eta=0:47:09
[8400/50000] loss=0.1807 lr=4.7E-04 time/iter=0.068s eta=0:47:02
[8500/50000] loss=0.1851 lr=4.7E-04 time/iter=0.068s eta=0:46:56
[8600/50000] loss=0.1786 lr=4.6E-04 time/iter=0.068s eta=0:46:49
[8700/50000] loss=0.1699 lr=4.6E-04 time/iter=0.068s eta=0:46:42
[8800/50000] loss=0.1639 lr=4.6E-04 time/iter=0.068s eta=0:46:34
[8900/50000] loss=0.1671 lr=4.6E-04 time/iter=0.068s eta=0:46:28
[9000/50000] loss=0.1589 lr=4.6E-04 time/iter=0.068s eta=0:46:21
[9100/50000] loss=0.1710 lr=4.6E-04 time/iter=0.068s eta=0:46:14
[9200/50000] loss=0.1560 lr=4.6E-04 time/iter=0.068s eta=0:46:07
[9300/50000] loss=0.1541 lr=4.6E-04 time/iter=0.068s eta=0:46:00
[9400/50000] loss=0.1530 lr=4.6E-04 time/iter=0.068s eta=0:45:53
[9500/50000] loss=0.1566 lr=4.6E-04 time/iter=0.068s eta=0:45:46
[9600/50000] loss=0.1559 lr=4.6E-04 time/iter=0.068s eta=0:45:39
[9700/50000] loss=0.1514 lr=4.5E-04 time/iter=0.068s eta=0:45:32
[9800/50000] loss=0.1503 lr=4.5E-04 time/iter=0.068s eta=0:45:25
[9900/50000] loss=0.1468 lr=4.5E-04 time/iter=0.068s eta=0:45:18
[10000/50000] loss=0.1699 lr=4.5E-04 time/iter=0.068s eta=0:45:11
Saving checkpoint to current_runs/mlp_11049142/checkpoints_GraphLevelRNN/checkpoint-10000.pth...
Checkpoint saved.
[10100/50000] loss=0.3543 lr=4.5E-04 time/iter=0.068s eta=0:45:05
[10200/50000] loss=0.2802 lr=4.5E-04 time/iter=0.068s eta=0:44:58
[10300/50000] loss=0.2061 lr=4.5E-04 time/iter=0.068s eta=0:44:51
[10400/50000] loss=0.1703 lr=4.5E-04 time/iter=0.068s eta=0:44:44
[10500/50000] loss=0.1576 lr=4.5E-04 time/iter=0.068s eta=0:44:37
[10600/50000] loss=0.1504 lr=4.5E-04 time/iter=0.068s eta=0:44:30
[10700/50000] loss=0.1421 lr=4.5E-04 time/iter=0.068s eta=0:44:24
[10800/50000] loss=0.1391 lr=4.4E-04 time/iter=0.068s eta=0:44:17
[10900/50000] loss=0.1361 lr=4.4E-04 time/iter=0.068s eta=0:44:10
[11000/50000] loss=0.1338 lr=4.4E-04 time/iter=0.068s eta=0:44:03
[11100/50000] loss=0.1328 lr=4.4E-04 time/iter=0.068s eta=0:43:56
[11200/50000] loss=0.1287 lr=4.4E-04 time/iter=0.068s eta=0:43:49
[11300/50000] loss=0.1274 lr=4.4E-04 time/iter=0.068s eta=0:43:42
[11400/50000] loss=0.1251 lr=4.4E-04 time/iter=0.068s eta=0:43:35
[11500/50000] loss=0.1235 lr=4.4E-04 time/iter=0.068s eta=0:43:29
[11600/50000] loss=0.1232 lr=4.4E-04 time/iter=0.068s eta=0:43:22
[11700/50000] loss=0.1228 lr=4.4E-04 time/iter=0.068s eta=0:43:15
[11800/50000] loss=0.1303 lr=4.3E-04 time/iter=0.068s eta=0:43:08
[11900/50000] loss=0.1302 lr=4.3E-04 time/iter=0.068s eta=0:43:01
[12000/50000] loss=0.1223 lr=4.3E-04 time/iter=0.068s eta=0:42:54
[12100/50000] loss=0.1255 lr=4.3E-04 time/iter=0.068s eta=0:42:47
[12200/50000] loss=0.1255 lr=4.3E-04 time/iter=0.068s eta=0:42:41
[12300/50000] loss=0.1223 lr=4.3E-04 time/iter=0.068s eta=0:42:34
[12400/50000] loss=0.3189 lr=4.3E-04 time/iter=0.068s eta=0:42:27
[12500/50000] loss=0.2718 lr=4.3E-04 time/iter=0.068s eta=0:42:20
[12600/50000] loss=0.1929 lr=4.3E-04 time/iter=0.068s eta=0:42:13
[12700/50000] loss=0.1531 lr=4.2E-04 time/iter=0.068s eta=0:42:06
[12800/50000] loss=0.1260 lr=4.2E-04 time/iter=0.068s eta=0:41:59
[12900/50000] loss=0.1189 lr=4.2E-04 time/iter=0.068s eta=0:41:53
[13000/50000] loss=0.1145 lr=4.2E-04 time/iter=0.068s eta=0:41:46
[13100/50000] loss=0.1104 lr=4.2E-04 time/iter=0.068s eta=0:41:39
[13200/50000] loss=0.1089 lr=4.2E-04 time/iter=0.068s eta=0:41:32
[13300/50000] loss=0.1058 lr=4.2E-04 time/iter=0.068s eta=0:41:25
[13400/50000] loss=0.1028 lr=4.2E-04 time/iter=0.068s eta=0:41:18
[13500/50000] loss=0.1021 lr=4.2E-04 time/iter=0.068s eta=0:41:12
[13600/50000] loss=0.1093 lr=4.1E-04 time/iter=0.068s eta=0:41:05
[13700/50000] loss=0.1055 lr=4.1E-04 time/iter=0.068s eta=0:40:58
[13800/50000] loss=0.1098 lr=4.1E-04 time/iter=0.068s eta=0:40:51
[13900/50000] loss=0.1032 lr=4.1E-04 time/iter=0.068s eta=0:40:44
[14000/50000] loss=0.0998 lr=4.1E-04 time/iter=0.068s eta=0:40:38
[14100/50000] loss=0.1073 lr=4.1E-04 time/iter=0.068s eta=0:40:31
[14200/50000] loss=0.0996 lr=4.1E-04 time/iter=0.068s eta=0:40:24
[14300/50000] loss=0.0952 lr=4.1E-04 time/iter=0.068s eta=0:40:17
[14400/50000] loss=0.0996 lr=4.0E-04 time/iter=0.068s eta=0:40:10
[14500/50000] loss=0.1134 lr=4.0E-04 time/iter=0.068s eta=0:40:03
[14600/50000] loss=0.1045 lr=4.0E-04 time/iter=0.068s eta=0:39:57
[14700/50000] loss=0.1426 lr=4.0E-04 time/iter=0.068s eta=0:39:50
[14800/50000] loss=0.2236 lr=4.0E-04 time/iter=0.068s eta=0:39:43
[14900/50000] loss=0.2282 lr=4.0E-04 time/iter=0.068s eta=0:39:36
[15000/50000] loss=0.1674 lr=4.0E-04 time/iter=0.068s eta=0:39:30
Saving checkpoint to current_runs/mlp_11049142/checkpoints_GraphLevelRNN/checkpoint-15000.pth...
Checkpoint saved.
[15100/50000] loss=0.1130 lr=4.0E-04 time/iter=0.068s eta=0:39:23
[15200/50000] loss=0.1040 lr=3.9E-04 time/iter=0.068s eta=0:39:16
[15300/50000] loss=0.0980 lr=3.9E-04 time/iter=0.068s eta=0:39:09
[15400/50000] loss=0.0981 lr=3.9E-04 time/iter=0.068s eta=0:39:02
[15500/50000] loss=0.0905 lr=3.9E-04 time/iter=0.068s eta=0:38:56
[15600/50000] loss=0.0887 lr=3.9E-04 time/iter=0.068s eta=0:38:49
[15700/50000] loss=0.0880 lr=3.9E-04 time/iter=0.068s eta=0:38:42
[15800/50000] loss=0.0846 lr=3.9E-04 time/iter=0.068s eta=0:38:35
[15900/50000] loss=0.0853 lr=3.9E-04 time/iter=0.068s eta=0:38:28
[16000/50000] loss=0.0876 lr=3.8E-04 time/iter=0.068s eta=0:38:22
[16100/50000] loss=0.0879 lr=3.8E-04 time/iter=0.068s eta=0:38:15
[16200/50000] loss=0.0893 lr=3.8E-04 time/iter=0.068s eta=0:38:08
[16300/50000] loss=0.0854 lr=3.8E-04 time/iter=0.068s eta=0:38:01
[16400/50000] loss=0.0841 lr=3.8E-04 time/iter=0.068s eta=0:37:55
[16500/50000] loss=0.0813 lr=3.8E-04 time/iter=0.068s eta=0:37:48
[16600/50000] loss=0.0797 lr=3.8E-04 time/iter=0.068s eta=0:37:41
[16700/50000] loss=0.0781 lr=3.7E-04 time/iter=0.068s eta=0:37:34
[16800/50000] loss=0.0766 lr=3.7E-04 time/iter=0.068s eta=0:37:27
[16900/50000] loss=0.0768 lr=3.7E-04 time/iter=0.068s eta=0:37:20
[17000/50000] loss=0.0791 lr=3.7E-04 time/iter=0.068s eta=0:37:14
[17100/50000] loss=0.0727 lr=3.7E-04 time/iter=0.068s eta=0:37:07
[17200/50000] loss=0.0753 lr=3.7E-04 time/iter=0.068s eta=0:37:00
[17300/50000] loss=0.0834 lr=3.7E-04 time/iter=0.068s eta=0:36:53
[17400/50000] loss=0.0822 lr=3.6E-04 time/iter=0.068s eta=0:36:47
[17500/50000] loss=0.0844 lr=3.6E-04 time/iter=0.068s eta=0:36:40
[17600/50000] loss=0.0769 lr=3.6E-04 time/iter=0.068s eta=0:36:33
[17700/50000] loss=0.0744 lr=3.6E-04 time/iter=0.068s eta=0:36:26
[17800/50000] loss=0.0716 lr=3.6E-04 time/iter=0.068s eta=0:36:19
[17900/50000] loss=0.0711 lr=3.6E-04 time/iter=0.068s eta=0:36:13
[18000/50000] loss=0.0693 lr=3.6E-04 time/iter=0.068s eta=0:36:06
[18100/50000] loss=0.0694 lr=3.6E-04 time/iter=0.068s eta=0:35:59
[18200/50000] loss=0.0792 lr=3.5E-04 time/iter=0.068s eta=0:35:52
[18300/50000] loss=0.2213 lr=3.5E-04 time/iter=0.068s eta=0:35:46
[18400/50000] loss=0.3479 lr=3.5E-04 time/iter=0.068s eta=0:35:39
[18500/50000] loss=0.1539 lr=3.5E-04 time/iter=0.068s eta=0:35:32
[18600/50000] loss=0.1217 lr=3.5E-04 time/iter=0.068s eta=0:35:25
[18700/50000] loss=0.1028 lr=3.5E-04 time/iter=0.068s eta=0:35:18
[18800/50000] loss=0.0839 lr=3.4E-04 time/iter=0.068s eta=0:35:11
[18900/50000] loss=0.0787 lr=3.4E-04 time/iter=0.068s eta=0:35:05
[19000/50000] loss=0.0774 lr=3.4E-04 time/iter=0.068s eta=0:34:58
[19100/50000] loss=0.0761 lr=3.4E-04 time/iter=0.068s eta=0:34:51
[19200/50000] loss=0.0720 lr=3.4E-04 time/iter=0.068s eta=0:34:44
[19300/50000] loss=0.0737 lr=3.4E-04 time/iter=0.068s eta=0:34:38
[19400/50000] loss=0.0719 lr=3.4E-04 time/iter=0.068s eta=0:34:31
[19500/50000] loss=0.0679 lr=3.3E-04 time/iter=0.068s eta=0:34:24
[19600/50000] loss=0.0677 lr=3.3E-04 time/iter=0.068s eta=0:34:17
[19700/50000] loss=0.0689 lr=3.3E-04 time/iter=0.068s eta=0:34:10
[19800/50000] loss=0.0683 lr=3.3E-04 time/iter=0.068s eta=0:34:04
[19900/50000] loss=0.0663 lr=3.3E-04 time/iter=0.068s eta=0:33:57
[20000/50000] loss=0.0652 lr=3.3E-04 time/iter=0.068s eta=0:33:50
Saving checkpoint to current_runs/mlp_11049142/checkpoints_GraphLevelRNN/checkpoint-20000.pth...
Checkpoint saved.
[20100/50000] loss=0.0676 lr=3.3E-04 time/iter=0.068s eta=0:33:43
[20200/50000] loss=0.0674 lr=3.2E-04 time/iter=0.068s eta=0:33:37
[20300/50000] loss=0.0629 lr=3.2E-04 time/iter=0.068s eta=0:33:30
[20400/50000] loss=0.0643 lr=3.2E-04 time/iter=0.068s eta=0:33:23
[20500/50000] loss=0.0602 lr=3.2E-04 time/iter=0.068s eta=0:33:16
[20600/50000] loss=0.0605 lr=3.2E-04 time/iter=0.068s eta=0:33:09
[20700/50000] loss=0.0619 lr=3.2E-04 time/iter=0.068s eta=0:33:03
[20800/50000] loss=0.0625 lr=3.2E-04 time/iter=0.068s eta=0:32:56
[20900/50000] loss=0.0772 lr=3.1E-04 time/iter=0.068s eta=0:32:49
[21000/50000] loss=0.0664 lr=3.1E-04 time/iter=0.068s eta=0:32:42
[21100/50000] loss=0.0684 lr=3.1E-04 time/iter=0.068s eta=0:32:35
[21200/50000] loss=0.0732 lr=3.1E-04 time/iter=0.068s eta=0:32:29
[21300/50000] loss=0.1191 lr=3.1E-04 time/iter=0.068s eta=0:32:22
[21400/50000] loss=0.1395 lr=3.1E-04 time/iter=0.068s eta=0:32:15
[21500/50000] loss=0.1112 lr=3.0E-04 time/iter=0.068s eta=0:32:08
[21600/50000] loss=0.0882 lr=3.0E-04 time/iter=0.068s eta=0:32:01
[21700/50000] loss=0.0789 lr=3.0E-04 time/iter=0.068s eta=0:31:55
[21800/50000] loss=0.0667 lr=3.0E-04 time/iter=0.068s eta=0:31:48
[21900/50000] loss=0.0638 lr=3.0E-04 time/iter=0.068s eta=0:31:41
[22000/50000] loss=0.0615 lr=3.0E-04 time/iter=0.068s eta=0:31:34
[22100/50000] loss=0.0548 lr=3.0E-04 time/iter=0.068s eta=0:31:27
[22200/50000] loss=0.0590 lr=2.9E-04 time/iter=0.068s eta=0:31:21
[22300/50000] loss=0.0588 lr=2.9E-04 time/iter=0.068s eta=0:31:14
[22400/50000] loss=0.0576 lr=2.9E-04 time/iter=0.068s eta=0:31:07
[22500/50000] loss=0.0565 lr=2.9E-04 time/iter=0.068s eta=0:31:00
[22600/50000] loss=0.0598 lr=2.9E-04 time/iter=0.068s eta=0:30:53
[22700/50000] loss=0.0583 lr=2.9E-04 time/iter=0.068s eta=0:30:47
[22800/50000] loss=0.0576 lr=2.8E-04 time/iter=0.068s eta=0:30:40
[22900/50000] loss=0.0553 lr=2.8E-04 time/iter=0.068s eta=0:30:33
[23000/50000] loss=0.0554 lr=2.8E-04 time/iter=0.068s eta=0:30:26
[23100/50000] loss=0.0562 lr=2.8E-04 time/iter=0.068s eta=0:30:19
[23200/50000] loss=0.0576 lr=2.8E-04 time/iter=0.068s eta=0:30:13
[23300/50000] loss=0.0661 lr=2.8E-04 time/iter=0.068s eta=0:30:06
[23400/50000] loss=0.0603 lr=2.8E-04 time/iter=0.068s eta=0:29:59
[23500/50000] loss=0.0559 lr=2.7E-04 time/iter=0.068s eta=0:29:52
[23600/50000] loss=0.0545 lr=2.7E-04 time/iter=0.068s eta=0:29:46
[23700/50000] loss=0.0548 lr=2.7E-04 time/iter=0.068s eta=0:29:39
[23800/50000] loss=0.0518 lr=2.7E-04 time/iter=0.068s eta=0:29:32
[23900/50000] loss=0.0541 lr=2.7E-04 time/iter=0.068s eta=0:29:25
[24000/50000] loss=0.0544 lr=2.7E-04 time/iter=0.068s eta=0:29:18
[24100/50000] loss=0.0570 lr=2.6E-04 time/iter=0.068s eta=0:29:12
[24200/50000] loss=0.0530 lr=2.6E-04 time/iter=0.068s eta=0:29:05
[24300/50000] loss=0.0533 lr=2.6E-04 time/iter=0.068s eta=0:28:58
[24400/50000] loss=0.0519 lr=2.6E-04 time/iter=0.068s eta=0:28:51
[24500/50000] loss=0.0521 lr=2.6E-04 time/iter=0.068s eta=0:28:44
[24600/50000] loss=0.0532 lr=2.6E-04 time/iter=0.068s eta=0:28:38
[24700/50000] loss=0.0518 lr=2.5E-04 time/iter=0.068s eta=0:28:31
[24800/50000] loss=0.0506 lr=2.5E-04 time/iter=0.068s eta=0:28:24
[24900/50000] loss=0.0507 lr=2.5E-04 time/iter=0.068s eta=0:28:17
[25000/50000] loss=0.0530 lr=2.5E-04 time/iter=0.068s eta=0:28:10
Saving checkpoint to current_runs/mlp_11049142/checkpoints_GraphLevelRNN/checkpoint-25000.pth...
Checkpoint saved.
[25100/50000] loss=0.0558 lr=2.5E-04 time/iter=0.068s eta=0:28:04
[25200/50000] loss=0.2254 lr=2.5E-04 time/iter=0.068s eta=0:27:57
[25300/50000] loss=0.1155 lr=2.5E-04 time/iter=0.068s eta=0:27:50
[25400/50000] loss=0.0936 lr=2.4E-04 time/iter=0.068s eta=0:27:43
[25500/50000] loss=0.0643 lr=2.4E-04 time/iter=0.068s eta=0:27:37
[25600/50000] loss=0.0585 lr=2.4E-04 time/iter=0.068s eta=0:27:30
[25700/50000] loss=0.0565 lr=2.4E-04 time/iter=0.068s eta=0:27:23
[25800/50000] loss=0.0589 lr=2.4E-04 time/iter=0.068s eta=0:27:16
[25900/50000] loss=0.0536 lr=2.4E-04 time/iter=0.068s eta=0:27:09
[26000/50000] loss=0.0524 lr=2.3E-04 time/iter=0.068s eta=0:27:03
[26100/50000] loss=0.0525 lr=2.3E-04 time/iter=0.068s eta=0:26:56
[26200/50000] loss=0.0501 lr=2.3E-04 time/iter=0.068s eta=0:26:49
[26300/50000] loss=0.0509 lr=2.3E-04 time/iter=0.068s eta=0:26:42
[26400/50000] loss=0.0519 lr=2.3E-04 time/iter=0.068s eta=0:26:36
[26500/50000] loss=0.0519 lr=2.3E-04 time/iter=0.068s eta=0:26:29
[26600/50000] loss=0.0504 lr=2.2E-04 time/iter=0.068s eta=0:26:22
[26700/50000] loss=0.0519 lr=2.2E-04 time/iter=0.068s eta=0:26:15
[26800/50000] loss=0.0500 lr=2.2E-04 time/iter=0.068s eta=0:26:08
[26900/50000] loss=0.0504 lr=2.2E-04 time/iter=0.068s eta=0:26:02
[27000/50000] loss=0.0499 lr=2.2E-04 time/iter=0.068s eta=0:25:55
[27100/50000] loss=0.0503 lr=2.2E-04 time/iter=0.068s eta=0:25:48
[27200/50000] loss=0.0487 lr=2.2E-04 time/iter=0.068s eta=0:25:41
[27300/50000] loss=0.0493 lr=2.1E-04 time/iter=0.068s eta=0:25:35
[27400/50000] loss=0.0519 lr=2.1E-04 time/iter=0.068s eta=0:25:28
[27500/50000] loss=0.0482 lr=2.1E-04 time/iter=0.068s eta=0:25:21
[27600/50000] loss=0.0485 lr=2.1E-04 time/iter=0.068s eta=0:25:14
[27700/50000] loss=0.0511 lr=2.1E-04 time/iter=0.068s eta=0:25:07
[27800/50000] loss=0.0486 lr=2.1E-04 time/iter=0.068s eta=0:25:01
[27900/50000] loss=0.0492 lr=2.0E-04 time/iter=0.068s eta=0:24:54
[28000/50000] loss=0.0503 lr=2.0E-04 time/iter=0.068s eta=0:24:47
[28100/50000] loss=0.0514 lr=2.0E-04 time/iter=0.068s eta=0:24:40
[28200/50000] loss=0.0486 lr=2.0E-04 time/iter=0.068s eta=0:24:34
[28300/50000] loss=0.0488 lr=2.0E-04 time/iter=0.068s eta=0:24:27
[28400/50000] loss=0.0477 lr=2.0E-04 time/iter=0.068s eta=0:24:20
[28500/50000] loss=0.0459 lr=2.0E-04 time/iter=0.068s eta=0:24:13
[28600/50000] loss=0.0476 lr=1.9E-04 time/iter=0.068s eta=0:24:06
[28700/50000] loss=0.0477 lr=1.9E-04 time/iter=0.068s eta=0:24:00
[28800/50000] loss=0.0462 lr=1.9E-04 time/iter=0.068s eta=0:23:53
[28900/50000] loss=0.0470 lr=1.9E-04 time/iter=0.068s eta=0:23:46
[29000/50000] loss=0.0470 lr=1.9E-04 time/iter=0.068s eta=0:23:39
[29100/50000] loss=0.0475 lr=1.9E-04 time/iter=0.068s eta=0:23:33
[29200/50000] loss=0.0469 lr=1.8E-04 time/iter=0.068s eta=0:23:26
[29300/50000] loss=0.0564 lr=1.8E-04 time/iter=0.068s eta=0:23:19
[29400/50000] loss=0.0542 lr=1.8E-04 time/iter=0.068s eta=0:23:12
[29500/50000] loss=0.0590 lr=1.8E-04 time/iter=0.068s eta=0:23:05
[29600/50000] loss=0.1065 lr=1.8E-04 time/iter=0.068s eta=0:22:59
[29700/50000] loss=0.0818 lr=1.8E-04 time/iter=0.068s eta=0:22:52
[29800/50000] loss=0.0571 lr=1.8E-04 time/iter=0.068s eta=0:22:45
[29900/50000] loss=0.0570 lr=1.7E-04 time/iter=0.068s eta=0:22:38
[30000/50000] loss=0.0551 lr=1.7E-04 time/iter=0.068s eta=0:22:32
Saving checkpoint to current_runs/mlp_11049142/checkpoints_GraphLevelRNN/checkpoint-30000.pth...
Checkpoint saved.
[30100/50000] loss=0.0496 lr=1.7E-04 time/iter=0.068s eta=0:22:25
[30200/50000] loss=0.0477 lr=1.7E-04 time/iter=0.068s eta=0:22:18
[30300/50000] loss=0.0481 lr=1.7E-04 time/iter=0.068s eta=0:22:11
[30400/50000] loss=0.0471 lr=1.7E-04 time/iter=0.068s eta=0:22:04
[30500/50000] loss=0.0483 lr=1.7E-04 time/iter=0.068s eta=0:21:58
[30600/50000] loss=0.0463 lr=1.6E-04 time/iter=0.068s eta=0:21:51
[30700/50000] loss=0.0463 lr=1.6E-04 time/iter=0.068s eta=0:21:44
[30800/50000] loss=0.0466 lr=1.6E-04 time/iter=0.068s eta=0:21:37
[30900/50000] loss=0.0463 lr=1.6E-04 time/iter=0.068s eta=0:21:31
[31000/50000] loss=0.0463 lr=1.6E-04 time/iter=0.068s eta=0:21:24
[31100/50000] loss=0.0478 lr=1.6E-04 time/iter=0.068s eta=0:21:17
[31200/50000] loss=0.0461 lr=1.6E-04 time/iter=0.068s eta=0:21:10
[31300/50000] loss=0.0499 lr=1.5E-04 time/iter=0.068s eta=0:21:03
[31400/50000] loss=0.0464 lr=1.5E-04 time/iter=0.068s eta=0:20:57
[31500/50000] loss=0.0464 lr=1.5E-04 time/iter=0.068s eta=0:20:50
[31600/50000] loss=0.0471 lr=1.5E-04 time/iter=0.068s eta=0:20:43
[31700/50000] loss=0.0450 lr=1.5E-04 time/iter=0.068s eta=0:20:36
[31800/50000] loss=0.0458 lr=1.5E-04 time/iter=0.068s eta=0:20:30
[31900/50000] loss=0.0454 lr=1.4E-04 time/iter=0.068s eta=0:20:23
[32000/50000] loss=0.0450 lr=1.4E-04 time/iter=0.068s eta=0:20:16
[32100/50000] loss=0.0451 lr=1.4E-04 time/iter=0.068s eta=0:20:09
[32200/50000] loss=0.0475 lr=1.4E-04 time/iter=0.068s eta=0:20:02
[32300/50000] loss=0.0449 lr=1.4E-04 time/iter=0.068s eta=0:19:56
[32400/50000] loss=0.0464 lr=1.4E-04 time/iter=0.068s eta=0:19:49
[32500/50000] loss=0.0449 lr=1.4E-04 time/iter=0.068s eta=0:19:42
[32600/50000] loss=0.0450 lr=1.4E-04 time/iter=0.068s eta=0:19:35
[32700/50000] loss=0.0446 lr=1.3E-04 time/iter=0.068s eta=0:19:29
[32800/50000] loss=0.0448 lr=1.3E-04 time/iter=0.068s eta=0:19:22
[32900/50000] loss=0.0454 lr=1.3E-04 time/iter=0.068s eta=0:19:15
[33000/50000] loss=0.0441 lr=1.3E-04 time/iter=0.068s eta=0:19:08
[33100/50000] loss=0.0444 lr=1.3E-04 time/iter=0.068s eta=0:19:01
[33200/50000] loss=0.0431 lr=1.3E-04 time/iter=0.068s eta=0:18:55
[33300/50000] loss=0.0437 lr=1.3E-04 time/iter=0.068s eta=0:18:48
[33400/50000] loss=0.0441 lr=1.2E-04 time/iter=0.068s eta=0:18:41
[33500/50000] loss=0.0444 lr=1.2E-04 time/iter=0.068s eta=0:18:34
[33600/50000] loss=0.0435 lr=1.2E-04 time/iter=0.068s eta=0:18:28
[33700/50000] loss=0.0445 lr=1.2E-04 time/iter=0.068s eta=0:18:21
[33800/50000] loss=0.0439 lr=1.2E-04 time/iter=0.068s eta=0:18:14
[33900/50000] loss=0.0436 lr=1.2E-04 time/iter=0.068s eta=0:18:07
[34000/50000] loss=0.0436 lr=1.2E-04 time/iter=0.068s eta=0:18:00
[34100/50000] loss=0.0437 lr=1.1E-04 time/iter=0.068s eta=0:17:54
[34200/50000] loss=0.0436 lr=1.1E-04 time/iter=0.068s eta=0:17:47
[34300/50000] loss=0.0436 lr=1.1E-04 time/iter=0.068s eta=0:17:40
[34400/50000] loss=0.0435 lr=1.1E-04 time/iter=0.068s eta=0:17:33
[34500/50000] loss=0.0423 lr=1.1E-04 time/iter=0.068s eta=0:17:27
[34600/50000] loss=0.0435 lr=1.1E-04 time/iter=0.068s eta=0:17:20
[34700/50000] loss=0.0428 lr=1.1E-04 time/iter=0.068s eta=0:17:13
[34800/50000] loss=0.0438 lr=1.1E-04 time/iter=0.068s eta=0:17:06
[34900/50000] loss=0.0434 lr=1.0E-04 time/iter=0.068s eta=0:16:59
[35000/50000] loss=0.0435 lr=1.0E-04 time/iter=0.068s eta=0:16:53
Saving checkpoint to current_runs/mlp_11049142/checkpoints_GraphLevelRNN/checkpoint-35000.pth...
Checkpoint saved.
[35100/50000] loss=0.0435 lr=1.0E-04 time/iter=0.068s eta=0:16:46
[35200/50000] loss=0.0452 lr=1.0E-04 time/iter=0.068s eta=0:16:39
[35300/50000] loss=0.0445 lr=9.9E-05 time/iter=0.068s eta=0:16:32
[35400/50000] loss=0.0433 lr=9.8E-05 time/iter=0.068s eta=0:16:26
[35500/50000] loss=0.0429 lr=9.7E-05 time/iter=0.068s eta=0:16:19
[35600/50000] loss=0.0490 lr=9.6E-05 time/iter=0.068s eta=0:16:12
[35700/50000] loss=0.0553 lr=9.4E-05 time/iter=0.068s eta=0:16:05
[35800/50000] loss=0.0499 lr=9.3E-05 time/iter=0.068s eta=0:15:59
[35900/50000] loss=0.0447 lr=9.2E-05 time/iter=0.068s eta=0:15:52
[36000/50000] loss=0.0436 lr=9.1E-05 time/iter=0.068s eta=0:15:45
[36100/50000] loss=0.0431 lr=8.9E-05 time/iter=0.068s eta=0:15:38
[36200/50000] loss=0.0431 lr=8.8E-05 time/iter=0.068s eta=0:15:32
[36300/50000] loss=0.0427 lr=8.7E-05 time/iter=0.068s eta=0:15:25
[36400/50000] loss=0.0431 lr=8.6E-05 time/iter=0.068s eta=0:15:18
[36500/50000] loss=0.0422 lr=8.5E-05 time/iter=0.068s eta=0:15:11
[36600/50000] loss=0.0422 lr=8.3E-05 time/iter=0.068s eta=0:15:04
[36700/50000] loss=0.0418 lr=8.2E-05 time/iter=0.068s eta=0:14:58
[36800/50000] loss=0.0425 lr=8.1E-05 time/iter=0.068s eta=0:14:51
[36900/50000] loss=0.0414 lr=8.0E-05 time/iter=0.068s eta=0:14:44
[37000/50000] loss=0.0413 lr=7.9E-05 time/iter=0.068s eta=0:14:37
[37100/50000] loss=0.0423 lr=7.8E-05 time/iter=0.068s eta=0:14:31
[37200/50000] loss=0.0407 lr=7.7E-05 time/iter=0.068s eta=0:14:24
[37300/50000] loss=0.0421 lr=7.5E-05 time/iter=0.068s eta=0:14:17
[37400/50000] loss=0.0424 lr=7.4E-05 time/iter=0.068s eta=0:14:10
[37500/50000] loss=0.0429 lr=7.3E-05 time/iter=0.068s eta=0:14:04
[37600/50000] loss=0.0426 lr=7.2E-05 time/iter=0.068s eta=0:13:57
[37700/50000] loss=0.0415 lr=7.1E-05 time/iter=0.068s eta=0:13:50
[37800/50000] loss=0.0422 lr=7.0E-05 time/iter=0.068s eta=0:13:43
[37900/50000] loss=0.0418 lr=6.9E-05 time/iter=0.068s eta=0:13:37
[38000/50000] loss=0.0424 lr=6.8E-05 time/iter=0.068s eta=0:13:30
[38100/50000] loss=0.0432 lr=6.7E-05 time/iter=0.068s eta=0:13:23
[38200/50000] loss=0.0405 lr=6.6E-05 time/iter=0.068s eta=0:13:16
[38300/50000] loss=0.0416 lr=6.5E-05 time/iter=0.068s eta=0:13:09
[38400/50000] loss=0.0418 lr=6.4E-05 time/iter=0.068s eta=0:13:03
[38500/50000] loss=0.0424 lr=6.2E-05 time/iter=0.068s eta=0:12:56
[38600/50000] loss=0.0416 lr=6.1E-05 time/iter=0.068s eta=0:12:49
[38700/50000] loss=0.0419 lr=6.0E-05 time/iter=0.068s eta=0:12:42
[38800/50000] loss=0.0423 lr=5.9E-05 time/iter=0.068s eta=0:12:36
[38900/50000] loss=0.0417 lr=5.8E-05 time/iter=0.068s eta=0:12:29
[39000/50000] loss=0.0413 lr=5.7E-05 time/iter=0.068s eta=0:12:22
[39100/50000] loss=0.0418 lr=5.6E-05 time/iter=0.068s eta=0:12:15
[39200/50000] loss=0.0413 lr=5.5E-05 time/iter=0.068s eta=0:12:09
[39300/50000] loss=0.0407 lr=5.4E-05 time/iter=0.068s eta=0:12:02
[39400/50000] loss=0.0417 lr=5.3E-05 time/iter=0.068s eta=0:11:55
[39500/50000] loss=0.0417 lr=5.2E-05 time/iter=0.068s eta=0:11:48
[39600/50000] loss=0.0412 lr=5.2E-05 time/iter=0.068s eta=0:11:42
[39700/50000] loss=0.0415 lr=5.1E-05 time/iter=0.068s eta=0:11:35
[39800/50000] loss=0.0415 lr=5.0E-05 time/iter=0.068s eta=0:11:28
[39900/50000] loss=0.0407 lr=4.9E-05 time/iter=0.068s eta=0:11:21
[40000/50000] loss=0.0416 lr=4.8E-05 time/iter=0.068s eta=0:11:15
Saving checkpoint to current_runs/mlp_11049142/checkpoints_GraphLevelRNN/checkpoint-40000.pth...
Checkpoint saved.
[40100/50000] loss=0.0412 lr=4.7E-05 time/iter=0.068s eta=0:11:08
[40200/50000] loss=0.0410 lr=4.6E-05 time/iter=0.068s eta=0:11:01
[40300/50000] loss=0.0408 lr=4.5E-05 time/iter=0.068s eta=0:10:54
[40400/50000] loss=0.0417 lr=4.4E-05 time/iter=0.068s eta=0:10:48
[40500/50000] loss=0.0413 lr=4.3E-05 time/iter=0.068s eta=0:10:41
[40600/50000] loss=0.0409 lr=4.2E-05 time/iter=0.067s eta=0:10:34
[40700/50000] loss=0.0408 lr=4.1E-05 time/iter=0.067s eta=0:10:27
[40800/50000] loss=0.0411 lr=4.1E-05 time/iter=0.067s eta=0:10:20
[40900/50000] loss=0.0405 lr=4.0E-05 time/iter=0.067s eta=0:10:14
[41000/50000] loss=0.0406 lr=3.9E-05 time/iter=0.067s eta=0:10:07
[41100/50000] loss=0.0407 lr=3.8E-05 time/iter=0.067s eta=0:10:00
[41200/50000] loss=0.0402 lr=3.7E-05 time/iter=0.067s eta=0:09:53
[41300/50000] loss=0.0411 lr=3.6E-05 time/iter=0.067s eta=0:09:47
[41400/50000] loss=0.0408 lr=3.6E-05 time/iter=0.067s eta=0:09:40
[41500/50000] loss=0.0409 lr=3.5E-05 time/iter=0.067s eta=0:09:33
[41600/50000] loss=0.0406 lr=3.4E-05 time/iter=0.067s eta=0:09:26
[41700/50000] loss=0.0407 lr=3.3E-05 time/iter=0.067s eta=0:09:20
[41800/50000] loss=0.0409 lr=3.2E-05 time/iter=0.067s eta=0:09:13
[41900/50000] loss=0.0396 lr=3.2E-05 time/iter=0.067s eta=0:09:06
[42000/50000] loss=0.0403 lr=3.1E-05 time/iter=0.067s eta=0:08:59
[42100/50000] loss=0.0409 lr=3.0E-05 time/iter=0.067s eta=0:08:53
[42200/50000] loss=0.0390 lr=2.9E-05 time/iter=0.067s eta=0:08:46
[42300/50000] loss=0.0400 lr=2.9E-05 time/iter=0.067s eta=0:08:39
[42400/50000] loss=0.0405 lr=2.8E-05 time/iter=0.067s eta=0:08:32
[42500/50000] loss=0.0407 lr=2.7E-05 time/iter=0.067s eta=0:08:26
[42600/50000] loss=0.0396 lr=2.7E-05 time/iter=0.067s eta=0:08:19
[42700/50000] loss=0.0403 lr=2.6E-05 time/iter=0.067s eta=0:08:12
[42800/50000] loss=0.0406 lr=2.5E-05 time/iter=0.067s eta=0:08:05
[42900/50000] loss=0.0411 lr=2.4E-05 time/iter=0.067s eta=0:07:59
[43000/50000] loss=0.0399 lr=2.4E-05 time/iter=0.067s eta=0:07:52
[43100/50000] loss=0.0405 lr=2.3E-05 time/iter=0.067s eta=0:07:45
[43200/50000] loss=0.0393 lr=2.2E-05 time/iter=0.067s eta=0:07:38
[43300/50000] loss=0.0401 lr=2.2E-05 time/iter=0.067s eta=0:07:32
[43400/50000] loss=0.0404 lr=2.1E-05 time/iter=0.067s eta=0:07:25
[43500/50000] loss=0.0404 lr=2.1E-05 time/iter=0.067s eta=0:07:18
[43600/50000] loss=0.0398 lr=2.0E-05 time/iter=0.067s eta=0:07:11
[43700/50000] loss=0.0400 lr=1.9E-05 time/iter=0.067s eta=0:07:05
[43800/50000] loss=0.0404 lr=1.9E-05 time/iter=0.067s eta=0:06:58
[43900/50000] loss=0.0409 lr=1.8E-05 time/iter=0.067s eta=0:06:51
[44000/50000] loss=0.0407 lr=1.8E-05 time/iter=0.067s eta=0:06:44
[44100/50000] loss=0.0406 lr=1.7E-05 time/iter=0.067s eta=0:06:38
[44200/50000] loss=0.0406 lr=1.6E-05 time/iter=0.067s eta=0:06:31
[44300/50000] loss=0.0396 lr=1.6E-05 time/iter=0.067s eta=0:06:24
[44400/50000] loss=0.0403 lr=1.5E-05 time/iter=0.067s eta=0:06:17
[44500/50000] loss=0.0403 lr=1.5E-05 time/iter=0.067s eta=0:06:11
[44600/50000] loss=0.0402 lr=1.4E-05 time/iter=0.067s eta=0:06:04
[44700/50000] loss=0.0399 lr=1.4E-05 time/iter=0.067s eta=0:05:57
[44800/50000] loss=0.0400 lr=1.3E-05 time/iter=0.067s eta=0:05:50
[44900/50000] loss=0.0397 lr=1.3E-05 time/iter=0.067s eta=0:05:44
[45000/50000] loss=0.0402 lr=1.2E-05 time/iter=0.067s eta=0:05:37
Saving checkpoint to current_runs/mlp_11049142/checkpoints_GraphLevelRNN/checkpoint-45000.pth...
Checkpoint saved.
[45100/50000] loss=0.0404 lr=1.2E-05 time/iter=0.067s eta=0:05:30
[45200/50000] loss=0.0350 lr=1.1E-05 time/iter=0.067s eta=0:05:23
[45300/50000] loss=0.0397 lr=1.1E-05 time/iter=0.067s eta=0:05:17
[45400/50000] loss=0.0400 lr=1.0E-05 time/iter=0.067s eta=0:05:10
[45500/50000] loss=0.0402 lr=9.9E-06 time/iter=0.067s eta=0:05:03
[45600/50000] loss=0.0407 lr=9.5E-06 time/iter=0.067s eta=0:04:56
[45700/50000] loss=0.0402 lr=9.1E-06 time/iter=0.067s eta=0:04:49
[45800/50000] loss=0.0402 lr=8.7E-06 time/iter=0.067s eta=0:04:43
[45900/50000] loss=0.0408 lr=8.2E-06 time/iter=0.067s eta=0:04:36
[46000/50000] loss=0.0406 lr=7.9E-06 time/iter=0.067s eta=0:04:29
[46100/50000] loss=0.0400 lr=7.5E-06 time/iter=0.067s eta=0:04:22
[46200/50000] loss=0.0400 lr=7.1E-06 time/iter=0.067s eta=0:04:16
[46300/50000] loss=0.0401 lr=6.7E-06 time/iter=0.067s eta=0:04:09
[46400/50000] loss=0.0400 lr=6.4E-06 time/iter=0.067s eta=0:04:02
[46500/50000] loss=0.0402 lr=6.0E-06 time/iter=0.067s eta=0:03:55
[46600/50000] loss=0.0407 lr=5.7E-06 time/iter=0.067s eta=0:03:49
[46700/50000] loss=0.0406 lr=5.4E-06 time/iter=0.067s eta=0:03:42
[46800/50000] loss=0.0400 lr=5.0E-06 time/iter=0.067s eta=0:03:35
[46900/50000] loss=0.0396 lr=4.7E-06 time/iter=0.067s eta=0:03:28
[47000/50000] loss=0.0402 lr=4.4E-06 time/iter=0.067s eta=0:03:22
[47100/50000] loss=0.0399 lr=4.1E-06 time/iter=0.067s eta=0:03:15
[47200/50000] loss=0.0400 lr=3.9E-06 time/iter=0.067s eta=0:03:08
[47300/50000] loss=0.0394 lr=3.6E-06 time/iter=0.067s eta=0:03:02
[47400/50000] loss=0.0396 lr=3.3E-06 time/iter=0.067s eta=0:02:55
[47500/50000] loss=0.0400 lr=3.1E-06 time/iter=0.067s eta=0:02:48
[47600/50000] loss=0.0398 lr=2.8E-06 time/iter=0.067s eta=0:02:41
[47700/50000] loss=0.0403 lr=2.6E-06 time/iter=0.067s eta=0:02:35
[47800/50000] loss=0.0399 lr=2.4E-06 time/iter=0.067s eta=0:02:28
[47900/50000] loss=0.0387 lr=2.2E-06 time/iter=0.067s eta=0:02:21
[48000/50000] loss=0.0406 lr=2.0E-06 time/iter=0.067s eta=0:02:14
[48100/50000] loss=0.0396 lr=1.8E-06 time/iter=0.067s eta=0:02:08
[48200/50000] loss=0.0400 lr=1.6E-06 time/iter=0.067s eta=0:02:01
[48300/50000] loss=0.0396 lr=1.4E-06 time/iter=0.067s eta=0:01:54
[48400/50000] loss=0.0397 lr=1.3E-06 time/iter=0.067s eta=0:01:47
[48500/50000] loss=0.0400 lr=1.1E-06 time/iter=0.067s eta=0:01:41
[48600/50000] loss=0.0387 lr=9.7E-07 time/iter=0.067s eta=0:01:34
[48700/50000] loss=0.0401 lr=8.3E-07 time/iter=0.067s eta=0:01:27
[48800/50000] loss=0.0399 lr=7.1E-07 time/iter=0.067s eta=0:01:20
[48900/50000] loss=0.0401 lr=6.0E-07 time/iter=0.067s eta=0:01:14
[49000/50000] loss=0.0403 lr=4.9E-07 time/iter=0.067s eta=0:01:07
[49100/50000] loss=0.0401 lr=4.0E-07 time/iter=0.067s eta=0:01:00
[49200/50000] loss=0.0399 lr=3.2E-07 time/iter=0.067s eta=0:00:53
[49300/50000] loss=0.0407 lr=2.4E-07 time/iter=0.067s eta=0:00:47
[49400/50000] loss=0.0396 lr=1.8E-07 time/iter=0.067s eta=0:00:40
[49500/50000] loss=0.0400 lr=1.2E-07 time/iter=0.067s eta=0:00:33
[49600/50000] loss=0.0399 lr=7.9E-08 time/iter=0.067s eta=0:00:26
[49700/50000] loss=0.0402 lr=4.4E-08 time/iter=0.067s eta=0:00:20
[49800/50000] loss=0.0400 lr=2.0E-08 time/iter=0.067s eta=0:00:13
[49900/50000] loss=0.0388 lr=4.9E-09 time/iter=0.067s eta=0:00:06
[50000/50000] loss=0.0398 lr=0.0E+00 time/iter=0.067s eta=0:00:00
Saving checkpoint to current_runs/mlp_11049142/checkpoints_GraphLevelRNN/checkpoint-50000.pth...
Checkpoint saved.
Training loop finished.
Main function finished.
Job finished at Mon Apr  7 17:39:58 CEST 2025
Results saved to current_runs/mlp_11049142

JOB STATISTICS
==============
Job ID: 11049142
Cluster: snellius
User/Group: igardner1/igardner1
State: RUNNING
Nodes: 1
Cores per node: 18
CPU Utilized: 00:00:00
CPU Efficiency: 0.00% of 17:01:12 core-walltime
Job Wall-clock time: 00:56:44
Memory Utilized: 0.00 MB
Memory Efficiency: 0.00% of 120.00 GB (120.00 GB/node)
WARNING: Efficiency statistics can only be obtained after the job has ended as seff tool is based on the accounting database data.
