============================================================================================== 
Warning! Mixing Conda and module environments may lead to corruption of the
user environment. 
We do not recommend users mixing those two environments unless absolutely
necessary. Note that 
SURF does not provide any support for Conda environment.
For more information, please refer to our software policy page:
https://servicedesk.surf.nl/wiki/display/WIKI/Software+policy+Snellius#SoftwarepolicySnellius-UseofAnacondaandMinicondaenvironmentsonSnellius 

Remember that many packages have already been installed on the system and can
be loaded using 
the 'module load <package__name>' command. If you are uncertain if a package is
already available 
on the system, please use 'module avail' or 'module spider' to search for it.
============================================================================================== 
Using config file: configs/config_aig_rnn.yaml
Output directory: current_runs/rnn_11048520
Loaded config:
data:
  dataset_type: aig-directed-multiclass
  graph_file: dataset/inputs8_outputs8max_nodes128max.pkl
  use_bfs: false
  max_graphs: null
model:
  mode: directed-multiclass
  edge_model: rnn
  GraphRNN:
    use_attention: false
    embedding_size: 384
    hidden_size: 768
    num_layers: 4
    edge_feature_len: 3
    output_size: 384
  EdgeRNN:
    embedding_size: 192
    hidden_size: 384
    num_layers: 4
    edge_feature_len: 3
train:
  batch_size: 32
  lr: 0.0005
  steps: 50000
  print_iter: 100
  checkpoint_iter: 5000
  checkpoint_dir: checkpoints_GraphLevelRNN
  log_dir: logs_GraphLevelRNNP
  lr_schedule_milestones:
  - 5000
  - 10000
  - 15000
  - 20000
  - 30000
  - 40000
  lr_schedule_gamma: 0.3

Loading AIG graphs from dataset/inputs8_outputs8max_nodes128max.pkl...
Preprocessing graphs...
Graph preprocessing complete. 2704 graphs processed, 0 skipped.
Maximum node count in processed dataset: 64
INFO: Topological Sort mode. Effective input size (m_internal): 63
Calculating node levels...
Maximum node level across dataset: 13
Calculating edge type counts for class weighting...
Calculating weights based on 2433 training graphs...
Total edge slots considered for weights: 6737031
Raw edge counts: {0: 6590773, 1: 88996, 2: 57262}
Calculated edge weights (Inverse Frequency): [0.015776561573147774, 1.16836416721344, 1.815859317779541]
Dataset ready: 2433 graphs (training split). Ordering: Topological Sort
Dataset initialized. Max node count: 64, Max level: 13
INFO: Using Topological Sort mode. Effective input/output size (max_nodes-1): 63
Selected standard EdgeLevelRNN model. Expecting GraphRNN output size: 384
INFO: Using standard GraphLevelRNN for node level.
INFO: GraphLevelRNN (No Attention) using level embedding up to level 13
Setting up CrossEntropyLoss for 3 edge classes.
Applying edge class weights: [0.015776561573147774, 1.16836416721344, 1.815859317779541]
TensorBoard logs will be saved to: current_runs/rnn_11048520/logs_GraphLevelRNNP
[100/50000] loss=0.8511 lr=5.0E-04 time/iter=0.123s eta=1:42:07
[200/50000] loss=0.7815 lr=5.0E-04 time/iter=0.120s eta=1:39:50
[300/50000] loss=0.7669 lr=5.0E-04 time/iter=0.119s eta=1:38:52
[400/50000] loss=0.7661 lr=5.0E-04 time/iter=0.119s eta=1:38:09
[500/50000] loss=0.7642 lr=5.0E-04 time/iter=0.119s eta=1:37:53
[600/50000] loss=0.7732 lr=5.0E-04 time/iter=0.119s eta=1:37:35
[700/50000] loss=0.7680 lr=5.0E-04 time/iter=0.118s eta=1:37:12
[800/50000] loss=0.7738 lr=5.0E-04 time/iter=0.118s eta=1:36:57
[900/50000] loss=0.7624 lr=5.0E-04 time/iter=0.118s eta=1:36:42
[1000/50000] loss=0.7561 lr=5.0E-04 time/iter=0.118s eta=1:36:30
[1100/50000] loss=0.7524 lr=5.0E-04 time/iter=0.118s eta=1:36:13
[1200/50000] loss=0.7546 lr=5.0E-04 time/iter=0.118s eta=1:36:00
[1300/50000] loss=0.7529 lr=5.0E-04 time/iter=0.118s eta=1:35:47
[1400/50000] loss=0.7518 lr=5.0E-04 time/iter=0.118s eta=1:35:31
[1500/50000] loss=0.7477 lr=5.0E-04 time/iter=0.118s eta=1:35:18
[1600/50000] loss=0.7686 lr=5.0E-04 time/iter=0.118s eta=1:35:06
[1700/50000] loss=0.7712 lr=5.0E-04 time/iter=0.118s eta=1:34:53
[1800/50000] loss=0.7617 lr=5.0E-04 time/iter=0.118s eta=1:34:41
[1900/50000] loss=0.7569 lr=5.0E-04 time/iter=0.118s eta=1:34:29
[2000/50000] loss=0.7272 lr=5.0E-04 time/iter=0.118s eta=1:34:16
[2100/50000] loss=0.5870 lr=5.0E-04 time/iter=0.118s eta=1:34:01
[2200/50000] loss=0.4879 lr=5.0E-04 time/iter=0.118s eta=1:33:50
[2300/50000] loss=0.4123 lr=5.0E-04 time/iter=0.118s eta=1:33:38
[2400/50000] loss=0.3803 lr=5.0E-04 time/iter=0.118s eta=1:33:24
[2500/50000] loss=0.3437 lr=5.0E-04 time/iter=0.118s eta=1:33:12
[2600/50000] loss=0.2961 lr=5.0E-04 time/iter=0.118s eta=1:33:00
[2700/50000] loss=0.2314 lr=5.0E-04 time/iter=0.118s eta=1:32:46
[2800/50000] loss=0.2692 lr=5.0E-04 time/iter=0.118s eta=1:32:35
[2900/50000] loss=0.2231 lr=5.0E-04 time/iter=0.118s eta=1:32:23
[3000/50000] loss=0.2472 lr=5.0E-04 time/iter=0.118s eta=1:32:12
[3100/50000] loss=0.2296 lr=5.0E-04 time/iter=0.118s eta=1:31:59
[3200/50000] loss=0.2139 lr=4.9E-04 time/iter=0.118s eta=1:31:48
[3300/50000] loss=0.1984 lr=4.9E-04 time/iter=0.118s eta=1:31:36
[3400/50000] loss=0.2028 lr=4.9E-04 time/iter=0.118s eta=1:31:23
[3500/50000] loss=0.1806 lr=4.9E-04 time/iter=0.118s eta=1:31:11
[3600/50000] loss=0.1809 lr=4.9E-04 time/iter=0.118s eta=1:31:00
[3700/50000] loss=0.1584 lr=4.9E-04 time/iter=0.118s eta=1:30:47
[3800/50000] loss=0.2073 lr=4.9E-04 time/iter=0.118s eta=1:30:35
[3900/50000] loss=0.2191 lr=4.9E-04 time/iter=0.118s eta=1:30:24
[4000/50000] loss=0.1669 lr=4.9E-04 time/iter=0.118s eta=1:30:12
[4100/50000] loss=0.1561 lr=4.9E-04 time/iter=0.118s eta=1:29:59
[4200/50000] loss=0.1540 lr=4.9E-04 time/iter=0.118s eta=1:30:01
[4300/50000] loss=0.2060 lr=4.9E-04 time/iter=0.118s eta=1:29:50
[4400/50000] loss=0.2183 lr=4.9E-04 time/iter=0.118s eta=1:29:37
[4500/50000] loss=0.2097 lr=4.9E-04 time/iter=0.118s eta=1:29:25
[4600/50000] loss=0.1493 lr=4.9E-04 time/iter=0.118s eta=1:29:12
[4700/50000] loss=0.1762 lr=4.9E-04 time/iter=0.118s eta=1:29:00
[4800/50000] loss=0.1546 lr=4.9E-04 time/iter=0.118s eta=1:28:48
[4900/50000] loss=0.1615 lr=4.9E-04 time/iter=0.118s eta=1:28:36
[5000/50000] loss=0.1365 lr=4.9E-04 time/iter=0.118s eta=1:28:24
Saving checkpoint to current_runs/rnn_11048520/checkpoints_GraphLevelRNN/checkpoint-5000.pth...
Checkpoint saved.
[5100/50000] loss=0.1763 lr=4.9E-04 time/iter=0.118s eta=1:28:13
[5200/50000] loss=0.1564 lr=4.9E-04 time/iter=0.118s eta=1:28:00
[5300/50000] loss=0.1314 lr=4.9E-04 time/iter=0.118s eta=1:27:48
[5400/50000] loss=0.1290 lr=4.9E-04 time/iter=0.118s eta=1:27:35
[5500/50000] loss=0.1542 lr=4.9E-04 time/iter=0.118s eta=1:27:22
[5600/50000] loss=0.1454 lr=4.8E-04 time/iter=0.118s eta=1:27:11
[5700/50000] loss=0.1315 lr=4.8E-04 time/iter=0.118s eta=1:26:58
[5800/50000] loss=0.1296 lr=4.8E-04 time/iter=0.118s eta=1:26:45
[5900/50000] loss=0.2236 lr=4.8E-04 time/iter=0.118s eta=1:26:33
[6000/50000] loss=0.1297 lr=4.8E-04 time/iter=0.118s eta=1:26:21
[6100/50000] loss=0.1801 lr=4.8E-04 time/iter=0.118s eta=1:26:08
[6200/50000] loss=0.1353 lr=4.8E-04 time/iter=0.118s eta=1:25:56
[6300/50000] loss=0.1458 lr=4.8E-04 time/iter=0.118s eta=1:25:44
[6400/50000] loss=0.1716 lr=4.8E-04 time/iter=0.118s eta=1:25:31
[6500/50000] loss=0.1465 lr=4.8E-04 time/iter=0.118s eta=1:25:19
[6600/50000] loss=0.1277 lr=4.8E-04 time/iter=0.118s eta=1:25:07
[6700/50000] loss=0.1277 lr=4.8E-04 time/iter=0.118s eta=1:24:54
[6800/50000] loss=0.1687 lr=4.8E-04 time/iter=0.118s eta=1:24:42
[6900/50000] loss=0.1364 lr=4.8E-04 time/iter=0.118s eta=1:24:31
[7000/50000] loss=0.1167 lr=4.8E-04 time/iter=0.118s eta=1:24:19
[7100/50000] loss=0.1612 lr=4.8E-04 time/iter=0.118s eta=1:24:06
[7200/50000] loss=0.1209 lr=4.7E-04 time/iter=0.118s eta=1:23:54
[7300/50000] loss=0.1446 lr=4.7E-04 time/iter=0.118s eta=1:23:42
[7400/50000] loss=0.1243 lr=4.7E-04 time/iter=0.118s eta=1:23:30
[7500/50000] loss=0.1298 lr=4.7E-04 time/iter=0.118s eta=1:23:17
[7600/50000] loss=0.1256 lr=4.7E-04 time/iter=0.118s eta=1:23:06
[7700/50000] loss=0.1152 lr=4.7E-04 time/iter=0.118s eta=1:22:53
[7800/50000] loss=0.1622 lr=4.7E-04 time/iter=0.118s eta=1:22:41
[7900/50000] loss=0.1311 lr=4.7E-04 time/iter=0.118s eta=1:22:29
[8000/50000] loss=0.1120 lr=4.7E-04 time/iter=0.118s eta=1:22:18
[8100/50000] loss=0.1156 lr=4.7E-04 time/iter=0.118s eta=1:22:05
[8200/50000] loss=0.1119 lr=4.7E-04 time/iter=0.118s eta=1:21:53
[8300/50000] loss=0.1333 lr=4.7E-04 time/iter=0.118s eta=1:21:42
[8400/50000] loss=0.1225 lr=4.7E-04 time/iter=0.118s eta=1:21:29
[8500/50000] loss=0.1136 lr=4.7E-04 time/iter=0.118s eta=1:21:17
[8600/50000] loss=0.1154 lr=4.6E-04 time/iter=0.118s eta=1:21:06
[8700/50000] loss=0.1127 lr=4.6E-04 time/iter=0.118s eta=1:20:54
[8800/50000] loss=0.1113 lr=4.6E-04 time/iter=0.118s eta=1:20:42
[8900/50000] loss=0.1281 lr=4.6E-04 time/iter=0.118s eta=1:20:29
[9000/50000] loss=0.1205 lr=4.6E-04 time/iter=0.118s eta=1:20:17
[9100/50000] loss=0.0978 lr=4.6E-04 time/iter=0.117s eta=1:20:05
[9200/50000] loss=0.1080 lr=4.6E-04 time/iter=0.117s eta=1:19:53
[9300/50000] loss=0.1332 lr=4.6E-04 time/iter=0.117s eta=1:19:41
[9400/50000] loss=0.1224 lr=4.6E-04 time/iter=0.117s eta=1:19:29
[9500/50000] loss=0.1052 lr=4.6E-04 time/iter=0.117s eta=1:19:17
[9600/50000] loss=0.1101 lr=4.6E-04 time/iter=0.117s eta=1:19:05
[9700/50000] loss=0.1161 lr=4.5E-04 time/iter=0.117s eta=1:18:53
[9800/50000] loss=0.1300 lr=4.5E-04 time/iter=0.117s eta=1:18:41
[9900/50000] loss=0.1635 lr=4.5E-04 time/iter=0.117s eta=1:18:29
[10000/50000] loss=0.1201 lr=4.5E-04 time/iter=0.117s eta=1:18:16
Saving checkpoint to current_runs/rnn_11048520/checkpoints_GraphLevelRNN/checkpoint-10000.pth...
Checkpoint saved.
[10100/50000] loss=0.1194 lr=4.5E-04 time/iter=0.117s eta=1:18:05
[10200/50000] loss=0.1182 lr=4.5E-04 time/iter=0.117s eta=1:17:53
[10300/50000] loss=0.1057 lr=4.5E-04 time/iter=0.117s eta=1:17:41
[10400/50000] loss=0.1056 lr=4.5E-04 time/iter=0.117s eta=1:17:28
[10500/50000] loss=0.1184 lr=4.5E-04 time/iter=0.117s eta=1:17:16
[10600/50000] loss=0.1228 lr=4.5E-04 time/iter=0.117s eta=1:17:04
[10700/50000] loss=0.1004 lr=4.5E-04 time/iter=0.117s eta=1:16:52
[10800/50000] loss=0.1168 lr=4.4E-04 time/iter=0.117s eta=1:16:40
[10900/50000] loss=0.1031 lr=4.4E-04 time/iter=0.117s eta=1:16:28
[11000/50000] loss=0.1075 lr=4.4E-04 time/iter=0.117s eta=1:16:16
[11100/50000] loss=0.0859 lr=4.4E-04 time/iter=0.117s eta=1:16:04
[11200/50000] loss=0.1640 lr=4.4E-04 time/iter=0.117s eta=1:15:52
[11300/50000] loss=0.0961 lr=4.4E-04 time/iter=0.117s eta=1:15:40
[11400/50000] loss=0.0814 lr=4.4E-04 time/iter=0.117s eta=1:15:28
[11500/50000] loss=0.1291 lr=4.4E-04 time/iter=0.117s eta=1:15:16
[11600/50000] loss=0.1032 lr=4.4E-04 time/iter=0.117s eta=1:15:04
[11700/50000] loss=0.1268 lr=4.4E-04 time/iter=0.117s eta=1:14:52
[11800/50000] loss=0.0897 lr=4.3E-04 time/iter=0.117s eta=1:14:40
[11900/50000] loss=0.0911 lr=4.3E-04 time/iter=0.117s eta=1:14:28
[12000/50000] loss=0.0976 lr=4.3E-04 time/iter=0.117s eta=1:14:16
[12100/50000] loss=0.1395 lr=4.3E-04 time/iter=0.117s eta=1:14:04
[12200/50000] loss=0.1097 lr=4.3E-04 time/iter=0.117s eta=1:13:52
[12300/50000] loss=0.0908 lr=4.3E-04 time/iter=0.117s eta=1:13:40
[12400/50000] loss=0.1194 lr=4.3E-04 time/iter=0.117s eta=1:13:27
[12500/50000] loss=0.1067 lr=4.3E-04 time/iter=0.117s eta=1:13:15
[12600/50000] loss=0.1619 lr=4.3E-04 time/iter=0.117s eta=1:13:03
[12700/50000] loss=0.0887 lr=4.2E-04 time/iter=0.117s eta=1:12:52
[12800/50000] loss=0.0935 lr=4.2E-04 time/iter=0.117s eta=1:12:39
[12900/50000] loss=0.1091 lr=4.2E-04 time/iter=0.117s eta=1:12:27
[13000/50000] loss=0.0938 lr=4.2E-04 time/iter=0.117s eta=1:12:16
[13100/50000] loss=0.1094 lr=4.2E-04 time/iter=0.117s eta=1:12:03
[13200/50000] loss=0.1157 lr=4.2E-04 time/iter=0.117s eta=1:11:52
[13300/50000] loss=0.1269 lr=4.2E-04 time/iter=0.117s eta=1:11:40
[13400/50000] loss=0.1062 lr=4.2E-04 time/iter=0.117s eta=1:11:28
[13500/50000] loss=0.1063 lr=4.2E-04 time/iter=0.117s eta=1:11:16
[13600/50000] loss=0.1054 lr=4.1E-04 time/iter=0.117s eta=1:11:04
[13700/50000] loss=0.0883 lr=4.1E-04 time/iter=0.117s eta=1:10:52
[13800/50000] loss=0.1115 lr=4.1E-04 time/iter=0.117s eta=1:10:40
[13900/50000] loss=0.0944 lr=4.1E-04 time/iter=0.117s eta=1:10:28
[14000/50000] loss=0.0996 lr=4.1E-04 time/iter=0.117s eta=1:10:16
[14100/50000] loss=0.1362 lr=4.1E-04 time/iter=0.117s eta=1:10:04
[14200/50000] loss=0.1224 lr=4.1E-04 time/iter=0.117s eta=1:09:52
[14300/50000] loss=0.1315 lr=4.1E-04 time/iter=0.117s eta=1:09:40
[14400/50000] loss=0.0758 lr=4.0E-04 time/iter=0.117s eta=1:09:28
[14500/50000] loss=0.0842 lr=4.0E-04 time/iter=0.117s eta=1:09:16
[14600/50000] loss=0.1046 lr=4.0E-04 time/iter=0.117s eta=1:09:04
[14700/50000] loss=0.0894 lr=4.0E-04 time/iter=0.117s eta=1:08:52
[14800/50000] loss=0.1033 lr=4.0E-04 time/iter=0.117s eta=1:08:40
[14900/50000] loss=0.0909 lr=4.0E-04 time/iter=0.117s eta=1:08:28
[15000/50000] loss=0.0977 lr=4.0E-04 time/iter=0.117s eta=1:08:17
Saving checkpoint to current_runs/rnn_11048520/checkpoints_GraphLevelRNN/checkpoint-15000.pth...
Checkpoint saved.
[15100/50000] loss=0.0701 lr=4.0E-04 time/iter=0.117s eta=1:08:05
[15200/50000] loss=0.1017 lr=3.9E-04 time/iter=0.117s eta=1:07:53
[15300/50000] loss=0.0928 lr=3.9E-04 time/iter=0.117s eta=1:07:41
[15400/50000] loss=0.0953 lr=3.9E-04 time/iter=0.117s eta=1:07:29
[15500/50000] loss=0.1191 lr=3.9E-04 time/iter=0.117s eta=1:07:17
[15600/50000] loss=0.0774 lr=3.9E-04 time/iter=0.117s eta=1:07:05
[15700/50000] loss=0.1086 lr=3.9E-04 time/iter=0.117s eta=1:06:54
[15800/50000] loss=0.0772 lr=3.9E-04 time/iter=0.117s eta=1:06:42
[15900/50000] loss=0.0900 lr=3.9E-04 time/iter=0.117s eta=1:06:30
[16000/50000] loss=0.0760 lr=3.8E-04 time/iter=0.117s eta=1:06:18
[16100/50000] loss=0.0947 lr=3.8E-04 time/iter=0.117s eta=1:06:06
[16200/50000] loss=0.0864 lr=3.8E-04 time/iter=0.117s eta=1:05:54
[16300/50000] loss=0.0820 lr=3.8E-04 time/iter=0.117s eta=1:05:42
[16400/50000] loss=0.0720 lr=3.8E-04 time/iter=0.117s eta=1:05:31
[16500/50000] loss=0.1060 lr=3.8E-04 time/iter=0.117s eta=1:05:19
[16600/50000] loss=0.0989 lr=3.8E-04 time/iter=0.117s eta=1:05:07
[16700/50000] loss=0.0730 lr=3.7E-04 time/iter=0.117s eta=1:04:55
[16800/50000] loss=0.0869 lr=3.7E-04 time/iter=0.117s eta=1:04:43
[16900/50000] loss=0.0868 lr=3.7E-04 time/iter=0.117s eta=1:04:31
[17000/50000] loss=0.0842 lr=3.7E-04 time/iter=0.117s eta=1:04:19
[17100/50000] loss=0.1098 lr=3.7E-04 time/iter=0.117s eta=1:04:07
[17200/50000] loss=0.0968 lr=3.7E-04 time/iter=0.117s eta=1:03:56
[17300/50000] loss=0.1183 lr=3.7E-04 time/iter=0.117s eta=1:03:44
[17400/50000] loss=0.0818 lr=3.6E-04 time/iter=0.117s eta=1:03:32
[17500/50000] loss=0.0766 lr=3.6E-04 time/iter=0.117s eta=1:03:20
[17600/50000] loss=0.0912 lr=3.6E-04 time/iter=0.117s eta=1:03:08
[17700/50000] loss=0.0870 lr=3.6E-04 time/iter=0.117s eta=1:02:57
[17800/50000] loss=0.1566 lr=3.6E-04 time/iter=0.117s eta=1:02:45
[17900/50000] loss=0.0704 lr=3.6E-04 time/iter=0.117s eta=1:02:33
[18000/50000] loss=0.0902 lr=3.6E-04 time/iter=0.117s eta=1:02:21
[18100/50000] loss=0.0718 lr=3.6E-04 time/iter=0.117s eta=1:02:09
[18200/50000] loss=0.0795 lr=3.5E-04 time/iter=0.117s eta=1:01:57
[18300/50000] loss=0.0846 lr=3.5E-04 time/iter=0.117s eta=1:01:46
[18400/50000] loss=0.0866 lr=3.5E-04 time/iter=0.117s eta=1:01:34
[18500/50000] loss=0.0674 lr=3.5E-04 time/iter=0.117s eta=1:01:22
[18600/50000] loss=0.0639 lr=3.5E-04 time/iter=0.117s eta=1:01:10
[18700/50000] loss=0.0755 lr=3.5E-04 time/iter=0.117s eta=1:00:59
[18800/50000] loss=0.0606 lr=3.4E-04 time/iter=0.117s eta=1:00:47
[18900/50000] loss=0.0567 lr=3.4E-04 time/iter=0.117s eta=1:00:35
[19000/50000] loss=0.0743 lr=3.4E-04 time/iter=0.117s eta=1:00:23
[19100/50000] loss=0.0610 lr=3.4E-04 time/iter=0.117s eta=1:00:11
[19200/50000] loss=0.0660 lr=3.4E-04 time/iter=0.117s eta=0:59:59
[19300/50000] loss=0.0763 lr=3.4E-04 time/iter=0.117s eta=0:59:48
[19400/50000] loss=0.0650 lr=3.4E-04 time/iter=0.117s eta=0:59:36
[19500/50000] loss=0.0611 lr=3.3E-04 time/iter=0.117s eta=0:59:24
[19600/50000] loss=0.0733 lr=3.3E-04 time/iter=0.117s eta=0:59:12
[19700/50000] loss=0.0547 lr=3.3E-04 time/iter=0.117s eta=0:59:01
[19800/50000] loss=0.0765 lr=3.3E-04 time/iter=0.117s eta=0:58:49
[19900/50000] loss=0.0630 lr=3.3E-04 time/iter=0.117s eta=0:58:37
[20000/50000] loss=0.0613 lr=3.3E-04 time/iter=0.117s eta=0:58:25
Saving checkpoint to current_runs/rnn_11048520/checkpoints_GraphLevelRNN/checkpoint-20000.pth...
Checkpoint saved.
[20100/50000] loss=0.0665 lr=3.3E-04 time/iter=0.117s eta=0:58:14
[20200/50000] loss=0.0669 lr=3.2E-04 time/iter=0.117s eta=0:58:02
[20300/50000] loss=0.0651 lr=3.2E-04 time/iter=0.117s eta=0:57:50
[20400/50000] loss=0.0759 lr=3.2E-04 time/iter=0.117s eta=0:57:38
[20500/50000] loss=0.0547 lr=3.2E-04 time/iter=0.117s eta=0:57:27
[20600/50000] loss=0.0643 lr=3.2E-04 time/iter=0.117s eta=0:57:15
[20700/50000] loss=0.0502 lr=3.2E-04 time/iter=0.117s eta=0:57:03
[20800/50000] loss=0.0505 lr=3.2E-04 time/iter=0.117s eta=0:56:51
[20900/50000] loss=0.0490 lr=3.1E-04 time/iter=0.117s eta=0:56:39
[21000/50000] loss=0.0681 lr=3.1E-04 time/iter=0.117s eta=0:56:28
[21100/50000] loss=0.0578 lr=3.1E-04 time/iter=0.117s eta=0:56:16
[21200/50000] loss=0.0693 lr=3.1E-04 time/iter=0.117s eta=0:56:04
[21300/50000] loss=0.0459 lr=3.1E-04 time/iter=0.117s eta=0:55:53
[21400/50000] loss=0.0581 lr=3.1E-04 time/iter=0.117s eta=0:55:41
[21500/50000] loss=0.0565 lr=3.0E-04 time/iter=0.117s eta=0:55:29
[21600/50000] loss=0.0597 lr=3.0E-04 time/iter=0.117s eta=0:55:17
[21700/50000] loss=0.0570 lr=3.0E-04 time/iter=0.117s eta=0:55:06
[21800/50000] loss=0.0489 lr=3.0E-04 time/iter=0.117s eta=0:54:54
[21900/50000] loss=0.0608 lr=3.0E-04 time/iter=0.117s eta=0:54:42
[22000/50000] loss=0.0564 lr=3.0E-04 time/iter=0.117s eta=0:54:30
[22100/50000] loss=0.0636 lr=3.0E-04 time/iter=0.117s eta=0:54:18
[22200/50000] loss=0.0475 lr=2.9E-04 time/iter=0.117s eta=0:54:07
[22300/50000] loss=0.0546 lr=2.9E-04 time/iter=0.117s eta=0:53:55
[22400/50000] loss=0.0507 lr=2.9E-04 time/iter=0.117s eta=0:53:43
[22500/50000] loss=0.0458 lr=2.9E-04 time/iter=0.117s eta=0:53:31
[22600/50000] loss=0.0520 lr=2.9E-04 time/iter=0.117s eta=0:53:20
[22700/50000] loss=0.0574 lr=2.9E-04 time/iter=0.117s eta=0:53:08
[22800/50000] loss=0.0578 lr=2.8E-04 time/iter=0.117s eta=0:52:56
[22900/50000] loss=0.0489 lr=2.8E-04 time/iter=0.117s eta=0:52:44
[23000/50000] loss=0.0436 lr=2.8E-04 time/iter=0.117s eta=0:52:33
[23100/50000] loss=0.0558 lr=2.8E-04 time/iter=0.117s eta=0:52:21
[23200/50000] loss=0.0529 lr=2.8E-04 time/iter=0.117s eta=0:52:09
[23300/50000] loss=0.0469 lr=2.8E-04 time/iter=0.117s eta=0:51:58
[23400/50000] loss=0.0533 lr=2.8E-04 time/iter=0.117s eta=0:51:46
[23500/50000] loss=0.0499 lr=2.7E-04 time/iter=0.117s eta=0:51:34
[23600/50000] loss=0.0531 lr=2.7E-04 time/iter=0.117s eta=0:51:22
[23700/50000] loss=0.0397 lr=2.7E-04 time/iter=0.117s eta=0:51:11
[23800/50000] loss=0.0598 lr=2.7E-04 time/iter=0.117s eta=0:50:59
[23900/50000] loss=0.0442 lr=2.7E-04 time/iter=0.117s eta=0:50:47
[24000/50000] loss=0.0695 lr=2.7E-04 time/iter=0.117s eta=0:50:36
[24100/50000] loss=0.0534 lr=2.6E-04 time/iter=0.117s eta=0:50:24
[24200/50000] loss=0.0556 lr=2.6E-04 time/iter=0.117s eta=0:50:12
[24300/50000] loss=0.0508 lr=2.6E-04 time/iter=0.117s eta=0:50:00
[24400/50000] loss=0.0514 lr=2.6E-04 time/iter=0.117s eta=0:49:49
[24500/50000] loss=0.0535 lr=2.6E-04 time/iter=0.117s eta=0:49:37
[24600/50000] loss=0.1026 lr=2.6E-04 time/iter=0.117s eta=0:49:25
[24700/50000] loss=0.0465 lr=2.5E-04 time/iter=0.117s eta=0:49:13
[24800/50000] loss=0.0425 lr=2.5E-04 time/iter=0.117s eta=0:49:02
[24900/50000] loss=0.0426 lr=2.5E-04 time/iter=0.117s eta=0:48:50
[25000/50000] loss=0.0418 lr=2.5E-04 time/iter=0.117s eta=0:48:38
Saving checkpoint to current_runs/rnn_11048520/checkpoints_GraphLevelRNN/checkpoint-25000.pth...
Checkpoint saved.
[25100/50000] loss=0.0436 lr=2.5E-04 time/iter=0.117s eta=0:48:27
[25200/50000] loss=0.1020 lr=2.5E-04 time/iter=0.117s eta=0:48:15
[25300/50000] loss=0.0421 lr=2.5E-04 time/iter=0.117s eta=0:48:03
[25400/50000] loss=0.0427 lr=2.4E-04 time/iter=0.117s eta=0:47:52
[25500/50000] loss=0.0441 lr=2.4E-04 time/iter=0.117s eta=0:47:40
[25600/50000] loss=0.0418 lr=2.4E-04 time/iter=0.117s eta=0:47:28
[25700/50000] loss=0.0375 lr=2.4E-04 time/iter=0.117s eta=0:47:16
[25800/50000] loss=0.0615 lr=2.4E-04 time/iter=0.117s eta=0:47:05
[25900/50000] loss=0.0509 lr=2.4E-04 time/iter=0.117s eta=0:46:53
[26000/50000] loss=0.0387 lr=2.3E-04 time/iter=0.117s eta=0:46:41
[26100/50000] loss=0.0379 lr=2.3E-04 time/iter=0.117s eta=0:46:30
[26200/50000] loss=0.0338 lr=2.3E-04 time/iter=0.117s eta=0:46:18
[26300/50000] loss=0.0365 lr=2.3E-04 time/iter=0.117s eta=0:46:06
[26400/50000] loss=0.0402 lr=2.3E-04 time/iter=0.117s eta=0:45:55
[26500/50000] loss=0.0455 lr=2.3E-04 time/iter=0.117s eta=0:45:43
[26600/50000] loss=0.0404 lr=2.2E-04 time/iter=0.117s eta=0:45:31
[26700/50000] loss=0.0527 lr=2.2E-04 time/iter=0.117s eta=0:45:19
[26800/50000] loss=0.0266 lr=2.2E-04 time/iter=0.117s eta=0:45:08
[26900/50000] loss=0.0579 lr=2.2E-04 time/iter=0.117s eta=0:44:56
[27000/50000] loss=0.0331 lr=2.2E-04 time/iter=0.117s eta=0:44:44
[27100/50000] loss=0.0432 lr=2.2E-04 time/iter=0.117s eta=0:44:33
[27200/50000] loss=0.0511 lr=2.2E-04 time/iter=0.117s eta=0:44:21
[27300/50000] loss=0.0390 lr=2.1E-04 time/iter=0.117s eta=0:44:09
[27400/50000] loss=0.0366 lr=2.1E-04 time/iter=0.117s eta=0:43:58
[27500/50000] loss=0.0402 lr=2.1E-04 time/iter=0.117s eta=0:43:46
[27600/50000] loss=0.0909 lr=2.1E-04 time/iter=0.117s eta=0:43:34
[27700/50000] loss=0.0410 lr=2.1E-04 time/iter=0.117s eta=0:43:23
[27800/50000] loss=0.0807 lr=2.1E-04 time/iter=0.117s eta=0:43:11
[27900/50000] loss=0.0321 lr=2.0E-04 time/iter=0.117s eta=0:42:59
[28000/50000] loss=0.0323 lr=2.0E-04 time/iter=0.117s eta=0:42:47
[28100/50000] loss=0.0397 lr=2.0E-04 time/iter=0.117s eta=0:42:36
[28200/50000] loss=0.0311 lr=2.0E-04 time/iter=0.117s eta=0:42:24
[28300/50000] loss=0.0284 lr=2.0E-04 time/iter=0.117s eta=0:42:12
[28400/50000] loss=0.0389 lr=2.0E-04 time/iter=0.117s eta=0:42:01
[28500/50000] loss=0.0335 lr=2.0E-04 time/iter=0.117s eta=0:41:49
[28600/50000] loss=0.0309 lr=1.9E-04 time/iter=0.117s eta=0:41:37
[28700/50000] loss=0.0321 lr=1.9E-04 time/iter=0.117s eta=0:41:26
[28800/50000] loss=0.0385 lr=1.9E-04 time/iter=0.117s eta=0:41:14
[28900/50000] loss=0.0252 lr=1.9E-04 time/iter=0.117s eta=0:41:02
[29000/50000] loss=0.0324 lr=1.9E-04 time/iter=0.117s eta=0:40:51
[29100/50000] loss=0.0420 lr=1.9E-04 time/iter=0.117s eta=0:40:39
[29200/50000] loss=0.0315 lr=1.8E-04 time/iter=0.117s eta=0:40:27
[29300/50000] loss=0.0352 lr=1.8E-04 time/iter=0.117s eta=0:40:15
[29400/50000] loss=0.0333 lr=1.8E-04 time/iter=0.117s eta=0:40:04
[29500/50000] loss=0.0342 lr=1.8E-04 time/iter=0.117s eta=0:39:52
[29600/50000] loss=0.0318 lr=1.8E-04 time/iter=0.117s eta=0:39:40
[29700/50000] loss=0.0415 lr=1.8E-04 time/iter=0.117s eta=0:39:29
[29800/50000] loss=0.0333 lr=1.8E-04 time/iter=0.117s eta=0:39:17
[29900/50000] loss=0.0284 lr=1.7E-04 time/iter=0.117s eta=0:39:05
[30000/50000] loss=0.0287 lr=1.7E-04 time/iter=0.117s eta=0:38:54
Saving checkpoint to current_runs/rnn_11048520/checkpoints_GraphLevelRNN/checkpoint-30000.pth...
Checkpoint saved.
[30100/50000] loss=0.0291 lr=1.7E-04 time/iter=0.117s eta=0:38:42
[30200/50000] loss=0.0261 lr=1.7E-04 time/iter=0.117s eta=0:38:30
[30300/50000] loss=0.0279 lr=1.7E-04 time/iter=0.117s eta=0:38:19
[30400/50000] loss=0.0295 lr=1.7E-04 time/iter=0.117s eta=0:38:07
[30500/50000] loss=0.0390 lr=1.7E-04 time/iter=0.117s eta=0:37:55
[30600/50000] loss=0.0290 lr=1.6E-04 time/iter=0.117s eta=0:37:43
[30700/50000] loss=0.0301 lr=1.6E-04 time/iter=0.117s eta=0:37:32
[30800/50000] loss=0.0234 lr=1.6E-04 time/iter=0.117s eta=0:37:20
[30900/50000] loss=0.0304 lr=1.6E-04 time/iter=0.117s eta=0:37:08
[31000/50000] loss=0.0271 lr=1.6E-04 time/iter=0.117s eta=0:36:57
[31100/50000] loss=0.0270 lr=1.6E-04 time/iter=0.117s eta=0:36:45
[31200/50000] loss=0.0321 lr=1.6E-04 time/iter=0.117s eta=0:36:33
[31300/50000] loss=0.0248 lr=1.5E-04 time/iter=0.117s eta=0:36:22
[31400/50000] loss=0.0269 lr=1.5E-04 time/iter=0.117s eta=0:36:10
[31500/50000] loss=0.0218 lr=1.5E-04 time/iter=0.117s eta=0:35:58
[31600/50000] loss=0.0224 lr=1.5E-04 time/iter=0.117s eta=0:35:46
[31700/50000] loss=0.0269 lr=1.5E-04 time/iter=0.117s eta=0:35:35
[31800/50000] loss=0.0263 lr=1.5E-04 time/iter=0.117s eta=0:35:23
[31900/50000] loss=0.0225 lr=1.4E-04 time/iter=0.117s eta=0:35:11
[32000/50000] loss=0.0196 lr=1.4E-04 time/iter=0.117s eta=0:35:00
[32100/50000] loss=0.0239 lr=1.4E-04 time/iter=0.117s eta=0:34:48
[32200/50000] loss=0.0276 lr=1.4E-04 time/iter=0.117s eta=0:34:36
[32300/50000] loss=0.0214 lr=1.4E-04 time/iter=0.117s eta=0:34:25
[32400/50000] loss=0.0242 lr=1.4E-04 time/iter=0.117s eta=0:34:13
[32500/50000] loss=0.0251 lr=1.4E-04 time/iter=0.117s eta=0:34:01
[32600/50000] loss=0.0183 lr=1.4E-04 time/iter=0.117s eta=0:33:49
[32700/50000] loss=0.0288 lr=1.3E-04 time/iter=0.117s eta=0:33:38
[32800/50000] loss=0.0308 lr=1.3E-04 time/iter=0.117s eta=0:33:26
[32900/50000] loss=0.0258 lr=1.3E-04 time/iter=0.117s eta=0:33:14
[33000/50000] loss=0.0207 lr=1.3E-04 time/iter=0.117s eta=0:33:03
[33100/50000] loss=0.0304 lr=1.3E-04 time/iter=0.117s eta=0:32:51
[33200/50000] loss=0.0389 lr=1.3E-04 time/iter=0.117s eta=0:32:39
[33300/50000] loss=0.0191 lr=1.3E-04 time/iter=0.117s eta=0:32:28
[33400/50000] loss=0.0322 lr=1.2E-04 time/iter=0.117s eta=0:32:16
[33500/50000] loss=0.0174 lr=1.2E-04 time/iter=0.117s eta=0:32:04
[33600/50000] loss=0.0168 lr=1.2E-04 time/iter=0.117s eta=0:31:53
[33700/50000] loss=0.0170 lr=1.2E-04 time/iter=0.117s eta=0:31:41
[33800/50000] loss=0.0209 lr=1.2E-04 time/iter=0.117s eta=0:31:29
[33900/50000] loss=0.0182 lr=1.2E-04 time/iter=0.117s eta=0:31:17
[34000/50000] loss=0.0206 lr=1.2E-04 time/iter=0.117s eta=0:31:06
[34100/50000] loss=0.0217 lr=1.1E-04 time/iter=0.117s eta=0:30:54
[34200/50000] loss=0.0754 lr=1.1E-04 time/iter=0.117s eta=0:30:42
[34300/50000] loss=0.0294 lr=1.1E-04 time/iter=0.117s eta=0:30:31
[34400/50000] loss=0.0137 lr=1.1E-04 time/iter=0.117s eta=0:30:19
[34500/50000] loss=0.0231 lr=1.1E-04 time/iter=0.117s eta=0:30:07
[34600/50000] loss=0.0173 lr=1.1E-04 time/iter=0.117s eta=0:29:56
[34700/50000] loss=0.0202 lr=1.1E-04 time/iter=0.117s eta=0:29:44
[34800/50000] loss=0.0191 lr=1.1E-04 time/iter=0.117s eta=0:29:32
[34900/50000] loss=0.0198 lr=1.0E-04 time/iter=0.117s eta=0:29:21
[35000/50000] loss=0.0162 lr=1.0E-04 time/iter=0.117s eta=0:29:09
Saving checkpoint to current_runs/rnn_11048520/checkpoints_GraphLevelRNN/checkpoint-35000.pth...
Checkpoint saved.
[35100/50000] loss=0.0204 lr=1.0E-04 time/iter=0.117s eta=0:28:57
[35200/50000] loss=0.0204 lr=1.0E-04 time/iter=0.117s eta=0:28:46
[35300/50000] loss=0.0206 lr=9.9E-05 time/iter=0.117s eta=0:28:34
[35400/50000] loss=0.0170 lr=9.8E-05 time/iter=0.117s eta=0:28:22
[35500/50000] loss=0.0188 lr=9.7E-05 time/iter=0.117s eta=0:28:11
[35600/50000] loss=0.0230 lr=9.6E-05 time/iter=0.117s eta=0:27:59
[35700/50000] loss=0.0189 lr=9.4E-05 time/iter=0.117s eta=0:27:47
[35800/50000] loss=0.0134 lr=9.3E-05 time/iter=0.117s eta=0:27:36
[35900/50000] loss=0.0217 lr=9.2E-05 time/iter=0.117s eta=0:27:24
[36000/50000] loss=0.0173 lr=9.1E-05 time/iter=0.117s eta=0:27:12
[36100/50000] loss=0.0145 lr=8.9E-05 time/iter=0.117s eta=0:27:01
[36200/50000] loss=0.0120 lr=8.8E-05 time/iter=0.117s eta=0:26:49
[36300/50000] loss=0.0197 lr=8.7E-05 time/iter=0.117s eta=0:26:37
[36400/50000] loss=0.0122 lr=8.6E-05 time/iter=0.117s eta=0:26:26
[36500/50000] loss=0.0181 lr=8.5E-05 time/iter=0.117s eta=0:26:14
[36600/50000] loss=0.0280 lr=8.3E-05 time/iter=0.117s eta=0:26:02
[36700/50000] loss=0.0138 lr=8.2E-05 time/iter=0.117s eta=0:25:51
[36800/50000] loss=0.0128 lr=8.1E-05 time/iter=0.117s eta=0:25:39
[36900/50000] loss=0.0108 lr=8.0E-05 time/iter=0.117s eta=0:25:27
[37000/50000] loss=0.0124 lr=7.9E-05 time/iter=0.117s eta=0:25:16
[37100/50000] loss=0.0164 lr=7.8E-05 time/iter=0.117s eta=0:25:04
[37200/50000] loss=0.0166 lr=7.7E-05 time/iter=0.117s eta=0:24:52
[37300/50000] loss=0.0273 lr=7.5E-05 time/iter=0.117s eta=0:24:41
[37400/50000] loss=0.0127 lr=7.4E-05 time/iter=0.117s eta=0:24:29
[37500/50000] loss=0.0123 lr=7.3E-05 time/iter=0.117s eta=0:24:17
[37600/50000] loss=0.0147 lr=7.2E-05 time/iter=0.117s eta=0:24:06
[37700/50000] loss=0.0123 lr=7.1E-05 time/iter=0.117s eta=0:23:54
[37800/50000] loss=0.0124 lr=7.0E-05 time/iter=0.117s eta=0:23:42
[37900/50000] loss=0.0128 lr=6.9E-05 time/iter=0.117s eta=0:23:31
[38000/50000] loss=0.0111 lr=6.8E-05 time/iter=0.117s eta=0:23:19
[38100/50000] loss=0.0134 lr=6.7E-05 time/iter=0.117s eta=0:23:07
[38200/50000] loss=0.0232 lr=6.6E-05 time/iter=0.117s eta=0:22:55
[38300/50000] loss=0.0106 lr=6.5E-05 time/iter=0.117s eta=0:22:44
[38400/50000] loss=0.0108 lr=6.4E-05 time/iter=0.117s eta=0:22:32
[38500/50000] loss=0.0136 lr=6.2E-05 time/iter=0.117s eta=0:22:20
[38600/50000] loss=0.0185 lr=6.1E-05 time/iter=0.117s eta=0:22:09
[38700/50000] loss=0.0084 lr=6.0E-05 time/iter=0.117s eta=0:21:57
[38800/50000] loss=0.0116 lr=5.9E-05 time/iter=0.117s eta=0:21:45
[38900/50000] loss=0.0088 lr=5.8E-05 time/iter=0.117s eta=0:21:34
[39000/50000] loss=0.0129 lr=5.7E-05 time/iter=0.117s eta=0:21:22
[39100/50000] loss=0.0096 lr=5.6E-05 time/iter=0.117s eta=0:21:10
[39200/50000] loss=0.0096 lr=5.5E-05 time/iter=0.117s eta=0:20:59
[39300/50000] loss=0.0087 lr=5.4E-05 time/iter=0.117s eta=0:20:47
[39400/50000] loss=0.0092 lr=5.3E-05 time/iter=0.117s eta=0:20:35
[39500/50000] loss=0.0079 lr=5.2E-05 time/iter=0.117s eta=0:20:24
[39600/50000] loss=0.0079 lr=5.2E-05 time/iter=0.117s eta=0:20:12
[39700/50000] loss=0.0111 lr=5.1E-05 time/iter=0.117s eta=0:20:00
[39800/50000] loss=0.0084 lr=5.0E-05 time/iter=0.117s eta=0:19:49
[39900/50000] loss=0.0099 lr=4.9E-05 time/iter=0.117s eta=0:19:37
[40000/50000] loss=0.0079 lr=4.8E-05 time/iter=0.117s eta=0:19:25
Saving checkpoint to current_runs/rnn_11048520/checkpoints_GraphLevelRNN/checkpoint-40000.pth...
Checkpoint saved.
[40100/50000] loss=0.0093 lr=4.7E-05 time/iter=0.117s eta=0:19:14
[40200/50000] loss=0.0125 lr=4.6E-05 time/iter=0.117s eta=0:19:02
[40300/50000] loss=0.0089 lr=4.5E-05 time/iter=0.117s eta=0:18:50
[40400/50000] loss=0.0073 lr=4.4E-05 time/iter=0.117s eta=0:18:39
[40500/50000] loss=0.0071 lr=4.3E-05 time/iter=0.117s eta=0:18:27
[40600/50000] loss=0.0072 lr=4.2E-05 time/iter=0.117s eta=0:18:15
[40700/50000] loss=0.0078 lr=4.1E-05 time/iter=0.117s eta=0:18:04
[40800/50000] loss=0.0071 lr=4.1E-05 time/iter=0.117s eta=0:17:52
[40900/50000] loss=0.0063 lr=4.0E-05 time/iter=0.117s eta=0:17:40
[41000/50000] loss=0.0056 lr=3.9E-05 time/iter=0.117s eta=0:17:29
[41100/50000] loss=0.0076 lr=3.8E-05 time/iter=0.117s eta=0:17:17
[41200/50000] loss=0.0083 lr=3.7E-05 time/iter=0.117s eta=0:17:05
[41300/50000] loss=0.0061 lr=3.6E-05 time/iter=0.117s eta=0:16:54
[41400/50000] loss=0.0060 lr=3.6E-05 time/iter=0.117s eta=0:16:42
[41500/50000] loss=0.0062 lr=3.5E-05 time/iter=0.117s eta=0:16:30
[41600/50000] loss=0.0104 lr=3.4E-05 time/iter=0.117s eta=0:16:19
[41700/50000] loss=0.0058 lr=3.3E-05 time/iter=0.117s eta=0:16:07
[41800/50000] loss=0.0061 lr=3.2E-05 time/iter=0.117s eta=0:15:55
[41900/50000] loss=0.0058 lr=3.2E-05 time/iter=0.117s eta=0:15:44
[42000/50000] loss=0.0073 lr=3.1E-05 time/iter=0.117s eta=0:15:32
[42100/50000] loss=0.0071 lr=3.0E-05 time/iter=0.117s eta=0:15:20
[42200/50000] loss=0.0040 lr=2.9E-05 time/iter=0.117s eta=0:15:09
[42300/50000] loss=0.0077 lr=2.9E-05 time/iter=0.117s eta=0:14:57
[42400/50000] loss=0.0050 lr=2.8E-05 time/iter=0.117s eta=0:14:45
[42500/50000] loss=0.0050 lr=2.7E-05 time/iter=0.117s eta=0:14:34
[42600/50000] loss=0.0044 lr=2.7E-05 time/iter=0.117s eta=0:14:22
[42700/50000] loss=0.0055 lr=2.6E-05 time/iter=0.117s eta=0:14:10
[42800/50000] loss=0.0048 lr=2.5E-05 time/iter=0.117s eta=0:13:59
[42900/50000] loss=0.0056 lr=2.4E-05 time/iter=0.117s eta=0:13:47
[43000/50000] loss=0.0045 lr=2.4E-05 time/iter=0.117s eta=0:13:35
[43100/50000] loss=0.0041 lr=2.3E-05 time/iter=0.117s eta=0:13:24
[43200/50000] loss=0.0044 lr=2.2E-05 time/iter=0.117s eta=0:13:12
[43300/50000] loss=0.0050 lr=2.2E-05 time/iter=0.117s eta=0:13:00
[43400/50000] loss=0.0042 lr=2.1E-05 time/iter=0.117s eta=0:12:49
[43500/50000] loss=0.0044 lr=2.1E-05 time/iter=0.117s eta=0:12:37
[43600/50000] loss=0.0040 lr=2.0E-05 time/iter=0.117s eta=0:12:25
[43700/50000] loss=0.0046 lr=1.9E-05 time/iter=0.117s eta=0:12:14
[43800/50000] loss=0.0040 lr=1.9E-05 time/iter=0.117s eta=0:12:02
[43900/50000] loss=0.0041 lr=1.8E-05 time/iter=0.117s eta=0:11:50
[44000/50000] loss=0.0036 lr=1.8E-05 time/iter=0.117s eta=0:11:39
[44100/50000] loss=0.0042 lr=1.7E-05 time/iter=0.117s eta=0:11:27
[44200/50000] loss=0.0050 lr=1.6E-05 time/iter=0.117s eta=0:11:15
[44300/50000] loss=0.0044 lr=1.6E-05 time/iter=0.117s eta=0:11:04
[44400/50000] loss=0.0032 lr=1.5E-05 time/iter=0.117s eta=0:10:52
[44500/50000] loss=0.0032 lr=1.5E-05 time/iter=0.117s eta=0:10:41
[44600/50000] loss=0.0032 lr=1.4E-05 time/iter=0.117s eta=0:10:29
[44700/50000] loss=0.0051 lr=1.4E-05 time/iter=0.117s eta=0:10:17
[44800/50000] loss=0.0032 lr=1.3E-05 time/iter=0.117s eta=0:10:06
[44900/50000] loss=0.0034 lr=1.3E-05 time/iter=0.117s eta=0:09:54
[45000/50000] loss=0.0036 lr=1.2E-05 time/iter=0.117s eta=0:09:42
Saving checkpoint to current_runs/rnn_11048520/checkpoints_GraphLevelRNN/checkpoint-45000.pth...
Checkpoint saved.
[45100/50000] loss=0.0035 lr=1.2E-05 time/iter=0.117s eta=0:09:31
[45200/50000] loss=0.0042 lr=1.1E-05 time/iter=0.117s eta=0:09:19
[45300/50000] loss=0.0029 lr=1.1E-05 time/iter=0.117s eta=0:09:07
[45400/50000] loss=0.0030 lr=1.0E-05 time/iter=0.117s eta=0:08:56
[45500/50000] loss=0.0030 lr=9.9E-06 time/iter=0.117s eta=0:08:44
[45600/50000] loss=0.0031 lr=9.5E-06 time/iter=0.117s eta=0:08:32
[45700/50000] loss=0.0030 lr=9.1E-06 time/iter=0.117s eta=0:08:21
[45800/50000] loss=0.0029 lr=8.7E-06 time/iter=0.117s eta=0:08:09
[45900/50000] loss=0.0024 lr=8.2E-06 time/iter=0.117s eta=0:07:57
[46000/50000] loss=0.0027 lr=7.9E-06 time/iter=0.117s eta=0:07:46
[46100/50000] loss=0.0027 lr=7.5E-06 time/iter=0.117s eta=0:07:34
[46200/50000] loss=0.0030 lr=7.1E-06 time/iter=0.117s eta=0:07:22
[46300/50000] loss=0.0028 lr=6.7E-06 time/iter=0.117s eta=0:07:11
[46400/50000] loss=0.0026 lr=6.4E-06 time/iter=0.117s eta=0:06:59
[46500/50000] loss=0.0026 lr=6.0E-06 time/iter=0.117s eta=0:06:47
[46600/50000] loss=0.0025 lr=5.7E-06 time/iter=0.117s eta=0:06:36
[46700/50000] loss=0.0026 lr=5.4E-06 time/iter=0.117s eta=0:06:24
[46800/50000] loss=0.0025 lr=5.0E-06 time/iter=0.117s eta=0:06:12
[46900/50000] loss=0.0027 lr=4.7E-06 time/iter=0.117s eta=0:06:01
[47000/50000] loss=0.0025 lr=4.4E-06 time/iter=0.117s eta=0:05:49
[47100/50000] loss=0.0025 lr=4.1E-06 time/iter=0.117s eta=0:05:37
[47200/50000] loss=0.0024 lr=3.9E-06 time/iter=0.117s eta=0:05:26
[47300/50000] loss=0.0023 lr=3.6E-06 time/iter=0.117s eta=0:05:14
[47400/50000] loss=0.0025 lr=3.3E-06 time/iter=0.117s eta=0:05:02
[47500/50000] loss=0.0024 lr=3.1E-06 time/iter=0.117s eta=0:04:51
[47600/50000] loss=0.0023 lr=2.8E-06 time/iter=0.117s eta=0:04:39
[47700/50000] loss=0.0024 lr=2.6E-06 time/iter=0.117s eta=0:04:27
[47800/50000] loss=0.0024 lr=2.4E-06 time/iter=0.117s eta=0:04:16
[47900/50000] loss=0.0022 lr=2.2E-06 time/iter=0.117s eta=0:04:04
[48000/50000] loss=0.0022 lr=2.0E-06 time/iter=0.117s eta=0:03:53
[48100/50000] loss=0.0023 lr=1.8E-06 time/iter=0.117s eta=0:03:41
[48200/50000] loss=0.0023 lr=1.6E-06 time/iter=0.117s eta=0:03:29
[48300/50000] loss=0.0022 lr=1.4E-06 time/iter=0.117s eta=0:03:18
[48400/50000] loss=0.0022 lr=1.3E-06 time/iter=0.117s eta=0:03:06
[48500/50000] loss=0.0023 lr=1.1E-06 time/iter=0.117s eta=0:02:54
[48600/50000] loss=0.0024 lr=9.7E-07 time/iter=0.117s eta=0:02:43
[48700/50000] loss=0.0022 lr=8.3E-07 time/iter=0.117s eta=0:02:31
[48800/50000] loss=0.0021 lr=7.1E-07 time/iter=0.117s eta=0:02:19
[48900/50000] loss=0.0027 lr=6.0E-07 time/iter=0.117s eta=0:02:08
[49000/50000] loss=0.0021 lr=4.9E-07 time/iter=0.117s eta=0:01:56
[49100/50000] loss=0.0021 lr=4.0E-07 time/iter=0.117s eta=0:01:44
[49200/50000] loss=0.0022 lr=3.2E-07 time/iter=0.117s eta=0:01:33
[49300/50000] loss=0.0023 lr=2.4E-07 time/iter=0.117s eta=0:01:21
[49400/50000] loss=0.0022 lr=1.8E-07 time/iter=0.117s eta=0:01:09
[49500/50000] loss=0.0022 lr=1.2E-07 time/iter=0.117s eta=0:00:58
[49600/50000] loss=0.0021 lr=7.9E-08 time/iter=0.117s eta=0:00:46
[49700/50000] loss=0.0022 lr=4.4E-08 time/iter=0.117s eta=0:00:34
[49800/50000] loss=0.0022 lr=2.0E-08 time/iter=0.117s eta=0:00:23
[49900/50000] loss=0.0018 lr=4.9E-09 time/iter=0.116s eta=0:00:11
[50000/50000] loss=0.0022 lr=0.0E+00 time/iter=0.116s eta=0:00:00
Saving checkpoint to current_runs/rnn_11048520/checkpoints_GraphLevelRNN/checkpoint-50000.pth...
Checkpoint saved.
Training loop finished.
Main function finished.
Job finished at Mon Apr  7 18:16:17 CEST 2025
Results saved to current_runs/rnn_11048520

JOB STATISTICS
==============
Job ID: 11048520
Cluster: snellius
User/Group: igardner1/igardner1
State: RUNNING
Nodes: 1
Cores per node: 18
CPU Utilized: 00:00:00
CPU Efficiency: 0.00% of 1-05:20:06 core-walltime
Job Wall-clock time: 01:37:47
Memory Utilized: 0.00 MB
Memory Efficiency: 0.00% of 120.00 GB (120.00 GB/node)
WARNING: Efficiency statistics can only be obtained after the job has ended as seff tool is based on the accounting database data.
