============================================================================================== 
Warning! Mixing Conda and module environments may lead to corruption of the
user environment. 
We do not recommend users mixing those two environments unless absolutely
necessary. Note that 
SURF does not provide any support for Conda environment.
For more information, please refer to our software policy page:
https://servicedesk.surf.nl/wiki/display/WIKI/Software+policy+Snellius#SoftwarepolicySnellius-UseofAnacondaandMinicondaenvironmentsonSnellius 

Remember that many packages have already been installed on the system and can
be loaded using 
the 'module load <package__name>' command. If you are uncertain if a package is
already available 
on the system, please use 'module avail' or 'module spider' to search for it.
============================================================================================== 
Using config file: configs/config_aig_lstm.yaml
Output directory: current_runs/small_lstm_11053533
Loaded config:
data:
  dataset_type: aig-directed-multiclass
  graph_file: dataset/inputs8_outputs8max_nodes128max.pkl
  use_bfs: false
  max_graphs: null
model:
  mode: directed-multiclass
  use_lstm: true
  use_attention: false
  edge_model: rnn
  GraphLSTM:
    embedding_size: 128
    hidden_size: 256
    num_layers: 4
    edge_feature_len: 3
    output_size: 128
  EdgeLSTM:
    embedding_size: 64
    hidden_size: 128
    num_layers: 4
    edge_feature_len: 3
train:
  batch_size: 32
  lr: 0.001
  steps: 50000
  print_iter: 100
  checkpoint_iter: 5000
  checkpoint_dir: small_lstm_checkpoints
  log_dir: small_lstm_logs
  lr_schedule_milestones:
  - 10000
  - 20000
  - 30000
  - 40000
  lr_schedule_gamma: 0.3

Loading AIG graphs from dataset/inputs8_outputs8max_nodes128max.pkl...
Preprocessing graphs...
Graph preprocessing complete. 2704 graphs processed, 0 skipped.
Maximum node count in processed dataset: 64
INFO: Topological Sort mode. Effective input size (m_internal): 63
Calculating node levels...
Maximum node level across dataset: 13
Calculating edge type counts for class weighting...
Calculating weights based on 2433 training graphs...
Total edge slots considered for weights: 6737031
Raw edge counts: {0: 6590773, 1: 88996, 2: 57262}
Calculated edge weights (Inverse Frequency): [0.015776561573147774, 1.16836416721344, 1.815859317779541]
Dataset ready: 2433 graphs (training split). Ordering: Topological Sort
Dataset initialized. Max node count: 64, Max level: 13
INFO: Using Topological Sort mode. Effective input/output size (max_nodes-1): 63
INFO: GraphLevelLSTM using level embedding up to level 13
INFO: Using GraphLevelLSTM for node level.
Selected EdgeLevelLSTM model.
Setting up CrossEntropyLoss for 3 edge classes.
Applying edge class weights: [0.015776561573147774, 1.16836416721344, 1.815859317779541]
TensorBoard logs will be saved to: current_runs/small_lstm_11053533/small_lstm_logs
[100/50000] loss=0.9182 lr=1.0E-03 time/iter=0.101s eta=1:23:35
[200/50000] loss=0.9038 lr=1.0E-03 time/iter=0.098s eta=1:21:19
[300/50000] loss=0.8886 lr=1.0E-03 time/iter=0.097s eta=1:20:29
[400/50000] loss=0.8678 lr=1.0E-03 time/iter=0.097s eta=1:19:54
[500/50000] loss=0.8384 lr=1.0E-03 time/iter=0.096s eta=1:19:33
[600/50000] loss=0.8300 lr=1.0E-03 time/iter=0.096s eta=1:19:17
[700/50000] loss=0.7729 lr=1.0E-03 time/iter=0.096s eta=1:19:01
[800/50000] loss=0.7673 lr=1.0E-03 time/iter=0.096s eta=1:18:49
[900/50000] loss=0.7655 lr=1.0E-03 time/iter=0.096s eta=1:18:37
[1000/50000] loss=0.6621 lr=1.0E-03 time/iter=0.096s eta=1:18:27
[1100/50000] loss=0.4622 lr=1.0E-03 time/iter=0.096s eta=1:18:14
[1200/50000] loss=0.4333 lr=1.0E-03 time/iter=0.096s eta=1:18:04
[1300/50000] loss=0.4588 lr=1.0E-03 time/iter=0.096s eta=1:17:54
[1400/50000] loss=0.3919 lr=1.0E-03 time/iter=0.096s eta=1:17:42
[1500/50000] loss=0.3485 lr=1.0E-03 time/iter=0.096s eta=1:17:32
[1600/50000] loss=0.3133 lr=1.0E-03 time/iter=0.096s eta=1:17:22
[1700/50000] loss=0.3918 lr=1.0E-03 time/iter=0.096s eta=1:17:11
[1800/50000] loss=0.2916 lr=1.0E-03 time/iter=0.096s eta=1:17:01
[1900/50000] loss=0.2942 lr=1.0E-03 time/iter=0.096s eta=1:16:52
[2000/50000] loss=0.2933 lr=1.0E-03 time/iter=0.096s eta=1:16:43
[2100/50000] loss=0.2919 lr=1.0E-03 time/iter=0.096s eta=1:16:32
[2200/50000] loss=0.2883 lr=1.0E-03 time/iter=0.096s eta=1:16:23
[2300/50000] loss=0.2790 lr=9.9E-04 time/iter=0.096s eta=1:16:14
[2400/50000] loss=0.2692 lr=9.9E-04 time/iter=0.096s eta=1:16:03
[2500/50000] loss=0.2690 lr=9.9E-04 time/iter=0.096s eta=1:15:53
[2600/50000] loss=0.2807 lr=9.9E-04 time/iter=0.096s eta=1:15:44
[2700/50000] loss=0.2578 lr=9.9E-04 time/iter=0.096s eta=1:15:33
[2800/50000] loss=0.2720 lr=9.9E-04 time/iter=0.096s eta=1:15:23
[2900/50000] loss=0.2897 lr=9.9E-04 time/iter=0.096s eta=1:15:14
[3000/50000] loss=0.2626 lr=9.9E-04 time/iter=0.096s eta=1:15:04
[3100/50000] loss=0.2791 lr=9.9E-04 time/iter=0.096s eta=1:14:54
[3200/50000] loss=0.2965 lr=9.9E-04 time/iter=0.096s eta=1:14:43
[3300/50000] loss=0.2638 lr=9.9E-04 time/iter=0.096s eta=1:14:34
[3400/50000] loss=0.2475 lr=9.9E-04 time/iter=0.096s eta=1:14:23
[3500/50000] loss=0.2754 lr=9.9E-04 time/iter=0.096s eta=1:14:13
[3600/50000] loss=0.3205 lr=9.9E-04 time/iter=0.096s eta=1:14:03
[3700/50000] loss=0.3557 lr=9.9E-04 time/iter=0.096s eta=1:13:53
[3800/50000] loss=0.2475 lr=9.9E-04 time/iter=0.096s eta=1:13:43
[3900/50000] loss=0.3144 lr=9.9E-04 time/iter=0.096s eta=1:13:34
[4000/50000] loss=0.2137 lr=9.8E-04 time/iter=0.096s eta=1:13:24
[4100/50000] loss=0.1388 lr=9.8E-04 time/iter=0.096s eta=1:13:14
[4200/50000] loss=0.1313 lr=9.8E-04 time/iter=0.096s eta=1:13:04
[4300/50000] loss=0.1289 lr=9.8E-04 time/iter=0.096s eta=1:12:55
[4400/50000] loss=0.1331 lr=9.8E-04 time/iter=0.096s eta=1:12:44
[4500/50000] loss=0.1969 lr=9.8E-04 time/iter=0.096s eta=1:12:35
[4600/50000] loss=0.1394 lr=9.8E-04 time/iter=0.096s eta=1:12:25
[4700/50000] loss=0.2090 lr=9.8E-04 time/iter=0.096s eta=1:12:15
[4800/50000] loss=0.1263 lr=9.8E-04 time/iter=0.096s eta=1:12:06
[4900/50000] loss=0.1359 lr=9.8E-04 time/iter=0.096s eta=1:11:56
[5000/50000] loss=0.1317 lr=9.8E-04 time/iter=0.096s eta=1:11:46
Saving checkpoint to current_runs/small_lstm_11053533/small_lstm_checkpoints/checkpoint-5000.pth...
Checkpoint saved.
[5100/50000] loss=0.1401 lr=9.7E-04 time/iter=0.096s eta=1:11:36
[5200/50000] loss=0.1390 lr=9.7E-04 time/iter=0.096s eta=1:11:27
[5300/50000] loss=0.1221 lr=9.7E-04 time/iter=0.096s eta=1:11:17
[5400/50000] loss=0.1247 lr=9.7E-04 time/iter=0.096s eta=1:11:07
[5500/50000] loss=0.1522 lr=9.7E-04 time/iter=0.096s eta=1:10:57
[5600/50000] loss=0.1391 lr=9.7E-04 time/iter=0.096s eta=1:10:47
[5700/50000] loss=0.1236 lr=9.7E-04 time/iter=0.096s eta=1:10:37
[5800/50000] loss=0.1174 lr=9.7E-04 time/iter=0.096s eta=1:10:27
[5900/50000] loss=0.1274 lr=9.7E-04 time/iter=0.096s eta=1:10:17
[6000/50000] loss=0.1198 lr=9.6E-04 time/iter=0.096s eta=1:10:08
[6100/50000] loss=0.1136 lr=9.6E-04 time/iter=0.096s eta=1:09:57
[6200/50000] loss=0.1414 lr=9.6E-04 time/iter=0.096s eta=1:09:48
[6300/50000] loss=0.1445 lr=9.6E-04 time/iter=0.096s eta=1:09:38
[6400/50000] loss=0.1312 lr=9.6E-04 time/iter=0.096s eta=1:09:28
[6500/50000] loss=0.1221 lr=9.6E-04 time/iter=0.096s eta=1:09:18
[6600/50000] loss=0.1420 lr=9.6E-04 time/iter=0.096s eta=1:09:08
[6700/50000] loss=0.1467 lr=9.6E-04 time/iter=0.096s eta=1:08:58
[6800/50000] loss=0.1280 lr=9.6E-04 time/iter=0.096s eta=1:08:49
[6900/50000] loss=0.1186 lr=9.5E-04 time/iter=0.096s eta=1:08:39
[7000/50000] loss=0.1555 lr=9.5E-04 time/iter=0.096s eta=1:08:29
[7100/50000] loss=0.1282 lr=9.5E-04 time/iter=0.096s eta=1:08:19
[7200/50000] loss=0.1076 lr=9.5E-04 time/iter=0.096s eta=1:08:10
[7300/50000] loss=0.1053 lr=9.5E-04 time/iter=0.096s eta=1:08:00
[7400/50000] loss=0.1056 lr=9.5E-04 time/iter=0.096s eta=1:07:50
[7500/50000] loss=0.1123 lr=9.5E-04 time/iter=0.096s eta=1:07:40
[7600/50000] loss=0.1152 lr=9.4E-04 time/iter=0.096s eta=1:07:31
[7700/50000] loss=0.1274 lr=9.4E-04 time/iter=0.096s eta=1:07:21
[7800/50000] loss=0.1472 lr=9.4E-04 time/iter=0.096s eta=1:07:11
[7900/50000] loss=0.1194 lr=9.4E-04 time/iter=0.096s eta=1:07:01
[8000/50000] loss=0.1589 lr=9.4E-04 time/iter=0.096s eta=1:06:52
[8100/50000] loss=0.1184 lr=9.4E-04 time/iter=0.096s eta=1:06:42
[8200/50000] loss=0.1168 lr=9.4E-04 time/iter=0.096s eta=1:06:32
[8300/50000] loss=0.1153 lr=9.3E-04 time/iter=0.096s eta=1:06:23
[8400/50000] loss=0.1677 lr=9.3E-04 time/iter=0.096s eta=1:06:13
[8500/50000] loss=0.1146 lr=9.3E-04 time/iter=0.096s eta=1:06:03
[8600/50000] loss=0.1357 lr=9.3E-04 time/iter=0.096s eta=1:05:54
[8700/50000] loss=0.1097 lr=9.3E-04 time/iter=0.096s eta=1:05:44
[8800/50000] loss=0.1127 lr=9.3E-04 time/iter=0.096s eta=1:05:34
[8900/50000] loss=0.1208 lr=9.2E-04 time/iter=0.096s eta=1:05:25
[9000/50000] loss=0.0980 lr=9.2E-04 time/iter=0.096s eta=1:05:15
[9100/50000] loss=0.1034 lr=9.2E-04 time/iter=0.096s eta=1:05:05
[9200/50000] loss=0.1103 lr=9.2E-04 time/iter=0.096s eta=1:04:56
[9300/50000] loss=0.1133 lr=9.2E-04 time/iter=0.096s eta=1:04:46
[9400/50000] loss=0.1111 lr=9.2E-04 time/iter=0.095s eta=1:04:37
[9500/50000] loss=0.1207 lr=9.1E-04 time/iter=0.095s eta=1:04:27
[9600/50000] loss=0.0916 lr=9.1E-04 time/iter=0.095s eta=1:04:18
[9700/50000] loss=0.1079 lr=9.1E-04 time/iter=0.095s eta=1:04:08
[9800/50000] loss=0.0998 lr=9.1E-04 time/iter=0.095s eta=1:03:58
[9900/50000] loss=0.1463 lr=9.1E-04 time/iter=0.095s eta=1:03:49
[10000/50000] loss=0.1138 lr=9.0E-04 time/iter=0.095s eta=1:03:39
Saving checkpoint to current_runs/small_lstm_11053533/small_lstm_checkpoints/checkpoint-10000.pth...
Checkpoint saved.
[10100/50000] loss=0.0932 lr=9.0E-04 time/iter=0.095s eta=1:03:29
[10200/50000] loss=0.1357 lr=9.0E-04 time/iter=0.095s eta=1:03:20
[10300/50000] loss=0.1039 lr=9.0E-04 time/iter=0.095s eta=1:03:10
[10400/50000] loss=0.1023 lr=9.0E-04 time/iter=0.095s eta=1:03:00
[10500/50000] loss=0.1397 lr=9.0E-04 time/iter=0.095s eta=1:02:51
[10600/50000] loss=0.1324 lr=8.9E-04 time/iter=0.095s eta=1:02:41
[10700/50000] loss=0.1148 lr=8.9E-04 time/iter=0.095s eta=1:02:31
[10800/50000] loss=0.1270 lr=8.9E-04 time/iter=0.095s eta=1:02:22
[10900/50000] loss=0.1503 lr=8.9E-04 time/iter=0.095s eta=1:02:12
[11000/50000] loss=0.1079 lr=8.9E-04 time/iter=0.095s eta=1:02:02
[11100/50000] loss=0.0980 lr=8.8E-04 time/iter=0.095s eta=1:01:52
[11200/50000] loss=0.1030 lr=8.8E-04 time/iter=0.095s eta=1:01:43
[11300/50000] loss=0.1302 lr=8.8E-04 time/iter=0.095s eta=1:01:33
[11400/50000] loss=0.1877 lr=8.8E-04 time/iter=0.095s eta=1:01:23
[11500/50000] loss=0.1338 lr=8.8E-04 time/iter=0.095s eta=1:01:13
[11600/50000] loss=0.1354 lr=8.7E-04 time/iter=0.095s eta=1:01:04
[11700/50000] loss=0.1109 lr=8.7E-04 time/iter=0.095s eta=1:00:54
[11800/50000] loss=0.0886 lr=8.7E-04 time/iter=0.095s eta=1:00:44
[11900/50000] loss=0.1211 lr=8.7E-04 time/iter=0.095s eta=1:00:35
[12000/50000] loss=0.1010 lr=8.6E-04 time/iter=0.095s eta=1:00:25
[12100/50000] loss=0.1017 lr=8.6E-04 time/iter=0.095s eta=1:00:16
[12200/50000] loss=0.0936 lr=8.6E-04 time/iter=0.095s eta=1:00:06
[12300/50000] loss=0.1016 lr=8.6E-04 time/iter=0.095s eta=0:59:56
[12400/50000] loss=0.1010 lr=8.6E-04 time/iter=0.095s eta=0:59:46
[12500/50000] loss=0.1301 lr=8.5E-04 time/iter=0.095s eta=0:59:37
[12600/50000] loss=0.0930 lr=8.5E-04 time/iter=0.095s eta=0:59:27
[12700/50000] loss=0.0906 lr=8.5E-04 time/iter=0.095s eta=0:59:18
[12800/50000] loss=0.0826 lr=8.5E-04 time/iter=0.095s eta=0:59:08
[12900/50000] loss=0.1355 lr=8.4E-04 time/iter=0.095s eta=0:58:58
[13000/50000] loss=0.0945 lr=8.4E-04 time/iter=0.095s eta=0:58:49
[13100/50000] loss=0.0896 lr=8.4E-04 time/iter=0.095s eta=0:58:39
[13200/50000] loss=0.1324 lr=8.4E-04 time/iter=0.095s eta=0:58:29
[13300/50000] loss=0.0981 lr=8.4E-04 time/iter=0.095s eta=0:58:20
[13400/50000] loss=0.1536 lr=8.3E-04 time/iter=0.095s eta=0:58:10
[13500/50000] loss=0.1317 lr=8.3E-04 time/iter=0.095s eta=0:58:00
[13600/50000] loss=0.0953 lr=8.3E-04 time/iter=0.095s eta=0:57:51
[13700/50000] loss=0.0973 lr=8.3E-04 time/iter=0.095s eta=0:57:41
[13800/50000] loss=0.0966 lr=8.2E-04 time/iter=0.095s eta=0:57:32
[13900/50000] loss=0.1160 lr=8.2E-04 time/iter=0.095s eta=0:57:22
[14000/50000] loss=0.0869 lr=8.2E-04 time/iter=0.095s eta=0:57:12
[14100/50000] loss=0.1059 lr=8.2E-04 time/iter=0.095s eta=0:57:03
[14200/50000] loss=0.0758 lr=8.1E-04 time/iter=0.095s eta=0:56:53
[14300/50000] loss=0.0989 lr=8.1E-04 time/iter=0.095s eta=0:56:43
[14400/50000] loss=0.1489 lr=8.1E-04 time/iter=0.095s eta=0:56:34
[14500/50000] loss=0.1050 lr=8.1E-04 time/iter=0.095s eta=0:56:24
[14600/50000] loss=0.0883 lr=8.0E-04 time/iter=0.095s eta=0:56:15
[14700/50000] loss=0.0863 lr=8.0E-04 time/iter=0.095s eta=0:56:05
[14800/50000] loss=0.0953 lr=8.0E-04 time/iter=0.095s eta=0:55:55
[14900/50000] loss=0.1014 lr=8.0E-04 time/iter=0.095s eta=0:55:46
[15000/50000] loss=0.1121 lr=7.9E-04 time/iter=0.095s eta=0:55:36
Saving checkpoint to current_runs/small_lstm_11053533/small_lstm_checkpoints/checkpoint-15000.pth...
Checkpoint saved.
[15100/50000] loss=0.1187 lr=7.9E-04 time/iter=0.095s eta=0:55:27
[15200/50000] loss=0.0915 lr=7.9E-04 time/iter=0.095s eta=0:55:17
[15300/50000] loss=0.0977 lr=7.9E-04 time/iter=0.095s eta=0:55:08
[15400/50000] loss=0.0851 lr=7.8E-04 time/iter=0.095s eta=0:54:58
[15500/50000] loss=0.1444 lr=7.8E-04 time/iter=0.095s eta=0:54:49
[15600/50000] loss=0.0833 lr=7.8E-04 time/iter=0.095s eta=0:54:39
[15700/50000] loss=0.1039 lr=7.8E-04 time/iter=0.095s eta=0:54:30
[15800/50000] loss=0.1015 lr=7.7E-04 time/iter=0.095s eta=0:54:20
[15900/50000] loss=0.0766 lr=7.7E-04 time/iter=0.095s eta=0:54:11
[16000/50000] loss=0.0750 lr=7.7E-04 time/iter=0.095s eta=0:54:01
[16100/50000] loss=0.0877 lr=7.7E-04 time/iter=0.095s eta=0:53:51
[16200/50000] loss=0.1492 lr=7.6E-04 time/iter=0.095s eta=0:53:42
[16300/50000] loss=0.1008 lr=7.6E-04 time/iter=0.095s eta=0:53:33
[16400/50000] loss=0.0874 lr=7.6E-04 time/iter=0.095s eta=0:53:23
[16500/50000] loss=0.0708 lr=7.5E-04 time/iter=0.095s eta=0:53:13
[16600/50000] loss=0.0920 lr=7.5E-04 time/iter=0.095s eta=0:53:04
[16700/50000] loss=0.1010 lr=7.5E-04 time/iter=0.095s eta=0:52:54
[16800/50000] loss=0.0734 lr=7.5E-04 time/iter=0.095s eta=0:52:45
[16900/50000] loss=0.0786 lr=7.4E-04 time/iter=0.095s eta=0:52:35
[17000/50000] loss=0.0855 lr=7.4E-04 time/iter=0.095s eta=0:52:26
[17100/50000] loss=0.0832 lr=7.4E-04 time/iter=0.095s eta=0:52:16
[17200/50000] loss=0.1216 lr=7.4E-04 time/iter=0.095s eta=0:52:07
[17300/50000] loss=0.0872 lr=7.3E-04 time/iter=0.095s eta=0:51:57
[17400/50000] loss=0.0895 lr=7.3E-04 time/iter=0.095s eta=0:51:48
[17500/50000] loss=0.1195 lr=7.3E-04 time/iter=0.095s eta=0:51:38
[17600/50000] loss=0.0963 lr=7.2E-04 time/iter=0.095s eta=0:51:28
[17700/50000] loss=0.0973 lr=7.2E-04 time/iter=0.095s eta=0:51:19
[17800/50000] loss=0.1049 lr=7.2E-04 time/iter=0.095s eta=0:51:09
[17900/50000] loss=0.0974 lr=7.2E-04 time/iter=0.095s eta=0:51:00
[18000/50000] loss=0.0757 lr=7.1E-04 time/iter=0.095s eta=0:50:50
[18100/50000] loss=0.1589 lr=7.1E-04 time/iter=0.095s eta=0:50:41
[18200/50000] loss=0.0947 lr=7.1E-04 time/iter=0.095s eta=0:50:31
[18300/50000] loss=0.0718 lr=7.0E-04 time/iter=0.095s eta=0:50:22
[18400/50000] loss=0.0780 lr=7.0E-04 time/iter=0.095s eta=0:50:12
[18500/50000] loss=0.0882 lr=7.0E-04 time/iter=0.095s eta=0:50:03
[18600/50000] loss=0.0989 lr=7.0E-04 time/iter=0.095s eta=0:49:53
[18700/50000] loss=0.0932 lr=6.9E-04 time/iter=0.095s eta=0:49:44
[18800/50000] loss=0.0783 lr=6.9E-04 time/iter=0.095s eta=0:49:34
[18900/50000] loss=0.0789 lr=6.9E-04 time/iter=0.095s eta=0:49:24
[19000/50000] loss=0.1125 lr=6.8E-04 time/iter=0.095s eta=0:49:15
[19100/50000] loss=0.1350 lr=6.8E-04 time/iter=0.095s eta=0:49:05
[19200/50000] loss=0.0699 lr=6.8E-04 time/iter=0.095s eta=0:48:56
[19300/50000] loss=0.1034 lr=6.8E-04 time/iter=0.095s eta=0:48:46
[19400/50000] loss=0.0938 lr=6.7E-04 time/iter=0.095s eta=0:48:37
[19500/50000] loss=0.0765 lr=6.7E-04 time/iter=0.095s eta=0:48:27
[19600/50000] loss=0.0689 lr=6.7E-04 time/iter=0.095s eta=0:48:18
[19700/50000] loss=0.0820 lr=6.6E-04 time/iter=0.095s eta=0:48:08
[19800/50000] loss=0.0626 lr=6.6E-04 time/iter=0.095s eta=0:47:59
[19900/50000] loss=0.1007 lr=6.6E-04 time/iter=0.095s eta=0:47:49
[20000/50000] loss=0.1057 lr=6.5E-04 time/iter=0.095s eta=0:47:40
Saving checkpoint to current_runs/small_lstm_11053533/small_lstm_checkpoints/checkpoint-20000.pth...
Checkpoint saved.
[20100/50000] loss=0.0994 lr=6.5E-04 time/iter=0.095s eta=0:47:30
[20200/50000] loss=0.0723 lr=6.5E-04 time/iter=0.095s eta=0:47:21
[20300/50000] loss=0.0900 lr=6.5E-04 time/iter=0.095s eta=0:47:11
[20400/50000] loss=0.0748 lr=6.4E-04 time/iter=0.095s eta=0:47:02
[20500/50000] loss=0.1181 lr=6.4E-04 time/iter=0.095s eta=0:46:52
[20600/50000] loss=0.0843 lr=6.4E-04 time/iter=0.095s eta=0:46:42
[20700/50000] loss=0.0906 lr=6.3E-04 time/iter=0.095s eta=0:46:33
[20800/50000] loss=0.0801 lr=6.3E-04 time/iter=0.095s eta=0:46:23
[20900/50000] loss=0.0887 lr=6.3E-04 time/iter=0.095s eta=0:46:14
[21000/50000] loss=0.0876 lr=6.2E-04 time/iter=0.095s eta=0:46:04
[21100/50000] loss=0.0782 lr=6.2E-04 time/iter=0.095s eta=0:45:55
[21200/50000] loss=0.0743 lr=6.2E-04 time/iter=0.095s eta=0:45:45
[21300/50000] loss=0.0821 lr=6.2E-04 time/iter=0.095s eta=0:45:36
[21400/50000] loss=0.0654 lr=6.1E-04 time/iter=0.095s eta=0:45:26
[21500/50000] loss=0.0750 lr=6.1E-04 time/iter=0.095s eta=0:45:17
[21600/50000] loss=0.0818 lr=6.1E-04 time/iter=0.095s eta=0:45:07
[21700/50000] loss=0.0702 lr=6.0E-04 time/iter=0.095s eta=0:44:58
[21800/50000] loss=0.1050 lr=6.0E-04 time/iter=0.095s eta=0:44:48
[21900/50000] loss=0.0905 lr=6.0E-04 time/iter=0.095s eta=0:44:39
[22000/50000] loss=0.0764 lr=5.9E-04 time/iter=0.095s eta=0:44:29
[22100/50000] loss=0.1662 lr=5.9E-04 time/iter=0.095s eta=0:44:19
[22200/50000] loss=0.0693 lr=5.9E-04 time/iter=0.095s eta=0:44:10
[22300/50000] loss=0.0726 lr=5.8E-04 time/iter=0.095s eta=0:44:00
[22400/50000] loss=0.0763 lr=5.8E-04 time/iter=0.095s eta=0:43:51
[22500/50000] loss=0.0773 lr=5.8E-04 time/iter=0.095s eta=0:43:41
[22600/50000] loss=0.0767 lr=5.8E-04 time/iter=0.095s eta=0:43:32
[22700/50000] loss=0.0899 lr=5.7E-04 time/iter=0.095s eta=0:43:22
[22800/50000] loss=0.0631 lr=5.7E-04 time/iter=0.095s eta=0:43:13
[22900/50000] loss=0.0856 lr=5.7E-04 time/iter=0.095s eta=0:43:03
[23000/50000] loss=0.0744 lr=5.6E-04 time/iter=0.095s eta=0:42:54
[23100/50000] loss=0.0906 lr=5.6E-04 time/iter=0.095s eta=0:42:44
[23200/50000] loss=0.0734 lr=5.6E-04 time/iter=0.095s eta=0:42:35
[23300/50000] loss=0.0932 lr=5.5E-04 time/iter=0.095s eta=0:42:25
[23400/50000] loss=0.0780 lr=5.5E-04 time/iter=0.095s eta=0:42:16
[23500/50000] loss=0.0544 lr=5.5E-04 time/iter=0.095s eta=0:42:06
[23600/50000] loss=0.0696 lr=5.4E-04 time/iter=0.095s eta=0:41:57
[23700/50000] loss=0.0744 lr=5.4E-04 time/iter=0.095s eta=0:41:47
[23800/50000] loss=0.0639 lr=5.4E-04 time/iter=0.095s eta=0:41:38
[23900/50000] loss=0.0724 lr=5.3E-04 time/iter=0.095s eta=0:41:28
[24000/50000] loss=0.0773 lr=5.3E-04 time/iter=0.095s eta=0:41:19
[24100/50000] loss=0.0698 lr=5.3E-04 time/iter=0.095s eta=0:41:09
[24200/50000] loss=0.0679 lr=5.3E-04 time/iter=0.095s eta=0:40:59
[24300/50000] loss=0.0600 lr=5.2E-04 time/iter=0.095s eta=0:40:50
[24400/50000] loss=0.1115 lr=5.2E-04 time/iter=0.095s eta=0:40:40
[24500/50000] loss=0.0560 lr=5.2E-04 time/iter=0.095s eta=0:40:31
[24600/50000] loss=0.0786 lr=5.1E-04 time/iter=0.095s eta=0:40:21
[24700/50000] loss=0.0686 lr=5.1E-04 time/iter=0.095s eta=0:40:12
[24800/50000] loss=0.0634 lr=5.1E-04 time/iter=0.095s eta=0:40:02
[24900/50000] loss=0.0675 lr=5.0E-04 time/iter=0.095s eta=0:39:53
[25000/50000] loss=0.0602 lr=5.0E-04 time/iter=0.095s eta=0:39:43
Saving checkpoint to current_runs/small_lstm_11053533/small_lstm_checkpoints/checkpoint-25000.pth...
Checkpoint saved.
[25100/50000] loss=0.0811 lr=5.0E-04 time/iter=0.095s eta=0:39:34
[25200/50000] loss=0.0956 lr=4.9E-04 time/iter=0.095s eta=0:39:24
[25300/50000] loss=0.0783 lr=4.9E-04 time/iter=0.095s eta=0:39:15
[25400/50000] loss=0.0760 lr=4.9E-04 time/iter=0.095s eta=0:39:05
[25500/50000] loss=0.0829 lr=4.8E-04 time/iter=0.095s eta=0:38:56
[25600/50000] loss=0.0725 lr=4.8E-04 time/iter=0.095s eta=0:38:46
[25700/50000] loss=0.0794 lr=4.8E-04 time/iter=0.095s eta=0:38:37
[25800/50000] loss=0.1048 lr=4.7E-04 time/iter=0.095s eta=0:38:27
[25900/50000] loss=0.1103 lr=4.7E-04 time/iter=0.095s eta=0:38:18
[26000/50000] loss=0.0626 lr=4.7E-04 time/iter=0.095s eta=0:38:08
[26100/50000] loss=0.0716 lr=4.7E-04 time/iter=0.095s eta=0:37:59
[26200/50000] loss=0.0697 lr=4.6E-04 time/iter=0.095s eta=0:37:49
[26300/50000] loss=0.0615 lr=4.6E-04 time/iter=0.095s eta=0:37:39
[26400/50000] loss=0.0614 lr=4.6E-04 time/iter=0.095s eta=0:37:30
[26500/50000] loss=0.0701 lr=4.5E-04 time/iter=0.095s eta=0:37:20
[26600/50000] loss=0.0534 lr=4.5E-04 time/iter=0.095s eta=0:37:11
[26700/50000] loss=0.0902 lr=4.5E-04 time/iter=0.095s eta=0:37:01
[26800/50000] loss=0.0560 lr=4.4E-04 time/iter=0.095s eta=0:36:52
[26900/50000] loss=0.0655 lr=4.4E-04 time/iter=0.095s eta=0:36:42
[27000/50000] loss=0.0771 lr=4.4E-04 time/iter=0.095s eta=0:36:33
[27100/50000] loss=0.0671 lr=4.3E-04 time/iter=0.095s eta=0:36:23
[27200/50000] loss=0.0886 lr=4.3E-04 time/iter=0.095s eta=0:36:14
[27300/50000] loss=0.0596 lr=4.3E-04 time/iter=0.095s eta=0:36:04
[27400/50000] loss=0.0683 lr=4.2E-04 time/iter=0.095s eta=0:35:55
[27500/50000] loss=0.0779 lr=4.2E-04 time/iter=0.095s eta=0:35:45
[27600/50000] loss=0.0578 lr=4.2E-04 time/iter=0.095s eta=0:35:36
[27700/50000] loss=0.0673 lr=4.2E-04 time/iter=0.095s eta=0:35:26
[27800/50000] loss=0.0504 lr=4.1E-04 time/iter=0.095s eta=0:35:16
[27900/50000] loss=0.0553 lr=4.1E-04 time/iter=0.095s eta=0:35:07
[28000/50000] loss=0.0561 lr=4.1E-04 time/iter=0.095s eta=0:34:57
[28100/50000] loss=0.0575 lr=4.0E-04 time/iter=0.095s eta=0:34:48
[28200/50000] loss=0.0663 lr=4.0E-04 time/iter=0.095s eta=0:34:38
[28300/50000] loss=0.1032 lr=4.0E-04 time/iter=0.095s eta=0:34:29
[28400/50000] loss=0.0646 lr=3.9E-04 time/iter=0.095s eta=0:34:19
[28500/50000] loss=0.0616 lr=3.9E-04 time/iter=0.095s eta=0:34:10
[28600/50000] loss=0.0717 lr=3.9E-04 time/iter=0.095s eta=0:34:00
[28700/50000] loss=0.0594 lr=3.8E-04 time/iter=0.095s eta=0:33:51
[28800/50000] loss=0.1184 lr=3.8E-04 time/iter=0.095s eta=0:33:41
[28900/50000] loss=0.0705 lr=3.8E-04 time/iter=0.095s eta=0:33:32
[29000/50000] loss=0.0782 lr=3.8E-04 time/iter=0.095s eta=0:33:22
[29100/50000] loss=0.0551 lr=3.7E-04 time/iter=0.095s eta=0:33:13
[29200/50000] loss=0.0633 lr=3.7E-04 time/iter=0.095s eta=0:33:03
[29300/50000] loss=0.0813 lr=3.7E-04 time/iter=0.095s eta=0:32:54
[29400/50000] loss=0.0631 lr=3.6E-04 time/iter=0.095s eta=0:32:44
[29500/50000] loss=0.0553 lr=3.6E-04 time/iter=0.095s eta=0:32:34
[29600/50000] loss=0.0755 lr=3.6E-04 time/iter=0.095s eta=0:32:25
[29700/50000] loss=0.0641 lr=3.5E-04 time/iter=0.095s eta=0:32:15
[29800/50000] loss=0.0465 lr=3.5E-04 time/iter=0.095s eta=0:32:06
[29900/50000] loss=0.0676 lr=3.5E-04 time/iter=0.095s eta=0:31:56
[30000/50000] loss=0.0709 lr=3.5E-04 time/iter=0.095s eta=0:31:47
Saving checkpoint to current_runs/small_lstm_11053533/small_lstm_checkpoints/checkpoint-30000.pth...
Checkpoint saved.
[30100/50000] loss=0.0623 lr=3.4E-04 time/iter=0.095s eta=0:31:37
[30200/50000] loss=0.0825 lr=3.4E-04 time/iter=0.095s eta=0:31:28
[30300/50000] loss=0.0593 lr=3.4E-04 time/iter=0.095s eta=0:31:18
[30400/50000] loss=0.0868 lr=3.3E-04 time/iter=0.095s eta=0:31:09
[30500/50000] loss=0.0573 lr=3.3E-04 time/iter=0.095s eta=0:30:59
[30600/50000] loss=0.0500 lr=3.3E-04 time/iter=0.095s eta=0:30:50
[30700/50000] loss=0.0591 lr=3.2E-04 time/iter=0.095s eta=0:30:40
[30800/50000] loss=0.0640 lr=3.2E-04 time/iter=0.095s eta=0:30:31
[30900/50000] loss=0.0592 lr=3.2E-04 time/iter=0.095s eta=0:30:21
[31000/50000] loss=0.0600 lr=3.2E-04 time/iter=0.095s eta=0:30:11
[31100/50000] loss=0.0610 lr=3.1E-04 time/iter=0.095s eta=0:30:02
[31200/50000] loss=0.0452 lr=3.1E-04 time/iter=0.095s eta=0:29:52
[31300/50000] loss=0.0553 lr=3.1E-04 time/iter=0.095s eta=0:29:43
[31400/50000] loss=0.0544 lr=3.0E-04 time/iter=0.095s eta=0:29:33
[31500/50000] loss=0.0707 lr=3.0E-04 time/iter=0.095s eta=0:29:24
[31600/50000] loss=0.0702 lr=3.0E-04 time/iter=0.095s eta=0:29:14
[31700/50000] loss=0.0872 lr=3.0E-04 time/iter=0.095s eta=0:29:05
[31800/50000] loss=0.0477 lr=2.9E-04 time/iter=0.095s eta=0:28:55
[31900/50000] loss=0.0413 lr=2.9E-04 time/iter=0.095s eta=0:28:46
[32000/50000] loss=0.0702 lr=2.9E-04 time/iter=0.095s eta=0:28:36
[32100/50000] loss=0.0521 lr=2.8E-04 time/iter=0.095s eta=0:28:27
[32200/50000] loss=0.0473 lr=2.8E-04 time/iter=0.095s eta=0:28:17
[32300/50000] loss=0.0507 lr=2.8E-04 time/iter=0.095s eta=0:28:08
[32400/50000] loss=0.0560 lr=2.8E-04 time/iter=0.095s eta=0:27:58
[32500/50000] loss=0.0601 lr=2.7E-04 time/iter=0.095s eta=0:27:48
[32600/50000] loss=0.0518 lr=2.7E-04 time/iter=0.095s eta=0:27:39
[32700/50000] loss=0.0642 lr=2.7E-04 time/iter=0.095s eta=0:27:29
[32800/50000] loss=0.0501 lr=2.6E-04 time/iter=0.095s eta=0:27:20
[32900/50000] loss=0.0405 lr=2.6E-04 time/iter=0.095s eta=0:27:10
[33000/50000] loss=0.0492 lr=2.6E-04 time/iter=0.095s eta=0:27:01
[33100/50000] loss=0.0780 lr=2.6E-04 time/iter=0.095s eta=0:26:51
[33200/50000] loss=0.0528 lr=2.5E-04 time/iter=0.095s eta=0:26:42
[33300/50000] loss=0.0990 lr=2.5E-04 time/iter=0.095s eta=0:26:32
[33400/50000] loss=0.0557 lr=2.5E-04 time/iter=0.095s eta=0:26:23
[33500/50000] loss=0.0542 lr=2.5E-04 time/iter=0.095s eta=0:26:13
[33600/50000] loss=0.0447 lr=2.4E-04 time/iter=0.095s eta=0:26:04
[33700/50000] loss=0.0818 lr=2.4E-04 time/iter=0.095s eta=0:25:54
[33800/50000] loss=0.0457 lr=2.4E-04 time/iter=0.095s eta=0:25:45
[33900/50000] loss=0.0438 lr=2.3E-04 time/iter=0.095s eta=0:25:35
[34000/50000] loss=0.0600 lr=2.3E-04 time/iter=0.095s eta=0:25:25
[34100/50000] loss=0.0441 lr=2.3E-04 time/iter=0.095s eta=0:25:16
[34200/50000] loss=0.0468 lr=2.3E-04 time/iter=0.095s eta=0:25:06
[34300/50000] loss=0.0473 lr=2.2E-04 time/iter=0.095s eta=0:24:57
[34400/50000] loss=0.0506 lr=2.2E-04 time/iter=0.095s eta=0:24:47
[34500/50000] loss=0.0402 lr=2.2E-04 time/iter=0.095s eta=0:24:38
[34600/50000] loss=0.0497 lr=2.2E-04 time/iter=0.095s eta=0:24:28
[34700/50000] loss=0.0438 lr=2.1E-04 time/iter=0.095s eta=0:24:19
[34800/50000] loss=0.0406 lr=2.1E-04 time/iter=0.095s eta=0:24:09
[34900/50000] loss=0.0574 lr=2.1E-04 time/iter=0.095s eta=0:24:00
[35000/50000] loss=0.0584 lr=2.1E-04 time/iter=0.095s eta=0:23:50
Saving checkpoint to current_runs/small_lstm_11053533/small_lstm_checkpoints/checkpoint-35000.pth...
Checkpoint saved.
[35100/50000] loss=0.0436 lr=2.0E-04 time/iter=0.095s eta=0:23:41
[35200/50000] loss=0.0415 lr=2.0E-04 time/iter=0.095s eta=0:23:31
[35300/50000] loss=0.0544 lr=2.0E-04 time/iter=0.095s eta=0:23:22
[35400/50000] loss=0.0469 lr=2.0E-04 time/iter=0.095s eta=0:23:12
[35500/50000] loss=0.0362 lr=1.9E-04 time/iter=0.095s eta=0:23:02
[35600/50000] loss=0.0467 lr=1.9E-04 time/iter=0.095s eta=0:22:53
[35700/50000] loss=0.0452 lr=1.9E-04 time/iter=0.095s eta=0:22:43
[35800/50000] loss=0.0392 lr=1.9E-04 time/iter=0.095s eta=0:22:34
[35900/50000] loss=0.0407 lr=1.8E-04 time/iter=0.095s eta=0:22:24
[36000/50000] loss=0.0439 lr=1.8E-04 time/iter=0.095s eta=0:22:15
[36100/50000] loss=0.0392 lr=1.8E-04 time/iter=0.095s eta=0:22:05
[36200/50000] loss=0.0481 lr=1.8E-04 time/iter=0.095s eta=0:21:56
[36300/50000] loss=0.0454 lr=1.7E-04 time/iter=0.095s eta=0:21:46
[36400/50000] loss=0.0492 lr=1.7E-04 time/iter=0.095s eta=0:21:37
[36500/50000] loss=0.0328 lr=1.7E-04 time/iter=0.095s eta=0:21:27
[36600/50000] loss=0.0376 lr=1.7E-04 time/iter=0.095s eta=0:21:18
[36700/50000] loss=0.0523 lr=1.6E-04 time/iter=0.095s eta=0:21:08
[36800/50000] loss=0.0346 lr=1.6E-04 time/iter=0.095s eta=0:20:59
[36900/50000] loss=0.0377 lr=1.6E-04 time/iter=0.095s eta=0:20:49
[37000/50000] loss=0.0510 lr=1.6E-04 time/iter=0.095s eta=0:20:40
[37100/50000] loss=0.0446 lr=1.6E-04 time/iter=0.095s eta=0:20:30
[37200/50000] loss=0.1144 lr=1.5E-04 time/iter=0.095s eta=0:20:20
[37300/50000] loss=0.0473 lr=1.5E-04 time/iter=0.095s eta=0:20:11
[37400/50000] loss=0.0459 lr=1.5E-04 time/iter=0.095s eta=0:20:01
[37500/50000] loss=0.0339 lr=1.5E-04 time/iter=0.095s eta=0:19:52
[37600/50000] loss=0.0351 lr=1.4E-04 time/iter=0.095s eta=0:19:42
[37700/50000] loss=0.0509 lr=1.4E-04 time/iter=0.095s eta=0:19:33
[37800/50000] loss=0.0344 lr=1.4E-04 time/iter=0.095s eta=0:19:23
[37900/50000] loss=0.0501 lr=1.4E-04 time/iter=0.095s eta=0:19:14
[38000/50000] loss=0.0418 lr=1.4E-04 time/iter=0.095s eta=0:19:04
[38100/50000] loss=0.0361 lr=1.3E-04 time/iter=0.095s eta=0:18:55
[38200/50000] loss=0.0349 lr=1.3E-04 time/iter=0.095s eta=0:18:45
[38300/50000] loss=0.0339 lr=1.3E-04 time/iter=0.095s eta=0:18:35
[38400/50000] loss=0.0321 lr=1.3E-04 time/iter=0.095s eta=0:18:26
[38500/50000] loss=0.0362 lr=1.2E-04 time/iter=0.095s eta=0:18:16
[38600/50000] loss=0.0537 lr=1.2E-04 time/iter=0.095s eta=0:18:07
[38700/50000] loss=0.0478 lr=1.2E-04 time/iter=0.095s eta=0:17:57
[38800/50000] loss=0.0363 lr=1.2E-04 time/iter=0.095s eta=0:17:48
[38900/50000] loss=0.0373 lr=1.2E-04 time/iter=0.095s eta=0:17:38
[39000/50000] loss=0.0337 lr=1.1E-04 time/iter=0.095s eta=0:17:29
[39100/50000] loss=0.0288 lr=1.1E-04 time/iter=0.095s eta=0:17:19
[39200/50000] loss=0.0314 lr=1.1E-04 time/iter=0.095s eta=0:17:10
[39300/50000] loss=0.0389 lr=1.1E-04 time/iter=0.095s eta=0:17:00
[39400/50000] loss=0.0409 lr=1.1E-04 time/iter=0.095s eta=0:16:51
[39500/50000] loss=0.0335 lr=1.0E-04 time/iter=0.095s eta=0:16:41
[39600/50000] loss=0.0296 lr=1.0E-04 time/iter=0.095s eta=0:16:31
[39700/50000] loss=0.0335 lr=1.0E-04 time/iter=0.095s eta=0:16:22
[39800/50000] loss=0.0295 lr=9.9E-05 time/iter=0.095s eta=0:16:12
[39900/50000] loss=0.0257 lr=9.7E-05 time/iter=0.095s eta=0:16:03
[40000/50000] loss=0.0355 lr=9.5E-05 time/iter=0.095s eta=0:15:53
Saving checkpoint to current_runs/small_lstm_11053533/small_lstm_checkpoints/checkpoint-40000.pth...
Checkpoint saved.
[40100/50000] loss=0.0308 lr=9.4E-05 time/iter=0.095s eta=0:15:44
[40200/50000] loss=0.0311 lr=9.2E-05 time/iter=0.095s eta=0:15:34
[40300/50000] loss=0.0315 lr=9.0E-05 time/iter=0.095s eta=0:15:25
[40400/50000] loss=0.0293 lr=8.8E-05 time/iter=0.095s eta=0:15:15
[40500/50000] loss=0.0342 lr=8.6E-05 time/iter=0.095s eta=0:15:06
[40600/50000] loss=0.0269 lr=8.5E-05 time/iter=0.095s eta=0:14:56
