============================================================================================== 
Warning! Mixing Conda and module environments may lead to corruption of the
user environment. 
We do not recommend users mixing those two environments unless absolutely
necessary. Note that 
SURF does not provide any support for Conda environment.
For more information, please refer to our software policy page:
https://servicedesk.surf.nl/wiki/display/WIKI/Software+policy+Snellius#SoftwarepolicySnellius-UseofAnacondaandMinicondaenvironmentsonSnellius 

Remember that many packages have already been installed on the system and can
be loaded using 
the 'module load <package__name>' command. If you are uncertain if a package is
already available 
on the system, please use 'module avail' or 'module spider' to search for it.
============================================================================================== 
Using config file: ./configs/config_aig_attention2.yaml
Loaded config:
data:
  dataset_type: aig-directed-multiclass
  graph_file: dataset/final_data.pkl
  use_bfs: false
  max_graphs: null
model:
  mode: directed-multiclass
  use_lstm: false
  use_attention: true
  edge_model: rnn
  GraphAttentionRNN:
    embedding_size: 384
    hidden_size: 768
    num_layers: 4
    edge_feature_len: 3
    attention_heads: 12
    attention_dropout: 0.1
    output_size: 256
  EdgeRNN:
    embedding_size: 128
    hidden_size: 256
    num_layers: 3
    edge_feature_len: 3
train:
  batch_size: 32
  lr: 0.0005
  steps: 75000
  print_iter: 100
  checkpoint_iter: 7500
  checkpoint_dir: checkpoints/checkpoints_gru_mhsa2
  log_file: train_results/logs_gru_mhsa2

Computing maximum node count from dataset...
Maximum node count: 89
Computing maximum level from dataset...
Calculated max level 18 from 37000 valid graphs
Maximum level: 18
Loading AIG graphs from dataset/final_data.pkl...
Limited to 30000 graphs for processing.
Preprocessing graphs...
Graph preprocessing complete. 30000 graphs processed, 0 skipped.
Maximum node count in processed dataset: 89
INFO: Topological Sort mode. Effective input size (m_internal): 88
Calculating node levels...
Maximum node level across dataset: 18
Calculating edge type counts for class weighting...
Calculating weights based on 27000 training graphs...
Total edge slots considered for weights: 98341408
Raw edge counts: {0: 96753923, 1: 959297, 2: 628188}
Calculated edge weights (Inverse Frequency): [0.011724252253770828, 1.1824986934661865, 1.8057770729064941]
Dataset ready: 27000 graphs (training split).
Total available graphs: 30000
Training graphs: 27000 (limited by split ratio)
Testing graphs: 3000
Ordering: Topological Sort
Dataset initialized with 27000 training graphs
Final statistics - Max node count: 89, Max level: 18
INFO: Using Topological Sort mode. Effective input/output size (max_nodes-1): 88
INFO: GraphLevelAttentionRNN using level embedding up to level 18
INFO: Using GraphLevelAttentionRNN for node level.
Selected EdgeLevelRNN model.
Setting up CrossEntropyLoss for 3 edge classes.
Applying edge class weights: [0.011724252253770828, 1.1824986934661865, 1.8057770729064941]
Logger initialized. Logging to train_results/logs_gru_mhsa2
Logger initialized. Writing to: train_results/logs_gru_mhsa2
[100/75000] loss=0.9049 lr=5.0E-04 time/iter=0.119s eta=2:28:46
[200/75000] loss=0.8790 lr=5.0E-04 time/iter=0.116s eta=2:24:15
[300/75000] loss=0.8610 lr=5.0E-04 time/iter=0.115s eta=2:23:07
[400/75000] loss=0.8434 lr=5.0E-04 time/iter=0.114s eta=2:21:51
[500/75000] loss=0.8306 lr=5.0E-04 time/iter=0.114s eta=2:21:10
[600/75000] loss=0.8218 lr=5.0E-04 time/iter=0.113s eta=2:20:37
[700/75000] loss=0.8164 lr=5.0E-04 time/iter=0.113s eta=2:20:18
[800/75000] loss=0.8125 lr=5.0E-04 time/iter=0.113s eta=2:19:42
Epoch 1 complete. Average loss: 0.8110
[900/75000] loss=0.7948 lr=5.0E-04 time/iter=0.113s eta=2:19:28
[1000/75000] loss=0.7969 lr=5.0E-04 time/iter=0.113s eta=2:19:15
[1100/75000] loss=0.7957 lr=5.0E-04 time/iter=0.113s eta=2:18:52
[1200/75000] loss=0.7931 lr=5.0E-04 time/iter=0.113s eta=2:18:36
[1300/75000] loss=0.7940 lr=5.0E-04 time/iter=0.113s eta=2:18:29
[1400/75000] loss=0.7947 lr=5.0E-04 time/iter=0.113s eta=2:18:24
[1500/75000] loss=0.7941 lr=5.0E-04 time/iter=0.113s eta=2:18:10
[1600/75000] loss=0.7947 lr=5.0E-04 time/iter=0.113s eta=2:17:56
Epoch 2 complete. Average loss: 0.7948
[1700/75000] loss=0.7962 lr=5.0E-04 time/iter=0.113s eta=2:17:44
[1800/75000] loss=0.8016 lr=5.0E-04 time/iter=0.113s eta=2:17:32
[1900/75000] loss=0.8117 lr=5.0E-04 time/iter=0.113s eta=2:17:15
[2000/75000] loss=0.8089 lr=5.0E-04 time/iter=0.113s eta=2:17:08
[2100/75000] loss=0.8071 lr=5.0E-04 time/iter=0.113s eta=2:16:54
[2200/75000] loss=0.8052 lr=5.0E-04 time/iter=0.113s eta=2:16:44
[2300/75000] loss=0.8057 lr=5.0E-04 time/iter=0.113s eta=2:16:34
[2400/75000] loss=0.8060 lr=5.0E-04 time/iter=0.113s eta=2:16:25
[2500/75000] loss=0.8042 lr=5.0E-04 time/iter=0.113s eta=2:16:15
Epoch 3 complete. Average loss: 0.8037
[2600/75000] loss=0.7969 lr=5.0E-04 time/iter=0.113s eta=2:16:01
[2700/75000] loss=0.7913 lr=5.0E-04 time/iter=0.113s eta=2:15:50
[2800/75000] loss=0.7875 lr=5.0E-04 time/iter=0.113s eta=2:15:40
[2900/75000] loss=0.7888 lr=5.0E-04 time/iter=0.113s eta=2:15:27
[3000/75000] loss=0.7896 lr=5.0E-04 time/iter=0.113s eta=2:15:16
[3100/75000] loss=0.7912 lr=5.0E-04 time/iter=0.113s eta=2:15:06
[3200/75000] loss=0.7911 lr=5.0E-04 time/iter=0.113s eta=2:14:53
[3300/75000] loss=0.7903 lr=5.0E-04 time/iter=0.113s eta=2:14:41
Epoch 4 complete. Average loss: 0.7913
[3400/75000] loss=0.7849 lr=5.0E-04 time/iter=0.113s eta=2:14:29
[3500/75000] loss=0.8127 lr=5.0E-04 time/iter=0.113s eta=2:14:18
[3600/75000] loss=0.8023 lr=5.0E-04 time/iter=0.113s eta=2:14:07
[3700/75000] loss=0.8004 lr=5.0E-04 time/iter=0.113s eta=2:13:54
[3800/75000] loss=0.8000 lr=5.0E-04 time/iter=0.113s eta=2:13:42
[3900/75000] loss=0.8015 lr=5.0E-04 time/iter=0.113s eta=2:13:32
[4000/75000] loss=0.8046 lr=5.0E-04 time/iter=0.113s eta=2:13:21
[4100/75000] loss=0.8063 lr=5.0E-04 time/iter=0.113s eta=2:13:10
[4200/75000] loss=0.8127 lr=5.0E-04 time/iter=0.113s eta=2:12:58
Epoch 5 complete. Average loss: 0.8124
[4300/75000] loss=0.8192 lr=5.0E-04 time/iter=0.113s eta=2:12:46
[4400/75000] loss=0.7999 lr=5.0E-04 time/iter=0.113s eta=2:12:36
[4500/75000] loss=0.8026 lr=5.0E-04 time/iter=0.113s eta=2:12:24
[4600/75000] loss=0.7952 lr=5.0E-04 time/iter=0.113s eta=2:12:14
[4700/75000] loss=0.7917 lr=5.0E-04 time/iter=0.113s eta=2:12:01
[4800/75000] loss=0.7892 lr=4.9E-04 time/iter=0.113s eta=2:11:49
[4900/75000] loss=0.7873 lr=4.9E-04 time/iter=0.113s eta=2:11:39
[5000/75000] loss=0.7917 lr=4.9E-04 time/iter=0.113s eta=2:11:27
Epoch 6 complete. Average loss: 0.7910
[5100/75000] loss=0.7961 lr=4.9E-04 time/iter=0.113s eta=2:11:16
[5200/75000] loss=0.7880 lr=4.9E-04 time/iter=0.113s eta=2:11:07
[5300/75000] loss=0.7838 lr=4.9E-04 time/iter=0.113s eta=2:10:55
[5400/75000] loss=0.7824 lr=4.9E-04 time/iter=0.113s eta=2:10:45
[5500/75000] loss=0.7926 lr=4.9E-04 time/iter=0.113s eta=2:10:33
[5600/75000] loss=0.7910 lr=4.9E-04 time/iter=0.113s eta=2:10:22
[5700/75000] loss=0.7899 lr=4.9E-04 time/iter=0.113s eta=2:10:09
[5800/75000] loss=0.7903 lr=4.9E-04 time/iter=0.113s eta=2:09:58
[5900/75000] loss=0.7887 lr=4.9E-04 time/iter=0.113s eta=2:09:46
Epoch 7 complete. Average loss: 0.7886
[6000/75000] loss=0.7925 lr=4.9E-04 time/iter=0.113s eta=2:09:34
[6100/75000] loss=0.7850 lr=4.9E-04 time/iter=0.113s eta=2:09:23
[6200/75000] loss=0.7866 lr=4.9E-04 time/iter=0.113s eta=2:09:10
[6300/75000] loss=0.7836 lr=4.9E-04 time/iter=0.113s eta=2:08:58
[6400/75000] loss=0.7845 lr=4.9E-04 time/iter=0.113s eta=2:08:47
[6500/75000] loss=0.7837 lr=4.9E-04 time/iter=0.113s eta=2:08:37
[6600/75000] loss=0.7835 lr=4.9E-04 time/iter=0.113s eta=2:08:26
[6700/75000] loss=0.7841 lr=4.9E-04 time/iter=0.113s eta=2:08:15
Epoch 8 complete. Average loss: 0.7842
[6800/75000] loss=0.7801 lr=4.9E-04 time/iter=0.113s eta=2:08:05
[6900/75000] loss=0.8404 lr=4.9E-04 time/iter=0.113s eta=2:07:53
[7000/75000] loss=0.8860 lr=4.9E-04 time/iter=0.113s eta=2:07:40
[7100/75000] loss=0.8925 lr=4.9E-04 time/iter=0.113s eta=2:07:28
[7200/75000] loss=0.8725 lr=4.9E-04 time/iter=0.113s eta=2:07:18
[7300/75000] loss=0.8571 lr=4.9E-04 time/iter=0.113s eta=2:07:07
[7400/75000] loss=0.8630 lr=4.9E-04 time/iter=0.113s eta=2:06:56
[7500/75000] loss=0.8581 lr=4.9E-04 time/iter=0.113s eta=2:06:45
Saving checkpoint to ./runs/checkpoints/checkpoints_gru_mhsa2/checkpoint-7500.pth...
Checkpoint saved.
Epoch 9 complete. Average loss: 0.8493
[7600/75000] loss=0.7752 lr=4.9E-04 time/iter=0.113s eta=2:06:34
[7700/75000] loss=0.7858 lr=4.9E-04 time/iter=0.113s eta=2:06:23
[7800/75000] loss=0.7946 lr=4.9E-04 time/iter=0.113s eta=2:06:10
[7900/75000] loss=0.8065 lr=4.9E-04 time/iter=0.113s eta=2:06:00
[8000/75000] loss=0.8003 lr=4.9E-04 time/iter=0.113s eta=2:05:48
[8100/75000] loss=0.7951 lr=4.9E-04 time/iter=0.113s eta=2:05:37
[8200/75000] loss=0.7918 lr=4.9E-04 time/iter=0.113s eta=2:05:24
[8300/75000] loss=0.7911 lr=4.9E-04 time/iter=0.113s eta=2:05:13
[8400/75000] loss=0.7893 lr=4.8E-04 time/iter=0.113s eta=2:05:01
Epoch 10 complete. Average loss: 0.7900
[8500/75000] loss=0.7797 lr=4.8E-04 time/iter=0.113s eta=2:04:50
[8600/75000] loss=0.7988 lr=4.8E-04 time/iter=0.113s eta=2:04:38
[8700/75000] loss=0.7972 lr=4.8E-04 time/iter=0.113s eta=2:04:26
[8800/75000] loss=0.7937 lr=4.8E-04 time/iter=0.113s eta=2:04:14
[8900/75000] loss=0.7902 lr=4.8E-04 time/iter=0.113s eta=2:04:04
[9000/75000] loss=0.7875 lr=4.8E-04 time/iter=0.113s eta=2:03:52
[9100/75000] loss=0.7858 lr=4.8E-04 time/iter=0.113s eta=2:03:40
[9200/75000] loss=0.7852 lr=4.8E-04 time/iter=0.113s eta=2:03:29
Epoch 11 complete. Average loss: 0.7872
[9300/75000] loss=0.7842 lr=4.8E-04 time/iter=0.113s eta=2:03:18
[9400/75000] loss=0.7780 lr=4.8E-04 time/iter=0.113s eta=2:03:05
[9500/75000] loss=0.7808 lr=4.8E-04 time/iter=0.113s eta=2:02:54
[9600/75000] loss=0.7795 lr=4.8E-04 time/iter=0.113s eta=2:02:44
[9700/75000] loss=0.7798 lr=4.8E-04 time/iter=0.113s eta=2:02:32
[9800/75000] loss=0.7803 lr=4.8E-04 time/iter=0.113s eta=2:02:21
[9900/75000] loss=0.7795 lr=4.8E-04 time/iter=0.113s eta=2:02:10
[10000/75000] loss=0.7792 lr=4.8E-04 time/iter=0.113s eta=2:01:58
[10100/75000] loss=0.7785 lr=4.8E-04 time/iter=0.113s eta=2:01:47
Epoch 12 complete. Average loss: 0.7790
[10200/75000] loss=0.7821 lr=4.8E-04 time/iter=0.113s eta=2:01:35
[10300/75000] loss=0.8070 lr=4.8E-04 time/iter=0.113s eta=2:01:24
[10400/75000] loss=0.8135 lr=4.8E-04 time/iter=0.113s eta=2:01:13
[10500/75000] loss=0.8319 lr=4.8E-04 time/iter=0.113s eta=2:01:01
[10600/75000] loss=0.8355 lr=4.8E-04 time/iter=0.113s eta=2:00:50
[10700/75000] loss=0.8360 lr=4.8E-04 time/iter=0.113s eta=2:00:39
[10800/75000] loss=0.8372 lr=4.7E-04 time/iter=0.113s eta=2:00:28
[10900/75000] loss=0.8317 lr=4.7E-04 time/iter=0.113s eta=2:00:16
Epoch 13 complete. Average loss: 0.8340
[11000/75000] loss=0.9013 lr=4.7E-04 time/iter=0.113s eta=2:00:05
[11100/75000] loss=0.8646 lr=4.7E-04 time/iter=0.113s eta=1:59:54
[11200/75000] loss=0.8431 lr=4.7E-04 time/iter=0.113s eta=1:59:42
[11300/75000] loss=0.8354 lr=4.7E-04 time/iter=0.113s eta=1:59:30
[11400/75000] loss=0.8397 lr=4.7E-04 time/iter=0.113s eta=1:59:20
[11500/75000] loss=0.8369 lr=4.7E-04 time/iter=0.113s eta=1:59:08
[11600/75000] loss=0.8404 lr=4.7E-04 time/iter=0.113s eta=1:58:57
[11700/75000] loss=0.8406 lr=4.7E-04 time/iter=0.113s eta=1:58:45
[11800/75000] loss=0.8342 lr=4.7E-04 time/iter=0.113s eta=1:58:34
Epoch 14 complete. Average loss: 0.8330
[11900/75000] loss=0.7723 lr=4.7E-04 time/iter=0.113s eta=1:58:22
[12000/75000] loss=0.7875 lr=4.7E-04 time/iter=0.113s eta=1:58:12
[12100/75000] loss=0.7869 lr=4.7E-04 time/iter=0.113s eta=1:58:00
[12200/75000] loss=0.7867 lr=4.7E-04 time/iter=0.113s eta=1:57:49
[12300/75000] loss=0.7856 lr=4.7E-04 time/iter=0.113s eta=1:57:38
[12400/75000] loss=0.7843 lr=4.7E-04 time/iter=0.113s eta=1:57:26
[12500/75000] loss=0.7916 lr=4.7E-04 time/iter=0.113s eta=1:57:15
[12600/75000] loss=0.7893 lr=4.7E-04 time/iter=0.113s eta=1:57:04
Epoch 15 complete. Average loss: 0.7880
[12700/75000] loss=0.7963 lr=4.7E-04 time/iter=0.113s eta=1:56:53
[12800/75000] loss=0.7811 lr=4.6E-04 time/iter=0.113s eta=1:56:42
[12900/75000] loss=0.7838 lr=4.6E-04 time/iter=0.113s eta=1:56:30
[13000/75000] loss=0.7842 lr=4.6E-04 time/iter=0.113s eta=1:56:19
[13100/75000] loss=0.7813 lr=4.6E-04 time/iter=0.113s eta=1:56:08
[13200/75000] loss=0.7825 lr=4.6E-04 time/iter=0.113s eta=1:55:57
[13300/75000] loss=0.7819 lr=4.6E-04 time/iter=0.113s eta=1:55:45
[13400/75000] loss=0.7823 lr=4.6E-04 time/iter=0.113s eta=1:55:34
[13500/75000] loss=0.7869 lr=4.6E-04 time/iter=0.113s eta=1:55:22
Epoch 16 complete. Average loss: 0.7869
[13600/75000] loss=0.8279 lr=4.6E-04 time/iter=0.113s eta=1:55:11
[13700/75000] loss=0.8023 lr=4.6E-04 time/iter=0.113s eta=1:55:00
[13800/75000] loss=0.7971 lr=4.6E-04 time/iter=0.113s eta=1:54:49
[13900/75000] loss=0.7951 lr=4.6E-04 time/iter=0.113s eta=1:54:37
[14000/75000] loss=0.7928 lr=4.6E-04 time/iter=0.113s eta=1:54:26
[14100/75000] loss=0.7898 lr=4.6E-04 time/iter=0.113s eta=1:54:16
[14200/75000] loss=0.7885 lr=4.6E-04 time/iter=0.113s eta=1:54:04
[14300/75000] loss=0.7869 lr=4.6E-04 time/iter=0.113s eta=1:53:52
Epoch 17 complete. Average loss: 0.7878
[14400/75000] loss=0.8185 lr=4.6E-04 time/iter=0.113s eta=1:53:41
[14500/75000] loss=0.7987 lr=4.6E-04 time/iter=0.113s eta=1:53:30
[14600/75000] loss=0.8226 lr=4.5E-04 time/iter=0.113s eta=1:53:18
[14700/75000] loss=0.8357 lr=4.5E-04 time/iter=0.113s eta=1:53:07
[14800/75000] loss=0.8316 lr=4.5E-04 time/iter=0.113s eta=1:52:56
[14900/75000] loss=0.8256 lr=4.5E-04 time/iter=0.113s eta=1:52:45
[15000/75000] loss=0.8379 lr=4.5E-04 time/iter=0.113s eta=1:52:34
Saving checkpoint to ./runs/checkpoints/checkpoints_gru_mhsa2/checkpoint-15000.pth...
Checkpoint saved.
[15100/75000] loss=0.8356 lr=4.5E-04 time/iter=0.113s eta=1:52:23
Epoch 18 complete. Average loss: 0.8372
[15200/75000] loss=0.8686 lr=4.5E-04 time/iter=0.113s eta=1:52:12
[15300/75000] loss=0.8541 lr=4.5E-04 time/iter=0.113s eta=1:52:00
[15400/75000] loss=0.8460 lr=4.5E-04 time/iter=0.113s eta=1:51:49
[15500/75000] loss=0.8308 lr=4.5E-04 time/iter=0.113s eta=1:51:37
[15600/75000] loss=0.8410 lr=4.5E-04 time/iter=0.113s eta=1:51:25
[15700/75000] loss=0.8431 lr=4.5E-04 time/iter=0.113s eta=1:51:13
[15800/75000] loss=0.8383 lr=4.5E-04 time/iter=0.113s eta=1:51:02
[15900/75000] loss=0.8326 lr=4.5E-04 time/iter=0.113s eta=1:50:51
[16000/75000] loss=0.8301 lr=4.5E-04 time/iter=0.113s eta=1:50:40
Epoch 19 complete. Average loss: 0.8280
[16100/75000] loss=0.7758 lr=4.5E-04 time/iter=0.113s eta=1:50:29
[16200/75000] loss=0.7811 lr=4.4E-04 time/iter=0.113s eta=1:50:17
[16300/75000] loss=0.7788 lr=4.4E-04 time/iter=0.113s eta=1:50:06
[16400/75000] loss=0.7786 lr=4.4E-04 time/iter=0.113s eta=1:49:55
[16500/75000] loss=0.7777 lr=4.4E-04 time/iter=0.113s eta=1:49:43
[16600/75000] loss=0.7791 lr=4.4E-04 time/iter=0.113s eta=1:49:32
[16700/75000] loss=0.7789 lr=4.4E-04 time/iter=0.113s eta=1:49:20
[16800/75000] loss=0.7789 lr=4.4E-04 time/iter=0.113s eta=1:49:09
Epoch 20 complete. Average loss: 0.7795
[16900/75000] loss=0.7730 lr=4.4E-04 time/iter=0.113s eta=1:48:58
[17000/75000] loss=0.7792 lr=4.4E-04 time/iter=0.113s eta=1:48:46
[17100/75000] loss=0.7780 lr=4.4E-04 time/iter=0.113s eta=1:48:35
[17200/75000] loss=0.7774 lr=4.4E-04 time/iter=0.113s eta=1:48:24
[17300/75000] loss=0.7778 lr=4.4E-04 time/iter=0.113s eta=1:48:12
[17400/75000] loss=0.7774 lr=4.4E-04 time/iter=0.113s eta=1:48:01
[17500/75000] loss=0.7844 lr=4.4E-04 time/iter=0.113s eta=1:47:50
[17600/75000] loss=0.7937 lr=4.4E-04 time/iter=0.113s eta=1:47:38
[17700/75000] loss=0.8018 lr=4.3E-04 time/iter=0.113s eta=1:47:27
Epoch 21 complete. Average loss: 0.8024
[17800/75000] loss=0.8310 lr=4.3E-04 time/iter=0.113s eta=1:47:15
[17900/75000] loss=0.8058 lr=4.3E-04 time/iter=0.113s eta=1:47:04
[18000/75000] loss=0.8029 lr=4.3E-04 time/iter=0.113s eta=1:46:52
[18100/75000] loss=0.8004 lr=4.3E-04 time/iter=0.113s eta=1:46:41
[18200/75000] loss=0.7994 lr=4.3E-04 time/iter=0.112s eta=1:46:29
[18300/75000] loss=0.7975 lr=4.3E-04 time/iter=0.112s eta=1:46:18
[18400/75000] loss=0.7968 lr=4.3E-04 time/iter=0.112s eta=1:46:07
[18500/75000] loss=0.7941 lr=4.3E-04 time/iter=0.112s eta=1:45:55
Epoch 22 complete. Average loss: 0.7927
[18600/75000] loss=0.7734 lr=4.3E-04 time/iter=0.113s eta=1:45:45
[18700/75000] loss=0.7771 lr=4.3E-04 time/iter=0.112s eta=1:45:33
[18800/75000] loss=0.7765 lr=4.3E-04 time/iter=0.112s eta=1:45:22
[18900/75000] loss=0.7785 lr=4.3E-04 time/iter=0.112s eta=1:45:11
[19000/75000] loss=0.7816 lr=4.2E-04 time/iter=0.112s eta=1:44:59
[19100/75000] loss=0.7823 lr=4.2E-04 time/iter=0.112s eta=1:44:48
[19200/75000] loss=0.7843 lr=4.2E-04 time/iter=0.112s eta=1:44:37
[19300/75000] loss=0.7838 lr=4.2E-04 time/iter=0.112s eta=1:44:25
[19400/75000] loss=0.7878 lr=4.2E-04 time/iter=0.112s eta=1:44:14
Epoch 23 complete. Average loss: 0.7883
[19500/75000] loss=0.7778 lr=4.2E-04 time/iter=0.112s eta=1:44:03
[19600/75000] loss=0.7887 lr=4.2E-04 time/iter=0.112s eta=1:43:51
[19700/75000] loss=0.8369 lr=4.2E-04 time/iter=0.112s eta=1:43:40
[19800/75000] loss=0.8387 lr=4.2E-04 time/iter=0.112s eta=1:43:29
[19900/75000] loss=0.8274 lr=4.2E-04 time/iter=0.112s eta=1:43:17
[20000/75000] loss=0.8194 lr=4.2E-04 time/iter=0.112s eta=1:43:06
[20100/75000] loss=0.8134 lr=4.2E-04 time/iter=0.112s eta=1:42:54
[20200/75000] loss=0.8082 lr=4.2E-04 time/iter=0.112s eta=1:42:43
Epoch 24 complete. Average loss: 0.8065
[20300/75000] loss=0.7712 lr=4.1E-04 time/iter=0.112s eta=1:42:32
[20400/75000] loss=0.7743 lr=4.1E-04 time/iter=0.112s eta=1:42:20
[20500/75000] loss=0.7762 lr=4.1E-04 time/iter=0.112s eta=1:42:10
[20600/75000] loss=0.7799 lr=4.1E-04 time/iter=0.112s eta=1:41:58
[20700/75000] loss=0.7817 lr=4.1E-04 time/iter=0.112s eta=1:41:47
[20800/75000] loss=0.7804 lr=4.1E-04 time/iter=0.112s eta=1:41:36
[20900/75000] loss=0.7791 lr=4.1E-04 time/iter=0.112s eta=1:41:25
[21000/75000] loss=0.7779 lr=4.1E-04 time/iter=0.112s eta=1:41:13
[21100/75000] loss=0.7780 lr=4.1E-04 time/iter=0.112s eta=1:41:01
Epoch 25 complete. Average loss: 0.7780
[21200/75000] loss=0.7806 lr=4.1E-04 time/iter=0.112s eta=1:40:51
[21300/75000] loss=0.7773 lr=4.1E-04 time/iter=0.112s eta=1:40:39
[21400/75000] loss=0.7851 lr=4.1E-04 time/iter=0.112s eta=1:40:27
[21500/75000] loss=0.7908 lr=4.1E-04 time/iter=0.112s eta=1:40:16
[21600/75000] loss=0.7878 lr=4.0E-04 time/iter=0.112s eta=1:40:04
[21700/75000] loss=0.7851 lr=4.0E-04 time/iter=0.112s eta=1:39:53
[21800/75000] loss=0.7837 lr=4.0E-04 time/iter=0.112s eta=1:39:42
[21900/75000] loss=0.7914 lr=4.0E-04 time/iter=0.112s eta=1:39:31
Epoch 26 complete. Average loss: 0.7929
[22000/75000] loss=0.7812 lr=4.0E-04 time/iter=0.112s eta=1:39:19
[22100/75000] loss=0.7792 lr=4.0E-04 time/iter=0.112s eta=1:39:08
[22200/75000] loss=0.7766 lr=4.0E-04 time/iter=0.112s eta=1:38:57
[22300/75000] loss=0.7923 lr=4.0E-04 time/iter=0.112s eta=1:38:46
[22400/75000] loss=0.7896 lr=4.0E-04 time/iter=0.112s eta=1:38:34
[22500/75000] loss=0.7871 lr=4.0E-04 time/iter=0.112s eta=1:38:23
Saving checkpoint to ./runs/checkpoints/checkpoints_gru_mhsa2/checkpoint-22500.pth...
Checkpoint saved.
[22600/75000] loss=0.7853 lr=4.0E-04 time/iter=0.112s eta=1:38:12
[22700/75000] loss=0.7835 lr=4.0E-04 time/iter=0.112s eta=1:38:01
Epoch 27 complete. Average loss: 0.7825
[22800/75000] loss=0.8605 lr=3.9E-04 time/iter=0.112s eta=1:37:50
[22900/75000] loss=0.7819 lr=3.9E-04 time/iter=0.112s eta=1:37:38
[23000/75000] loss=0.7915 lr=3.9E-04 time/iter=0.112s eta=1:37:27
[23100/75000] loss=0.7939 lr=3.9E-04 time/iter=0.112s eta=1:37:16
[23200/75000] loss=0.7920 lr=3.9E-04 time/iter=0.112s eta=1:37:05
[23300/75000] loss=0.8125 lr=3.9E-04 time/iter=0.112s eta=1:36:53
[23400/75000] loss=0.8275 lr=3.9E-04 time/iter=0.112s eta=1:36:42
[23500/75000] loss=0.8316 lr=3.9E-04 time/iter=0.112s eta=1:36:31
[23600/75000] loss=0.8339 lr=3.9E-04 time/iter=0.112s eta=1:36:19
Epoch 28 complete. Average loss: 0.8327
[23700/75000] loss=0.7871 lr=3.9E-04 time/iter=0.112s eta=1:36:08
[23800/75000] loss=0.8185 lr=3.9E-04 time/iter=0.112s eta=1:35:57
[23900/75000] loss=0.8034 lr=3.8E-04 time/iter=0.112s eta=1:35:45
[24000/75000] loss=0.7964 lr=3.8E-04 time/iter=0.112s eta=1:35:34
[24100/75000] loss=0.7987 lr=3.8E-04 time/iter=0.112s eta=1:35:23
[24200/75000] loss=0.8019 lr=3.8E-04 time/iter=0.112s eta=1:35:11
[24300/75000] loss=0.7975 lr=3.8E-04 time/iter=0.112s eta=1:35:00
[24400/75000] loss=0.7946 lr=3.8E-04 time/iter=0.112s eta=1:34:49
Epoch 29 complete. Average loss: 0.7927
[24500/75000] loss=0.7686 lr=3.8E-04 time/iter=0.112s eta=1:34:38
[24600/75000] loss=0.7745 lr=3.8E-04 time/iter=0.112s eta=1:34:27
[24700/75000] loss=0.7756 lr=3.8E-04 time/iter=0.112s eta=1:34:15
[24800/75000] loss=0.7748 lr=3.8E-04 time/iter=0.112s eta=1:34:04
[24900/75000] loss=0.7741 lr=3.8E-04 time/iter=0.112s eta=1:33:52
[25000/75000] loss=0.7736 lr=3.7E-04 time/iter=0.112s eta=1:33:41
[25100/75000] loss=0.7739 lr=3.7E-04 time/iter=0.112s eta=1:33:30
[25200/75000] loss=0.7734 lr=3.7E-04 time/iter=0.112s eta=1:33:19
[25300/75000] loss=0.7736 lr=3.7E-04 time/iter=0.112s eta=1:33:08
Epoch 30 complete. Average loss: 0.7736
[25400/75000] loss=0.7763 lr=3.7E-04 time/iter=0.112s eta=1:32:56
[25500/75000] loss=0.8197 lr=3.7E-04 time/iter=0.112s eta=1:32:45
[25600/75000] loss=0.8114 lr=3.7E-04 time/iter=0.112s eta=1:32:34
[25700/75000] loss=0.8106 lr=3.7E-04 time/iter=0.112s eta=1:32:23
[25800/75000] loss=0.8069 lr=3.7E-04 time/iter=0.112s eta=1:32:12
[25900/75000] loss=0.8016 lr=3.7E-04 time/iter=0.112s eta=1:32:00
[26000/75000] loss=0.7986 lr=3.7E-04 time/iter=0.112s eta=1:31:49
[26100/75000] loss=0.7957 lr=3.6E-04 time/iter=0.112s eta=1:31:37
Epoch 31 complete. Average loss: 0.7954
[26200/75000] loss=0.7838 lr=3.6E-04 time/iter=0.112s eta=1:31:26
[26300/75000] loss=0.7809 lr=3.6E-04 time/iter=0.112s eta=1:31:15
[26400/75000] loss=0.7811 lr=3.6E-04 time/iter=0.112s eta=1:31:03
[26500/75000] loss=0.7787 lr=3.6E-04 time/iter=0.112s eta=1:30:52
[26600/75000] loss=0.7780 lr=3.6E-04 time/iter=0.112s eta=1:30:41
[26700/75000] loss=0.7772 lr=3.6E-04 time/iter=0.112s eta=1:30:29
[26800/75000] loss=0.7761 lr=3.6E-04 time/iter=0.112s eta=1:30:18
[26900/75000] loss=0.7774 lr=3.6E-04 time/iter=0.112s eta=1:30:07
[27000/75000] loss=0.7868 lr=3.6E-04 time/iter=0.112s eta=1:29:56
Epoch 32 complete. Average loss: 0.7875
[27100/75000] loss=0.8147 lr=3.6E-04 time/iter=0.112s eta=1:29:44
[27200/75000] loss=0.8094 lr=3.5E-04 time/iter=0.112s eta=1:29:33
[27300/75000] loss=0.8079 lr=3.5E-04 time/iter=0.112s eta=1:29:22
[27400/75000] loss=0.8267 lr=3.5E-04 time/iter=0.112s eta=1:29:11
[27500/75000] loss=0.8346 lr=3.5E-04 time/iter=0.112s eta=1:28:59
[27600/75000] loss=0.8359 lr=3.5E-04 time/iter=0.112s eta=1:28:48
[27700/75000] loss=0.8309 lr=3.5E-04 time/iter=0.112s eta=1:28:37
[27800/75000] loss=0.8250 lr=3.5E-04 time/iter=0.112s eta=1:28:25
Epoch 33 complete. Average loss: 0.8234
[27900/75000] loss=0.7880 lr=3.5E-04 time/iter=0.112s eta=1:28:14
[28000/75000] loss=0.8087 lr=3.5E-04 time/iter=0.112s eta=1:28:03
[28100/75000] loss=0.7986 lr=3.5E-04 time/iter=0.112s eta=1:27:52
[28200/75000] loss=0.7918 lr=3.4E-04 time/iter=0.112s eta=1:27:41
[28300/75000] loss=0.7922 lr=3.4E-04 time/iter=0.112s eta=1:27:29
[28400/75000] loss=0.7885 lr=3.4E-04 time/iter=0.112s eta=1:27:18
[28500/75000] loss=0.7921 lr=3.4E-04 time/iter=0.112s eta=1:27:06
[28600/75000] loss=0.7900 lr=3.4E-04 time/iter=0.112s eta=1:26:55
Epoch 34 complete. Average loss: 0.7969
[28700/75000] loss=0.7830 lr=3.4E-04 time/iter=0.112s eta=1:26:44
[28800/75000] loss=0.8036 lr=3.4E-04 time/iter=0.112s eta=1:26:33
[28900/75000] loss=0.9030 lr=3.4E-04 time/iter=0.112s eta=1:26:21
[29000/75000] loss=0.8931 lr=3.4E-04 time/iter=0.112s eta=1:26:10
[29100/75000] loss=0.8968 lr=3.4E-04 time/iter=0.112s eta=1:25:59
[29200/75000] loss=0.8907 lr=3.4E-04 time/iter=0.112s eta=1:25:48
[29300/75000] loss=0.8923 lr=3.3E-04 time/iter=0.112s eta=1:25:37
[29400/75000] loss=0.8878 lr=3.3E-04 time/iter=0.112s eta=1:25:25
[29500/75000] loss=0.8826 lr=3.3E-04 time/iter=0.112s eta=1:25:14
Epoch 35 complete. Average loss: 0.8811
[29600/75000] loss=0.8518 lr=3.3E-04 time/iter=0.112s eta=1:25:02
[29700/75000] loss=0.8629 lr=3.3E-04 time/iter=0.112s eta=1:24:51
[29800/75000] loss=0.8554 lr=3.3E-04 time/iter=0.112s eta=1:24:40
[29900/75000] loss=0.8540 lr=3.3E-04 time/iter=0.112s eta=1:24:29
[30000/75000] loss=0.8531 lr=3.3E-04 time/iter=0.112s eta=1:24:17
Saving checkpoint to ./runs/checkpoints/checkpoints_gru_mhsa2/checkpoint-30000.pth...
Checkpoint saved.
[30100/75000] loss=0.8503 lr=3.3E-04 time/iter=0.112s eta=1:24:06
[30200/75000] loss=0.8504 lr=3.3E-04 time/iter=0.112s eta=1:23:55
[30300/75000] loss=0.8536 lr=3.2E-04 time/iter=0.112s eta=1:23:44
Epoch 36 complete. Average loss: 0.8533
[30400/75000] loss=0.8342 lr=3.2E-04 time/iter=0.112s eta=1:23:33
[30500/75000] loss=0.8406 lr=3.2E-04 time/iter=0.112s eta=1:23:21
[30600/75000] loss=0.8391 lr=3.2E-04 time/iter=0.112s eta=1:23:10
[30700/75000] loss=0.8393 lr=3.2E-04 time/iter=0.112s eta=1:22:59
[30800/75000] loss=0.8384 lr=3.2E-04 time/iter=0.112s eta=1:22:47
[30900/75000] loss=0.8376 lr=3.2E-04 time/iter=0.112s eta=1:22:36
[31000/75000] loss=0.8357 lr=3.2E-04 time/iter=0.112s eta=1:22:25
[31100/75000] loss=0.8352 lr=3.2E-04 time/iter=0.112s eta=1:22:14
[31200/75000] loss=0.8361 lr=3.2E-04 time/iter=0.112s eta=1:22:03
Epoch 37 complete. Average loss: 0.8363
[31300/75000] loss=0.8392 lr=3.1E-04 time/iter=0.112s eta=1:21:51
[31400/75000] loss=0.8366 lr=3.1E-04 time/iter=0.112s eta=1:21:40
[31500/75000] loss=0.8331 lr=3.1E-04 time/iter=0.112s eta=1:21:29
[31600/75000] loss=0.8356 lr=3.1E-04 time/iter=0.112s eta=1:21:18
[31700/75000] loss=0.8251 lr=3.1E-04 time/iter=0.112s eta=1:21:06
[31800/75000] loss=0.8162 lr=3.1E-04 time/iter=0.112s eta=1:20:55
[31900/75000] loss=0.8098 lr=3.1E-04 time/iter=0.112s eta=1:20:44
[32000/75000] loss=0.8065 lr=3.1E-04 time/iter=0.112s eta=1:20:33
Epoch 38 complete. Average loss: 0.8041
[32100/75000] loss=0.7752 lr=3.1E-04 time/iter=0.112s eta=1:20:21
[32200/75000] loss=0.7813 lr=3.1E-04 time/iter=0.112s eta=1:20:10
[32300/75000] loss=0.7778 lr=3.0E-04 time/iter=0.112s eta=1:19:59
[32400/75000] loss=0.7779 lr=3.0E-04 time/iter=0.112s eta=1:19:48
[32500/75000] loss=0.7787 lr=3.0E-04 time/iter=0.112s eta=1:19:36
[32600/75000] loss=0.7797 lr=3.0E-04 time/iter=0.112s eta=1:19:25
[32700/75000] loss=0.7785 lr=3.0E-04 time/iter=0.112s eta=1:19:14
[32800/75000] loss=0.7788 lr=3.0E-04 time/iter=0.112s eta=1:19:02
[32900/75000] loss=0.7791 lr=3.0E-04 time/iter=0.112s eta=1:18:51
Epoch 39 complete. Average loss: 0.7789
[33000/75000] loss=0.7762 lr=3.0E-04 time/iter=0.112s eta=1:18:40
[33100/75000] loss=0.7740 lr=3.0E-04 time/iter=0.112s eta=1:18:28
[33200/75000] loss=0.7763 lr=2.9E-04 time/iter=0.112s eta=1:18:17
[33300/75000] loss=0.7749 lr=2.9E-04 time/iter=0.112s eta=1:18:06
[33400/75000] loss=0.7830 lr=2.9E-04 time/iter=0.112s eta=1:17:55
[33500/75000] loss=0.7818 lr=2.9E-04 time/iter=0.112s eta=1:17:43
[33600/75000] loss=0.7800 lr=2.9E-04 time/iter=0.112s eta=1:17:32
[33700/75000] loss=0.7785 lr=2.9E-04 time/iter=0.112s eta=1:17:21
Epoch 40 complete. Average loss: 0.7790
[33800/75000] loss=0.7695 lr=2.9E-04 time/iter=0.112s eta=1:17:10
[33900/75000] loss=0.7698 lr=2.9E-04 time/iter=0.112s eta=1:16:58
[34000/75000] loss=0.7697 lr=2.9E-04 time/iter=0.112s eta=1:16:47
[34100/75000] loss=0.7699 lr=2.9E-04 time/iter=0.112s eta=1:16:36
[34200/75000] loss=0.7695 lr=2.8E-04 time/iter=0.112s eta=1:16:25
[34300/75000] loss=0.7721 lr=2.8E-04 time/iter=0.112s eta=1:16:13
[34400/75000] loss=0.7741 lr=2.8E-04 time/iter=0.112s eta=1:16:02
[34500/75000] loss=0.7738 lr=2.8E-04 time/iter=0.112s eta=1:15:51
[34600/75000] loss=0.7740 lr=2.8E-04 time/iter=0.112s eta=1:15:40
Epoch 41 complete. Average loss: 0.7744
[34700/75000] loss=0.7799 lr=2.8E-04 time/iter=0.112s eta=1:15:28
[34800/75000] loss=0.7747 lr=2.8E-04 time/iter=0.112s eta=1:15:17
[34900/75000] loss=0.7731 lr=2.8E-04 time/iter=0.112s eta=1:15:06
[35000/75000] loss=0.7721 lr=2.8E-04 time/iter=0.112s eta=1:14:54
[35100/75000] loss=0.7716 lr=2.8E-04 time/iter=0.112s eta=1:14:43
[35200/75000] loss=0.7766 lr=2.7E-04 time/iter=0.112s eta=1:14:32
[35300/75000] loss=0.7818 lr=2.7E-04 time/iter=0.112s eta=1:14:21
[35400/75000] loss=0.7829 lr=2.7E-04 time/iter=0.112s eta=1:14:10
Epoch 42 complete. Average loss: 0.7821
[35500/75000] loss=0.7680 lr=2.7E-04 time/iter=0.112s eta=1:13:58
[35600/75000] loss=0.7690 lr=2.7E-04 time/iter=0.112s eta=1:13:47
[35700/75000] loss=0.7686 lr=2.7E-04 time/iter=0.112s eta=1:13:36
[35800/75000] loss=0.7825 lr=2.7E-04 time/iter=0.112s eta=1:13:24
[35900/75000] loss=0.7892 lr=2.7E-04 time/iter=0.112s eta=1:13:13
[36000/75000] loss=0.7854 lr=2.7E-04 time/iter=0.112s eta=1:13:02
[36100/75000] loss=0.7832 lr=2.6E-04 time/iter=0.112s eta=1:12:51
[36200/75000] loss=0.7821 lr=2.6E-04 time/iter=0.112s eta=1:12:40
Epoch 43 complete. Average loss: 0.7807
[36300/75000] loss=0.7674 lr=2.6E-04 time/iter=0.112s eta=1:12:28
[36400/75000] loss=0.7699 lr=2.6E-04 time/iter=0.112s eta=1:12:17
[36500/75000] loss=0.7721 lr=2.6E-04 time/iter=0.112s eta=1:12:06
[36600/75000] loss=0.7709 lr=2.6E-04 time/iter=0.112s eta=1:11:55
[36700/75000] loss=0.7704 lr=2.6E-04 time/iter=0.112s eta=1:11:43
[36800/75000] loss=0.7700 lr=2.6E-04 time/iter=0.112s eta=1:11:32
[36900/75000] loss=0.7710 lr=2.6E-04 time/iter=0.112s eta=1:11:21
[37000/75000] loss=0.7704 lr=2.6E-04 time/iter=0.112s eta=1:11:09
[37100/75000] loss=0.7704 lr=2.5E-04 time/iter=0.112s eta=1:10:58
Epoch 44 complete. Average loss: 0.7725
[37200/75000] loss=0.7684 lr=2.5E-04 time/iter=0.112s eta=1:10:47
[37300/75000] loss=0.8294 lr=2.5E-04 time/iter=0.112s eta=1:10:36
[37400/75000] loss=0.8189 lr=2.5E-04 time/iter=0.112s eta=1:10:24
[37500/75000] loss=0.8071 lr=2.5E-04 time/iter=0.112s eta=1:10:13
Saving checkpoint to ./runs/checkpoints/checkpoints_gru_mhsa2/checkpoint-37500.pth...
Checkpoint saved.
[37600/75000] loss=0.8088 lr=2.5E-04 time/iter=0.112s eta=1:10:02
[37700/75000] loss=0.8022 lr=2.5E-04 time/iter=0.112s eta=1:09:51
[37800/75000] loss=0.7973 lr=2.5E-04 time/iter=0.112s eta=1:09:40
[37900/75000] loss=0.7933 lr=2.5E-04 time/iter=0.112s eta=1:09:29
Epoch 45 complete. Average loss: 0.7911
[38000/75000] loss=1.0447 lr=2.4E-04 time/iter=0.112s eta=1:09:17
[38100/75000] loss=0.8809 lr=2.4E-04 time/iter=0.112s eta=1:09:06
[38200/75000] loss=0.8488 lr=2.4E-04 time/iter=0.112s eta=1:08:55
[38300/75000] loss=0.8313 lr=2.4E-04 time/iter=0.112s eta=1:08:43
[38400/75000] loss=0.8172 lr=2.4E-04 time/iter=0.112s eta=1:08:32
[38500/75000] loss=0.8191 lr=2.4E-04 time/iter=0.112s eta=1:08:21
[38600/75000] loss=0.8152 lr=2.4E-04 time/iter=0.112s eta=1:08:10
[38700/75000] loss=0.8093 lr=2.4E-04 time/iter=0.112s eta=1:07:59
[38800/75000] loss=0.8057 lr=2.4E-04 time/iter=0.112s eta=1:07:47
Epoch 46 complete. Average loss: 0.8047
[38900/75000] loss=0.7715 lr=2.4E-04 time/iter=0.112s eta=1:07:36
[39000/75000] loss=0.7706 lr=2.3E-04 time/iter=0.112s eta=1:07:25
[39100/75000] loss=0.7701 lr=2.3E-04 time/iter=0.112s eta=1:07:13
[39200/75000] loss=0.7780 lr=2.3E-04 time/iter=0.112s eta=1:07:02
[39300/75000] loss=0.7780 lr=2.3E-04 time/iter=0.112s eta=1:06:51
[39400/75000] loss=0.7769 lr=2.3E-04 time/iter=0.112s eta=1:06:40
[39500/75000] loss=0.7760 lr=2.3E-04 time/iter=0.112s eta=1:06:28
[39600/75000] loss=0.7751 lr=2.3E-04 time/iter=0.112s eta=1:06:17
Epoch 47 complete. Average loss: 0.7749
[39700/75000] loss=0.7689 lr=2.3E-04 time/iter=0.112s eta=1:06:06
[39800/75000] loss=0.7710 lr=2.3E-04 time/iter=0.112s eta=1:05:55
[39900/75000] loss=0.7699 lr=2.2E-04 time/iter=0.112s eta=1:05:44
[40000/75000] loss=0.7703 lr=2.2E-04 time/iter=0.112s eta=1:05:32
[40100/75000] loss=0.7800 lr=2.2E-04 time/iter=0.112s eta=1:05:21
[40200/75000] loss=0.7787 lr=2.2E-04 time/iter=0.112s eta=1:05:10
[40300/75000] loss=0.7776 lr=2.2E-04 time/iter=0.112s eta=1:04:59
[40400/75000] loss=0.7769 lr=2.2E-04 time/iter=0.112s eta=1:04:47
[40500/75000] loss=0.7761 lr=2.2E-04 time/iter=0.112s eta=1:04:36
Epoch 48 complete. Average loss: 0.7761
[40600/75000] loss=0.7963 lr=2.2E-04 time/iter=0.112s eta=1:04:25
[40700/75000] loss=0.7821 lr=2.2E-04 time/iter=0.112s eta=1:04:14
[40800/75000] loss=0.7780 lr=2.2E-04 time/iter=0.112s eta=1:04:03
[40900/75000] loss=0.7761 lr=2.1E-04 time/iter=0.112s eta=1:03:51
[41000/75000] loss=0.7743 lr=2.1E-04 time/iter=0.112s eta=1:03:40
[41100/75000] loss=0.7736 lr=2.1E-04 time/iter=0.112s eta=1:03:29
[41200/75000] loss=0.7734 lr=2.1E-04 time/iter=0.112s eta=1:03:18
[41300/75000] loss=0.7732 lr=2.1E-04 time/iter=0.112s eta=1:03:06
Epoch 49 complete. Average loss: 0.7728
[41400/75000] loss=0.7720 lr=2.1E-04 time/iter=0.112s eta=1:02:55
[41500/75000] loss=0.7698 lr=2.1E-04 time/iter=0.112s eta=1:02:44
[41600/75000] loss=0.7710 lr=2.1E-04 time/iter=0.112s eta=1:02:32
[41700/75000] loss=0.7711 lr=2.1E-04 time/iter=0.112s eta=1:02:21
[41800/75000] loss=0.7711 lr=2.1E-04 time/iter=0.112s eta=1:02:10
[41900/75000] loss=0.7829 lr=2.0E-04 time/iter=0.112s eta=1:01:59
[42000/75000] loss=0.7809 lr=2.0E-04 time/iter=0.112s eta=1:01:47
[42100/75000] loss=0.7803 lr=2.0E-04 time/iter=0.112s eta=1:01:36
[42200/75000] loss=0.7790 lr=2.0E-04 time/iter=0.112s eta=1:01:25
Epoch 50 complete. Average loss: 0.7790
[42300/75000] loss=0.7688 lr=2.0E-04 time/iter=0.112s eta=1:01:14
[42400/75000] loss=0.7684 lr=2.0E-04 time/iter=0.112s eta=1:01:02
[42500/75000] loss=0.7689 lr=2.0E-04 time/iter=0.112s eta=1:00:51
[42600/75000] loss=0.7698 lr=2.0E-04 time/iter=0.112s eta=1:00:40
[42700/75000] loss=0.7695 lr=2.0E-04 time/iter=0.112s eta=1:00:29
[42800/75000] loss=0.7696 lr=1.9E-04 time/iter=0.112s eta=1:00:17
[42900/75000] loss=0.7695 lr=1.9E-04 time/iter=0.112s eta=1:00:06
[43000/75000] loss=0.7694 lr=1.9E-04 time/iter=0.112s eta=0:59:55
Epoch 51 complete. Average loss: 0.7693
[43100/75000] loss=0.7742 lr=1.9E-04 time/iter=0.112s eta=0:59:44
[43200/75000] loss=0.7695 lr=1.9E-04 time/iter=0.112s eta=0:59:33
[43300/75000] loss=0.7693 lr=1.9E-04 time/iter=0.112s eta=0:59:21
[43400/75000] loss=0.7701 lr=1.9E-04 time/iter=0.112s eta=0:59:10
[43500/75000] loss=0.7704 lr=1.9E-04 time/iter=0.112s eta=0:58:59
[43600/75000] loss=0.7715 lr=1.9E-04 time/iter=0.112s eta=0:58:48
[43700/75000] loss=0.7712 lr=1.9E-04 time/iter=0.112s eta=0:58:36
[43800/75000] loss=0.7713 lr=1.8E-04 time/iter=0.112s eta=0:58:25
Epoch 52 complete. Average loss: 0.7713
[43900/75000] loss=0.7693 lr=1.8E-04 time/iter=0.112s eta=0:58:14
[44000/75000] loss=0.7708 lr=1.8E-04 time/iter=0.112s eta=0:58:03
[44100/75000] loss=0.7707 lr=1.8E-04 time/iter=0.112s eta=0:57:51
[44200/75000] loss=0.7713 lr=1.8E-04 time/iter=0.112s eta=0:57:40
[44300/75000] loss=0.7712 lr=1.8E-04 time/iter=0.112s eta=0:57:29
[44400/75000] loss=0.7707 lr=1.8E-04 time/iter=0.112s eta=0:57:18
[44500/75000] loss=0.7706 lr=1.8E-04 time/iter=0.112s eta=0:57:06
[44600/75000] loss=0.7704 lr=1.8E-04 time/iter=0.112s eta=0:56:55
[44700/75000] loss=0.7702 lr=1.8E-04 time/iter=0.112s eta=0:56:44
Epoch 53 complete. Average loss: 0.7702
[44800/75000] loss=0.7687 lr=1.7E-04 time/iter=0.112s eta=0:56:33
[44900/75000] loss=0.7745 lr=1.7E-04 time/iter=0.112s eta=0:56:22
[45000/75000] loss=0.7736 lr=1.7E-04 time/iter=0.112s eta=0:56:10
Saving checkpoint to ./runs/checkpoints/checkpoints_gru_mhsa2/checkpoint-45000.pth...
Checkpoint saved.
[45100/75000] loss=0.7727 lr=1.7E-04 time/iter=0.112s eta=0:55:59
[45200/75000] loss=0.7722 lr=1.7E-04 time/iter=0.112s eta=0:55:48
[45300/75000] loss=0.7714 lr=1.7E-04 time/iter=0.112s eta=0:55:37
[45400/75000] loss=0.7716 lr=1.7E-04 time/iter=0.112s eta=0:55:25
[45500/75000] loss=0.7713 lr=1.7E-04 time/iter=0.112s eta=0:55:14
Epoch 54 complete. Average loss: 0.7713
[45600/75000] loss=0.7703 lr=1.7E-04 time/iter=0.112s eta=0:55:03
[45700/75000] loss=0.7712 lr=1.7E-04 time/iter=0.112s eta=0:54:52
[45800/75000] loss=0.7726 lr=1.6E-04 time/iter=0.112s eta=0:54:40
[45900/75000] loss=0.7714 lr=1.6E-04 time/iter=0.112s eta=0:54:29
[46000/75000] loss=0.7708 lr=1.6E-04 time/iter=0.112s eta=0:54:18
[46100/75000] loss=0.7791 lr=1.6E-04 time/iter=0.112s eta=0:54:07
[46200/75000] loss=0.7776 lr=1.6E-04 time/iter=0.112s eta=0:53:56
[46300/75000] loss=0.7778 lr=1.6E-04 time/iter=0.112s eta=0:53:44
[46400/75000] loss=0.7783 lr=1.6E-04 time/iter=0.112s eta=0:53:33
Epoch 55 complete. Average loss: 0.7808
[46500/75000] loss=0.8061 lr=1.6E-04 time/iter=0.112s eta=0:53:22
[46600/75000] loss=0.7863 lr=1.6E-04 time/iter=0.112s eta=0:53:11
[46700/75000] loss=0.7812 lr=1.6E-04 time/iter=0.112s eta=0:52:59
[46800/75000] loss=0.7818 lr=1.6E-04 time/iter=0.112s eta=0:52:48
[46900/75000] loss=0.7795 lr=1.5E-04 time/iter=0.112s eta=0:52:37
[47000/75000] loss=0.7779 lr=1.5E-04 time/iter=0.112s eta=0:52:26
[47100/75000] loss=0.7764 lr=1.5E-04 time/iter=0.112s eta=0:52:14
[47200/75000] loss=0.7789 lr=1.5E-04 time/iter=0.112s eta=0:52:03
Epoch 56 complete. Average loss: 0.7782
[47300/75000] loss=0.7690 lr=1.5E-04 time/iter=0.112s eta=0:51:52
[47400/75000] loss=0.7694 lr=1.5E-04 time/iter=0.112s eta=0:51:41
[47500/75000] loss=0.7691 lr=1.5E-04 time/iter=0.112s eta=0:51:30
[47600/75000] loss=0.7692 lr=1.5E-04 time/iter=0.112s eta=0:51:18
[47700/75000] loss=0.7691 lr=1.5E-04 time/iter=0.112s eta=0:51:07
[47800/75000] loss=0.7690 lr=1.5E-04 time/iter=0.112s eta=0:50:56
[47900/75000] loss=0.7691 lr=1.4E-04 time/iter=0.112s eta=0:50:45
[48000/75000] loss=0.7694 lr=1.4E-04 time/iter=0.112s eta=0:50:33
[48100/75000] loss=0.7695 lr=1.4E-04 time/iter=0.112s eta=0:50:22
Epoch 57 complete. Average loss: 0.7695
[48200/75000] loss=0.7701 lr=1.4E-04 time/iter=0.112s eta=0:50:11
[48300/75000] loss=0.7702 lr=1.4E-04 time/iter=0.112s eta=0:50:00
[48400/75000] loss=0.7812 lr=1.4E-04 time/iter=0.112s eta=0:49:48
[48500/75000] loss=0.8175 lr=1.4E-04 time/iter=0.112s eta=0:49:37
[48600/75000] loss=0.8223 lr=1.4E-04 time/iter=0.112s eta=0:49:26
[48700/75000] loss=0.8257 lr=1.4E-04 time/iter=0.112s eta=0:49:15
[48800/75000] loss=0.8255 lr=1.4E-04 time/iter=0.112s eta=0:49:03
[48900/75000] loss=0.8233 lr=1.4E-04 time/iter=0.112s eta=0:48:52
Epoch 58 complete. Average loss: 0.8201
[49000/75000] loss=0.7677 lr=1.3E-04 time/iter=0.112s eta=0:48:41
[49100/75000] loss=0.7704 lr=1.3E-04 time/iter=0.112s eta=0:48:30
[49200/75000] loss=0.7697 lr=1.3E-04 time/iter=0.112s eta=0:48:18
[49300/75000] loss=0.7722 lr=1.3E-04 time/iter=0.112s eta=0:48:07
[49400/75000] loss=0.7716 lr=1.3E-04 time/iter=0.112s eta=0:47:56
[49500/75000] loss=0.7707 lr=1.3E-04 time/iter=0.112s eta=0:47:45
[49600/75000] loss=0.7705 lr=1.3E-04 time/iter=0.112s eta=0:47:33
[49700/75000] loss=0.7705 lr=1.3E-04 time/iter=0.112s eta=0:47:22
Epoch 59 complete. Average loss: 0.7703
[49800/75000] loss=0.7664 lr=1.3E-04 time/iter=0.112s eta=0:47:11
[49900/75000] loss=0.7682 lr=1.3E-04 time/iter=0.112s eta=0:47:00
[50000/75000] loss=0.7685 lr=1.2E-04 time/iter=0.112s eta=0:46:48
[50100/75000] loss=0.7697 lr=1.2E-04 time/iter=0.112s eta=0:46:37
[50200/75000] loss=0.7697 lr=1.2E-04 time/iter=0.112s eta=0:46:26
[50300/75000] loss=0.7698 lr=1.2E-04 time/iter=0.112s eta=0:46:15
[50400/75000] loss=0.7697 lr=1.2E-04 time/iter=0.112s eta=0:46:03
[50500/75000] loss=0.7693 lr=1.2E-04 time/iter=0.112s eta=0:45:52
[50600/75000] loss=0.7691 lr=1.2E-04 time/iter=0.112s eta=0:45:41
Epoch 60 complete. Average loss: 0.7691
[50700/75000] loss=0.7710 lr=1.2E-04 time/iter=0.112s eta=0:45:30
[50800/75000] loss=0.7709 lr=1.2E-04 time/iter=0.112s eta=0:45:19
[50900/75000] loss=0.7716 lr=1.2E-04 time/iter=0.112s eta=0:45:07
[51000/75000] loss=0.7710 lr=1.2E-04 time/iter=0.112s eta=0:44:56
[51100/75000] loss=0.7706 lr=1.2E-04 time/iter=0.112s eta=0:44:45
[51200/75000] loss=0.7703 lr=1.1E-04 time/iter=0.112s eta=0:44:34
[51300/75000] loss=0.7704 lr=1.1E-04 time/iter=0.112s eta=0:44:22
[51400/75000] loss=0.7701 lr=1.1E-04 time/iter=0.112s eta=0:44:11
Epoch 61 complete. Average loss: 0.7701
[51500/75000] loss=0.7701 lr=1.1E-04 time/iter=0.112s eta=0:44:00
[51600/75000] loss=0.7702 lr=1.1E-04 time/iter=0.112s eta=0:43:49
[51700/75000] loss=0.7710 lr=1.1E-04 time/iter=0.112s eta=0:43:37
[51800/75000] loss=0.7703 lr=1.1E-04 time/iter=0.112s eta=0:43:26
[51900/75000] loss=0.7697 lr=1.1E-04 time/iter=0.112s eta=0:43:15
[52000/75000] loss=0.7695 lr=1.1E-04 time/iter=0.112s eta=0:43:04
[52100/75000] loss=0.7694 lr=1.1E-04 time/iter=0.112s eta=0:42:53
[52200/75000] loss=0.7696 lr=1.1E-04 time/iter=0.112s eta=0:42:41
[52300/75000] loss=0.7694 lr=1.0E-04 time/iter=0.112s eta=0:42:30
Epoch 62 complete. Average loss: 0.7694
[52400/75000] loss=0.7684 lr=1.0E-04 time/iter=0.112s eta=0:42:19
[52500/75000] loss=0.7698 lr=1.0E-04 time/iter=0.112s eta=0:42:08
Saving checkpoint to ./runs/checkpoints/checkpoints_gru_mhsa2/checkpoint-52500.pth...
Checkpoint saved.
[52600/75000] loss=0.7713 lr=1.0E-04 time/iter=0.112s eta=0:41:56
[52700/75000] loss=0.7706 lr=1.0E-04 time/iter=0.112s eta=0:41:45
[52800/75000] loss=0.7712 lr=1.0E-04 time/iter=0.112s eta=0:41:34
[52900/75000] loss=0.7712 lr=1.0E-04 time/iter=0.112s eta=0:41:23
[53000/75000] loss=0.7713 lr=9.9E-05 time/iter=0.112s eta=0:41:11
[53100/75000] loss=0.7709 lr=9.8E-05 time/iter=0.112s eta=0:41:00
Epoch 63 complete. Average loss: 0.7708
[53200/75000] loss=0.7707 lr=9.7E-05 time/iter=0.112s eta=0:40:49
[53300/75000] loss=0.7714 lr=9.6E-05 time/iter=0.112s eta=0:40:38
[53400/75000] loss=0.7743 lr=9.6E-05 time/iter=0.112s eta=0:40:26
[53500/75000] loss=0.7730 lr=9.5E-05 time/iter=0.112s eta=0:40:15
[53600/75000] loss=0.7715 lr=9.4E-05 time/iter=0.112s eta=0:40:04
[53700/75000] loss=0.7708 lr=9.3E-05 time/iter=0.112s eta=0:39:53
[53800/75000] loss=0.7705 lr=9.2E-05 time/iter=0.112s eta=0:39:41
[53900/75000] loss=0.7701 lr=9.1E-05 time/iter=0.112s eta=0:39:30
[54000/75000] loss=0.7699 lr=9.1E-05 time/iter=0.112s eta=0:39:19
Epoch 64 complete. Average loss: 0.7699
[54100/75000] loss=0.7677 lr=9.0E-05 time/iter=0.112s eta=0:39:08
[54200/75000] loss=0.7680 lr=8.9E-05 time/iter=0.112s eta=0:38:57
[54300/75000] loss=0.7687 lr=8.8E-05 time/iter=0.112s eta=0:38:45
[54400/75000] loss=0.7716 lr=8.7E-05 time/iter=0.112s eta=0:38:34
[54500/75000] loss=0.7706 lr=8.7E-05 time/iter=0.112s eta=0:38:23
[54600/75000] loss=0.7701 lr=8.6E-05 time/iter=0.112s eta=0:38:12
[54700/75000] loss=0.7698 lr=8.5E-05 time/iter=0.112s eta=0:38:00
[54800/75000] loss=0.7697 lr=8.4E-05 time/iter=0.112s eta=0:37:49
Epoch 65 complete. Average loss: 0.7697
[54900/75000] loss=0.7674 lr=8.3E-05 time/iter=0.112s eta=0:37:38
[55000/75000] loss=0.7680 lr=8.3E-05 time/iter=0.112s eta=0:37:27
[55100/75000] loss=0.7682 lr=8.2E-05 time/iter=0.112s eta=0:37:15
[55200/75000] loss=0.7679 lr=8.1E-05 time/iter=0.112s eta=0:37:04
[55300/75000] loss=0.7692 lr=8.0E-05 time/iter=0.112s eta=0:36:53
[55400/75000] loss=0.7690 lr=8.0E-05 time/iter=0.112s eta=0:36:42
[55500/75000] loss=0.7689 lr=7.9E-05 time/iter=0.112s eta=0:36:31
[55600/75000] loss=0.7685 lr=7.8E-05 time/iter=0.112s eta=0:36:19
[55700/75000] loss=0.7684 lr=7.7E-05 time/iter=0.112s eta=0:36:08
Epoch 66 complete. Average loss: 0.7684
[55800/75000] loss=0.7672 lr=7.7E-05 time/iter=0.112s eta=0:35:57
[55900/75000] loss=0.7687 lr=7.6E-05 time/iter=0.112s eta=0:35:45
[56000/75000] loss=0.7682 lr=7.5E-05 time/iter=0.112s eta=0:35:34
[56100/75000] loss=0.7685 lr=7.4E-05 time/iter=0.112s eta=0:35:23
[56200/75000] loss=0.7684 lr=7.4E-05 time/iter=0.112s eta=0:35:12
[56300/75000] loss=0.7680 lr=7.3E-05 time/iter=0.112s eta=0:35:01
[56400/75000] loss=0.7680 lr=7.2E-05 time/iter=0.112s eta=0:34:49
[56500/75000] loss=0.7680 lr=7.1E-05 time/iter=0.112s eta=0:34:38
Epoch 67 complete. Average loss: 0.7682
[56600/75000] loss=0.7675 lr=7.1E-05 time/iter=0.112s eta=0:34:27
[56700/75000] loss=0.7683 lr=7.0E-05 time/iter=0.112s eta=0:34:16
[56800/75000] loss=0.7674 lr=6.9E-05 time/iter=0.112s eta=0:34:04
[56900/75000] loss=0.7685 lr=6.8E-05 time/iter=0.112s eta=0:33:53
[57000/75000] loss=0.7683 lr=6.8E-05 time/iter=0.112s eta=0:33:42
[57100/75000] loss=0.7690 lr=6.7E-05 time/iter=0.112s eta=0:33:31
[57200/75000] loss=0.7690 lr=6.6E-05 time/iter=0.112s eta=0:33:19
[57300/75000] loss=0.7686 lr=6.6E-05 time/iter=0.112s eta=0:33:08
Epoch 68 complete. Average loss: 0.7685
[57400/75000] loss=0.7701 lr=6.5E-05 time/iter=0.112s eta=0:32:57
[57500/75000] loss=0.7703 lr=6.4E-05 time/iter=0.112s eta=0:32:46
[57600/75000] loss=0.7711 lr=6.4E-05 time/iter=0.112s eta=0:32:34
[57700/75000] loss=0.7709 lr=6.3E-05 time/iter=0.112s eta=0:32:23
[57800/75000] loss=0.7696 lr=6.2E-05 time/iter=0.112s eta=0:32:12
[57900/75000] loss=0.7693 lr=6.1E-05 time/iter=0.112s eta=0:32:01
[58000/75000] loss=0.7691 lr=6.1E-05 time/iter=0.112s eta=0:31:50
[58100/75000] loss=0.7689 lr=6.0E-05 time/iter=0.112s eta=0:31:38
[58200/75000] loss=0.7689 lr=5.9E-05 time/iter=0.112s eta=0:31:27
Epoch 69 complete. Average loss: 0.7689
[58300/75000] loss=0.7676 lr=5.9E-05 time/iter=0.112s eta=0:31:16
[58400/75000] loss=0.7671 lr=5.8E-05 time/iter=0.112s eta=0:31:05
[58500/75000] loss=0.7681 lr=5.7E-05 time/iter=0.112s eta=0:30:53
[58600/75000] loss=0.7680 lr=5.7E-05 time/iter=0.112s eta=0:30:42
[58700/75000] loss=0.7684 lr=5.6E-05 time/iter=0.112s eta=0:30:31
[58800/75000] loss=0.7681 lr=5.5E-05 time/iter=0.112s eta=0:30:20
[58900/75000] loss=0.7687 lr=5.5E-05 time/iter=0.112s eta=0:30:08
[59000/75000] loss=0.7683 lr=5.4E-05 time/iter=0.112s eta=0:29:57
Epoch 70 complete. Average loss: 0.7685
[59100/75000] loss=0.7723 lr=5.3E-05 time/iter=0.112s eta=0:29:46
[59200/75000] loss=0.7674 lr=5.3E-05 time/iter=0.112s eta=0:29:35
[59300/75000] loss=0.7671 lr=5.2E-05 time/iter=0.112s eta=0:29:23
[59400/75000] loss=0.7671 lr=5.2E-05 time/iter=0.112s eta=0:29:12
[59500/75000] loss=0.7671 lr=5.1E-05 time/iter=0.112s eta=0:29:01
[59600/75000] loss=0.7673 lr=5.0E-05 time/iter=0.112s eta=0:28:50
[59700/75000] loss=0.7670 lr=5.0E-05 time/iter=0.112s eta=0:28:38
[59800/75000] loss=0.7672 lr=4.9E-05 time/iter=0.112s eta=0:28:27
[59900/75000] loss=0.7678 lr=4.8E-05 time/iter=0.112s eta=0:28:16
Epoch 71 complete. Average loss: 0.7677
[60000/75000] loss=0.7659 lr=4.8E-05 time/iter=0.112s eta=0:28:05
Saving checkpoint to ./runs/checkpoints/checkpoints_gru_mhsa2/checkpoint-60000.pth...
Checkpoint saved.
[60100/75000] loss=0.7663 lr=4.7E-05 time/iter=0.112s eta=0:27:54
[60200/75000] loss=0.7667 lr=4.7E-05 time/iter=0.112s eta=0:27:42
[60300/75000] loss=0.7672 lr=4.6E-05 time/iter=0.112s eta=0:27:31
[60400/75000] loss=0.7670 lr=4.5E-05 time/iter=0.112s eta=0:27:20
[60500/75000] loss=0.7671 lr=4.5E-05 time/iter=0.112s eta=0:27:09
[60600/75000] loss=0.7668 lr=4.4E-05 time/iter=0.112s eta=0:26:57
[60700/75000] loss=0.7670 lr=4.4E-05 time/iter=0.112s eta=0:26:46
Epoch 72 complete. Average loss: 0.7670
[60800/75000] loss=0.7647 lr=4.3E-05 time/iter=0.112s eta=0:26:35
[60900/75000] loss=0.7675 lr=4.2E-05 time/iter=0.112s eta=0:26:24
[61000/75000] loss=0.7670 lr=4.2E-05 time/iter=0.112s eta=0:26:12
[61100/75000] loss=0.7668 lr=4.1E-05 time/iter=0.112s eta=0:26:01
[61200/75000] loss=0.7665 lr=4.1E-05 time/iter=0.112s eta=0:25:50
[61300/75000] loss=0.7668 lr=4.0E-05 time/iter=0.112s eta=0:25:39
[61400/75000] loss=0.7665 lr=3.9E-05 time/iter=0.112s eta=0:25:27
[61500/75000] loss=0.7663 lr=3.9E-05 time/iter=0.112s eta=0:25:16
[61600/75000] loss=0.7666 lr=3.8E-05 time/iter=0.112s eta=0:25:05
Epoch 73 complete. Average loss: 0.7666
[61700/75000] loss=0.7677 lr=3.8E-05 time/iter=0.112s eta=0:24:54
[61800/75000] loss=0.7678 lr=3.7E-05 time/iter=0.112s eta=0:24:42
[61900/75000] loss=0.7690 lr=3.7E-05 time/iter=0.112s eta=0:24:31
[62000/75000] loss=0.7682 lr=3.6E-05 time/iter=0.112s eta=0:24:20
[62100/75000] loss=0.7677 lr=3.6E-05 time/iter=0.112s eta=0:24:09
[62200/75000] loss=0.7676 lr=3.5E-05 time/iter=0.112s eta=0:23:58
[62300/75000] loss=0.7673 lr=3.5E-05 time/iter=0.112s eta=0:23:46
[62400/75000] loss=0.7672 lr=3.4E-05 time/iter=0.112s eta=0:23:35
Epoch 74 complete. Average loss: 0.7671
[62500/75000] loss=0.7673 lr=3.3E-05 time/iter=0.112s eta=0:23:24
[62600/75000] loss=0.7663 lr=3.3E-05 time/iter=0.112s eta=0:23:13
[62700/75000] loss=0.7667 lr=3.2E-05 time/iter=0.112s eta=0:23:01
[62800/75000] loss=0.7666 lr=3.2E-05 time/iter=0.112s eta=0:22:50
[62900/75000] loss=0.7665 lr=3.1E-05 time/iter=0.112s eta=0:22:39
[63000/75000] loss=0.7663 lr=3.1E-05 time/iter=0.112s eta=0:22:28
[63100/75000] loss=0.7663 lr=3.0E-05 time/iter=0.112s eta=0:22:16
[63200/75000] loss=0.7661 lr=3.0E-05 time/iter=0.112s eta=0:22:05
[63300/75000] loss=0.7660 lr=2.9E-05 time/iter=0.112s eta=0:21:54
Epoch 75 complete. Average loss: 0.7660
[63400/75000] loss=0.7661 lr=2.9E-05 time/iter=0.112s eta=0:21:43
[63500/75000] loss=0.7666 lr=2.8E-05 time/iter=0.112s eta=0:21:31
[63600/75000] loss=0.7660 lr=2.8E-05 time/iter=0.112s eta=0:21:20
[63700/75000] loss=0.7662 lr=2.7E-05 time/iter=0.112s eta=0:21:09
[63800/75000] loss=0.7665 lr=2.7E-05 time/iter=0.112s eta=0:20:58
[63900/75000] loss=0.7668 lr=2.7E-05 time/iter=0.112s eta=0:20:47
[64000/75000] loss=0.7669 lr=2.6E-05 time/iter=0.112s eta=0:20:35
[64100/75000] loss=0.7669 lr=2.6E-05 time/iter=0.112s eta=0:20:24
Epoch 76 complete. Average loss: 0.7668
[64200/75000] loss=0.7659 lr=2.5E-05 time/iter=0.112s eta=0:20:13
[64300/75000] loss=0.7666 lr=2.5E-05 time/iter=0.112s eta=0:20:02
[64400/75000] loss=0.7667 lr=2.4E-05 time/iter=0.112s eta=0:19:50
[64500/75000] loss=0.7666 lr=2.4E-05 time/iter=0.112s eta=0:19:39
[64600/75000] loss=0.7662 lr=2.3E-05 time/iter=0.112s eta=0:19:28
[64700/75000] loss=0.7658 lr=2.3E-05 time/iter=0.112s eta=0:19:17
[64800/75000] loss=0.7654 lr=2.2E-05 time/iter=0.112s eta=0:19:05
[64900/75000] loss=0.7647 lr=2.2E-05 time/iter=0.112s eta=0:18:54
Epoch 77 complete. Average loss: 0.7636
[65000/75000] loss=0.7555 lr=2.2E-05 time/iter=0.112s eta=0:18:43
[65100/75000] loss=0.7527 lr=2.1E-05 time/iter=0.112s eta=0:18:32
[65200/75000] loss=0.7369 lr=2.1E-05 time/iter=0.112s eta=0:18:20
[65300/75000] loss=0.7125 lr=2.0E-05 time/iter=0.112s eta=0:18:09
[65400/75000] loss=0.6894 lr=2.0E-05 time/iter=0.112s eta=0:17:58
[65500/75000] loss=0.6676 lr=2.0E-05 time/iter=0.112s eta=0:17:47
[65600/75000] loss=0.6486 lr=1.9E-05 time/iter=0.112s eta=0:17:36
[65700/75000] loss=0.6318 lr=1.9E-05 time/iter=0.112s eta=0:17:24
[65800/75000] loss=0.6174 lr=1.8E-05 time/iter=0.112s eta=0:17:13
Epoch 78 complete. Average loss: 0.6131
[65900/75000] loss=0.4957 lr=1.8E-05 time/iter=0.112s eta=0:17:02
[66000/75000] loss=0.4922 lr=1.8E-05 time/iter=0.112s eta=0:16:51
[66100/75000] loss=0.4884 lr=1.7E-05 time/iter=0.112s eta=0:16:39
[66200/75000] loss=0.4846 lr=1.7E-05 time/iter=0.112s eta=0:16:28
[66300/75000] loss=0.4816 lr=1.6E-05 time/iter=0.112s eta=0:16:17
[66400/75000] loss=0.4785 lr=1.6E-05 time/iter=0.112s eta=0:16:06
[66500/75000] loss=0.4747 lr=1.6E-05 time/iter=0.112s eta=0:15:54
[66600/75000] loss=0.4716 lr=1.5E-05 time/iter=0.112s eta=0:15:43
Epoch 79 complete. Average loss: 0.4693
[66700/75000] loss=0.4438 lr=1.5E-05 time/iter=0.112s eta=0:15:32
[66800/75000] loss=0.4407 lr=1.5E-05 time/iter=0.112s eta=0:15:21
[66900/75000] loss=0.4369 lr=1.4E-05 time/iter=0.112s eta=0:15:09
[67000/75000] loss=0.4347 lr=1.4E-05 time/iter=0.112s eta=0:14:58
[67100/75000] loss=0.4312 lr=1.4E-05 time/iter=0.112s eta=0:14:47
[67200/75000] loss=0.4290 lr=1.3E-05 time/iter=0.112s eta=0:14:36
[67300/75000] loss=0.4264 lr=1.3E-05 time/iter=0.112s eta=0:14:25
[67400/75000] loss=0.4239 lr=1.3E-05 time/iter=0.112s eta=0:14:13
[67500/75000] loss=0.4214 lr=1.2E-05 time/iter=0.112s eta=0:14:02
Saving checkpoint to ./runs/checkpoints/checkpoints_gru_mhsa2/checkpoint-67500.pth...
Checkpoint saved.
Epoch 80 complete. Average loss: 0.4208
[67600/75000] loss=0.3966 lr=1.2E-05 time/iter=0.112s eta=0:13:51
[67700/75000] loss=0.3940 lr=1.2E-05 time/iter=0.112s eta=0:13:40
[67800/75000] loss=0.3910 lr=1.1E-05 time/iter=0.112s eta=0:13:28
[67900/75000] loss=0.3886 lr=1.1E-05 time/iter=0.112s eta=0:13:17
[68000/75000] loss=0.3861 lr=1.1E-05 time/iter=0.112s eta=0:13:06
[68100/75000] loss=0.3843 lr=1.0E-05 time/iter=0.112s eta=0:12:55
[68200/75000] loss=0.3819 lr=1.0E-05 time/iter=0.112s eta=0:12:43
[68300/75000] loss=0.3799 lr=9.8E-06 time/iter=0.112s eta=0:12:32
Epoch 81 complete. Average loss: 0.3786
[68400/75000] loss=0.3619 lr=9.5E-06 time/iter=0.112s eta=0:12:21
[68500/75000] loss=0.3622 lr=9.2E-06 time/iter=0.112s eta=0:12:10
[68600/75000] loss=0.3607 lr=8.9E-06 time/iter=0.112s eta=0:11:58
[68700/75000] loss=0.3596 lr=8.7E-06 time/iter=0.112s eta=0:11:47
[68800/75000] loss=0.3586 lr=8.4E-06 time/iter=0.112s eta=0:11:36
[68900/75000] loss=0.3577 lr=8.1E-06 time/iter=0.112s eta=0:11:25
[69000/75000] loss=0.3568 lr=7.9E-06 time/iter=0.112s eta=0:11:14
[69100/75000] loss=0.3558 lr=7.6E-06 time/iter=0.112s eta=0:11:02
[69200/75000] loss=0.3550 lr=7.3E-06 time/iter=0.112s eta=0:10:51
Epoch 82 complete. Average loss: 0.3549
[69300/75000] loss=0.3454 lr=7.1E-06 time/iter=0.112s eta=0:10:40
[69400/75000] loss=0.3455 lr=6.8E-06 time/iter=0.112s eta=0:10:29
[69500/75000] loss=0.3455 lr=6.6E-06 time/iter=0.112s eta=0:10:17
[69600/75000] loss=0.3447 lr=6.4E-06 time/iter=0.112s eta=0:10:06
[69700/75000] loss=0.3443 lr=6.1E-06 time/iter=0.112s eta=0:09:55
[69800/75000] loss=0.3437 lr=5.9E-06 time/iter=0.112s eta=0:09:44
[69900/75000] loss=0.3428 lr=5.7E-06 time/iter=0.112s eta=0:09:32
[70000/75000] loss=0.3423 lr=5.5E-06 time/iter=0.112s eta=0:09:21
Epoch 83 complete. Average loss: 0.3422
[70100/75000] loss=0.3371 lr=5.2E-06 time/iter=0.112s eta=0:09:10
[70200/75000] loss=0.3365 lr=5.0E-06 time/iter=0.112s eta=0:08:59
[70300/75000] loss=0.3361 lr=4.8E-06 time/iter=0.112s eta=0:08:47
[70400/75000] loss=0.3360 lr=4.6E-06 time/iter=0.112s eta=0:08:36
[70500/75000] loss=0.3362 lr=4.4E-06 time/iter=0.112s eta=0:08:25
[70600/75000] loss=0.3358 lr=4.2E-06 time/iter=0.112s eta=0:08:14
[70700/75000] loss=0.3354 lr=4.0E-06 time/iter=0.112s eta=0:08:03
[70800/75000] loss=0.3345 lr=3.9E-06 time/iter=0.112s eta=0:07:51
Epoch 84 complete. Average loss: 0.3340
[70900/75000] loss=0.3370 lr=3.7E-06 time/iter=0.112s eta=0:07:40
[71000/75000] loss=0.3307 lr=3.5E-06 time/iter=0.112s eta=0:07:29
[71100/75000] loss=0.3299 lr=3.3E-06 time/iter=0.112s eta=0:07:18
[71200/75000] loss=0.3293 lr=3.2E-06 time/iter=0.112s eta=0:07:06
[71300/75000] loss=0.3295 lr=3.0E-06 time/iter=0.112s eta=0:06:55
[71400/75000] loss=0.3294 lr=2.8E-06 time/iter=0.112s eta=0:06:44
[71500/75000] loss=0.3296 lr=2.7E-06 time/iter=0.112s eta=0:06:33
[71600/75000] loss=0.3290 lr=2.5E-06 time/iter=0.112s eta=0:06:21
[71700/75000] loss=0.3289 lr=2.4E-06 time/iter=0.112s eta=0:06:10
Epoch 85 complete. Average loss: 0.3288
[71800/75000] loss=0.3272 lr=2.2E-06 time/iter=0.112s eta=0:05:59
[71900/75000] loss=0.3280 lr=2.1E-06 time/iter=0.112s eta=0:05:48
[72000/75000] loss=0.3272 lr=2.0E-06 time/iter=0.112s eta=0:05:36
[72100/75000] loss=0.3263 lr=1.8E-06 time/iter=0.112s eta=0:05:25
[72200/75000] loss=0.3261 lr=1.7E-06 time/iter=0.112s eta=0:05:14
[72300/75000] loss=0.3259 lr=1.6E-06 time/iter=0.112s eta=0:05:03
[72400/75000] loss=0.3259 lr=1.5E-06 time/iter=0.112s eta=0:04:52
[72500/75000] loss=0.3258 lr=1.4E-06 time/iter=0.112s eta=0:04:40
Epoch 86 complete. Average loss: 0.3257
[72600/75000] loss=0.3259 lr=1.3E-06 time/iter=0.112s eta=0:04:29
[72700/75000] loss=0.3245 lr=1.2E-06 time/iter=0.112s eta=0:04:18
[72800/75000] loss=0.3242 lr=1.1E-06 time/iter=0.112s eta=0:04:07
[72900/75000] loss=0.3238 lr=9.7E-07 time/iter=0.112s eta=0:03:55
[73000/75000] loss=0.3240 lr=8.8E-07 time/iter=0.112s eta=0:03:44
[73100/75000] loss=0.3241 lr=7.9E-07 time/iter=0.112s eta=0:03:33
[73200/75000] loss=0.3240 lr=7.1E-07 time/iter=0.112s eta=0:03:22
[73300/75000] loss=0.3240 lr=6.3E-07 time/iter=0.112s eta=0:03:10
[73400/75000] loss=0.3241 lr=5.6E-07 time/iter=0.112s eta=0:02:59
Epoch 87 complete. Average loss: 0.3240
[73500/75000] loss=0.3239 lr=4.9E-07 time/iter=0.112s eta=0:02:48
[73600/75000] loss=0.3239 lr=4.3E-07 time/iter=0.112s eta=0:02:37
[73700/75000] loss=0.3235 lr=3.7E-07 time/iter=0.112s eta=0:02:26
[73800/75000] loss=0.3233 lr=3.2E-07 time/iter=0.112s eta=0:02:14
[73900/75000] loss=0.3231 lr=2.7E-07 time/iter=0.112s eta=0:02:03
[74000/75000] loss=0.3232 lr=2.2E-07 time/iter=0.112s eta=0:01:52
[74100/75000] loss=0.3232 lr=1.8E-07 time/iter=0.112s eta=0:01:41
[74200/75000] loss=0.3234 lr=1.4E-07 time/iter=0.112s eta=0:01:29
Epoch 88 complete. Average loss: 0.3234
[74300/75000] loss=0.3213 lr=1.1E-07 time/iter=0.112s eta=0:01:18
[74400/75000] loss=0.3223 lr=7.9E-08 time/iter=0.112s eta=0:01:07
[74500/75000] loss=0.3237 lr=5.5E-08 time/iter=0.112s eta=0:00:56
[74600/75000] loss=0.3230 lr=3.5E-08 time/iter=0.112s eta=0:00:44
[74700/75000] loss=0.3231 lr=2.0E-08 time/iter=0.112s eta=0:00:33
[74800/75000] loss=0.3228 lr=8.8E-09 time/iter=0.112s eta=0:00:22
[74900/75000] loss=0.3227 lr=2.2E-09 time/iter=0.112s eta=0:00:11
[75000/75000] loss=0.3228 lr=0.0E+00 time/iter=0.112s eta=0:00:00
Saving checkpoint to ./runs/checkpoints/checkpoints_gru_mhsa2/checkpoint-75000.pth...
Checkpoint saved.
Epoch 89 complete. Average loss: 0.3228
Training loop finished.
Logging complete. File saved to train_results/logs_gru_mhsa2
Training completed successfully.
Job finished at Tue Apr  8 19:00:27 CEST 2025

JOB STATISTICS
==============
Job ID: 11087223
Cluster: snellius
User/Group: igardner1/igardner1
State: COMPLETED (exit code 0)
Nodes: 1
Cores per node: 18
CPU Utilized: 02:23:16
CPU Efficiency: 5.52% of 1-19:14:06 core-walltime
Job Wall-clock time: 02:24:07
Memory Utilized: 7.40 GB
Memory Efficiency: 6.16% of 120.00 GB (120.00 GB/node)
