============================================================================================== 
Warning! Mixing Conda and module environments may lead to corruption of the
user environment. 
We do not recommend users mixing those two environments unless absolutely
necessary. Note that 
SURF does not provide any support for Conda environment.
For more information, please refer to our software policy page:
https://servicedesk.surf.nl/wiki/display/WIKI/Software+policy+Snellius#SoftwarepolicySnellius-UseofAnacondaandMinicondaenvironmentsonSnellius 

Remember that many packages have already been installed on the system and can
be loaded using 
the 'module load <package__name>' command. If you are uncertain if a package is
already available 
on the system, please use 'module avail' or 'module spider' to search for it.
============================================================================================== 
Using config file: configs/config_aig_lstm_attention.yaml
Loaded config:
data:
  dataset_type: aig-directed-multiclass
  graph_file: dataset/final_data.pkl
  use_bfs: false
  max_graphs: null
model:
  mode: directed-multiclass
  use_lstm: true
  use_attention: true
  edge_model: attention_rnn
  GraphAttentionLSTM:
    embedding_size: 384
    hidden_size: 768
    num_layers: 3
    edge_feature_len: 3
    attention_heads: 8
    attention_dropout: 0.1
    output_size: 256
  EdgeAttentionLSTM:
    embedding_size: 128
    hidden_size: 256
    num_layers: 4
    edge_feature_len: 3
    attention_heads: 4
    attention_dropout: 0.1
train:
  batch_size: 32
  lr: 0.0003
  steps: 80000
  print_iter: 100
  checkpoint_iter: 5000
  checkpoint_dir: checkpoints/checkpoints_lstm_mhsa
  log_file: train_results/logs_lstm_mhsa

Computing maximum node count from dataset...
Maximum node count: 89
Computing maximum level from dataset...
Calculated max level 18 from 37000 valid graphs
Maximum level: 18
Loading AIG graphs from dataset/final_data.pkl...
Limited to 30000 graphs for processing.
Preprocessing graphs...
Graph preprocessing complete. 30000 graphs processed, 0 skipped.
Maximum node count in processed dataset: 89
INFO: Topological Sort mode. Effective input size (m_internal): 88
Calculating node levels...
Maximum node level across dataset: 18
Calculating edge type counts for class weighting...
Calculating weights based on 27000 training graphs...
Total edge slots considered for weights: 98341408
Raw edge counts: {0: 96753923, 1: 959297, 2: 628188}
Calculated edge weights (Inverse Frequency): [0.011724252253770828, 1.1824986934661865, 1.8057770729064941]
Dataset ready: 27000 graphs (training split).
Total available graphs: 30000
Training graphs: 27000 (limited by split ratio)
Testing graphs: 3000
Ordering: Topological Sort
Dataset initialized with 27000 training graphs
Final statistics - Max node count: 89, Max level: 18
INFO: Using Topological Sort mode. Effective input/output size (max_nodes-1): 88
INFO: GraphLevelAttentionLSTM using level embedding up to level 18
INFO: Using GraphLevelAttentionLSTM for node level.
Selected EdgeLevelAttentionLSTM model.
Setting up CrossEntropyLoss for 3 edge classes.
Applying edge class weights: [0.011724252253770828, 1.1824986934661865, 1.8057770729064941]
Logger initialized. Logging to train_results/logs_lstm_mhsa
Logger initialized. Writing to: train_results/logs_lstm_mhsa
[100/80000] loss=0.9439 lr=3.0E-04 time/iter=0.136s eta=3:00:33
[200/80000] loss=0.8468 lr=3.0E-04 time/iter=0.133s eta=2:56:51
[300/80000] loss=0.7002 lr=3.0E-04 time/iter=0.132s eta=2:55:29
[400/80000] loss=0.6053 lr=3.0E-04 time/iter=0.132s eta=2:55:02
[500/80000] loss=0.5431 lr=3.0E-04 time/iter=0.131s eta=2:54:13
[600/80000] loss=0.4992 lr=3.0E-04 time/iter=0.131s eta=2:53:54
[700/80000] loss=0.4667 lr=3.0E-04 time/iter=0.131s eta=2:53:28
[800/80000] loss=0.4419 lr=3.0E-04 time/iter=0.131s eta=2:52:53
Epoch 1 complete. Average loss: 0.4327
[900/80000] loss=0.2658 lr=3.0E-04 time/iter=0.131s eta=2:52:28
[1000/80000] loss=0.2638 lr=3.0E-04 time/iter=0.131s eta=2:52:03
[1100/80000] loss=0.2629 lr=3.0E-04 time/iter=0.131s eta=2:51:52
[1200/80000] loss=0.2601 lr=3.0E-04 time/iter=0.131s eta=2:51:43
[1300/80000] loss=0.2554 lr=3.0E-04 time/iter=0.131s eta=2:51:29
[1400/80000] loss=0.2501 lr=3.0E-04 time/iter=0.131s eta=2:51:08
[1500/80000] loss=0.2423 lr=3.0E-04 time/iter=0.131s eta=2:50:48
[1600/80000] loss=0.2327 lr=3.0E-04 time/iter=0.131s eta=2:50:36
Epoch 2 complete. Average loss: 0.2243
[1700/80000] loss=0.1420 lr=3.0E-04 time/iter=0.131s eta=2:50:18
[1800/80000] loss=0.1445 lr=3.0E-04 time/iter=0.130s eta=2:50:01
[1900/80000] loss=0.1437 lr=3.0E-04 time/iter=0.130s eta=2:49:47
[2000/80000] loss=0.1386 lr=3.0E-04 time/iter=0.130s eta=2:49:31
[2100/80000] loss=0.1364 lr=3.0E-04 time/iter=0.130s eta=2:49:21
[2200/80000] loss=0.1344 lr=3.0E-04 time/iter=0.130s eta=2:49:07
[2300/80000] loss=0.1320 lr=3.0E-04 time/iter=0.130s eta=2:48:56
[2400/80000] loss=0.1300 lr=3.0E-04 time/iter=0.130s eta=2:48:41
[2500/80000] loss=0.1284 lr=3.0E-04 time/iter=0.130s eta=2:48:26
Epoch 3 complete. Average loss: 0.1280
[2600/80000] loss=0.1124 lr=3.0E-04 time/iter=0.130s eta=2:48:11
[2700/80000] loss=0.1122 lr=3.0E-04 time/iter=0.130s eta=2:47:55
[2800/80000] loss=0.1109 lr=3.0E-04 time/iter=0.130s eta=2:47:42
[2900/80000] loss=0.1102 lr=3.0E-04 time/iter=0.130s eta=2:47:27
[3000/80000] loss=0.1106 lr=3.0E-04 time/iter=0.130s eta=2:47:10
[3100/80000] loss=0.1093 lr=3.0E-04 time/iter=0.130s eta=2:47:00
[3200/80000] loss=0.1081 lr=3.0E-04 time/iter=0.130s eta=2:46:47
[3300/80000] loss=0.1076 lr=3.0E-04 time/iter=0.130s eta=2:46:36
Epoch 4 complete. Average loss: 0.1066
[3400/80000] loss=0.1025 lr=3.0E-04 time/iter=0.130s eta=2:46:22
[3500/80000] loss=0.1004 lr=3.0E-04 time/iter=0.130s eta=2:46:08
[3600/80000] loss=0.0991 lr=3.0E-04 time/iter=0.130s eta=2:45:55
[3700/80000] loss=0.0987 lr=3.0E-04 time/iter=0.130s eta=2:45:40
[3800/80000] loss=0.0978 lr=3.0E-04 time/iter=0.130s eta=2:45:27
[3900/80000] loss=0.0977 lr=3.0E-04 time/iter=0.130s eta=2:45:14
[4000/80000] loss=0.0975 lr=3.0E-04 time/iter=0.130s eta=2:45:03
[4100/80000] loss=0.0972 lr=3.0E-04 time/iter=0.130s eta=2:44:49
[4200/80000] loss=0.0966 lr=3.0E-04 time/iter=0.130s eta=2:44:36
Epoch 5 complete. Average loss: 0.0965
[4300/80000] loss=0.0896 lr=3.0E-04 time/iter=0.130s eta=2:44:21
[4400/80000] loss=0.0867 lr=3.0E-04 time/iter=0.130s eta=2:44:07
[4500/80000] loss=0.0805 lr=3.0E-04 time/iter=0.130s eta=2:43:54
[4600/80000] loss=0.0765 lr=3.0E-04 time/iter=0.130s eta=2:43:41
[4700/80000] loss=0.0749 lr=3.0E-04 time/iter=0.130s eta=2:43:27
[4800/80000] loss=0.0734 lr=3.0E-04 time/iter=0.130s eta=2:43:11
[4900/80000] loss=0.0720 lr=3.0E-04 time/iter=0.130s eta=2:43:00
[5000/80000] loss=0.0707 lr=3.0E-04 time/iter=0.130s eta=2:42:49
Saving checkpoint to ./runs/checkpoints/checkpoints_lstm_mhsa/checkpoint-5000.pth...
Checkpoint saved.
Epoch 6 complete. Average loss: 0.0700
[5100/80000] loss=0.0617 lr=3.0E-04 time/iter=0.130s eta=2:42:38
[5200/80000] loss=0.0579 lr=3.0E-04 time/iter=0.130s eta=2:42:26
[5300/80000] loss=0.0617 lr=3.0E-04 time/iter=0.130s eta=2:42:09
[5400/80000] loss=0.0611 lr=3.0E-04 time/iter=0.130s eta=2:41:57
[5500/80000] loss=0.0601 lr=3.0E-04 time/iter=0.130s eta=2:41:44
[5600/80000] loss=0.0603 lr=3.0E-04 time/iter=0.130s eta=2:41:32
[5700/80000] loss=0.0598 lr=3.0E-04 time/iter=0.130s eta=2:41:19
[5800/80000] loss=0.0590 lr=3.0E-04 time/iter=0.130s eta=2:41:04
[5900/80000] loss=0.0589 lr=3.0E-04 time/iter=0.130s eta=2:40:53
Epoch 7 complete. Average loss: 0.0589
[6000/80000] loss=0.0595 lr=3.0E-04 time/iter=0.130s eta=2:40:42
[6100/80000] loss=0.0572 lr=3.0E-04 time/iter=0.130s eta=2:40:28
[6200/80000] loss=0.0555 lr=3.0E-04 time/iter=0.130s eta=2:40:15
[6300/80000] loss=0.0553 lr=3.0E-04 time/iter=0.130s eta=2:40:01
[6400/80000] loss=0.0548 lr=3.0E-04 time/iter=0.130s eta=2:39:47
[6500/80000] loss=0.0547 lr=3.0E-04 time/iter=0.130s eta=2:39:35
[6600/80000] loss=0.0548 lr=2.9E-04 time/iter=0.130s eta=2:39:22
[6700/80000] loss=0.0546 lr=2.9E-04 time/iter=0.130s eta=2:39:09
Epoch 8 complete. Average loss: 0.0544
[6800/80000] loss=0.0482 lr=2.9E-04 time/iter=0.130s eta=2:38:55
[6900/80000] loss=0.0489 lr=2.9E-04 time/iter=0.130s eta=2:38:42
[7000/80000] loss=0.0498 lr=2.9E-04 time/iter=0.130s eta=2:38:30
[7100/80000] loss=0.0489 lr=2.9E-04 time/iter=0.130s eta=2:38:17
[7200/80000] loss=0.0492 lr=2.9E-04 time/iter=0.130s eta=2:38:04
[7300/80000] loss=0.0479 lr=2.9E-04 time/iter=0.130s eta=2:37:49
[7400/80000] loss=0.0472 lr=2.9E-04 time/iter=0.130s eta=2:37:36
[7500/80000] loss=0.0461 lr=2.9E-04 time/iter=0.130s eta=2:37:25
Epoch 9 complete. Average loss: 0.0454
[7600/80000] loss=0.0508 lr=2.9E-04 time/iter=0.130s eta=2:37:11
[7700/80000] loss=0.0474 lr=2.9E-04 time/iter=0.130s eta=2:36:56
[7800/80000] loss=0.0428 lr=2.9E-04 time/iter=0.130s eta=2:36:43
[7900/80000] loss=0.0428 lr=2.9E-04 time/iter=0.130s eta=2:36:30
[8000/80000] loss=0.0413 lr=2.9E-04 time/iter=0.130s eta=2:36:18
[8100/80000] loss=0.0404 lr=2.9E-04 time/iter=0.130s eta=2:36:04
[8200/80000] loss=0.0400 lr=2.9E-04 time/iter=0.130s eta=2:35:51
[8300/80000] loss=0.0402 lr=2.9E-04 time/iter=0.130s eta=2:35:39
[8400/80000] loss=0.0400 lr=2.9E-04 time/iter=0.130s eta=2:35:27
Epoch 10 complete. Average loss: 0.0399
[8500/80000] loss=0.0386 lr=2.9E-04 time/iter=0.130s eta=2:35:12
[8600/80000] loss=0.0350 lr=2.9E-04 time/iter=0.130s eta=2:34:58
[8700/80000] loss=0.0337 lr=2.9E-04 time/iter=0.130s eta=2:34:46
[8800/80000] loss=0.0339 lr=2.9E-04 time/iter=0.130s eta=2:34:32
[8900/80000] loss=0.0337 lr=2.9E-04 time/iter=0.130s eta=2:34:20
[9000/80000] loss=0.0333 lr=2.9E-04 time/iter=0.130s eta=2:34:07
[9100/80000] loss=0.0333 lr=2.9E-04 time/iter=0.130s eta=2:33:55
[9200/80000] loss=0.0344 lr=2.9E-04 time/iter=0.130s eta=2:33:42
Epoch 11 complete. Average loss: 0.0340
[9300/80000] loss=0.0512 lr=2.9E-04 time/iter=0.130s eta=2:33:29
[9400/80000] loss=0.0346 lr=2.9E-04 time/iter=0.130s eta=2:33:17
[9500/80000] loss=0.0325 lr=2.9E-04 time/iter=0.130s eta=2:33:04
[9600/80000] loss=0.0335 lr=2.9E-04 time/iter=0.130s eta=2:32:51
[9700/80000] loss=0.0338 lr=2.9E-04 time/iter=0.130s eta=2:32:38
[9800/80000] loss=0.0329 lr=2.9E-04 time/iter=0.130s eta=2:32:25
[9900/80000] loss=0.0328 lr=2.9E-04 time/iter=0.130s eta=2:32:11
[10000/80000] loss=0.0331 lr=2.9E-04 time/iter=0.130s eta=2:31:57
Saving checkpoint to ./runs/checkpoints/checkpoints_lstm_mhsa/checkpoint-10000.pth...
Checkpoint saved.
[10100/80000] loss=0.0324 lr=2.9E-04 time/iter=0.130s eta=2:31:45
Epoch 12 complete. Average loss: 0.0322
[10200/80000] loss=0.0318 lr=2.9E-04 time/iter=0.130s eta=2:31:32
[10300/80000] loss=0.0289 lr=2.9E-04 time/iter=0.130s eta=2:31:19
[10400/80000] loss=0.0279 lr=2.9E-04 time/iter=0.130s eta=2:31:06
[10500/80000] loss=0.0287 lr=2.9E-04 time/iter=0.130s eta=2:30:53
[10600/80000] loss=0.0294 lr=2.9E-04 time/iter=0.130s eta=2:30:40
[10700/80000] loss=0.0289 lr=2.9E-04 time/iter=0.130s eta=2:30:26
[10800/80000] loss=0.0292 lr=2.9E-04 time/iter=0.130s eta=2:30:13
[10900/80000] loss=0.0287 lr=2.9E-04 time/iter=0.130s eta=2:30:00
Epoch 13 complete. Average loss: 0.0286
[11000/80000] loss=0.0278 lr=2.9E-04 time/iter=0.130s eta=2:29:47
[11100/80000] loss=0.0304 lr=2.9E-04 time/iter=0.130s eta=2:29:34
[11200/80000] loss=0.0287 lr=2.9E-04 time/iter=0.130s eta=2:29:22
[11300/80000] loss=0.0278 lr=2.9E-04 time/iter=0.130s eta=2:29:08
[11400/80000] loss=0.0282 lr=2.9E-04 time/iter=0.130s eta=2:28:55
[11500/80000] loss=0.0279 lr=2.8E-04 time/iter=0.130s eta=2:28:43
[11600/80000] loss=0.0273 lr=2.8E-04 time/iter=0.130s eta=2:28:28
[11700/80000] loss=0.0273 lr=2.8E-04 time/iter=0.130s eta=2:28:15
[11800/80000] loss=0.0272 lr=2.8E-04 time/iter=0.130s eta=2:28:02
Epoch 14 complete. Average loss: 0.0272
[11900/80000] loss=0.0241 lr=2.8E-04 time/iter=0.130s eta=2:27:48
[12000/80000] loss=0.0261 lr=2.8E-04 time/iter=0.130s eta=2:27:35
[12100/80000] loss=0.0250 lr=2.8E-04 time/iter=0.130s eta=2:27:22
[12200/80000] loss=0.0244 lr=2.8E-04 time/iter=0.130s eta=2:27:09
[12300/80000] loss=0.0256 lr=2.8E-04 time/iter=0.130s eta=2:26:56
[12400/80000] loss=0.0255 lr=2.8E-04 time/iter=0.130s eta=2:26:43
[12500/80000] loss=0.0251 lr=2.8E-04 time/iter=0.130s eta=2:26:29
[12600/80000] loss=0.0247 lr=2.8E-04 time/iter=0.130s eta=2:26:17
Epoch 15 complete. Average loss: 0.0246
[12700/80000] loss=0.0238 lr=2.8E-04 time/iter=0.130s eta=2:26:03
[12800/80000] loss=0.0280 lr=2.8E-04 time/iter=0.130s eta=2:25:50
[12900/80000] loss=0.0254 lr=2.8E-04 time/iter=0.130s eta=2:25:37
[13000/80000] loss=0.0249 lr=2.8E-04 time/iter=0.130s eta=2:25:24
[13100/80000] loss=0.0235 lr=2.8E-04 time/iter=0.130s eta=2:25:11
[13200/80000] loss=0.0239 lr=2.8E-04 time/iter=0.130s eta=2:24:58
[13300/80000] loss=0.0232 lr=2.8E-04 time/iter=0.130s eta=2:24:45
[13400/80000] loss=0.0233 lr=2.8E-04 time/iter=0.130s eta=2:24:32
[13500/80000] loss=0.0226 lr=2.8E-04 time/iter=0.130s eta=2:24:19
Epoch 16 complete. Average loss: 0.0227
[13600/80000] loss=0.0243 lr=2.8E-04 time/iter=0.130s eta=2:24:06
[13700/80000] loss=0.0255 lr=2.8E-04 time/iter=0.130s eta=2:23:53
[13800/80000] loss=0.0245 lr=2.8E-04 time/iter=0.130s eta=2:23:40
[13900/80000] loss=0.0228 lr=2.8E-04 time/iter=0.130s eta=2:23:27
[14000/80000] loss=0.0230 lr=2.8E-04 time/iter=0.130s eta=2:23:14
[14100/80000] loss=0.0230 lr=2.8E-04 time/iter=0.130s eta=2:23:01
[14200/80000] loss=0.0227 lr=2.8E-04 time/iter=0.130s eta=2:22:48
[14300/80000] loss=0.0225 lr=2.8E-04 time/iter=0.130s eta=2:22:35
Epoch 17 complete. Average loss: 0.0224
[14400/80000] loss=0.0139 lr=2.8E-04 time/iter=0.130s eta=2:22:22
[14500/80000] loss=0.0182 lr=2.8E-04 time/iter=0.130s eta=2:22:09
[14600/80000] loss=0.0181 lr=2.8E-04 time/iter=0.130s eta=2:21:56
[14700/80000] loss=0.0200 lr=2.8E-04 time/iter=0.130s eta=2:21:42
[14800/80000] loss=0.0203 lr=2.8E-04 time/iter=0.130s eta=2:21:28
[14900/80000] loss=0.0200 lr=2.8E-04 time/iter=0.130s eta=2:21:15
[15000/80000] loss=0.0205 lr=2.7E-04 time/iter=0.130s eta=2:21:03
Saving checkpoint to ./runs/checkpoints/checkpoints_lstm_mhsa/checkpoint-15000.pth...
Checkpoint saved.
[15100/80000] loss=0.0201 lr=2.7E-04 time/iter=0.130s eta=2:20:51
Epoch 18 complete. Average loss: 0.0201
[15200/80000] loss=0.0214 lr=2.7E-04 time/iter=0.130s eta=2:20:38
[15300/80000] loss=0.0241 lr=2.7E-04 time/iter=0.130s eta=2:20:25
[15400/80000] loss=0.0220 lr=2.7E-04 time/iter=0.130s eta=2:20:12
[15500/80000] loss=0.0218 lr=2.7E-04 time/iter=0.130s eta=2:20:00
[15600/80000] loss=0.0212 lr=2.7E-04 time/iter=0.130s eta=2:19:46
[15700/80000] loss=0.0208 lr=2.7E-04 time/iter=0.130s eta=2:19:32
[15800/80000] loss=0.0210 lr=2.7E-04 time/iter=0.130s eta=2:19:19
[15900/80000] loss=0.0202 lr=2.7E-04 time/iter=0.130s eta=2:19:07
[16000/80000] loss=0.0204 lr=2.7E-04 time/iter=0.130s eta=2:18:54
Epoch 19 complete. Average loss: 0.0203
[16100/80000] loss=0.0159 lr=2.7E-04 time/iter=0.130s eta=2:18:40
[16200/80000] loss=0.0203 lr=2.7E-04 time/iter=0.130s eta=2:18:27
[16300/80000] loss=0.0191 lr=2.7E-04 time/iter=0.130s eta=2:18:14
[16400/80000] loss=0.0185 lr=2.7E-04 time/iter=0.130s eta=2:18:01
[16500/80000] loss=0.0171 lr=2.7E-04 time/iter=0.130s eta=2:17:48
[16600/80000] loss=0.0180 lr=2.7E-04 time/iter=0.130s eta=2:17:35
[16700/80000] loss=0.0177 lr=2.7E-04 time/iter=0.130s eta=2:17:22
[16800/80000] loss=0.0177 lr=2.7E-04 time/iter=0.130s eta=2:17:09
Epoch 20 complete. Average loss: 0.0177
[16900/80000] loss=0.0136 lr=2.7E-04 time/iter=0.130s eta=2:16:56
[17000/80000] loss=0.0151 lr=2.7E-04 time/iter=0.130s eta=2:16:43
[17100/80000] loss=0.0193 lr=2.7E-04 time/iter=0.130s eta=2:16:30
[17200/80000] loss=0.0179 lr=2.7E-04 time/iter=0.130s eta=2:16:17
[17300/80000] loss=0.0174 lr=2.7E-04 time/iter=0.130s eta=2:16:03
[17400/80000] loss=0.0167 lr=2.7E-04 time/iter=0.130s eta=2:15:50
[17500/80000] loss=0.0184 lr=2.7E-04 time/iter=0.130s eta=2:15:37
[17600/80000] loss=0.0176 lr=2.7E-04 time/iter=0.130s eta=2:15:24
[17700/80000] loss=0.0180 lr=2.7E-04 time/iter=0.130s eta=2:15:11
Epoch 21 complete. Average loss: 0.0180
[17800/80000] loss=0.0216 lr=2.6E-04 time/iter=0.130s eta=2:14:58
[17900/80000] loss=0.0165 lr=2.6E-04 time/iter=0.130s eta=2:14:46
[18000/80000] loss=0.0174 lr=2.6E-04 time/iter=0.130s eta=2:14:33
[18100/80000] loss=0.0158 lr=2.6E-04 time/iter=0.130s eta=2:14:19
[18200/80000] loss=0.0170 lr=2.6E-04 time/iter=0.130s eta=2:14:06
[18300/80000] loss=0.0166 lr=2.6E-04 time/iter=0.130s eta=2:13:52
[18400/80000] loss=0.0165 lr=2.6E-04 time/iter=0.130s eta=2:13:39
[18500/80000] loss=0.0164 lr=2.6E-04 time/iter=0.130s eta=2:13:26
Epoch 22 complete. Average loss: 0.0162
[18600/80000] loss=0.0150 lr=2.6E-04 time/iter=0.130s eta=2:13:13
[18700/80000] loss=0.0202 lr=2.6E-04 time/iter=0.130s eta=2:12:59
[18800/80000] loss=0.0183 lr=2.6E-04 time/iter=0.130s eta=2:12:46
[18900/80000] loss=0.0178 lr=2.6E-04 time/iter=0.130s eta=2:12:33
[19000/80000] loss=0.0174 lr=2.6E-04 time/iter=0.130s eta=2:12:20
[19100/80000] loss=0.0172 lr=2.6E-04 time/iter=0.130s eta=2:12:07
[19200/80000] loss=0.0170 lr=2.6E-04 time/iter=0.130s eta=2:11:54
[19300/80000] loss=0.0167 lr=2.6E-04 time/iter=0.130s eta=2:11:41
[19400/80000] loss=0.0162 lr=2.6E-04 time/iter=0.130s eta=2:11:28
Epoch 23 complete. Average loss: 0.0162
[19500/80000] loss=0.0209 lr=2.6E-04 time/iter=0.130s eta=2:11:15
[19600/80000] loss=0.0167 lr=2.6E-04 time/iter=0.130s eta=2:11:02
[19700/80000] loss=0.0145 lr=2.6E-04 time/iter=0.130s eta=2:10:49
[19800/80000] loss=0.0152 lr=2.6E-04 time/iter=0.130s eta=2:10:37
[19900/80000] loss=0.0158 lr=2.6E-04 time/iter=0.130s eta=2:10:23
[20000/80000] loss=0.0151 lr=2.6E-04 time/iter=0.130s eta=2:10:10
Saving checkpoint to ./runs/checkpoints/checkpoints_lstm_mhsa/checkpoint-20000.pth...
Checkpoint saved.
[20100/80000] loss=0.0160 lr=2.6E-04 time/iter=0.130s eta=2:09:57
[20200/80000] loss=0.0152 lr=2.6E-04 time/iter=0.130s eta=2:09:44
Epoch 24 complete. Average loss: 0.0155
[20300/80000] loss=0.0139 lr=2.5E-04 time/iter=0.130s eta=2:09:31
[20400/80000] loss=0.0142 lr=2.5E-04 time/iter=0.130s eta=2:09:18
[20500/80000] loss=0.0150 lr=2.5E-04 time/iter=0.130s eta=2:09:05
[20600/80000] loss=0.0132 lr=2.5E-04 time/iter=0.130s eta=2:08:52
[20700/80000] loss=0.0140 lr=2.5E-04 time/iter=0.130s eta=2:08:39
[20800/80000] loss=0.0139 lr=2.5E-04 time/iter=0.130s eta=2:08:26
[20900/80000] loss=0.0144 lr=2.5E-04 time/iter=0.130s eta=2:08:13
[21000/80000] loss=0.0142 lr=2.5E-04 time/iter=0.130s eta=2:08:00
[21100/80000] loss=0.0141 lr=2.5E-04 time/iter=0.130s eta=2:07:46
Epoch 25 complete. Average loss: 0.0141
[21200/80000] loss=0.0122 lr=2.5E-04 time/iter=0.130s eta=2:07:33
[21300/80000] loss=0.0136 lr=2.5E-04 time/iter=0.130s eta=2:07:20
[21400/80000] loss=0.0126 lr=2.5E-04 time/iter=0.130s eta=2:07:07
[21500/80000] loss=0.0124 lr=2.5E-04 time/iter=0.130s eta=2:06:54
[21600/80000] loss=0.0125 lr=2.5E-04 time/iter=0.130s eta=2:06:41
[21700/80000] loss=0.0133 lr=2.5E-04 time/iter=0.130s eta=2:06:28
[21800/80000] loss=0.0135 lr=2.5E-04 time/iter=0.130s eta=2:06:15
[21900/80000] loss=0.0129 lr=2.5E-04 time/iter=0.130s eta=2:06:02
Epoch 26 complete. Average loss: 0.0130
[22000/80000] loss=0.0090 lr=2.5E-04 time/iter=0.130s eta=2:05:49
[22100/80000] loss=0.0139 lr=2.5E-04 time/iter=0.130s eta=2:05:36
[22200/80000] loss=0.0128 lr=2.5E-04 time/iter=0.130s eta=2:05:23
[22300/80000] loss=0.0133 lr=2.5E-04 time/iter=0.130s eta=2:05:10
[22400/80000] loss=0.0130 lr=2.5E-04 time/iter=0.130s eta=2:04:57
[22500/80000] loss=0.0144 lr=2.5E-04 time/iter=0.130s eta=2:04:44
[22600/80000] loss=0.0138 lr=2.4E-04 time/iter=0.130s eta=2:04:31
[22700/80000] loss=0.0136 lr=2.4E-04 time/iter=0.130s eta=2:04:17
Epoch 27 complete. Average loss: 0.0130
[22800/80000] loss=0.0155 lr=2.4E-04 time/iter=0.130s eta=2:04:04
[22900/80000] loss=0.0166 lr=2.4E-04 time/iter=0.130s eta=2:03:51
[23000/80000] loss=0.0139 lr=2.4E-04 time/iter=0.130s eta=2:03:38
[23100/80000] loss=0.0128 lr=2.4E-04 time/iter=0.130s eta=2:03:25
[23200/80000] loss=0.0125 lr=2.4E-04 time/iter=0.130s eta=2:03:12
[23300/80000] loss=0.0124 lr=2.4E-04 time/iter=0.130s eta=2:02:59
[23400/80000] loss=0.0129 lr=2.4E-04 time/iter=0.130s eta=2:02:46
[23500/80000] loss=0.0124 lr=2.4E-04 time/iter=0.130s eta=2:02:33
[23600/80000] loss=0.0127 lr=2.4E-04 time/iter=0.130s eta=2:02:20
Epoch 28 complete. Average loss: 0.0124
[23700/80000] loss=0.0071 lr=2.4E-04 time/iter=0.130s eta=2:02:07
[23800/80000] loss=0.0103 lr=2.4E-04 time/iter=0.130s eta=2:01:54
[23900/80000] loss=0.0098 lr=2.4E-04 time/iter=0.130s eta=2:01:41
[24000/80000] loss=0.0109 lr=2.4E-04 time/iter=0.130s eta=2:01:28
[24100/80000] loss=0.0103 lr=2.4E-04 time/iter=0.130s eta=2:01:15
[24200/80000] loss=0.0129 lr=2.4E-04 time/iter=0.130s eta=2:01:02
[24300/80000] loss=0.0121 lr=2.4E-04 time/iter=0.130s eta=2:00:49
[24400/80000] loss=0.0123 lr=2.4E-04 time/iter=0.130s eta=2:00:36
Epoch 29 complete. Average loss: 0.0123
[24500/80000] loss=0.0062 lr=2.4E-04 time/iter=0.130s eta=2:00:23
[24600/80000] loss=0.0130 lr=2.4E-04 time/iter=0.130s eta=2:00:10
[24700/80000] loss=0.0104 lr=2.3E-04 time/iter=0.130s eta=1:59:57
[24800/80000] loss=0.0110 lr=2.3E-04 time/iter=0.130s eta=1:59:44
[24900/80000] loss=0.0115 lr=2.3E-04 time/iter=0.130s eta=1:59:31
[25000/80000] loss=0.0107 lr=2.3E-04 time/iter=0.130s eta=1:59:18
Saving checkpoint to ./runs/checkpoints/checkpoints_lstm_mhsa/checkpoint-25000.pth...
Checkpoint saved.
[25100/80000] loss=0.0113 lr=2.3E-04 time/iter=0.130s eta=1:59:05
[25200/80000] loss=0.0110 lr=2.3E-04 time/iter=0.130s eta=1:58:52
[25300/80000] loss=0.0112 lr=2.3E-04 time/iter=0.130s eta=1:58:39
Epoch 30 complete. Average loss: 0.0112
[25400/80000] loss=0.0095 lr=2.3E-04 time/iter=0.130s eta=1:58:26
[25500/80000] loss=0.0111 lr=2.3E-04 time/iter=0.130s eta=1:58:13
[25600/80000] loss=0.0114 lr=2.3E-04 time/iter=0.130s eta=1:58:00
[25700/80000] loss=0.0115 lr=2.3E-04 time/iter=0.130s eta=1:57:46
[25800/80000] loss=0.0132 lr=2.3E-04 time/iter=0.130s eta=1:57:34
[25900/80000] loss=0.0122 lr=2.3E-04 time/iter=0.130s eta=1:57:20
[26000/80000] loss=0.0122 lr=2.3E-04 time/iter=0.130s eta=1:57:07
[26100/80000] loss=0.0120 lr=2.3E-04 time/iter=0.130s eta=1:56:54
Epoch 31 complete. Average loss: 0.0118
[26200/80000] loss=0.0143 lr=2.3E-04 time/iter=0.130s eta=1:56:41
[26300/80000] loss=0.0091 lr=2.3E-04 time/iter=0.130s eta=1:56:28
[26400/80000] loss=0.0108 lr=2.3E-04 time/iter=0.130s eta=1:56:15
[26500/80000] loss=0.0099 lr=2.3E-04 time/iter=0.130s eta=1:56:02
[26600/80000] loss=0.0090 lr=2.3E-04 time/iter=0.130s eta=1:55:49
[26700/80000] loss=0.0103 lr=2.2E-04 time/iter=0.130s eta=1:55:36
[26800/80000] loss=0.0096 lr=2.2E-04 time/iter=0.130s eta=1:55:23
[26900/80000] loss=0.0099 lr=2.2E-04 time/iter=0.130s eta=1:55:10
[27000/80000] loss=0.0094 lr=2.2E-04 time/iter=0.130s eta=1:54:57
Epoch 32 complete. Average loss: 0.0094
[27100/80000] loss=0.0171 lr=2.2E-04 time/iter=0.130s eta=1:54:44
[27200/80000] loss=0.0112 lr=2.2E-04 time/iter=0.130s eta=1:54:31
[27300/80000] loss=0.0133 lr=2.2E-04 time/iter=0.130s eta=1:54:18
[27400/80000] loss=0.0114 lr=2.2E-04 time/iter=0.130s eta=1:54:05
[27500/80000] loss=0.0106 lr=2.2E-04 time/iter=0.130s eta=1:53:52
[27600/80000] loss=0.0116 lr=2.2E-04 time/iter=0.130s eta=1:53:39
[27700/80000] loss=0.0109 lr=2.2E-04 time/iter=0.130s eta=1:53:26
[27800/80000] loss=0.0109 lr=2.2E-04 time/iter=0.130s eta=1:53:13
Epoch 33 complete. Average loss: 0.0106
[27900/80000] loss=0.0140 lr=2.2E-04 time/iter=0.130s eta=1:53:00
[28000/80000] loss=0.0104 lr=2.2E-04 time/iter=0.130s eta=1:52:47
[28100/80000] loss=0.0080 lr=2.2E-04 time/iter=0.130s eta=1:52:34
[28200/80000] loss=0.0111 lr=2.2E-04 time/iter=0.130s eta=1:52:21
[28300/80000] loss=0.0096 lr=2.2E-04 time/iter=0.130s eta=1:52:08
[28400/80000] loss=0.0100 lr=2.2E-04 time/iter=0.130s eta=1:51:55
[28500/80000] loss=0.0092 lr=2.2E-04 time/iter=0.130s eta=1:51:42
[28600/80000] loss=0.0098 lr=2.1E-04 time/iter=0.130s eta=1:51:29
Epoch 34 complete. Average loss: 0.0096
[28700/80000] loss=0.0038 lr=2.1E-04 time/iter=0.130s eta=1:51:15
[28800/80000] loss=0.0096 lr=2.1E-04 time/iter=0.130s eta=1:51:02
[28900/80000] loss=0.0093 lr=2.1E-04 time/iter=0.130s eta=1:50:49
[29000/80000] loss=0.0093 lr=2.1E-04 time/iter=0.130s eta=1:50:36
[29100/80000] loss=0.0095 lr=2.1E-04 time/iter=0.130s eta=1:50:23
[29200/80000] loss=0.0089 lr=2.1E-04 time/iter=0.130s eta=1:50:10
[29300/80000] loss=0.0086 lr=2.1E-04 time/iter=0.130s eta=1:49:57
[29400/80000] loss=0.0089 lr=2.1E-04 time/iter=0.130s eta=1:49:44
[29500/80000] loss=0.0085 lr=2.1E-04 time/iter=0.130s eta=1:49:32
Epoch 35 complete. Average loss: 0.0091
[29600/80000] loss=0.0100 lr=2.1E-04 time/iter=0.130s eta=1:49:18
[29700/80000] loss=0.0060 lr=2.1E-04 time/iter=0.130s eta=1:49:05
[29800/80000] loss=0.0093 lr=2.1E-04 time/iter=0.130s eta=1:48:52
[29900/80000] loss=0.0081 lr=2.1E-04 time/iter=0.130s eta=1:48:39
[30000/80000] loss=0.0083 lr=2.1E-04 time/iter=0.130s eta=1:48:26
Saving checkpoint to ./runs/checkpoints/checkpoints_lstm_mhsa/checkpoint-30000.pth...
Checkpoint saved.
[30100/80000] loss=0.0075 lr=2.1E-04 time/iter=0.130s eta=1:48:14
[30200/80000] loss=0.0081 lr=2.1E-04 time/iter=0.130s eta=1:48:01
[30300/80000] loss=0.0078 lr=2.1E-04 time/iter=0.130s eta=1:47:48
Epoch 36 complete. Average loss: 0.0085
[30400/80000] loss=0.0104 lr=2.1E-04 time/iter=0.130s eta=1:47:35
[30500/80000] loss=0.0051 lr=2.0E-04 time/iter=0.130s eta=1:47:22
[30600/80000] loss=0.0089 lr=2.0E-04 time/iter=0.130s eta=1:47:09
[30700/80000] loss=0.0077 lr=2.0E-04 time/iter=0.130s eta=1:46:55
[30800/80000] loss=0.0069 lr=2.0E-04 time/iter=0.130s eta=1:46:43
[30900/80000] loss=0.0084 lr=2.0E-04 time/iter=0.130s eta=1:46:30
[31000/80000] loss=0.0076 lr=2.0E-04 time/iter=0.130s eta=1:46:17
[31100/80000] loss=0.0086 lr=2.0E-04 time/iter=0.130s eta=1:46:04
[31200/80000] loss=0.0085 lr=2.0E-04 time/iter=0.130s eta=1:45:50
Epoch 37 complete. Average loss: 0.0083
[31300/80000] loss=0.0063 lr=2.0E-04 time/iter=0.130s eta=1:45:37
[31400/80000] loss=0.0079 lr=2.0E-04 time/iter=0.130s eta=1:45:24
[31500/80000] loss=0.0063 lr=2.0E-04 time/iter=0.130s eta=1:45:11
[31600/80000] loss=0.0071 lr=2.0E-04 time/iter=0.130s eta=1:44:58
[31700/80000] loss=0.0065 lr=2.0E-04 time/iter=0.130s eta=1:44:45
[31800/80000] loss=0.0070 lr=2.0E-04 time/iter=0.130s eta=1:44:32
[31900/80000] loss=0.0083 lr=2.0E-04 time/iter=0.130s eta=1:44:19
[32000/80000] loss=0.0079 lr=2.0E-04 time/iter=0.130s eta=1:44:06
Epoch 38 complete. Average loss: 0.0077
[32100/80000] loss=0.0124 lr=2.0E-04 time/iter=0.130s eta=1:43:53
[32200/80000] loss=0.0088 lr=2.0E-04 time/iter=0.130s eta=1:43:40
[32300/80000] loss=0.0063 lr=1.9E-04 time/iter=0.130s eta=1:43:27
[32400/80000] loss=0.0063 lr=1.9E-04 time/iter=0.130s eta=1:43:14
[32500/80000] loss=0.0080 lr=1.9E-04 time/iter=0.130s eta=1:43:01
[32600/80000] loss=0.0082 lr=1.9E-04 time/iter=0.130s eta=1:42:48
[32700/80000] loss=0.0081 lr=1.9E-04 time/iter=0.130s eta=1:42:35
[32800/80000] loss=0.0075 lr=1.9E-04 time/iter=0.130s eta=1:42:22
[32900/80000] loss=0.0076 lr=1.9E-04 time/iter=0.130s eta=1:42:09
Epoch 39 complete. Average loss: 0.0078
[33000/80000] loss=0.0073 lr=1.9E-04 time/iter=0.130s eta=1:41:56
[33100/80000] loss=0.0053 lr=1.9E-04 time/iter=0.130s eta=1:41:43
[33200/80000] loss=0.0063 lr=1.9E-04 time/iter=0.130s eta=1:41:29
[33300/80000] loss=0.0075 lr=1.9E-04 time/iter=0.130s eta=1:41:17
[33400/80000] loss=0.0067 lr=1.9E-04 time/iter=0.130s eta=1:41:03
[33500/80000] loss=0.0067 lr=1.9E-04 time/iter=0.130s eta=1:40:51
[33600/80000] loss=0.0066 lr=1.9E-04 time/iter=0.130s eta=1:40:37
[33700/80000] loss=0.0077 lr=1.9E-04 time/iter=0.130s eta=1:40:24
Epoch 40 complete. Average loss: 0.0075
[33800/80000] loss=0.0036 lr=1.9E-04 time/iter=0.130s eta=1:40:11
[33900/80000] loss=0.0046 lr=1.9E-04 time/iter=0.130s eta=1:39:58
[34000/80000] loss=0.0076 lr=1.9E-04 time/iter=0.130s eta=1:39:45
[34100/80000] loss=0.0069 lr=1.8E-04 time/iter=0.130s eta=1:39:32
[34200/80000] loss=0.0071 lr=1.8E-04 time/iter=0.130s eta=1:39:19
[34300/80000] loss=0.0064 lr=1.8E-04 time/iter=0.130s eta=1:39:06
[34400/80000] loss=0.0064 lr=1.8E-04 time/iter=0.130s eta=1:38:53
[34500/80000] loss=0.0066 lr=1.8E-04 time/iter=0.130s eta=1:38:40
[34600/80000] loss=0.0061 lr=1.8E-04 time/iter=0.130s eta=1:38:27
Epoch 41 complete. Average loss: 0.0061
[34700/80000] loss=0.0127 lr=1.8E-04 time/iter=0.130s eta=1:38:14
[34800/80000] loss=0.0100 lr=1.8E-04 time/iter=0.130s eta=1:38:01
[34900/80000] loss=0.0077 lr=1.8E-04 time/iter=0.130s eta=1:37:48
[35000/80000] loss=0.0098 lr=1.8E-04 time/iter=0.130s eta=1:37:35
Saving checkpoint to ./runs/checkpoints/checkpoints_lstm_mhsa/checkpoint-35000.pth...
Checkpoint saved.
[35100/80000] loss=0.0087 lr=1.8E-04 time/iter=0.130s eta=1:37:22
[35200/80000] loss=0.0083 lr=1.8E-04 time/iter=0.130s eta=1:37:09
[35300/80000] loss=0.0077 lr=1.8E-04 time/iter=0.130s eta=1:36:56
[35400/80000] loss=0.0080 lr=1.8E-04 time/iter=0.130s eta=1:36:43
Epoch 42 complete. Average loss: 0.0080
[35500/80000] loss=0.0040 lr=1.8E-04 time/iter=0.130s eta=1:36:30
[35600/80000] loss=0.0047 lr=1.8E-04 time/iter=0.130s eta=1:36:17
[35700/80000] loss=0.0058 lr=1.8E-04 time/iter=0.130s eta=1:36:04
[35800/80000] loss=0.0055 lr=1.7E-04 time/iter=0.130s eta=1:35:51
[35900/80000] loss=0.0061 lr=1.7E-04 time/iter=0.130s eta=1:35:38
[36000/80000] loss=0.0056 lr=1.7E-04 time/iter=0.130s eta=1:35:25
[36100/80000] loss=0.0061 lr=1.7E-04 time/iter=0.130s eta=1:35:12
[36200/80000] loss=0.0058 lr=1.7E-04 time/iter=0.130s eta=1:34:59
Epoch 43 complete. Average loss: 0.0054
[36300/80000] loss=0.0027 lr=1.7E-04 time/iter=0.130s eta=1:34:46
[36400/80000] loss=0.0105 lr=1.7E-04 time/iter=0.130s eta=1:34:33
[36500/80000] loss=0.0083 lr=1.7E-04 time/iter=0.130s eta=1:34:20
[36600/80000] loss=0.0068 lr=1.7E-04 time/iter=0.130s eta=1:34:06
[36700/80000] loss=0.0057 lr=1.7E-04 time/iter=0.130s eta=1:33:54
[36800/80000] loss=0.0062 lr=1.7E-04 time/iter=0.130s eta=1:33:41
[36900/80000] loss=0.0067 lr=1.7E-04 time/iter=0.130s eta=1:33:27
[37000/80000] loss=0.0061 lr=1.7E-04 time/iter=0.130s eta=1:33:15
[37100/80000] loss=0.0064 lr=1.7E-04 time/iter=0.130s eta=1:33:01
Epoch 44 complete. Average loss: 0.0071
[37200/80000] loss=0.0073 lr=1.7E-04 time/iter=0.130s eta=1:32:48
[37300/80000] loss=0.0049 lr=1.7E-04 time/iter=0.130s eta=1:32:35
[37400/80000] loss=0.0048 lr=1.7E-04 time/iter=0.130s eta=1:32:22
[37500/80000] loss=0.0057 lr=1.6E-04 time/iter=0.130s eta=1:32:09
[37600/80000] loss=0.0052 lr=1.6E-04 time/iter=0.130s eta=1:31:56
[37700/80000] loss=0.0060 lr=1.6E-04 time/iter=0.130s eta=1:31:43
[37800/80000] loss=0.0061 lr=1.6E-04 time/iter=0.130s eta=1:31:30
[37900/80000] loss=0.0056 lr=1.6E-04 time/iter=0.130s eta=1:31:17
Epoch 45 complete. Average loss: 0.0058
[38000/80000] loss=0.0067 lr=1.6E-04 time/iter=0.130s eta=1:31:04
[38100/80000] loss=0.0042 lr=1.6E-04 time/iter=0.130s eta=1:30:51
[38200/80000] loss=0.0041 lr=1.6E-04 time/iter=0.130s eta=1:30:38
[38300/80000] loss=0.0050 lr=1.6E-04 time/iter=0.130s eta=1:30:25
[38400/80000] loss=0.0047 lr=1.6E-04 time/iter=0.130s eta=1:30:12
[38500/80000] loss=0.0048 lr=1.6E-04 time/iter=0.130s eta=1:29:59
[38600/80000] loss=0.0044 lr=1.6E-04 time/iter=0.130s eta=1:29:46
[38700/80000] loss=0.0045 lr=1.6E-04 time/iter=0.130s eta=1:29:33
[38800/80000] loss=0.0050 lr=1.6E-04 time/iter=0.130s eta=1:29:20
Epoch 46 complete. Average loss: 0.0049
[38900/80000] loss=0.0019 lr=1.6E-04 time/iter=0.130s eta=1:29:07
[39000/80000] loss=0.0020 lr=1.6E-04 time/iter=0.130s eta=1:28:54
[39100/80000] loss=0.0042 lr=1.6E-04 time/iter=0.130s eta=1:28:41
[39200/80000] loss=0.0057 lr=1.5E-04 time/iter=0.130s eta=1:28:28
[39300/80000] loss=0.0051 lr=1.5E-04 time/iter=0.130s eta=1:28:15
[39400/80000] loss=0.0053 lr=1.5E-04 time/iter=0.130s eta=1:28:02
[39500/80000] loss=0.0053 lr=1.5E-04 time/iter=0.130s eta=1:27:49
[39600/80000] loss=0.0049 lr=1.5E-04 time/iter=0.130s eta=1:27:36
Epoch 47 complete. Average loss: 0.0047
[39700/80000] loss=0.0059 lr=1.5E-04 time/iter=0.130s eta=1:27:23
[39800/80000] loss=0.0092 lr=1.5E-04 time/iter=0.130s eta=1:27:09
[39900/80000] loss=0.0064 lr=1.5E-04 time/iter=0.130s eta=1:26:56
[40000/80000] loss=0.0064 lr=1.5E-04 time/iter=0.130s eta=1:26:44
Saving checkpoint to ./runs/checkpoints/checkpoints_lstm_mhsa/checkpoint-40000.pth...
Checkpoint saved.
[40100/80000] loss=0.0065 lr=1.5E-04 time/iter=0.130s eta=1:26:31
[40200/80000] loss=0.0058 lr=1.5E-04 time/iter=0.130s eta=1:26:18
[40300/80000] loss=0.0061 lr=1.5E-04 time/iter=0.130s eta=1:26:05
[40400/80000] loss=0.0058 lr=1.5E-04 time/iter=0.130s eta=1:25:52
[40500/80000] loss=0.0058 lr=1.5E-04 time/iter=0.130s eta=1:25:39
Epoch 48 complete. Average loss: 0.0058
[40600/80000] loss=0.0044 lr=1.5E-04 time/iter=0.130s eta=1:25:25
[40700/80000] loss=0.0030 lr=1.5E-04 time/iter=0.130s eta=1:25:12
[40800/80000] loss=0.0031 lr=1.5E-04 time/iter=0.130s eta=1:24:59
[40900/80000] loss=0.0048 lr=1.4E-04 time/iter=0.130s eta=1:24:46
[41000/80000] loss=0.0042 lr=1.4E-04 time/iter=0.130s eta=1:24:33
[41100/80000] loss=0.0048 lr=1.4E-04 time/iter=0.130s eta=1:24:20
[41200/80000] loss=0.0051 lr=1.4E-04 time/iter=0.130s eta=1:24:07
[41300/80000] loss=0.0048 lr=1.4E-04 time/iter=0.130s eta=1:23:54
Epoch 49 complete. Average loss: 0.0047
[41400/80000] loss=0.0082 lr=1.4E-04 time/iter=0.130s eta=1:23:41
[41500/80000] loss=0.0068 lr=1.4E-04 time/iter=0.130s eta=1:23:28
[41600/80000] loss=0.0048 lr=1.4E-04 time/iter=0.130s eta=1:23:15
[41700/80000] loss=0.0039 lr=1.4E-04 time/iter=0.130s eta=1:23:02
[41800/80000] loss=0.0053 lr=1.4E-04 time/iter=0.130s eta=1:22:49
[41900/80000] loss=0.0049 lr=1.4E-04 time/iter=0.130s eta=1:22:36
[42000/80000] loss=0.0044 lr=1.4E-04 time/iter=0.130s eta=1:22:23
[42100/80000] loss=0.0048 lr=1.4E-04 time/iter=0.130s eta=1:22:10
[42200/80000] loss=0.0047 lr=1.4E-04 time/iter=0.130s eta=1:21:57
Epoch 50 complete. Average loss: 0.0047
[42300/80000] loss=0.0030 lr=1.4E-04 time/iter=0.130s eta=1:21:44
[42400/80000] loss=0.0038 lr=1.4E-04 time/iter=0.130s eta=1:21:31
[42500/80000] loss=0.0050 lr=1.4E-04 time/iter=0.130s eta=1:21:18
[42600/80000] loss=0.0044 lr=1.3E-04 time/iter=0.130s eta=1:21:05
[42700/80000] loss=0.0038 lr=1.3E-04 time/iter=0.130s eta=1:20:52
[42800/80000] loss=0.0039 lr=1.3E-04 time/iter=0.130s eta=1:20:39
[42900/80000] loss=0.0041 lr=1.3E-04 time/iter=0.130s eta=1:20:26
[43000/80000] loss=0.0039 lr=1.3E-04 time/iter=0.130s eta=1:20:13
Epoch 51 complete. Average loss: 0.0038
[43100/80000] loss=0.0017 lr=1.3E-04 time/iter=0.130s eta=1:20:00
[43200/80000] loss=0.0040 lr=1.3E-04 time/iter=0.130s eta=1:19:47
[43300/80000] loss=0.0054 lr=1.3E-04 time/iter=0.130s eta=1:19:34
[43400/80000] loss=0.0044 lr=1.3E-04 time/iter=0.130s eta=1:19:21
[43500/80000] loss=0.0049 lr=1.3E-04 time/iter=0.130s eta=1:19:07
[43600/80000] loss=0.0048 lr=1.3E-04 time/iter=0.130s eta=1:18:54
[43700/80000] loss=0.0043 lr=1.3E-04 time/iter=0.130s eta=1:18:41
[43800/80000] loss=0.0039 lr=1.3E-04 time/iter=0.130s eta=1:18:28
Epoch 52 complete. Average loss: 0.0041
[43900/80000] loss=0.0067 lr=1.3E-04 time/iter=0.130s eta=1:18:15
[44000/80000] loss=0.0064 lr=1.3E-04 time/iter=0.130s eta=1:18:02
[44100/80000] loss=0.0048 lr=1.3E-04 time/iter=0.130s eta=1:17:49
[44200/80000] loss=0.0046 lr=1.3E-04 time/iter=0.130s eta=1:17:36
[44300/80000] loss=0.0040 lr=1.2E-04 time/iter=0.130s eta=1:17:23
[44400/80000] loss=0.0035 lr=1.2E-04 time/iter=0.130s eta=1:17:10
[44500/80000] loss=0.0032 lr=1.2E-04 time/iter=0.130s eta=1:16:57
[44600/80000] loss=0.0041 lr=1.2E-04 time/iter=0.130s eta=1:16:44
[44700/80000] loss=0.0039 lr=1.2E-04 time/iter=0.130s eta=1:16:31
Epoch 53 complete. Average loss: 0.0038
[44800/80000] loss=0.0015 lr=1.2E-04 time/iter=0.130s eta=1:16:18
[44900/80000] loss=0.0037 lr=1.2E-04 time/iter=0.130s eta=1:16:05
[45000/80000] loss=0.0032 lr=1.2E-04 time/iter=0.130s eta=1:15:52
Saving checkpoint to ./runs/checkpoints/checkpoints_lstm_mhsa/checkpoint-45000.pth...
Checkpoint saved.
[45100/80000] loss=0.0035 lr=1.2E-04 time/iter=0.130s eta=1:15:39
[45200/80000] loss=0.0033 lr=1.2E-04 time/iter=0.130s eta=1:15:26
[45300/80000] loss=0.0030 lr=1.2E-04 time/iter=0.130s eta=1:15:13
[45400/80000] loss=0.0033 lr=1.2E-04 time/iter=0.130s eta=1:15:00
[45500/80000] loss=0.0033 lr=1.2E-04 time/iter=0.130s eta=1:14:47
Epoch 54 complete. Average loss: 0.0031
[45600/80000] loss=0.0017 lr=1.2E-04 time/iter=0.130s eta=1:14:34
[45700/80000] loss=0.0068 lr=1.2E-04 time/iter=0.130s eta=1:14:21
[45800/80000] loss=0.0051 lr=1.2E-04 time/iter=0.130s eta=1:14:08
[45900/80000] loss=0.0040 lr=1.2E-04 time/iter=0.130s eta=1:13:55
[46000/80000] loss=0.0043 lr=1.1E-04 time/iter=0.130s eta=1:13:42
[46100/80000] loss=0.0043 lr=1.1E-04 time/iter=0.130s eta=1:13:29
[46200/80000] loss=0.0039 lr=1.1E-04 time/iter=0.130s eta=1:13:16
[46300/80000] loss=0.0036 lr=1.1E-04 time/iter=0.130s eta=1:13:03
[46400/80000] loss=0.0039 lr=1.1E-04 time/iter=0.130s eta=1:12:50
Epoch 55 complete. Average loss: 0.0039
[46500/80000] loss=0.0035 lr=1.1E-04 time/iter=0.130s eta=1:12:37
[46600/80000] loss=0.0025 lr=1.1E-04 time/iter=0.130s eta=1:12:24
[46700/80000] loss=0.0033 lr=1.1E-04 time/iter=0.130s eta=1:12:11
[46800/80000] loss=0.0039 lr=1.1E-04 time/iter=0.130s eta=1:11:58
[46900/80000] loss=0.0034 lr=1.1E-04 time/iter=0.130s eta=1:11:45
[47000/80000] loss=0.0030 lr=1.1E-04 time/iter=0.130s eta=1:11:32
[47100/80000] loss=0.0034 lr=1.1E-04 time/iter=0.130s eta=1:11:19
[47200/80000] loss=0.0035 lr=1.1E-04 time/iter=0.130s eta=1:11:06
Epoch 56 complete. Average loss: 0.0034
[47300/80000] loss=0.0013 lr=1.1E-04 time/iter=0.130s eta=1:10:53
[47400/80000] loss=0.0023 lr=1.1E-04 time/iter=0.130s eta=1:10:40
[47500/80000] loss=0.0020 lr=1.1E-04 time/iter=0.130s eta=1:10:27
[47600/80000] loss=0.0018 lr=1.1E-04 time/iter=0.130s eta=1:10:14
[47700/80000] loss=0.0030 lr=1.1E-04 time/iter=0.130s eta=1:10:01
[47800/80000] loss=0.0030 lr=1.0E-04 time/iter=0.130s eta=1:09:48
[47900/80000] loss=0.0027 lr=1.0E-04 time/iter=0.130s eta=1:09:35
[48000/80000] loss=0.0026 lr=1.0E-04 time/iter=0.130s eta=1:09:22
[48100/80000] loss=0.0031 lr=1.0E-04 time/iter=0.130s eta=1:09:09
Epoch 57 complete. Average loss: 0.0031
[48200/80000] loss=0.0020 lr=1.0E-04 time/iter=0.130s eta=1:08:55
[48300/80000] loss=0.0020 lr=1.0E-04 time/iter=0.130s eta=1:08:42
[48400/80000] loss=0.0019 lr=1.0E-04 time/iter=0.130s eta=1:08:29
[48500/80000] loss=0.0026 lr=1.0E-04 time/iter=0.130s eta=1:08:16
[48600/80000] loss=0.0024 lr=1.0E-04 time/iter=0.130s eta=1:08:03
[48700/80000] loss=0.0022 lr=1.0E-04 time/iter=0.130s eta=1:07:50
[48800/80000] loss=0.0022 lr=9.9E-05 time/iter=0.130s eta=1:07:37
[48900/80000] loss=0.0024 lr=9.9E-05 time/iter=0.130s eta=1:07:24
Epoch 58 complete. Average loss: 0.0023
[49000/80000] loss=0.0012 lr=9.8E-05 time/iter=0.130s eta=1:07:11
[49100/80000] loss=0.0030 lr=9.8E-05 time/iter=0.130s eta=1:06:58
[49200/80000] loss=0.0043 lr=9.7E-05 time/iter=0.130s eta=1:06:45
[49300/80000] loss=0.0036 lr=9.6E-05 time/iter=0.130s eta=1:06:32
[49400/80000] loss=0.0031 lr=9.6E-05 time/iter=0.130s eta=1:06:19
[49500/80000] loss=0.0032 lr=9.5E-05 time/iter=0.130s eta=1:06:06
[49600/80000] loss=0.0032 lr=9.5E-05 time/iter=0.130s eta=1:05:53
[49700/80000] loss=0.0030 lr=9.4E-05 time/iter=0.130s eta=1:05:40
Epoch 59 complete. Average loss: 0.0033
[49800/80000] loss=0.0022 lr=9.4E-05 time/iter=0.130s eta=1:05:27
[49900/80000] loss=0.0013 lr=9.3E-05 time/iter=0.130s eta=1:05:14
[50000/80000] loss=0.0014 lr=9.3E-05 time/iter=0.130s eta=1:05:01
Saving checkpoint to ./runs/checkpoints/checkpoints_lstm_mhsa/checkpoint-50000.pth...
Checkpoint saved.
[50100/80000] loss=0.0029 lr=9.2E-05 time/iter=0.130s eta=1:04:48
[50200/80000] loss=0.0026 lr=9.2E-05 time/iter=0.130s eta=1:04:35
[50300/80000] loss=0.0023 lr=9.1E-05 time/iter=0.130s eta=1:04:22
[50400/80000] loss=0.0021 lr=9.0E-05 time/iter=0.130s eta=1:04:09
[50500/80000] loss=0.0021 lr=9.0E-05 time/iter=0.130s eta=1:03:56
[50600/80000] loss=0.0026 lr=8.9E-05 time/iter=0.130s eta=1:03:43
Epoch 60 complete. Average loss: 0.0027
[50700/80000] loss=0.0020 lr=8.9E-05 time/iter=0.130s eta=1:03:30
[50800/80000] loss=0.0017 lr=8.8E-05 time/iter=0.130s eta=1:03:17
[50900/80000] loss=0.0014 lr=8.8E-05 time/iter=0.130s eta=1:03:04
[51000/80000] loss=0.0014 lr=8.7E-05 time/iter=0.130s eta=1:02:51
[51100/80000] loss=0.0020 lr=8.7E-05 time/iter=0.130s eta=1:02:38
[51200/80000] loss=0.0025 lr=8.6E-05 time/iter=0.130s eta=1:02:25
[51300/80000] loss=0.0023 lr=8.6E-05 time/iter=0.130s eta=1:02:12
[51400/80000] loss=0.0023 lr=8.5E-05 time/iter=0.130s eta=1:01:59
Epoch 61 complete. Average loss: 0.0025
[51500/80000] loss=0.0021 lr=8.5E-05 time/iter=0.130s eta=1:01:46
[51600/80000] loss=0.0016 lr=8.4E-05 time/iter=0.130s eta=1:01:33
[51700/80000] loss=0.0013 lr=8.3E-05 time/iter=0.130s eta=1:01:20
[51800/80000] loss=0.0012 lr=8.3E-05 time/iter=0.130s eta=1:01:07
[51900/80000] loss=0.0019 lr=8.2E-05 time/iter=0.130s eta=1:00:54
[52000/80000] loss=0.0020 lr=8.2E-05 time/iter=0.130s eta=1:00:41
[52100/80000] loss=0.0020 lr=8.1E-05 time/iter=0.130s eta=1:00:28
[52200/80000] loss=0.0018 lr=8.1E-05 time/iter=0.130s eta=1:00:15
[52300/80000] loss=0.0017 lr=8.0E-05 time/iter=0.130s eta=1:00:02
Epoch 62 complete. Average loss: 0.0017
[52400/80000] loss=0.0008 lr=8.0E-05 time/iter=0.130s eta=0:59:48
[52500/80000] loss=0.0012 lr=7.9E-05 time/iter=0.130s eta=0:59:35
[52600/80000] loss=0.0029 lr=7.9E-05 time/iter=0.130s eta=0:59:22
[52700/80000] loss=0.0025 lr=7.8E-05 time/iter=0.130s eta=0:59:09
[52800/80000] loss=0.0022 lr=7.8E-05 time/iter=0.130s eta=0:58:56
[52900/80000] loss=0.0020 lr=7.7E-05 time/iter=0.130s eta=0:58:43
[53000/80000] loss=0.0020 lr=7.7E-05 time/iter=0.130s eta=0:58:30
[53100/80000] loss=0.0019 lr=7.6E-05 time/iter=0.130s eta=0:58:17
Epoch 63 complete. Average loss: 0.0019
[53200/80000] loss=0.0014 lr=7.6E-05 time/iter=0.130s eta=0:58:04
[53300/80000] loss=0.0035 lr=7.5E-05 time/iter=0.130s eta=0:57:51
[53400/80000] loss=0.0029 lr=7.5E-05 time/iter=0.130s eta=0:57:38
[53500/80000] loss=0.0030 lr=7.4E-05 time/iter=0.130s eta=0:57:25
[53600/80000] loss=0.0029 lr=7.4E-05 time/iter=0.130s eta=0:57:12
[53700/80000] loss=0.0026 lr=7.3E-05 time/iter=0.130s eta=0:56:59
[53800/80000] loss=0.0024 lr=7.3E-05 time/iter=0.130s eta=0:56:46
[53900/80000] loss=0.0021 lr=7.2E-05 time/iter=0.130s eta=0:56:33
[54000/80000] loss=0.0020 lr=7.2E-05 time/iter=0.130s eta=0:56:20
Epoch 64 complete. Average loss: 0.0020
[54100/80000] loss=0.0026 lr=7.1E-05 time/iter=0.130s eta=0:56:07
[54200/80000] loss=0.0021 lr=7.1E-05 time/iter=0.130s eta=0:55:54
[54300/80000] loss=0.0027 lr=7.0E-05 time/iter=0.130s eta=0:55:41
[54400/80000] loss=0.0026 lr=7.0E-05 time/iter=0.130s eta=0:55:28
[54500/80000] loss=0.0023 lr=6.9E-05 time/iter=0.130s eta=0:55:15
[54600/80000] loss=0.0020 lr=6.9E-05 time/iter=0.130s eta=0:55:02
[54700/80000] loss=0.0021 lr=6.8E-05 time/iter=0.130s eta=0:54:49
[54800/80000] loss=0.0021 lr=6.8E-05 time/iter=0.130s eta=0:54:36
Epoch 65 complete. Average loss: 0.0020
[54900/80000] loss=0.0009 lr=6.7E-05 time/iter=0.130s eta=0:54:23
[55000/80000] loss=0.0008 lr=6.7E-05 time/iter=0.130s eta=0:54:10
Saving checkpoint to ./runs/checkpoints/checkpoints_lstm_mhsa/checkpoint-55000.pth...
Checkpoint saved.
[55100/80000] loss=0.0008 lr=6.6E-05 time/iter=0.130s eta=0:53:57
[55200/80000] loss=0.0013 lr=6.6E-05 time/iter=0.130s eta=0:53:44
[55300/80000] loss=0.0016 lr=6.5E-05 time/iter=0.130s eta=0:53:31
[55400/80000] loss=0.0016 lr=6.5E-05 time/iter=0.130s eta=0:53:18
[55500/80000] loss=0.0015 lr=6.4E-05 time/iter=0.130s eta=0:53:05
[55600/80000] loss=0.0014 lr=6.4E-05 time/iter=0.130s eta=0:52:52
[55700/80000] loss=0.0013 lr=6.3E-05 time/iter=0.130s eta=0:52:39
Epoch 66 complete. Average loss: 0.0013
[55800/80000] loss=0.0022 lr=6.3E-05 time/iter=0.130s eta=0:52:26
[55900/80000] loss=0.0032 lr=6.2E-05 time/iter=0.130s eta=0:52:13
[56000/80000] loss=0.0025 lr=6.2E-05 time/iter=0.130s eta=0:52:00
[56100/80000] loss=0.0021 lr=6.1E-05 time/iter=0.130s eta=0:51:47
[56200/80000] loss=0.0019 lr=6.1E-05 time/iter=0.130s eta=0:51:34
[56300/80000] loss=0.0018 lr=6.0E-05 time/iter=0.130s eta=0:51:21
[56400/80000] loss=0.0019 lr=6.0E-05 time/iter=0.130s eta=0:51:08
[56500/80000] loss=0.0019 lr=5.9E-05 time/iter=0.130s eta=0:50:55
Epoch 67 complete. Average loss: 0.0018
[56600/80000] loss=0.0006 lr=5.9E-05 time/iter=0.130s eta=0:50:42
[56700/80000] loss=0.0007 lr=5.9E-05 time/iter=0.130s eta=0:50:29
[56800/80000] loss=0.0007 lr=5.8E-05 time/iter=0.130s eta=0:50:16
[56900/80000] loss=0.0007 lr=5.8E-05 time/iter=0.130s eta=0:50:03
[57000/80000] loss=0.0009 lr=5.7E-05 time/iter=0.130s eta=0:49:50
[57100/80000] loss=0.0015 lr=5.7E-05 time/iter=0.130s eta=0:49:37
[57200/80000] loss=0.0015 lr=5.6E-05 time/iter=0.130s eta=0:49:24
[57300/80000] loss=0.0014 lr=5.6E-05 time/iter=0.130s eta=0:49:11
Epoch 68 complete. Average loss: 0.0013
[57400/80000] loss=0.0006 lr=5.5E-05 time/iter=0.130s eta=0:48:58
[57500/80000] loss=0.0007 lr=5.5E-05 time/iter=0.130s eta=0:48:45
[57600/80000] loss=0.0006 lr=5.4E-05 time/iter=0.130s eta=0:48:32
[57700/80000] loss=0.0007 lr=5.4E-05 time/iter=0.130s eta=0:48:18
[57800/80000] loss=0.0017 lr=5.3E-05 time/iter=0.130s eta=0:48:05
[57900/80000] loss=0.0017 lr=5.3E-05 time/iter=0.130s eta=0:47:52
[58000/80000] loss=0.0016 lr=5.3E-05 time/iter=0.130s eta=0:47:39
[58100/80000] loss=0.0014 lr=5.2E-05 time/iter=0.130s eta=0:47:26
[58200/80000] loss=0.0013 lr=5.2E-05 time/iter=0.130s eta=0:47:13
Epoch 69 complete. Average loss: 0.0013
[58300/80000] loss=0.0008 lr=5.1E-05 time/iter=0.130s eta=0:47:00
[58400/80000] loss=0.0009 lr=5.1E-05 time/iter=0.130s eta=0:46:47
[58500/80000] loss=0.0011 lr=5.0E-05 time/iter=0.130s eta=0:46:34
[58600/80000] loss=0.0009 lr=5.0E-05 time/iter=0.130s eta=0:46:21
[58700/80000] loss=0.0009 lr=4.9E-05 time/iter=0.130s eta=0:46:08
[58800/80000] loss=0.0008 lr=4.9E-05 time/iter=0.130s eta=0:45:55
[58900/80000] loss=0.0009 lr=4.9E-05 time/iter=0.130s eta=0:45:42
[59000/80000] loss=0.0010 lr=4.8E-05 time/iter=0.130s eta=0:45:29
Epoch 70 complete. Average loss: 0.0010
[59100/80000] loss=0.0007 lr=4.8E-05 time/iter=0.130s eta=0:45:16
[59200/80000] loss=0.0007 lr=4.7E-05 time/iter=0.130s eta=0:45:03
[59300/80000] loss=0.0007 lr=4.7E-05 time/iter=0.130s eta=0:44:50
[59400/80000] loss=0.0007 lr=4.6E-05 time/iter=0.130s eta=0:44:37
[59500/80000] loss=0.0007 lr=4.6E-05 time/iter=0.130s eta=0:44:24
[59600/80000] loss=0.0012 lr=4.6E-05 time/iter=0.130s eta=0:44:11
[59700/80000] loss=0.0013 lr=4.5E-05 time/iter=0.130s eta=0:43:58
[59800/80000] loss=0.0012 lr=4.5E-05 time/iter=0.130s eta=0:43:45
[59900/80000] loss=0.0012 lr=4.4E-05 time/iter=0.130s eta=0:43:32
Epoch 71 complete. Average loss: 0.0011
[60000/80000] loss=0.0005 lr=4.4E-05 time/iter=0.130s eta=0:43:19
Saving checkpoint to ./runs/checkpoints/checkpoints_lstm_mhsa/checkpoint-60000.pth...
Checkpoint saved.
[60100/80000] loss=0.0006 lr=4.4E-05 time/iter=0.130s eta=0:43:06
[60200/80000] loss=0.0005 lr=4.3E-05 time/iter=0.130s eta=0:42:53
[60300/80000] loss=0.0006 lr=4.3E-05 time/iter=0.130s eta=0:42:40
[60400/80000] loss=0.0014 lr=4.2E-05 time/iter=0.130s eta=0:42:27
[60500/80000] loss=0.0014 lr=4.2E-05 time/iter=0.130s eta=0:42:14
[60600/80000] loss=0.0013 lr=4.1E-05 time/iter=0.130s eta=0:42:01
[60700/80000] loss=0.0012 lr=4.1E-05 time/iter=0.130s eta=0:41:48
Epoch 72 complete. Average loss: 0.0012
[60800/80000] loss=0.0005 lr=4.1E-05 time/iter=0.130s eta=0:41:35
[60900/80000] loss=0.0007 lr=4.0E-05 time/iter=0.130s eta=0:41:22
[61000/80000] loss=0.0006 lr=4.0E-05 time/iter=0.130s eta=0:41:09
[61100/80000] loss=0.0006 lr=3.9E-05 time/iter=0.130s eta=0:40:56
[61200/80000] loss=0.0009 lr=3.9E-05 time/iter=0.130s eta=0:40:43
[61300/80000] loss=0.0009 lr=3.9E-05 time/iter=0.130s eta=0:40:30
[61400/80000] loss=0.0008 lr=3.8E-05 time/iter=0.130s eta=0:40:17
[61500/80000] loss=0.0008 lr=3.8E-05 time/iter=0.130s eta=0:40:04
[61600/80000] loss=0.0008 lr=3.7E-05 time/iter=0.130s eta=0:39:51
Epoch 73 complete. Average loss: 0.0008
[61700/80000] loss=0.0005 lr=3.7E-05 time/iter=0.130s eta=0:39:38
[61800/80000] loss=0.0005 lr=3.7E-05 time/iter=0.130s eta=0:39:25
[61900/80000] loss=0.0006 lr=3.6E-05 time/iter=0.130s eta=0:39:12
[62000/80000] loss=0.0008 lr=3.6E-05 time/iter=0.130s eta=0:38:59
[62100/80000] loss=0.0012 lr=3.6E-05 time/iter=0.130s eta=0:38:46
[62200/80000] loss=0.0012 lr=3.5E-05 time/iter=0.130s eta=0:38:33
[62300/80000] loss=0.0011 lr=3.5E-05 time/iter=0.130s eta=0:38:20
[62400/80000] loss=0.0010 lr=3.4E-05 time/iter=0.130s eta=0:38:07
Epoch 74 complete. Average loss: 0.0010
[62500/80000] loss=0.0006 lr=3.4E-05 time/iter=0.130s eta=0:37:54
[62600/80000] loss=0.0005 lr=3.4E-05 time/iter=0.130s eta=0:37:41
[62700/80000] loss=0.0005 lr=3.3E-05 time/iter=0.130s eta=0:37:28
[62800/80000] loss=0.0004 lr=3.3E-05 time/iter=0.130s eta=0:37:15
[62900/80000] loss=0.0004 lr=3.3E-05 time/iter=0.130s eta=0:37:02
[63000/80000] loss=0.0005 lr=3.2E-05 time/iter=0.130s eta=0:36:49
[63100/80000] loss=0.0005 lr=3.2E-05 time/iter=0.130s eta=0:36:36
[63200/80000] loss=0.0005 lr=3.1E-05 time/iter=0.130s eta=0:36:23
[63300/80000] loss=0.0006 lr=3.1E-05 time/iter=0.130s eta=0:36:10
Epoch 75 complete. Average loss: 0.0006
[63400/80000] loss=0.0013 lr=3.1E-05 time/iter=0.130s eta=0:35:57
[63500/80000] loss=0.0010 lr=3.0E-05 time/iter=0.130s eta=0:35:44
[63600/80000] loss=0.0008 lr=3.0E-05 time/iter=0.130s eta=0:35:31
[63700/80000] loss=0.0008 lr=3.0E-05 time/iter=0.130s eta=0:35:18
[63800/80000] loss=0.0007 lr=2.9E-05 time/iter=0.130s eta=0:35:05
[63900/80000] loss=0.0007 lr=2.9E-05 time/iter=0.130s eta=0:34:52
[64000/80000] loss=0.0007 lr=2.9E-05 time/iter=0.130s eta=0:34:39
[64100/80000] loss=0.0008 lr=2.8E-05 time/iter=0.130s eta=0:34:26
Epoch 76 complete. Average loss: 0.0008
[64200/80000] loss=0.0016 lr=2.8E-05 time/iter=0.130s eta=0:34:13
[64300/80000] loss=0.0011 lr=2.8E-05 time/iter=0.130s eta=0:34:00
[64400/80000] loss=0.0009 lr=2.7E-05 time/iter=0.130s eta=0:33:47
[64500/80000] loss=0.0007 lr=2.7E-05 time/iter=0.130s eta=0:33:34
[64600/80000] loss=0.0007 lr=2.7E-05 time/iter=0.130s eta=0:33:21
[64700/80000] loss=0.0007 lr=2.6E-05 time/iter=0.130s eta=0:33:08
[64800/80000] loss=0.0008 lr=2.6E-05 time/iter=0.130s eta=0:32:55
[64900/80000] loss=0.0007 lr=2.6E-05 time/iter=0.130s eta=0:32:41
Epoch 77 complete. Average loss: 0.0007
[65000/80000] loss=0.0003 lr=2.5E-05 time/iter=0.130s eta=0:32:28
Saving checkpoint to ./runs/checkpoints/checkpoints_lstm_mhsa/checkpoint-65000.pth...
Checkpoint saved.
[65100/80000] loss=0.0005 lr=2.5E-05 time/iter=0.130s eta=0:32:15
[65200/80000] loss=0.0005 lr=2.5E-05 time/iter=0.130s eta=0:32:02
[65300/80000] loss=0.0005 lr=2.4E-05 time/iter=0.130s eta=0:31:49
[65400/80000] loss=0.0005 lr=2.4E-05 time/iter=0.130s eta=0:31:36
[65500/80000] loss=0.0004 lr=2.4E-05 time/iter=0.130s eta=0:31:23
[65600/80000] loss=0.0004 lr=2.3E-05 time/iter=0.130s eta=0:31:10
[65700/80000] loss=0.0004 lr=2.3E-05 time/iter=0.130s eta=0:30:57
[65800/80000] loss=0.0004 lr=2.3E-05 time/iter=0.130s eta=0:30:44
Epoch 78 complete. Average loss: 0.0004
[65900/80000] loss=0.0007 lr=2.2E-05 time/iter=0.130s eta=0:30:31
[66000/80000] loss=0.0006 lr=2.2E-05 time/iter=0.130s eta=0:30:18
[66100/80000] loss=0.0006 lr=2.2E-05 time/iter=0.130s eta=0:30:05
[66200/80000] loss=0.0005 lr=2.1E-05 time/iter=0.130s eta=0:29:52
[66300/80000] loss=0.0005 lr=2.1E-05 time/iter=0.130s eta=0:29:39
[66400/80000] loss=0.0005 lr=2.1E-05 time/iter=0.130s eta=0:29:26
[66500/80000] loss=0.0005 lr=2.1E-05 time/iter=0.130s eta=0:29:13
[66600/80000] loss=0.0005 lr=2.0E-05 time/iter=0.130s eta=0:29:00
Epoch 79 complete. Average loss: 0.0005
[66700/80000] loss=0.0005 lr=2.0E-05 time/iter=0.130s eta=0:28:47
[66800/80000] loss=0.0006 lr=2.0E-05 time/iter=0.130s eta=0:28:34
[66900/80000] loss=0.0005 lr=1.9E-05 time/iter=0.130s eta=0:28:21
[67000/80000] loss=0.0005 lr=1.9E-05 time/iter=0.130s eta=0:28:08
[67100/80000] loss=0.0005 lr=1.9E-05 time/iter=0.130s eta=0:27:55
[67200/80000] loss=0.0005 lr=1.9E-05 time/iter=0.130s eta=0:27:42
[67300/80000] loss=0.0005 lr=1.8E-05 time/iter=0.130s eta=0:27:29
[67400/80000] loss=0.0005 lr=1.8E-05 time/iter=0.130s eta=0:27:16
[67500/80000] loss=0.0005 lr=1.8E-05 time/iter=0.130s eta=0:27:03
Epoch 80 complete. Average loss: 0.0005
[67600/80000] loss=0.0004 lr=1.7E-05 time/iter=0.130s eta=0:26:50
[67700/80000] loss=0.0003 lr=1.7E-05 time/iter=0.130s eta=0:26:37
[67800/80000] loss=0.0004 lr=1.7E-05 time/iter=0.130s eta=0:26:24
[67900/80000] loss=0.0004 lr=1.7E-05 time/iter=0.130s eta=0:26:11
[68000/80000] loss=0.0004 lr=1.6E-05 time/iter=0.130s eta=0:25:58
[68100/80000] loss=0.0004 lr=1.6E-05 time/iter=0.130s eta=0:25:45
[68200/80000] loss=0.0005 lr=1.6E-05 time/iter=0.130s eta=0:25:32
[68300/80000] loss=0.0005 lr=1.6E-05 time/iter=0.130s eta=0:25:19
Epoch 81 complete. Average loss: 0.0005
[68400/80000] loss=0.0003 lr=1.5E-05 time/iter=0.130s eta=0:25:06
[68500/80000] loss=0.0004 lr=1.5E-05 time/iter=0.130s eta=0:24:53
[68600/80000] loss=0.0004 lr=1.5E-05 time/iter=0.130s eta=0:24:40
[68700/80000] loss=0.0004 lr=1.5E-05 time/iter=0.130s eta=0:24:27
[68800/80000] loss=0.0004 lr=1.4E-05 time/iter=0.130s eta=0:24:14
[68900/80000] loss=0.0003 lr=1.4E-05 time/iter=0.130s eta=0:24:01
[69000/80000] loss=0.0003 lr=1.4E-05 time/iter=0.130s eta=0:23:48
[69100/80000] loss=0.0003 lr=1.4E-05 time/iter=0.130s eta=0:23:35
[69200/80000] loss=0.0003 lr=1.3E-05 time/iter=0.130s eta=0:23:22
Epoch 82 complete. Average loss: 0.0003
[69300/80000] loss=0.0003 lr=1.3E-05 time/iter=0.130s eta=0:23:09
[69400/80000] loss=0.0003 lr=1.3E-05 time/iter=0.130s eta=0:22:56
[69500/80000] loss=0.0003 lr=1.3E-05 time/iter=0.130s eta=0:22:43
[69600/80000] loss=0.0003 lr=1.2E-05 time/iter=0.130s eta=0:22:30
[69700/80000] loss=0.0003 lr=1.2E-05 time/iter=0.130s eta=0:22:17
[69800/80000] loss=0.0003 lr=1.2E-05 time/iter=0.130s eta=0:22:04
[69900/80000] loss=0.0003 lr=1.2E-05 time/iter=0.130s eta=0:21:51
[70000/80000] loss=0.0003 lr=1.1E-05 time/iter=0.130s eta=0:21:38
Saving checkpoint to ./runs/checkpoints/checkpoints_lstm_mhsa/checkpoint-70000.pth...
Checkpoint saved.
Epoch 83 complete. Average loss: 0.0003
[70100/80000] loss=0.0004 lr=1.1E-05 time/iter=0.130s eta=0:21:25
[70200/80000] loss=0.0003 lr=1.1E-05 time/iter=0.130s eta=0:21:12
[70300/80000] loss=0.0003 lr=1.1E-05 time/iter=0.130s eta=0:20:59
[70400/80000] loss=0.0003 lr=1.1E-05 time/iter=0.130s eta=0:20:46
[70500/80000] loss=0.0003 lr=1.0E-05 time/iter=0.130s eta=0:20:33
[70600/80000] loss=0.0003 lr=1.0E-05 time/iter=0.130s eta=0:20:20
[70700/80000] loss=0.0003 lr=9.9E-06 time/iter=0.130s eta=0:20:07
[70800/80000] loss=0.0003 lr=9.7E-06 time/iter=0.130s eta=0:19:54
Epoch 84 complete. Average loss: 0.0003
[70900/80000] loss=0.0005 lr=9.5E-06 time/iter=0.130s eta=0:19:41
[71000/80000] loss=0.0005 lr=9.3E-06 time/iter=0.130s eta=0:19:28
[71100/80000] loss=0.0005 lr=9.1E-06 time/iter=0.130s eta=0:19:15
[71200/80000] loss=0.0004 lr=8.9E-06 time/iter=0.130s eta=0:19:02
[71300/80000] loss=0.0004 lr=8.7E-06 time/iter=0.130s eta=0:18:49
[71400/80000] loss=0.0004 lr=8.5E-06 time/iter=0.130s eta=0:18:36
[71500/80000] loss=0.0004 lr=8.3E-06 time/iter=0.130s eta=0:18:23
[71600/80000] loss=0.0004 lr=8.1E-06 time/iter=0.130s eta=0:18:10
[71700/80000] loss=0.0004 lr=7.9E-06 time/iter=0.130s eta=0:17:57
Epoch 85 complete. Average loss: 0.0003
[71800/80000] loss=0.0003 lr=7.7E-06 time/iter=0.130s eta=0:17:44
[71900/80000] loss=0.0003 lr=7.5E-06 time/iter=0.130s eta=0:17:31
[72000/80000] loss=0.0003 lr=7.3E-06 time/iter=0.130s eta=0:17:18
[72100/80000] loss=0.0003 lr=7.2E-06 time/iter=0.130s eta=0:17:05
[72200/80000] loss=0.0003 lr=7.0E-06 time/iter=0.130s eta=0:16:52
[72300/80000] loss=0.0003 lr=6.8E-06 time/iter=0.130s eta=0:16:39
[72400/80000] loss=0.0003 lr=6.6E-06 time/iter=0.130s eta=0:16:26
[72500/80000] loss=0.0003 lr=6.5E-06 time/iter=0.130s eta=0:16:13
Epoch 86 complete. Average loss: 0.0003
[72600/80000] loss=0.0003 lr=6.3E-06 time/iter=0.130s eta=0:16:00
[72700/80000] loss=0.0003 lr=6.1E-06 time/iter=0.130s eta=0:15:47
[72800/80000] loss=0.0003 lr=6.0E-06 time/iter=0.130s eta=0:15:34
[72900/80000] loss=0.0003 lr=5.8E-06 time/iter=0.130s eta=0:15:21
[73000/80000] loss=0.0003 lr=5.6E-06 time/iter=0.130s eta=0:15:08
[73100/80000] loss=0.0003 lr=5.5E-06 time/iter=0.130s eta=0:14:55
[73200/80000] loss=0.0003 lr=5.3E-06 time/iter=0.130s eta=0:14:42
[73300/80000] loss=0.0003 lr=5.2E-06 time/iter=0.130s eta=0:14:29
[73400/80000] loss=0.0002 lr=5.0E-06 time/iter=0.130s eta=0:14:16
Epoch 87 complete. Average loss: 0.0002
[73500/80000] loss=0.0002 lr=4.9E-06 time/iter=0.130s eta=0:14:03
[73600/80000] loss=0.0002 lr=4.7E-06 time/iter=0.130s eta=0:13:50
[73700/80000] loss=0.0002 lr=4.6E-06 time/iter=0.130s eta=0:13:37
[73800/80000] loss=0.0002 lr=4.4E-06 time/iter=0.130s eta=0:13:24
[73900/80000] loss=0.0002 lr=4.3E-06 time/iter=0.130s eta=0:13:11
[74000/80000] loss=0.0002 lr=4.1E-06 time/iter=0.130s eta=0:12:58
[74100/80000] loss=0.0002 lr=4.0E-06 time/iter=0.130s eta=0:12:45
[74200/80000] loss=0.0002 lr=3.9E-06 time/iter=0.130s eta=0:12:32
Epoch 88 complete. Average loss: 0.0002
[74300/80000] loss=0.0003 lr=3.7E-06 time/iter=0.130s eta=0:12:19
[74400/80000] loss=0.0003 lr=3.6E-06 time/iter=0.130s eta=0:12:06
[74500/80000] loss=0.0003 lr=3.5E-06 time/iter=0.130s eta=0:11:53
[74600/80000] loss=0.0003 lr=3.4E-06 time/iter=0.130s eta=0:11:40
[74700/80000] loss=0.0003 lr=3.2E-06 time/iter=0.130s eta=0:11:27
[74800/80000] loss=0.0003 lr=3.1E-06 time/iter=0.130s eta=0:11:14
[74900/80000] loss=0.0003 lr=3.0E-06 time/iter=0.130s eta=0:11:01
[75000/80000] loss=0.0003 lr=2.9E-06 time/iter=0.130s eta=0:10:48
Saving checkpoint to ./runs/checkpoints/checkpoints_lstm_mhsa/checkpoint-75000.pth...
Checkpoint saved.
[75100/80000] loss=0.0002 lr=2.8E-06 time/iter=0.130s eta=0:10:35
Epoch 89 complete. Average loss: 0.0002
[75200/80000] loss=0.0002 lr=2.7E-06 time/iter=0.130s eta=0:10:22
[75300/80000] loss=0.0002 lr=2.5E-06 time/iter=0.130s eta=0:10:09
[75400/80000] loss=0.0002 lr=2.4E-06 time/iter=0.130s eta=0:09:56
[75500/80000] loss=0.0002 lr=2.3E-06 time/iter=0.130s eta=0:09:43
[75600/80000] loss=0.0002 lr=2.2E-06 time/iter=0.130s eta=0:09:30
[75700/80000] loss=0.0002 lr=2.1E-06 time/iter=0.130s eta=0:09:17
[75800/80000] loss=0.0002 lr=2.0E-06 time/iter=0.130s eta=0:09:04
[75900/80000] loss=0.0002 lr=1.9E-06 time/iter=0.130s eta=0:08:51
Epoch 90 complete. Average loss: 0.0002
[76000/80000] loss=0.0002 lr=1.8E-06 time/iter=0.130s eta=0:08:39
[76100/80000] loss=0.0002 lr=1.8E-06 time/iter=0.130s eta=0:08:26
[76200/80000] loss=0.0002 lr=1.7E-06 time/iter=0.130s eta=0:08:13
[76300/80000] loss=0.0002 lr=1.6E-06 time/iter=0.130s eta=0:08:00
[76400/80000] loss=0.0002 lr=1.5E-06 time/iter=0.130s eta=0:07:47
[76500/80000] loss=0.0002 lr=1.4E-06 time/iter=0.130s eta=0:07:34
[76600/80000] loss=0.0002 lr=1.3E-06 time/iter=0.130s eta=0:07:21
[76700/80000] loss=0.0002 lr=1.3E-06 time/iter=0.130s eta=0:07:08
[76800/80000] loss=0.0002 lr=1.2E-06 time/iter=0.130s eta=0:06:55
Epoch 91 complete. Average loss: 0.0002
[76900/80000] loss=0.0003 lr=1.1E-06 time/iter=0.130s eta=0:06:42
[77000/80000] loss=0.0003 lr=1.0E-06 time/iter=0.130s eta=0:06:29
[77100/80000] loss=0.0003 lr=9.7E-07 time/iter=0.130s eta=0:06:16
[77200/80000] loss=0.0003 lr=9.1E-07 time/iter=0.130s eta=0:06:03
[77300/80000] loss=0.0002 lr=8.4E-07 time/iter=0.130s eta=0:05:50
[77400/80000] loss=0.0002 lr=7.8E-07 time/iter=0.130s eta=0:05:37
[77500/80000] loss=0.0002 lr=7.2E-07 time/iter=0.130s eta=0:05:24
[77600/80000] loss=0.0002 lr=6.7E-07 time/iter=0.130s eta=0:05:11
Epoch 92 complete. Average loss: 0.0002
[77700/80000] loss=0.0003 lr=6.1E-07 time/iter=0.130s eta=0:04:58
[77800/80000] loss=0.0002 lr=5.6E-07 time/iter=0.130s eta=0:04:45
[77900/80000] loss=0.0002 lr=5.1E-07 time/iter=0.130s eta=0:04:32
[78000/80000] loss=0.0002 lr=4.6E-07 time/iter=0.130s eta=0:04:19
[78100/80000] loss=0.0002 lr=4.2E-07 time/iter=0.130s eta=0:04:06
[78200/80000] loss=0.0002 lr=3.7E-07 time/iter=0.130s eta=0:03:53
[78300/80000] loss=0.0002 lr=3.3E-07 time/iter=0.130s eta=0:03:40
[78400/80000] loss=0.0002 lr=3.0E-07 time/iter=0.130s eta=0:03:27
Epoch 93 complete. Average loss: 0.0002
[78500/80000] loss=0.0001 lr=2.6E-07 time/iter=0.130s eta=0:03:14
[78600/80000] loss=0.0002 lr=2.3E-07 time/iter=0.130s eta=0:03:01
[78700/80000] loss=0.0002 lr=2.0E-07 time/iter=0.130s eta=0:02:48
[78800/80000] loss=0.0002 lr=1.7E-07 time/iter=0.130s eta=0:02:35
[78900/80000] loss=0.0002 lr=1.4E-07 time/iter=0.130s eta=0:02:22
[79000/80000] loss=0.0002 lr=1.2E-07 time/iter=0.130s eta=0:02:09
[79100/80000] loss=0.0002 lr=9.4E-08 time/iter=0.130s eta=0:01:56
[79200/80000] loss=0.0002 lr=7.4E-08 time/iter=0.130s eta=0:01:43
[79300/80000] loss=0.0002 lr=5.7E-08 time/iter=0.130s eta=0:01:30
Epoch 94 complete. Average loss: 0.0002
[79400/80000] loss=0.0002 lr=4.2E-08 time/iter=0.130s eta=0:01:17
[79500/80000] loss=0.0002 lr=2.9E-08 time/iter=0.130s eta=0:01:04
[79600/80000] loss=0.0002 lr=1.9E-08 time/iter=0.130s eta=0:00:51
[79700/80000] loss=0.0002 lr=1.0E-08 time/iter=0.130s eta=0:00:38
[79800/80000] loss=0.0002 lr=4.6E-09 time/iter=0.130s eta=0:00:25
[79900/80000] loss=0.0002 lr=1.2E-09 time/iter=0.130s eta=0:00:12
[80000/80000] loss=0.0002 lr=0.0E+00 time/iter=0.130s eta=0:00:00
Saving checkpoint to ./runs/checkpoints/checkpoints_lstm_mhsa/checkpoint-80000.pth...
Checkpoint saved.
Epoch 95 complete. Average loss: 0.0002
Training loop finished.
Logging complete. File saved to train_results/logs_lstm_mhsa
Training completed successfully.
Job finished at Tue Apr  8 17:44:35 CEST 2025

JOB STATISTICS
==============
Job ID: 11084632
Cluster: snellius
User/Group: igardner1/igardner1
State: RUNNING
Nodes: 1
Cores per node: 18
CPU Utilized: 00:00:00
CPU Efficiency: 0.00% of 2-04:57:36 core-walltime
Job Wall-clock time: 02:56:32
Memory Utilized: 0.00 MB
Memory Efficiency: 0.00% of 120.00 GB (120.00 GB/node)
WARNING: Efficiency statistics can only be obtained after the job has ended as seff tool is based on the accounting database data.
