============================================================================================== 
Warning! Mixing Conda and module environments may lead to corruption of the
user environment. 
We do not recommend users mixing those two environments unless absolutely
necessary. Note that 
SURF does not provide any support for Conda environment.
For more information, please refer to our software policy page:
https://servicedesk.surf.nl/wiki/display/WIKI/Software+policy+Snellius#SoftwarepolicySnellius-UseofAnacondaandMinicondaenvironmentsonSnellius 

Remember that many packages have already been installed on the system and can
be loaded using 
the 'module load <package__name>' command. If you are uncertain if a package is
already available 
on the system, please use 'module avail' or 'module spider' to search for it.
============================================================================================== 
Using config file: configs/config_aig_lstm.yaml
Loaded config:
data:
  dataset_type: aig-directed-multiclass
  graph_file: dataset/final_data.pkl
  use_bfs: false
  max_graphs: null
model:
  mode: directed-multiclass
  use_lstm: true
  use_attention: false
  edge_model: rnn
  GraphLSTM:
    embedding_size: 128
    hidden_size: 256
    num_layers: 3
    edge_feature_len: 3
    output_size: 128
  EdgeLSTM:
    embedding_size: 64
    hidden_size: 128
    num_layers: 3
    edge_feature_len: 3
train:
  batch_size: 64
  lr: 0.001
  steps: 75000
  print_iter: 100
  checkpoint_iter: 5000
  checkpoint_dir: checkpoints/checkpoints_lstm_rnn
  log_file: train_results/logs_lstm_rnn

Computing maximum node count from dataset...
Maximum node count: 89
Computing maximum level from dataset...
Calculated max level 18 from 37000 valid graphs
Maximum level: 18
Loading AIG graphs from dataset/final_data.pkl...
Limited to 30000 graphs for processing.
Preprocessing graphs...
Graph preprocessing complete. 30000 graphs processed, 0 skipped.
Maximum node count in processed dataset: 89
INFO: Topological Sort mode. Effective input size (m_internal): 88
Calculating node levels...
Maximum node level across dataset: 18
Calculating edge type counts for class weighting...
Calculating weights based on 27000 training graphs...
Total edge slots considered for weights: 98341408
Raw edge counts: {0: 96753923, 1: 959297, 2: 628188}
Calculated edge weights (Inverse Frequency): [0.011724252253770828, 1.1824986934661865, 1.8057770729064941]
Dataset ready: 27000 graphs (training split).
Total available graphs: 30000
Training graphs: 27000 (limited by split ratio)
Testing graphs: 3000
Ordering: Topological Sort
Dataset initialized with 27000 training graphs
Final statistics - Max node count: 89, Max level: 18
INFO: Using Topological Sort mode. Effective input/output size (max_nodes-1): 88
INFO: GraphLevelLSTM using level embedding up to level 18
INFO: Using GraphLevelLSTM for node level.
Selected EdgeLevelLSTM model.
Setting up CrossEntropyLoss for 3 edge classes.
Applying edge class weights: [0.011724252253770828, 1.1824986934661865, 1.8057770729064941]
Logger initialized. Logging to train_results/logs_lstm_rnn
Logger initialized. Writing to: train_results/logs_lstm_rnn
[100/75000] loss=0.9234 lr=1.0E-03 time/iter=0.174s eta=3:36:56
[200/75000] loss=0.8840 lr=1.0E-03 time/iter=0.170s eta=3:31:33
[300/75000] loss=0.8624 lr=1.0E-03 time/iter=0.169s eta=3:30:21
[400/75000] loss=0.8473 lr=1.0E-03 time/iter=0.169s eta=3:29:34
Epoch 1 complete. Average loss: 0.8446
[500/75000] loss=0.7985 lr=1.0E-03 time/iter=0.168s eta=3:28:34
[600/75000] loss=0.7995 lr=1.0E-03 time/iter=0.168s eta=3:27:45
[700/75000] loss=0.7961 lr=1.0E-03 time/iter=0.167s eta=3:27:19
[800/75000] loss=0.7908 lr=1.0E-03 time/iter=0.167s eta=3:26:57
Epoch 2 complete. Average loss: 0.7885
[900/75000] loss=0.7626 lr=1.0E-03 time/iter=0.167s eta=3:26:38
[1000/75000] loss=0.7631 lr=1.0E-03 time/iter=0.167s eta=3:26:15
[1100/75000] loss=0.7642 lr=1.0E-03 time/iter=0.167s eta=3:25:51
[1200/75000] loss=0.7636 lr=1.0E-03 time/iter=0.167s eta=3:25:33
Epoch 3 complete. Average loss: 0.7626
[1300/75000] loss=0.7532 lr=1.0E-03 time/iter=0.167s eta=3:25:06
[1400/75000] loss=0.7554 lr=1.0E-03 time/iter=0.167s eta=3:24:53
[1500/75000] loss=0.7545 lr=1.0E-03 time/iter=0.167s eta=3:24:32
[1600/75000] loss=0.7539 lr=1.0E-03 time/iter=0.167s eta=3:24:19
Epoch 4 complete. Average loss: 0.7541
[1700/75000] loss=0.7526 lr=1.0E-03 time/iter=0.167s eta=3:23:55
[1800/75000] loss=0.7516 lr=1.0E-03 time/iter=0.167s eta=3:23:35
[1900/75000] loss=0.7527 lr=1.0E-03 time/iter=0.167s eta=3:23:17
[2000/75000] loss=0.7536 lr=1.0E-03 time/iter=0.167s eta=3:23:01
[2100/75000] loss=0.7535 lr=1.0E-03 time/iter=0.167s eta=3:22:44
Epoch 5 complete. Average loss: 0.7533
[2200/75000] loss=0.7484 lr=1.0E-03 time/iter=0.167s eta=3:22:23
[2300/75000] loss=0.7526 lr=1.0E-03 time/iter=0.167s eta=3:22:05
[2400/75000] loss=0.7524 lr=1.0E-03 time/iter=0.167s eta=3:21:47
[2500/75000] loss=0.7524 lr=1.0E-03 time/iter=0.167s eta=3:21:31
Epoch 6 complete. Average loss: 0.7522
[2600/75000] loss=0.7507 lr=1.0E-03 time/iter=0.167s eta=3:21:15
[2700/75000] loss=0.7498 lr=1.0E-03 time/iter=0.167s eta=3:20:58
[2800/75000] loss=0.7500 lr=1.0E-03 time/iter=0.167s eta=3:20:38
[2900/75000] loss=0.7513 lr=1.0E-03 time/iter=0.167s eta=3:20:21
Epoch 7 complete. Average loss: 0.7523
[3000/75000] loss=0.7516 lr=1.0E-03 time/iter=0.167s eta=3:20:06
[3100/75000] loss=0.7496 lr=1.0E-03 time/iter=0.167s eta=3:19:46
[3200/75000] loss=0.7503 lr=1.0E-03 time/iter=0.167s eta=3:19:29
[3300/75000] loss=0.7496 lr=1.0E-03 time/iter=0.167s eta=3:19:12
Epoch 8 complete. Average loss: 0.7494
[3400/75000] loss=0.7466 lr=9.9E-04 time/iter=0.167s eta=3:18:57
[3500/75000] loss=0.7472 lr=9.9E-04 time/iter=0.167s eta=3:18:37
[3600/75000] loss=0.7469 lr=9.9E-04 time/iter=0.167s eta=3:18:19
[3700/75000] loss=0.7231 lr=9.9E-04 time/iter=0.167s eta=3:18:02
Epoch 9 complete. Average loss: 0.6587
[3800/75000] loss=0.3897 lr=9.9E-04 time/iter=0.167s eta=3:17:46
[3900/75000] loss=0.3247 lr=9.9E-04 time/iter=0.167s eta=3:17:28
[4000/75000] loss=0.2982 lr=9.9E-04 time/iter=0.167s eta=3:17:12
[4100/75000] loss=0.2904 lr=9.9E-04 time/iter=0.167s eta=3:16:54
[4200/75000] loss=0.2778 lr=9.9E-04 time/iter=0.167s eta=3:16:39
Epoch 10 complete. Average loss: 0.2732
[4300/75000] loss=0.1597 lr=9.9E-04 time/iter=0.167s eta=3:16:21
[4400/75000] loss=0.1521 lr=9.9E-04 time/iter=0.167s eta=3:16:05
[4500/75000] loss=0.1470 lr=9.9E-04 time/iter=0.167s eta=3:15:48
[4600/75000] loss=0.1400 lr=9.9E-04 time/iter=0.167s eta=3:15:30
Epoch 11 complete. Average loss: 0.1378
[4700/75000] loss=0.1245 lr=9.9E-04 time/iter=0.167s eta=3:15:13
[4800/75000] loss=0.1247 lr=9.9E-04 time/iter=0.167s eta=3:14:55
[4900/75000] loss=0.1249 lr=9.9E-04 time/iter=0.167s eta=3:14:40
[5000/75000] loss=0.1283 lr=9.9E-04 time/iter=0.167s eta=3:14:23
Saving checkpoint to ./runs/checkpoints/checkpoints_lstm_rnn/checkpoint-5000.pth...
Checkpoint saved.
Epoch 12 complete. Average loss: 0.1252
[5100/75000] loss=0.0973 lr=9.9E-04 time/iter=0.167s eta=3:14:06
[5200/75000] loss=0.1097 lr=9.9E-04 time/iter=0.167s eta=3:13:48
[5300/75000] loss=0.1117 lr=9.9E-04 time/iter=0.167s eta=3:13:31
[5400/75000] loss=0.1150 lr=9.9E-04 time/iter=0.167s eta=3:13:15
Epoch 13 complete. Average loss: 0.1133
[5500/75000] loss=0.1027 lr=9.9E-04 time/iter=0.167s eta=3:13:01
[5600/75000] loss=0.1116 lr=9.9E-04 time/iter=0.167s eta=3:12:44
[5700/75000] loss=0.1101 lr=9.9E-04 time/iter=0.167s eta=3:12:27
[5800/75000] loss=0.1079 lr=9.9E-04 time/iter=0.167s eta=3:12:09
[5900/75000] loss=0.1109 lr=9.8E-04 time/iter=0.167s eta=3:11:53
Epoch 14 complete. Average loss: 0.1105
[6000/75000] loss=0.0940 lr=9.8E-04 time/iter=0.167s eta=3:11:35
[6100/75000] loss=0.0956 lr=9.8E-04 time/iter=0.167s eta=3:11:18
[6200/75000] loss=0.0952 lr=9.8E-04 time/iter=0.167s eta=3:11:01
[6300/75000] loss=0.0936 lr=9.8E-04 time/iter=0.167s eta=3:10:44
Epoch 15 complete. Average loss: 0.0948
[6400/75000] loss=0.0819 lr=9.8E-04 time/iter=0.167s eta=3:10:26
[6500/75000] loss=0.0956 lr=9.8E-04 time/iter=0.167s eta=3:10:08
[6600/75000] loss=0.0910 lr=9.8E-04 time/iter=0.167s eta=3:09:51
[6700/75000] loss=0.0913 lr=9.8E-04 time/iter=0.167s eta=3:09:34
Epoch 16 complete. Average loss: 0.0916
[6800/75000] loss=0.0962 lr=9.8E-04 time/iter=0.167s eta=3:09:17
[6900/75000] loss=0.1011 lr=9.8E-04 time/iter=0.167s eta=3:09:00
[7000/75000] loss=0.0976 lr=9.8E-04 time/iter=0.167s eta=3:08:43
[7100/75000] loss=0.0922 lr=9.8E-04 time/iter=0.167s eta=3:08:26
Epoch 17 complete. Average loss: 0.0918
[7200/75000] loss=0.0805 lr=9.8E-04 time/iter=0.167s eta=3:08:09
[7300/75000] loss=0.0777 lr=9.8E-04 time/iter=0.166s eta=3:07:50
[7400/75000] loss=0.0808 lr=9.8E-04 time/iter=0.166s eta=3:07:33
[7500/75000] loss=0.0817 lr=9.8E-04 time/iter=0.166s eta=3:07:18
Epoch 18 complete. Average loss: 0.0815
[7600/75000] loss=0.0780 lr=9.7E-04 time/iter=0.167s eta=3:07:02
[7700/75000] loss=0.0803 lr=9.7E-04 time/iter=0.166s eta=3:06:45
[7800/75000] loss=0.0897 lr=9.7E-04 time/iter=0.166s eta=3:06:27
[7900/75000] loss=0.0848 lr=9.7E-04 time/iter=0.166s eta=3:06:10
[8000/75000] loss=0.0824 lr=9.7E-04 time/iter=0.166s eta=3:05:54
Epoch 19 complete. Average loss: 0.0822
[8100/75000] loss=0.0789 lr=9.7E-04 time/iter=0.166s eta=3:05:36
[8200/75000] loss=0.0814 lr=9.7E-04 time/iter=0.166s eta=3:05:19
[8300/75000] loss=0.0796 lr=9.7E-04 time/iter=0.166s eta=3:05:01
[8400/75000] loss=0.0798 lr=9.7E-04 time/iter=0.166s eta=3:04:45
Epoch 20 complete. Average loss: 0.0794
[8500/75000] loss=0.0705 lr=9.7E-04 time/iter=0.166s eta=3:04:28
[8600/75000] loss=0.0702 lr=9.7E-04 time/iter=0.166s eta=3:04:12
[8700/75000] loss=0.0692 lr=9.7E-04 time/iter=0.166s eta=3:03:54
[8800/75000] loss=0.0689 lr=9.7E-04 time/iter=0.166s eta=3:03:37
Epoch 21 complete. Average loss: 0.0698
[8900/75000] loss=0.0716 lr=9.7E-04 time/iter=0.166s eta=3:03:20
[9000/75000] loss=0.0647 lr=9.6E-04 time/iter=0.166s eta=3:03:02
[9100/75000] loss=0.0683 lr=9.6E-04 time/iter=0.166s eta=3:02:45
[9200/75000] loss=0.0659 lr=9.6E-04 time/iter=0.166s eta=3:02:28
Epoch 22 complete. Average loss: 0.0672
[9300/75000] loss=0.0907 lr=9.6E-04 time/iter=0.166s eta=3:02:12
[9400/75000] loss=0.0722 lr=9.6E-04 time/iter=0.166s eta=3:01:54
[9500/75000] loss=0.0657 lr=9.6E-04 time/iter=0.166s eta=3:01:37
[9600/75000] loss=0.0635 lr=9.6E-04 time/iter=0.166s eta=3:01:21
[9700/75000] loss=0.0611 lr=9.6E-04 time/iter=0.166s eta=3:01:03
Epoch 23 complete. Average loss: 0.0609
[9800/75000] loss=0.0539 lr=9.6E-04 time/iter=0.166s eta=3:00:47
[9900/75000] loss=0.0517 lr=9.6E-04 time/iter=0.166s eta=3:00:30
[10000/75000] loss=0.0521 lr=9.6E-04 time/iter=0.166s eta=3:00:12
Saving checkpoint to ./runs/checkpoints/checkpoints_lstm_rnn/checkpoint-10000.pth...
Checkpoint saved.
[10100/75000] loss=0.0498 lr=9.6E-04 time/iter=0.166s eta=2:59:56
Epoch 24 complete. Average loss: 0.0491
[10200/75000] loss=0.0471 lr=9.6E-04 time/iter=0.166s eta=2:59:38
[10300/75000] loss=0.0471 lr=9.5E-04 time/iter=0.166s eta=2:59:21
[10400/75000] loss=0.0462 lr=9.5E-04 time/iter=0.166s eta=2:59:04
[10500/75000] loss=0.0452 lr=9.5E-04 time/iter=0.166s eta=2:58:47
Epoch 25 complete. Average loss: 0.0455
[10600/75000] loss=0.0442 lr=9.5E-04 time/iter=0.166s eta=2:58:30
[10700/75000] loss=0.0411 lr=9.5E-04 time/iter=0.166s eta=2:58:12
[10800/75000] loss=0.0435 lr=9.5E-04 time/iter=0.166s eta=2:57:56
[10900/75000] loss=0.0430 lr=9.5E-04 time/iter=0.166s eta=2:57:39
Epoch 26 complete. Average loss: 0.0427
[11000/75000] loss=0.0554 lr=9.5E-04 time/iter=0.166s eta=2:57:22
[11100/75000] loss=0.0412 lr=9.5E-04 time/iter=0.166s eta=2:57:05
[11200/75000] loss=0.0382 lr=9.5E-04 time/iter=0.166s eta=2:56:48
[11300/75000] loss=0.0421 lr=9.5E-04 time/iter=0.166s eta=2:56:32
Epoch 27 complete. Average loss: 0.0419
[11400/75000] loss=0.0318 lr=9.4E-04 time/iter=0.166s eta=2:56:15
[11500/75000] loss=0.0403 lr=9.4E-04 time/iter=0.166s eta=2:55:58
[11600/75000] loss=0.0372 lr=9.4E-04 time/iter=0.166s eta=2:55:40
[11700/75000] loss=0.0370 lr=9.4E-04 time/iter=0.166s eta=2:55:23
[11800/75000] loss=0.0364 lr=9.4E-04 time/iter=0.166s eta=2:55:07
Epoch 28 complete. Average loss: 0.0365
[11900/75000] loss=0.0519 lr=9.4E-04 time/iter=0.166s eta=2:54:50
[12000/75000] loss=0.0431 lr=9.4E-04 time/iter=0.166s eta=2:54:34
[12100/75000] loss=0.0418 lr=9.4E-04 time/iter=0.166s eta=2:54:16
[12200/75000] loss=0.0406 lr=9.4E-04 time/iter=0.166s eta=2:53:59
Epoch 29 complete. Average loss: 0.0398
[12300/75000] loss=0.0364 lr=9.4E-04 time/iter=0.166s eta=2:53:42
[12400/75000] loss=0.0355 lr=9.3E-04 time/iter=0.166s eta=2:53:25
[12500/75000] loss=0.0355 lr=9.3E-04 time/iter=0.166s eta=2:53:09
[12600/75000] loss=0.0358 lr=9.3E-04 time/iter=0.166s eta=2:52:52
Epoch 30 complete. Average loss: 0.0351
[12700/75000] loss=0.0317 lr=9.3E-04 time/iter=0.166s eta=2:52:34
[12800/75000] loss=0.0342 lr=9.3E-04 time/iter=0.166s eta=2:52:17
[12900/75000] loss=0.0332 lr=9.3E-04 time/iter=0.166s eta=2:52:00
[13000/75000] loss=0.0346 lr=9.3E-04 time/iter=0.166s eta=2:51:44
Epoch 31 complete. Average loss: 0.0346
[13100/75000] loss=0.0232 lr=9.3E-04 time/iter=0.166s eta=2:51:27
[13200/75000] loss=0.0330 lr=9.3E-04 time/iter=0.166s eta=2:51:11
[13300/75000] loss=0.0342 lr=9.2E-04 time/iter=0.166s eta=2:50:53
[13400/75000] loss=0.0315 lr=9.2E-04 time/iter=0.166s eta=2:50:36
[13500/75000] loss=0.0331 lr=9.2E-04 time/iter=0.166s eta=2:50:20
Epoch 32 complete. Average loss: 0.0333
[13600/75000] loss=0.0374 lr=9.2E-04 time/iter=0.166s eta=2:50:04
[13700/75000] loss=0.0340 lr=9.2E-04 time/iter=0.166s eta=2:49:46
[13800/75000] loss=0.0314 lr=9.2E-04 time/iter=0.166s eta=2:49:30
[13900/75000] loss=0.0325 lr=9.2E-04 time/iter=0.166s eta=2:49:13
Epoch 33 complete. Average loss: 0.0323
[14000/75000] loss=0.0280 lr=9.2E-04 time/iter=0.166s eta=2:48:56
[14100/75000] loss=0.0315 lr=9.2E-04 time/iter=0.166s eta=2:48:38
[14200/75000] loss=0.0316 lr=9.1E-04 time/iter=0.166s eta=2:48:22
[14300/75000] loss=0.0321 lr=9.1E-04 time/iter=0.166s eta=2:48:06
Epoch 34 complete. Average loss: 0.0311
[14400/75000] loss=0.0425 lr=9.1E-04 time/iter=0.166s eta=2:47:49
[14500/75000] loss=0.0339 lr=9.1E-04 time/iter=0.166s eta=2:47:32
[14600/75000] loss=0.0334 lr=9.1E-04 time/iter=0.166s eta=2:47:15
[14700/75000] loss=0.0314 lr=9.1E-04 time/iter=0.166s eta=2:46:59
Epoch 35 complete. Average loss: 0.0305
[14800/75000] loss=0.0392 lr=9.1E-04 time/iter=0.166s eta=2:46:41
[14900/75000] loss=0.0363 lr=9.1E-04 time/iter=0.166s eta=2:46:25
[15000/75000] loss=0.0330 lr=9.0E-04 time/iter=0.166s eta=2:46:08
Saving checkpoint to ./runs/checkpoints/checkpoints_lstm_rnn/checkpoint-15000.pth...
Checkpoint saved.
[15100/75000] loss=0.0337 lr=9.0E-04 time/iter=0.166s eta=2:45:51
Epoch 36 complete. Average loss: 0.0322
[15200/75000] loss=0.0135 lr=9.0E-04 time/iter=0.166s eta=2:45:34
[15300/75000] loss=0.0319 lr=9.0E-04 time/iter=0.166s eta=2:45:17
[15400/75000] loss=0.0316 lr=9.0E-04 time/iter=0.166s eta=2:45:00
[15500/75000] loss=0.0302 lr=9.0E-04 time/iter=0.166s eta=2:44:43
[15600/75000] loss=0.0295 lr=9.0E-04 time/iter=0.166s eta=2:44:27
Epoch 37 complete. Average loss: 0.0294
[15700/75000] loss=0.0323 lr=9.0E-04 time/iter=0.166s eta=2:44:10
[15800/75000] loss=0.0300 lr=8.9E-04 time/iter=0.166s eta=2:43:53
[15900/75000] loss=0.0281 lr=8.9E-04 time/iter=0.166s eta=2:43:36
[16000/75000] loss=0.0290 lr=8.9E-04 time/iter=0.166s eta=2:43:20
Epoch 38 complete. Average loss: 0.0287
[16100/75000] loss=0.0357 lr=8.9E-04 time/iter=0.166s eta=2:43:02
[16200/75000] loss=0.0316 lr=8.9E-04 time/iter=0.166s eta=2:42:45
[16300/75000] loss=0.0292 lr=8.9E-04 time/iter=0.166s eta=2:42:28
[16400/75000] loss=0.0289 lr=8.9E-04 time/iter=0.166s eta=2:42:12
Epoch 39 complete. Average loss: 0.0279
[16500/75000] loss=0.0297 lr=8.9E-04 time/iter=0.166s eta=2:41:55
[16600/75000] loss=0.0286 lr=8.8E-04 time/iter=0.166s eta=2:41:38
[16700/75000] loss=0.0267 lr=8.8E-04 time/iter=0.166s eta=2:41:21
[16800/75000] loss=0.0291 lr=8.8E-04 time/iter=0.166s eta=2:41:05
Epoch 40 complete. Average loss: 0.0286
[16900/75000] loss=0.0231 lr=8.8E-04 time/iter=0.166s eta=2:40:48
[17000/75000] loss=0.0268 lr=8.8E-04 time/iter=0.166s eta=2:40:31
[17100/75000] loss=0.0262 lr=8.8E-04 time/iter=0.166s eta=2:40:14
[17200/75000] loss=0.0274 lr=8.8E-04 time/iter=0.166s eta=2:39:57
[17300/75000] loss=0.0273 lr=8.7E-04 time/iter=0.166s eta=2:39:40
Epoch 41 complete. Average loss: 0.0272
[17400/75000] loss=0.0237 lr=8.7E-04 time/iter=0.166s eta=2:39:24
[17500/75000] loss=0.0225 lr=8.7E-04 time/iter=0.166s eta=2:39:07
[17600/75000] loss=0.0253 lr=8.7E-04 time/iter=0.166s eta=2:38:50
[17700/75000] loss=0.0247 lr=8.7E-04 time/iter=0.166s eta=2:38:33
Epoch 42 complete. Average loss: 0.0248
[17800/75000] loss=0.0279 lr=8.7E-04 time/iter=0.166s eta=2:38:16
[17900/75000] loss=0.0286 lr=8.7E-04 time/iter=0.166s eta=2:38:00
[18000/75000] loss=0.0265 lr=8.6E-04 time/iter=0.166s eta=2:37:43
[18100/75000] loss=0.0265 lr=8.6E-04 time/iter=0.166s eta=2:37:26
Epoch 43 complete. Average loss: 0.0262
[18200/75000] loss=0.0375 lr=8.6E-04 time/iter=0.166s eta=2:37:10
[18300/75000] loss=0.0276 lr=8.6E-04 time/iter=0.166s eta=2:36:53
[18400/75000] loss=0.0269 lr=8.6E-04 time/iter=0.166s eta=2:36:37
[18500/75000] loss=0.0274 lr=8.6E-04 time/iter=0.166s eta=2:36:20
Epoch 44 complete. Average loss: 0.0268
[18600/75000] loss=0.0349 lr=8.6E-04 time/iter=0.166s eta=2:36:04
[18700/75000] loss=0.0281 lr=8.5E-04 time/iter=0.166s eta=2:35:47
[18800/75000] loss=0.0247 lr=8.5E-04 time/iter=0.166s eta=2:35:30
[18900/75000] loss=0.0234 lr=8.5E-04 time/iter=0.166s eta=2:35:14
Epoch 45 complete. Average loss: 0.0232
[19000/75000] loss=0.0364 lr=8.5E-04 time/iter=0.166s eta=2:34:57
[19100/75000] loss=0.0278 lr=8.5E-04 time/iter=0.166s eta=2:34:41
[19200/75000] loss=0.0283 lr=8.5E-04 time/iter=0.166s eta=2:34:24
[19300/75000] loss=0.0309 lr=8.5E-04 time/iter=0.166s eta=2:34:07
[19400/75000] loss=0.0283 lr=8.4E-04 time/iter=0.166s eta=2:33:50
Epoch 46 complete. Average loss: 0.0286
[19500/75000] loss=0.0263 lr=8.4E-04 time/iter=0.166s eta=2:33:34
[19600/75000] loss=0.0233 lr=8.4E-04 time/iter=0.166s eta=2:33:18
[19700/75000] loss=0.0234 lr=8.4E-04 time/iter=0.166s eta=2:33:01
[19800/75000] loss=0.0237 lr=8.4E-04 time/iter=0.166s eta=2:32:44
Epoch 47 complete. Average loss: 0.0233
[19900/75000] loss=0.0246 lr=8.4E-04 time/iter=0.166s eta=2:32:27
[20000/75000] loss=0.0198 lr=8.3E-04 time/iter=0.166s eta=2:32:11
Saving checkpoint to ./runs/checkpoints/checkpoints_lstm_rnn/checkpoint-20000.pth...
Checkpoint saved.
[20100/75000] loss=0.0250 lr=8.3E-04 time/iter=0.166s eta=2:31:54
[20200/75000] loss=0.0254 lr=8.3E-04 time/iter=0.166s eta=2:31:37
Epoch 48 complete. Average loss: 0.0246
[20300/75000] loss=0.0162 lr=8.3E-04 time/iter=0.166s eta=2:31:20
[20400/75000] loss=0.0203 lr=8.3E-04 time/iter=0.166s eta=2:31:04
[20500/75000] loss=0.0210 lr=8.3E-04 time/iter=0.166s eta=2:30:47
[20600/75000] loss=0.0217 lr=8.3E-04 time/iter=0.166s eta=2:30:31
Epoch 49 complete. Average loss: 0.0221
[20700/75000] loss=0.0249 lr=8.2E-04 time/iter=0.166s eta=2:30:14
[20800/75000] loss=0.0225 lr=8.2E-04 time/iter=0.166s eta=2:29:57
[20900/75000] loss=0.0212 lr=8.2E-04 time/iter=0.166s eta=2:29:40
[21000/75000] loss=0.0204 lr=8.2E-04 time/iter=0.166s eta=2:29:24
[21100/75000] loss=0.0214 lr=8.2E-04 time/iter=0.166s eta=2:29:07
Epoch 50 complete. Average loss: 0.0214
[21200/75000] loss=0.0196 lr=8.2E-04 time/iter=0.166s eta=2:28:50
[21300/75000] loss=0.0229 lr=8.1E-04 time/iter=0.166s eta=2:28:33
[21400/75000] loss=0.0237 lr=8.1E-04 time/iter=0.166s eta=2:28:17
[21500/75000] loss=0.0230 lr=8.1E-04 time/iter=0.166s eta=2:28:00
Epoch 51 complete. Average loss: 0.0223
[21600/75000] loss=0.0228 lr=8.1E-04 time/iter=0.166s eta=2:27:43
[21700/75000] loss=0.0219 lr=8.1E-04 time/iter=0.166s eta=2:27:27
[21800/75000] loss=0.0218 lr=8.1E-04 time/iter=0.166s eta=2:27:10
[21900/75000] loss=0.0228 lr=8.0E-04 time/iter=0.166s eta=2:26:53
Epoch 52 complete. Average loss: 0.0222
[22000/75000] loss=0.0158 lr=8.0E-04 time/iter=0.166s eta=2:26:37
[22100/75000] loss=0.0193 lr=8.0E-04 time/iter=0.166s eta=2:26:20
[22200/75000] loss=0.0213 lr=8.0E-04 time/iter=0.166s eta=2:26:04
[22300/75000] loss=0.0211 lr=8.0E-04 time/iter=0.166s eta=2:25:47
Epoch 53 complete. Average loss: 0.0203
[22400/75000] loss=0.0167 lr=8.0E-04 time/iter=0.166s eta=2:25:30
[22500/75000] loss=0.0293 lr=7.9E-04 time/iter=0.166s eta=2:25:14
[22600/75000] loss=0.0256 lr=7.9E-04 time/iter=0.166s eta=2:24:57
[22700/75000] loss=0.0268 lr=7.9E-04 time/iter=0.166s eta=2:24:40
Epoch 54 complete. Average loss: 0.0245
[22800/75000] loss=0.0215 lr=7.9E-04 time/iter=0.166s eta=2:24:24
[22900/75000] loss=0.0223 lr=7.9E-04 time/iter=0.166s eta=2:24:07
[23000/75000] loss=0.0242 lr=7.9E-04 time/iter=0.166s eta=2:23:50
[23100/75000] loss=0.0224 lr=7.8E-04 time/iter=0.166s eta=2:23:34
[23200/75000] loss=0.0211 lr=7.8E-04 time/iter=0.166s eta=2:23:17
Epoch 55 complete. Average loss: 0.0211
[23300/75000] loss=0.0219 lr=7.8E-04 time/iter=0.166s eta=2:23:00
[23400/75000] loss=0.0198 lr=7.8E-04 time/iter=0.166s eta=2:22:44
[23500/75000] loss=0.0186 lr=7.8E-04 time/iter=0.166s eta=2:22:27
[23600/75000] loss=0.0197 lr=7.7E-04 time/iter=0.166s eta=2:22:10
Epoch 56 complete. Average loss: 0.0197
[23700/75000] loss=0.0125 lr=7.7E-04 time/iter=0.166s eta=2:21:54
[23800/75000] loss=0.0210 lr=7.7E-04 time/iter=0.166s eta=2:21:37
[23900/75000] loss=0.0213 lr=7.7E-04 time/iter=0.166s eta=2:21:20
[24000/75000] loss=0.0218 lr=7.7E-04 time/iter=0.166s eta=2:21:04
Epoch 57 complete. Average loss: 0.0209
[24100/75000] loss=0.0212 lr=7.7E-04 time/iter=0.166s eta=2:20:47
[24200/75000] loss=0.0169 lr=7.6E-04 time/iter=0.166s eta=2:20:30
[24300/75000] loss=0.0187 lr=7.6E-04 time/iter=0.166s eta=2:20:13
[24400/75000] loss=0.0189 lr=7.6E-04 time/iter=0.166s eta=2:19:57
Epoch 58 complete. Average loss: 0.0178
[24500/75000] loss=0.0228 lr=7.6E-04 time/iter=0.166s eta=2:19:40
[24600/75000] loss=0.0225 lr=7.6E-04 time/iter=0.166s eta=2:19:23
[24700/75000] loss=0.0187 lr=7.6E-04 time/iter=0.166s eta=2:19:06
[24800/75000] loss=0.0167 lr=7.5E-04 time/iter=0.166s eta=2:18:49
Epoch 59 complete. Average loss: 0.0180
[24900/75000] loss=0.0136 lr=7.5E-04 time/iter=0.166s eta=2:18:32
[25000/75000] loss=0.0209 lr=7.5E-04 time/iter=0.166s eta=2:18:15
Saving checkpoint to ./runs/checkpoints/checkpoints_lstm_rnn/checkpoint-25000.pth...
Checkpoint saved.
[25100/75000] loss=0.0206 lr=7.5E-04 time/iter=0.166s eta=2:17:59
[25200/75000] loss=0.0216 lr=7.5E-04 time/iter=0.166s eta=2:17:42
[25300/75000] loss=0.0219 lr=7.4E-04 time/iter=0.166s eta=2:17:25
Epoch 60 complete. Average loss: 0.0215
[25400/75000] loss=0.0193 lr=7.4E-04 time/iter=0.166s eta=2:17:08
[25500/75000] loss=0.0194 lr=7.4E-04 time/iter=0.166s eta=2:16:51
[25600/75000] loss=0.0172 lr=7.4E-04 time/iter=0.166s eta=2:16:34
[25700/75000] loss=0.0178 lr=7.4E-04 time/iter=0.166s eta=2:16:17
Epoch 61 complete. Average loss: 0.0186
[25800/75000] loss=0.0129 lr=7.4E-04 time/iter=0.166s eta=2:16:00
[25900/75000] loss=0.0140 lr=7.3E-04 time/iter=0.166s eta=2:15:43
[26000/75000] loss=0.0149 lr=7.3E-04 time/iter=0.166s eta=2:15:27
[26100/75000] loss=0.0162 lr=7.3E-04 time/iter=0.166s eta=2:15:09
Epoch 62 complete. Average loss: 0.0157
[26200/75000] loss=0.0268 lr=7.3E-04 time/iter=0.166s eta=2:14:53
[26300/75000] loss=0.0148 lr=7.3E-04 time/iter=0.166s eta=2:14:36
[26400/75000] loss=0.0188 lr=7.2E-04 time/iter=0.166s eta=2:14:19
[26500/75000] loss=0.0169 lr=7.2E-04 time/iter=0.166s eta=2:14:02
Epoch 63 complete. Average loss: 0.0175
[26600/75000] loss=0.0056 lr=7.2E-04 time/iter=0.166s eta=2:13:45
[26700/75000] loss=0.0174 lr=7.2E-04 time/iter=0.166s eta=2:13:28
[26800/75000] loss=0.0177 lr=7.2E-04 time/iter=0.166s eta=2:13:11
[26900/75000] loss=0.0169 lr=7.1E-04 time/iter=0.166s eta=2:12:54
[27000/75000] loss=0.0176 lr=7.1E-04 time/iter=0.166s eta=2:12:37
Epoch 64 complete. Average loss: 0.0177
[27100/75000] loss=0.0173 lr=7.1E-04 time/iter=0.166s eta=2:12:21
[27200/75000] loss=0.0159 lr=7.1E-04 time/iter=0.166s eta=2:12:04
[27300/75000] loss=0.0184 lr=7.1E-04 time/iter=0.166s eta=2:11:47
[27400/75000] loss=0.0166 lr=7.1E-04 time/iter=0.166s eta=2:11:30
Epoch 65 complete. Average loss: 0.0165
[27500/75000] loss=0.0167 lr=7.0E-04 time/iter=0.166s eta=2:11:13
[27600/75000] loss=0.0145 lr=7.0E-04 time/iter=0.166s eta=2:10:56
[27700/75000] loss=0.0147 lr=7.0E-04 time/iter=0.166s eta=2:10:39
[27800/75000] loss=0.0163 lr=7.0E-04 time/iter=0.166s eta=2:10:22
Epoch 66 complete. Average loss: 0.0162
[27900/75000] loss=0.0151 lr=7.0E-04 time/iter=0.166s eta=2:10:05
[28000/75000] loss=0.0180 lr=6.9E-04 time/iter=0.166s eta=2:09:48
[28100/75000] loss=0.0163 lr=6.9E-04 time/iter=0.166s eta=2:09:31
[28200/75000] loss=0.0161 lr=6.9E-04 time/iter=0.166s eta=2:09:14
Epoch 67 complete. Average loss: 0.0164
[28300/75000] loss=0.0151 lr=6.9E-04 time/iter=0.166s eta=2:08:57
[28400/75000] loss=0.0157 lr=6.9E-04 time/iter=0.166s eta=2:08:40
[28500/75000] loss=0.0167 lr=6.8E-04 time/iter=0.166s eta=2:08:23
[28600/75000] loss=0.0146 lr=6.8E-04 time/iter=0.166s eta=2:08:06
Epoch 68 complete. Average loss: 0.0160
[28700/75000] loss=0.0126 lr=6.8E-04 time/iter=0.166s eta=2:07:49
[28800/75000] loss=0.0166 lr=6.8E-04 time/iter=0.166s eta=2:07:33
[28900/75000] loss=0.0154 lr=6.8E-04 time/iter=0.166s eta=2:07:16
[29000/75000] loss=0.0148 lr=6.7E-04 time/iter=0.166s eta=2:06:59
[29100/75000] loss=0.0157 lr=6.7E-04 time/iter=0.166s eta=2:06:42
Epoch 69 complete. Average loss: 0.0154
[29200/75000] loss=0.0146 lr=6.7E-04 time/iter=0.166s eta=2:06:25
[29300/75000] loss=0.0153 lr=6.7E-04 time/iter=0.166s eta=2:06:08
[29400/75000] loss=0.0155 lr=6.7E-04 time/iter=0.166s eta=2:05:51
[29500/75000] loss=0.0143 lr=6.6E-04 time/iter=0.166s eta=2:05:34
Epoch 70 complete. Average loss: 0.0150
[29600/75000] loss=0.0108 lr=6.6E-04 time/iter=0.166s eta=2:05:17
[29700/75000] loss=0.0193 lr=6.6E-04 time/iter=0.166s eta=2:05:01
[29800/75000] loss=0.0164 lr=6.6E-04 time/iter=0.166s eta=2:04:44
[29900/75000] loss=0.0153 lr=6.6E-04 time/iter=0.166s eta=2:04:27
Epoch 71 complete. Average loss: 0.0147
[30000/75000] loss=0.0041 lr=6.5E-04 time/iter=0.166s eta=2:04:10
Saving checkpoint to ./runs/checkpoints/checkpoints_lstm_rnn/checkpoint-30000.pth...
Checkpoint saved.
[30100/75000] loss=0.0142 lr=6.5E-04 time/iter=0.166s eta=2:03:53
[30200/75000] loss=0.0131 lr=6.5E-04 time/iter=0.166s eta=2:03:36
[30300/75000] loss=0.0130 lr=6.5E-04 time/iter=0.166s eta=2:03:19
Epoch 72 complete. Average loss: 0.0136
[30400/75000] loss=0.0157 lr=6.5E-04 time/iter=0.166s eta=2:03:02
[30500/75000] loss=0.0150 lr=6.4E-04 time/iter=0.166s eta=2:02:45
[30600/75000] loss=0.0153 lr=6.4E-04 time/iter=0.166s eta=2:02:28
[30700/75000] loss=0.0140 lr=6.4E-04 time/iter=0.166s eta=2:02:11
[30800/75000] loss=0.0142 lr=6.4E-04 time/iter=0.166s eta=2:01:55
Epoch 73 complete. Average loss: 0.0141
[30900/75000] loss=0.0149 lr=6.4E-04 time/iter=0.165s eta=2:01:38
[31000/75000] loss=0.0152 lr=6.3E-04 time/iter=0.165s eta=2:01:21
[31100/75000] loss=0.0148 lr=6.3E-04 time/iter=0.165s eta=2:01:04
[31200/75000] loss=0.0156 lr=6.3E-04 time/iter=0.165s eta=2:00:47
Epoch 74 complete. Average loss: 0.0162
[31300/75000] loss=0.0075 lr=6.3E-04 time/iter=0.165s eta=2:00:30
[31400/75000] loss=0.0127 lr=6.3E-04 time/iter=0.165s eta=2:00:13
[31500/75000] loss=0.0115 lr=6.2E-04 time/iter=0.165s eta=1:59:56
[31600/75000] loss=0.0111 lr=6.2E-04 time/iter=0.165s eta=1:59:40
Epoch 75 complete. Average loss: 0.0134
[31700/75000] loss=0.0110 lr=6.2E-04 time/iter=0.165s eta=1:59:23
[31800/75000] loss=0.0138 lr=6.2E-04 time/iter=0.165s eta=1:59:06
[31900/75000] loss=0.0122 lr=6.2E-04 time/iter=0.165s eta=1:58:49
[32000/75000] loss=0.0134 lr=6.1E-04 time/iter=0.165s eta=1:58:32
Epoch 76 complete. Average loss: 0.0142
[32100/75000] loss=0.0186 lr=6.1E-04 time/iter=0.165s eta=1:58:15
[32200/75000] loss=0.0078 lr=6.1E-04 time/iter=0.165s eta=1:57:58
[32300/75000] loss=0.0130 lr=6.1E-04 time/iter=0.165s eta=1:57:41
[32400/75000] loss=0.0139 lr=6.1E-04 time/iter=0.165s eta=1:57:25
Epoch 77 complete. Average loss: 0.0142
[32500/75000] loss=0.0141 lr=6.0E-04 time/iter=0.165s eta=1:57:08
[32600/75000] loss=0.0109 lr=6.0E-04 time/iter=0.165s eta=1:56:51
[32700/75000] loss=0.0152 lr=6.0E-04 time/iter=0.165s eta=1:56:34
[32800/75000] loss=0.0125 lr=6.0E-04 time/iter=0.165s eta=1:56:17
[32900/75000] loss=0.0134 lr=6.0E-04 time/iter=0.165s eta=1:56:01
Epoch 78 complete. Average loss: 0.0134
[33000/75000] loss=0.0110 lr=5.9E-04 time/iter=0.165s eta=1:55:44
[33100/75000] loss=0.0142 lr=5.9E-04 time/iter=0.165s eta=1:55:27
[33200/75000] loss=0.0138 lr=5.9E-04 time/iter=0.165s eta=1:55:10
[33300/75000] loss=0.0122 lr=5.9E-04 time/iter=0.165s eta=1:54:53
Epoch 79 complete. Average loss: 0.0126
[33400/75000] loss=0.0063 lr=5.9E-04 time/iter=0.165s eta=1:54:36
[33500/75000] loss=0.0123 lr=5.8E-04 time/iter=0.165s eta=1:54:20
[33600/75000] loss=0.0120 lr=5.8E-04 time/iter=0.165s eta=1:54:03
[33700/75000] loss=0.0119 lr=5.8E-04 time/iter=0.165s eta=1:53:46
Epoch 80 complete. Average loss: 0.0122
[33800/75000] loss=0.0050 lr=5.8E-04 time/iter=0.165s eta=1:53:29
[33900/75000] loss=0.0109 lr=5.8E-04 time/iter=0.165s eta=1:53:12
[34000/75000] loss=0.0117 lr=5.7E-04 time/iter=0.165s eta=1:52:55
[34100/75000] loss=0.0110 lr=5.7E-04 time/iter=0.165s eta=1:52:38
Epoch 81 complete. Average loss: 0.0109
[34200/75000] loss=0.0111 lr=5.7E-04 time/iter=0.165s eta=1:52:22
[34300/75000] loss=0.0096 lr=5.7E-04 time/iter=0.165s eta=1:52:05
[34400/75000] loss=0.0127 lr=5.6E-04 time/iter=0.165s eta=1:51:48
[34500/75000] loss=0.0099 lr=5.6E-04 time/iter=0.165s eta=1:51:31
[34600/75000] loss=0.0114 lr=5.6E-04 time/iter=0.165s eta=1:51:14
Epoch 82 complete. Average loss: 0.0114
[34700/75000] loss=0.0079 lr=5.6E-04 time/iter=0.165s eta=1:50:57
[34800/75000] loss=0.0117 lr=5.6E-04 time/iter=0.165s eta=1:50:41
[34900/75000] loss=0.0116 lr=5.5E-04 time/iter=0.165s eta=1:50:24
[35000/75000] loss=0.0117 lr=5.5E-04 time/iter=0.165s eta=1:50:07
Saving checkpoint to ./runs/checkpoints/checkpoints_lstm_rnn/checkpoint-35000.pth...
Checkpoint saved.
Epoch 83 complete. Average loss: 0.0118
[35100/75000] loss=0.0076 lr=5.5E-04 time/iter=0.165s eta=1:49:50
[35200/75000] loss=0.0117 lr=5.5E-04 time/iter=0.165s eta=1:49:33
[35300/75000] loss=0.0129 lr=5.5E-04 time/iter=0.165s eta=1:49:16
[35400/75000] loss=0.0113 lr=5.4E-04 time/iter=0.165s eta=1:48:59
Epoch 84 complete. Average loss: 0.0118
[35500/75000] loss=0.0149 lr=5.4E-04 time/iter=0.165s eta=1:48:42
[35600/75000] loss=0.0094 lr=5.4E-04 time/iter=0.165s eta=1:48:25
[35700/75000] loss=0.0122 lr=5.4E-04 time/iter=0.165s eta=1:48:08
[35800/75000] loss=0.0104 lr=5.4E-04 time/iter=0.165s eta=1:47:52
Epoch 85 complete. Average loss: 0.0106
[35900/75000] loss=0.0112 lr=5.3E-04 time/iter=0.165s eta=1:47:35
[36000/75000] loss=0.0101 lr=5.3E-04 time/iter=0.165s eta=1:47:18
[36100/75000] loss=0.0103 lr=5.3E-04 time/iter=0.165s eta=1:47:01
[36200/75000] loss=0.0095 lr=5.3E-04 time/iter=0.165s eta=1:46:44
Epoch 86 complete. Average loss: 0.0104
[36300/75000] loss=0.0075 lr=5.3E-04 time/iter=0.165s eta=1:46:27
[36400/75000] loss=0.0132 lr=5.2E-04 time/iter=0.165s eta=1:46:10
[36500/75000] loss=0.0107 lr=5.2E-04 time/iter=0.165s eta=1:45:53
[36600/75000] loss=0.0122 lr=5.2E-04 time/iter=0.165s eta=1:45:37
[36700/75000] loss=0.0115 lr=5.2E-04 time/iter=0.165s eta=1:45:20
Epoch 87 complete. Average loss: 0.0117
[36800/75000] loss=0.0065 lr=5.1E-04 time/iter=0.165s eta=1:45:03
[36900/75000] loss=0.0088 lr=5.1E-04 time/iter=0.165s eta=1:44:46
[37000/75000] loss=0.0106 lr=5.1E-04 time/iter=0.165s eta=1:44:29
[37100/75000] loss=0.0102 lr=5.1E-04 time/iter=0.165s eta=1:44:13
Epoch 88 complete. Average loss: 0.0098
[37200/75000] loss=0.0043 lr=5.1E-04 time/iter=0.165s eta=1:43:56
[37300/75000] loss=0.0103 lr=5.0E-04 time/iter=0.165s eta=1:43:39
[37400/75000] loss=0.0104 lr=5.0E-04 time/iter=0.165s eta=1:43:22
[37500/75000] loss=0.0099 lr=5.0E-04 time/iter=0.165s eta=1:43:05
Epoch 89 complete. Average loss: 0.0113
[37600/75000] loss=0.0075 lr=5.0E-04 time/iter=0.165s eta=1:42:49
[37700/75000] loss=0.0083 lr=5.0E-04 time/iter=0.165s eta=1:42:32
[37800/75000] loss=0.0098 lr=4.9E-04 time/iter=0.165s eta=1:42:15
[37900/75000] loss=0.0098 lr=4.9E-04 time/iter=0.165s eta=1:41:58
Epoch 90 complete. Average loss: 0.0086
[38000/75000] loss=0.0142 lr=4.9E-04 time/iter=0.165s eta=1:41:41
[38100/75000] loss=0.0138 lr=4.9E-04 time/iter=0.165s eta=1:41:25
[38200/75000] loss=0.0131 lr=4.9E-04 time/iter=0.165s eta=1:41:08
[38300/75000] loss=0.0115 lr=4.8E-04 time/iter=0.165s eta=1:40:51
[38400/75000] loss=0.0116 lr=4.8E-04 time/iter=0.165s eta=1:40:34
Epoch 91 complete. Average loss: 0.0116
[38500/75000] loss=0.0048 lr=4.8E-04 time/iter=0.165s eta=1:40:18
[38600/75000] loss=0.0108 lr=4.8E-04 time/iter=0.165s eta=1:40:01
[38700/75000] loss=0.0101 lr=4.7E-04 time/iter=0.165s eta=1:39:44
[38800/75000] loss=0.0089 lr=4.7E-04 time/iter=0.165s eta=1:39:27
Epoch 92 complete. Average loss: 0.0096
[38900/75000] loss=0.0130 lr=4.7E-04 time/iter=0.165s eta=1:39:10
[39000/75000] loss=0.0078 lr=4.7E-04 time/iter=0.165s eta=1:38:54
[39100/75000] loss=0.0103 lr=4.7E-04 time/iter=0.165s eta=1:38:37
[39200/75000] loss=0.0086 lr=4.6E-04 time/iter=0.165s eta=1:38:20
Epoch 93 complete. Average loss: 0.0089
[39300/75000] loss=0.0099 lr=4.6E-04 time/iter=0.165s eta=1:38:03
[39400/75000] loss=0.0069 lr=4.6E-04 time/iter=0.165s eta=1:37:47
[39500/75000] loss=0.0079 lr=4.6E-04 time/iter=0.165s eta=1:37:30
[39600/75000] loss=0.0082 lr=4.6E-04 time/iter=0.165s eta=1:37:13
Epoch 94 complete. Average loss: 0.0088
[39700/75000] loss=0.0085 lr=4.5E-04 time/iter=0.165s eta=1:36:56
[39800/75000] loss=0.0123 lr=4.5E-04 time/iter=0.165s eta=1:36:39
[39900/75000] loss=0.0093 lr=4.5E-04 time/iter=0.165s eta=1:36:23
[40000/75000] loss=0.0095 lr=4.5E-04 time/iter=0.165s eta=1:36:06
Saving checkpoint to ./runs/checkpoints/checkpoints_lstm_rnn/checkpoint-40000.pth...
Checkpoint saved.
Epoch 95 complete. Average loss: 0.0089
[40100/75000] loss=0.0020 lr=4.5E-04 time/iter=0.165s eta=1:35:49
[40200/75000] loss=0.0074 lr=4.4E-04 time/iter=0.165s eta=1:35:33
[40300/75000] loss=0.0090 lr=4.4E-04 time/iter=0.165s eta=1:35:16
[40400/75000] loss=0.0075 lr=4.4E-04 time/iter=0.165s eta=1:34:59
[40500/75000] loss=0.0080 lr=4.4E-04 time/iter=0.165s eta=1:34:43
Epoch 96 complete. Average loss: 0.0081
[40600/75000] loss=0.0088 lr=4.4E-04 time/iter=0.165s eta=1:34:26
[40700/75000] loss=0.0078 lr=4.3E-04 time/iter=0.165s eta=1:34:09
[40800/75000] loss=0.0089 lr=4.3E-04 time/iter=0.165s eta=1:33:53
[40900/75000] loss=0.0085 lr=4.3E-04 time/iter=0.165s eta=1:33:36
Epoch 97 complete. Average loss: 0.0086
[41000/75000] loss=0.0087 lr=4.3E-04 time/iter=0.165s eta=1:33:19
[41100/75000] loss=0.0068 lr=4.2E-04 time/iter=0.165s eta=1:33:03
[41200/75000] loss=0.0065 lr=4.2E-04 time/iter=0.165s eta=1:32:46
[41300/75000] loss=0.0072 lr=4.2E-04 time/iter=0.165s eta=1:32:29
Epoch 98 complete. Average loss: 0.0078
[41400/75000] loss=0.0046 lr=4.2E-04 time/iter=0.165s eta=1:32:13
[41500/75000] loss=0.0068 lr=4.2E-04 time/iter=0.165s eta=1:31:56
[41600/75000] loss=0.0070 lr=4.1E-04 time/iter=0.165s eta=1:31:39
[41700/75000] loss=0.0065 lr=4.1E-04 time/iter=0.165s eta=1:31:23
Epoch 99 complete. Average loss: 0.0064
[41800/75000] loss=0.0026 lr=4.1E-04 time/iter=0.165s eta=1:31:06
[41900/75000] loss=0.0102 lr=4.1E-04 time/iter=0.165s eta=1:30:49
[42000/75000] loss=0.0081 lr=4.1E-04 time/iter=0.165s eta=1:30:33
[42100/75000] loss=0.0075 lr=4.0E-04 time/iter=0.165s eta=1:30:16
[42200/75000] loss=0.0072 lr=4.0E-04 time/iter=0.165s eta=1:29:59
Epoch 100 complete. Average loss: 0.0072
[42300/75000] loss=0.0098 lr=4.0E-04 time/iter=0.165s eta=1:29:43
[42400/75000] loss=0.0066 lr=4.0E-04 time/iter=0.165s eta=1:29:26
[42500/75000] loss=0.0071 lr=4.0E-04 time/iter=0.165s eta=1:29:09
[42600/75000] loss=0.0073 lr=3.9E-04 time/iter=0.165s eta=1:28:53
Epoch 101 complete. Average loss: 0.0074
[42700/75000] loss=0.0054 lr=3.9E-04 time/iter=0.165s eta=1:28:36
[42800/75000] loss=0.0071 lr=3.9E-04 time/iter=0.165s eta=1:28:20
[42900/75000] loss=0.0068 lr=3.9E-04 time/iter=0.165s eta=1:28:03
[43000/75000] loss=0.0074 lr=3.9E-04 time/iter=0.165s eta=1:27:46
Epoch 102 complete. Average loss: 0.0073
[43100/75000] loss=0.0029 lr=3.8E-04 time/iter=0.165s eta=1:27:30
[43200/75000] loss=0.0057 lr=3.8E-04 time/iter=0.165s eta=1:27:13
[43300/75000] loss=0.0058 lr=3.8E-04 time/iter=0.165s eta=1:26:57
[43400/75000] loss=0.0059 lr=3.8E-04 time/iter=0.165s eta=1:26:40
Epoch 103 complete. Average loss: 0.0067
[43500/75000] loss=0.0066 lr=3.8E-04 time/iter=0.165s eta=1:26:23
[43600/75000] loss=0.0034 lr=3.7E-04 time/iter=0.165s eta=1:26:07
[43700/75000] loss=0.0059 lr=3.7E-04 time/iter=0.165s eta=1:25:50
[43800/75000] loss=0.0057 lr=3.7E-04 time/iter=0.165s eta=1:25:33
Epoch 104 complete. Average loss: 0.0057
[43900/75000] loss=0.0020 lr=3.7E-04 time/iter=0.165s eta=1:25:17
[44000/75000] loss=0.0067 lr=3.7E-04 time/iter=0.165s eta=1:25:00
[44100/75000] loss=0.0076 lr=3.6E-04 time/iter=0.165s eta=1:24:44
[44200/75000] loss=0.0067 lr=3.6E-04 time/iter=0.165s eta=1:24:27
[44300/75000] loss=0.0072 lr=3.6E-04 time/iter=0.165s eta=1:24:10
Epoch 105 complete. Average loss: 0.0072
[44400/75000] loss=0.0029 lr=3.6E-04 time/iter=0.165s eta=1:23:54
[44500/75000] loss=0.0069 lr=3.6E-04 time/iter=0.165s eta=1:23:37
[44600/75000] loss=0.0061 lr=3.5E-04 time/iter=0.165s eta=1:23:21
[44700/75000] loss=0.0068 lr=3.5E-04 time/iter=0.165s eta=1:23:04
Epoch 106 complete. Average loss: 0.0064
[44800/75000] loss=0.0061 lr=3.5E-04 time/iter=0.164s eta=1:22:47
[44900/75000] loss=0.0069 lr=3.5E-04 time/iter=0.164s eta=1:22:31
[45000/75000] loss=0.0066 lr=3.5E-04 time/iter=0.164s eta=1:22:14
Saving checkpoint to ./runs/checkpoints/checkpoints_lstm_rnn/checkpoint-45000.pth...
Checkpoint saved.
[45100/75000] loss=0.0058 lr=3.4E-04 time/iter=0.164s eta=1:21:58
Epoch 107 complete. Average loss: 0.0054
[45200/75000] loss=0.0077 lr=3.4E-04 time/iter=0.164s eta=1:21:41
[45300/75000] loss=0.0054 lr=3.4E-04 time/iter=0.164s eta=1:21:24
[45400/75000] loss=0.0041 lr=3.4E-04 time/iter=0.164s eta=1:21:08
[45500/75000] loss=0.0059 lr=3.4E-04 time/iter=0.164s eta=1:20:51
Epoch 108 complete. Average loss: 0.0057
[45600/75000] loss=0.0032 lr=3.3E-04 time/iter=0.164s eta=1:20:34
[45700/75000] loss=0.0065 lr=3.3E-04 time/iter=0.164s eta=1:20:18
[45800/75000] loss=0.0051 lr=3.3E-04 time/iter=0.164s eta=1:20:01
[45900/75000] loss=0.0065 lr=3.3E-04 time/iter=0.164s eta=1:19:45
Epoch 109 complete. Average loss: 0.0058
[46000/75000] loss=0.0020 lr=3.3E-04 time/iter=0.164s eta=1:19:28
[46100/75000] loss=0.0041 lr=3.2E-04 time/iter=0.164s eta=1:19:11
[46200/75000] loss=0.0057 lr=3.2E-04 time/iter=0.164s eta=1:18:55
[46300/75000] loss=0.0045 lr=3.2E-04 time/iter=0.164s eta=1:18:38
[46400/75000] loss=0.0059 lr=3.2E-04 time/iter=0.164s eta=1:18:21
Epoch 110 complete. Average loss: 0.0062
[46500/75000] loss=0.0062 lr=3.2E-04 time/iter=0.164s eta=1:18:05
[46600/75000] loss=0.0066 lr=3.1E-04 time/iter=0.164s eta=1:17:48
[46700/75000] loss=0.0056 lr=3.1E-04 time/iter=0.164s eta=1:17:32
[46800/75000] loss=0.0051 lr=3.1E-04 time/iter=0.164s eta=1:17:15
Epoch 111 complete. Average loss: 0.0059
[46900/75000] loss=0.0059 lr=3.1E-04 time/iter=0.164s eta=1:16:58
[47000/75000] loss=0.0055 lr=3.1E-04 time/iter=0.164s eta=1:16:42
[47100/75000] loss=0.0045 lr=3.0E-04 time/iter=0.164s eta=1:16:25
[47200/75000] loss=0.0050 lr=3.0E-04 time/iter=0.164s eta=1:16:09
Epoch 112 complete. Average loss: 0.0051
[47300/75000] loss=0.0029 lr=3.0E-04 time/iter=0.164s eta=1:15:52
[47400/75000] loss=0.0034 lr=3.0E-04 time/iter=0.164s eta=1:15:35
[47500/75000] loss=0.0049 lr=3.0E-04 time/iter=0.164s eta=1:15:19
[47600/75000] loss=0.0047 lr=2.9E-04 time/iter=0.164s eta=1:15:02
Epoch 113 complete. Average loss: 0.0050
[47700/75000] loss=0.0047 lr=2.9E-04 time/iter=0.164s eta=1:14:46
[47800/75000] loss=0.0025 lr=2.9E-04 time/iter=0.164s eta=1:14:29
[47900/75000] loss=0.0032 lr=2.9E-04 time/iter=0.164s eta=1:14:12
[48000/75000] loss=0.0037 lr=2.9E-04 time/iter=0.164s eta=1:13:56
[48100/75000] loss=0.0045 lr=2.9E-04 time/iter=0.164s eta=1:13:39
Epoch 114 complete. Average loss: 0.0045
[48200/75000] loss=0.0030 lr=2.8E-04 time/iter=0.164s eta=1:13:23
[48300/75000] loss=0.0043 lr=2.8E-04 time/iter=0.164s eta=1:13:06
[48400/75000] loss=0.0033 lr=2.8E-04 time/iter=0.164s eta=1:12:49
[48500/75000] loss=0.0044 lr=2.8E-04 time/iter=0.164s eta=1:12:33
Epoch 115 complete. Average loss: 0.0043
[48600/75000] loss=0.0014 lr=2.8E-04 time/iter=0.164s eta=1:12:16
[48700/75000] loss=0.0050 lr=2.7E-04 time/iter=0.164s eta=1:12:00
[48800/75000] loss=0.0047 lr=2.7E-04 time/iter=0.164s eta=1:11:43
[48900/75000] loss=0.0040 lr=2.7E-04 time/iter=0.164s eta=1:11:27
Epoch 116 complete. Average loss: 0.0044
[49000/75000] loss=0.0031 lr=2.7E-04 time/iter=0.164s eta=1:11:10
[49100/75000] loss=0.0020 lr=2.7E-04 time/iter=0.164s eta=1:10:53
[49200/75000] loss=0.0045 lr=2.6E-04 time/iter=0.164s eta=1:10:37
[49300/75000] loss=0.0040 lr=2.6E-04 time/iter=0.164s eta=1:10:20
Epoch 117 complete. Average loss: 0.0037
[49400/75000] loss=0.0031 lr=2.6E-04 time/iter=0.164s eta=1:10:04
[49500/75000] loss=0.0027 lr=2.6E-04 time/iter=0.164s eta=1:09:47
[49600/75000] loss=0.0045 lr=2.6E-04 time/iter=0.164s eta=1:09:31
[49700/75000] loss=0.0036 lr=2.6E-04 time/iter=0.164s eta=1:09:14
Epoch 118 complete. Average loss: 0.0044
[49800/75000] loss=0.0068 lr=2.5E-04 time/iter=0.164s eta=1:08:57
[49900/75000] loss=0.0027 lr=2.5E-04 time/iter=0.164s eta=1:08:41
[50000/75000] loss=0.0026 lr=2.5E-04 time/iter=0.164s eta=1:08:24
Saving checkpoint to ./runs/checkpoints/checkpoints_lstm_rnn/checkpoint-50000.pth...
Checkpoint saved.
[50100/75000] loss=0.0029 lr=2.5E-04 time/iter=0.164s eta=1:08:08
[50200/75000] loss=0.0035 lr=2.5E-04 time/iter=0.164s eta=1:07:51
Epoch 119 complete. Average loss: 0.0035
[50300/75000] loss=0.0022 lr=2.4E-04 time/iter=0.164s eta=1:07:35
[50400/75000] loss=0.0029 lr=2.4E-04 time/iter=0.164s eta=1:07:18
[50500/75000] loss=0.0034 lr=2.4E-04 time/iter=0.164s eta=1:07:02
[50600/75000] loss=0.0034 lr=2.4E-04 time/iter=0.164s eta=1:06:45
Epoch 120 complete. Average loss: 0.0035
[50700/75000] loss=0.0017 lr=2.4E-04 time/iter=0.164s eta=1:06:29
[50800/75000] loss=0.0035 lr=2.4E-04 time/iter=0.164s eta=1:06:12
[50900/75000] loss=0.0030 lr=2.3E-04 time/iter=0.164s eta=1:05:56
[51000/75000] loss=0.0035 lr=2.3E-04 time/iter=0.164s eta=1:05:39
Epoch 121 complete. Average loss: 0.0033
[51100/75000] loss=0.0011 lr=2.3E-04 time/iter=0.164s eta=1:05:23
[51200/75000] loss=0.0046 lr=2.3E-04 time/iter=0.164s eta=1:05:06
[51300/75000] loss=0.0037 lr=2.3E-04 time/iter=0.164s eta=1:04:50
[51400/75000] loss=0.0036 lr=2.3E-04 time/iter=0.164s eta=1:04:33
Epoch 122 complete. Average loss: 0.0039
[51500/75000] loss=0.0021 lr=2.2E-04 time/iter=0.164s eta=1:04:16
[51600/75000] loss=0.0013 lr=2.2E-04 time/iter=0.164s eta=1:04:00
[51700/75000] loss=0.0036 lr=2.2E-04 time/iter=0.164s eta=1:03:44
[51800/75000] loss=0.0038 lr=2.2E-04 time/iter=0.164s eta=1:03:27
[51900/75000] loss=0.0036 lr=2.2E-04 time/iter=0.164s eta=1:03:10
Epoch 123 complete. Average loss: 0.0036
[52000/75000] loss=0.0014 lr=2.1E-04 time/iter=0.164s eta=1:02:54
[52100/75000] loss=0.0015 lr=2.1E-04 time/iter=0.164s eta=1:02:37
[52200/75000] loss=0.0032 lr=2.1E-04 time/iter=0.164s eta=1:02:21
[52300/75000] loss=0.0032 lr=2.1E-04 time/iter=0.164s eta=1:02:05
Epoch 124 complete. Average loss: 0.0033
[52400/75000] loss=0.0047 lr=2.1E-04 time/iter=0.164s eta=1:01:48
[52500/75000] loss=0.0026 lr=2.1E-04 time/iter=0.164s eta=1:01:31
[52600/75000] loss=0.0031 lr=2.0E-04 time/iter=0.164s eta=1:01:15
[52700/75000] loss=0.0032 lr=2.0E-04 time/iter=0.164s eta=1:00:59
Epoch 125 complete. Average loss: 0.0031
[52800/75000] loss=0.0012 lr=2.0E-04 time/iter=0.164s eta=1:00:42
[52900/75000] loss=0.0011 lr=2.0E-04 time/iter=0.164s eta=1:00:25
[53000/75000] loss=0.0025 lr=2.0E-04 time/iter=0.164s eta=1:00:09
[53100/75000] loss=0.0026 lr=2.0E-04 time/iter=0.164s eta=0:59:53
Epoch 126 complete. Average loss: 0.0025
[53200/75000] loss=0.0024 lr=1.9E-04 time/iter=0.164s eta=0:59:36
[53300/75000] loss=0.0022 lr=1.9E-04 time/iter=0.164s eta=0:59:20
[53400/75000] loss=0.0036 lr=1.9E-04 time/iter=0.164s eta=0:59:03
[53500/75000] loss=0.0034 lr=1.9E-04 time/iter=0.164s eta=0:58:47
Epoch 127 complete. Average loss: 0.0030
[53600/75000] loss=0.0034 lr=1.9E-04 time/iter=0.164s eta=0:58:30
[53700/75000] loss=0.0043 lr=1.9E-04 time/iter=0.164s eta=0:58:14
[53800/75000] loss=0.0026 lr=1.8E-04 time/iter=0.164s eta=0:57:57
[53900/75000] loss=0.0029 lr=1.8E-04 time/iter=0.164s eta=0:57:41
[54000/75000] loss=0.0030 lr=1.8E-04 time/iter=0.164s eta=0:57:24
Epoch 128 complete. Average loss: 0.0029
[54100/75000] loss=0.0008 lr=1.8E-04 time/iter=0.164s eta=0:57:08
[54200/75000] loss=0.0025 lr=1.8E-04 time/iter=0.164s eta=0:56:51
[54300/75000] loss=0.0022 lr=1.8E-04 time/iter=0.164s eta=0:56:35
[54400/75000] loss=0.0021 lr=1.7E-04 time/iter=0.164s eta=0:56:18
Epoch 129 complete. Average loss: 0.0020
[54500/75000] loss=0.0013 lr=1.7E-04 time/iter=0.164s eta=0:56:02
[54600/75000] loss=0.0034 lr=1.7E-04 time/iter=0.164s eta=0:55:45
[54700/75000] loss=0.0035 lr=1.7E-04 time/iter=0.164s eta=0:55:29
[54800/75000] loss=0.0028 lr=1.7E-04 time/iter=0.164s eta=0:55:12
Epoch 130 complete. Average loss: 0.0025
[54900/75000] loss=0.0019 lr=1.7E-04 time/iter=0.164s eta=0:54:56
[55000/75000] loss=0.0024 lr=1.7E-04 time/iter=0.164s eta=0:54:39
Saving checkpoint to ./runs/checkpoints/checkpoints_lstm_rnn/checkpoint-55000.pth...
Checkpoint saved.
[55100/75000] loss=0.0020 lr=1.6E-04 time/iter=0.164s eta=0:54:23
[55200/75000] loss=0.0026 lr=1.6E-04 time/iter=0.164s eta=0:54:06
Epoch 131 complete. Average loss: 0.0028
[55300/75000] loss=0.0010 lr=1.6E-04 time/iter=0.164s eta=0:53:50
[55400/75000] loss=0.0013 lr=1.6E-04 time/iter=0.164s eta=0:53:33
[55500/75000] loss=0.0012 lr=1.6E-04 time/iter=0.164s eta=0:53:17
[55600/75000] loss=0.0014 lr=1.6E-04 time/iter=0.164s eta=0:53:00
[55700/75000] loss=0.0016 lr=1.5E-04 time/iter=0.164s eta=0:52:44
Epoch 132 complete. Average loss: 0.0016
[55800/75000] loss=0.0010 lr=1.5E-04 time/iter=0.164s eta=0:52:27
[55900/75000] loss=0.0023 lr=1.5E-04 time/iter=0.164s eta=0:52:11
[56000/75000] loss=0.0022 lr=1.5E-04 time/iter=0.164s eta=0:51:54
[56100/75000] loss=0.0019 lr=1.5E-04 time/iter=0.164s eta=0:51:38
Epoch 133 complete. Average loss: 0.0021
[56200/75000] loss=0.0036 lr=1.5E-04 time/iter=0.164s eta=0:51:21
[56300/75000] loss=0.0019 lr=1.5E-04 time/iter=0.164s eta=0:51:05
[56400/75000] loss=0.0021 lr=1.4E-04 time/iter=0.164s eta=0:50:49
[56500/75000] loss=0.0017 lr=1.4E-04 time/iter=0.164s eta=0:50:32
Epoch 134 complete. Average loss: 0.0018
[56600/75000] loss=0.0013 lr=1.4E-04 time/iter=0.164s eta=0:50:16
[56700/75000] loss=0.0013 lr=1.4E-04 time/iter=0.164s eta=0:49:59
[56800/75000] loss=0.0019 lr=1.4E-04 time/iter=0.164s eta=0:49:43
[56900/75000] loss=0.0024 lr=1.4E-04 time/iter=0.164s eta=0:49:26
Epoch 135 complete. Average loss: 0.0021
[57000/75000] loss=0.0013 lr=1.4E-04 time/iter=0.164s eta=0:49:10
[57100/75000] loss=0.0012 lr=1.3E-04 time/iter=0.164s eta=0:48:53
[57200/75000] loss=0.0012 lr=1.3E-04 time/iter=0.164s eta=0:48:37
[57300/75000] loss=0.0014 lr=1.3E-04 time/iter=0.164s eta=0:48:21
Epoch 136 complete. Average loss: 0.0014
[57400/75000] loss=0.0015 lr=1.3E-04 time/iter=0.164s eta=0:48:04
[57500/75000] loss=0.0041 lr=1.3E-04 time/iter=0.164s eta=0:47:48
[57600/75000] loss=0.0027 lr=1.3E-04 time/iter=0.164s eta=0:47:31
[57700/75000] loss=0.0020 lr=1.3E-04 time/iter=0.164s eta=0:47:15
[57800/75000] loss=0.0019 lr=1.2E-04 time/iter=0.164s eta=0:46:58
Epoch 137 complete. Average loss: 0.0020
[57900/75000] loss=0.0029 lr=1.2E-04 time/iter=0.164s eta=0:46:42
[58000/75000] loss=0.0018 lr=1.2E-04 time/iter=0.164s eta=0:46:25
[58100/75000] loss=0.0014 lr=1.2E-04 time/iter=0.164s eta=0:46:09
[58200/75000] loss=0.0016 lr=1.2E-04 time/iter=0.164s eta=0:45:53
Epoch 138 complete. Average loss: 0.0017
[58300/75000] loss=0.0038 lr=1.2E-04 time/iter=0.164s eta=0:45:36
[58400/75000] loss=0.0023 lr=1.2E-04 time/iter=0.164s eta=0:45:20
[58500/75000] loss=0.0016 lr=1.1E-04 time/iter=0.164s eta=0:45:03
[58600/75000] loss=0.0017 lr=1.1E-04 time/iter=0.164s eta=0:44:47
Epoch 139 complete. Average loss: 0.0017
[58700/75000] loss=0.0016 lr=1.1E-04 time/iter=0.164s eta=0:44:30
[58800/75000] loss=0.0010 lr=1.1E-04 time/iter=0.164s eta=0:44:14
[58900/75000] loss=0.0009 lr=1.1E-04 time/iter=0.164s eta=0:43:57
[59000/75000] loss=0.0011 lr=1.1E-04 time/iter=0.164s eta=0:43:41
Epoch 140 complete. Average loss: 0.0010
[59100/75000] loss=0.0006 lr=1.1E-04 time/iter=0.164s eta=0:43:24
[59200/75000] loss=0.0012 lr=1.1E-04 time/iter=0.164s eta=0:43:08
[59300/75000] loss=0.0018 lr=1.0E-04 time/iter=0.164s eta=0:42:51
[59400/75000] loss=0.0017 lr=1.0E-04 time/iter=0.164s eta=0:42:35
[59500/75000] loss=0.0015 lr=1.0E-04 time/iter=0.164s eta=0:42:18
Epoch 141 complete. Average loss: 0.0015
[59600/75000] loss=0.0006 lr=1.0E-04 time/iter=0.164s eta=0:42:02
[59700/75000] loss=0.0009 lr=9.9E-05 time/iter=0.164s eta=0:41:45
[59800/75000] loss=0.0010 lr=9.8E-05 time/iter=0.164s eta=0:41:29
[59900/75000] loss=0.0011 lr=9.7E-05 time/iter=0.164s eta=0:41:12
Epoch 142 complete. Average loss: 0.0011
[60000/75000] loss=0.0010 lr=9.5E-05 time/iter=0.164s eta=0:40:56
Saving checkpoint to ./runs/checkpoints/checkpoints_lstm_rnn/checkpoint-60000.pth...
Checkpoint saved.
[60100/75000] loss=0.0007 lr=9.4E-05 time/iter=0.164s eta=0:40:40
[60200/75000] loss=0.0011 lr=9.3E-05 time/iter=0.164s eta=0:40:23
[60300/75000] loss=0.0010 lr=9.2E-05 time/iter=0.164s eta=0:40:07
Epoch 143 complete. Average loss: 0.0009
[60400/75000] loss=0.0029 lr=9.1E-05 time/iter=0.164s eta=0:39:50
[60500/75000] loss=0.0018 lr=8.9E-05 time/iter=0.164s eta=0:39:34
[60600/75000] loss=0.0013 lr=8.8E-05 time/iter=0.164s eta=0:39:17
[60700/75000] loss=0.0010 lr=8.7E-05 time/iter=0.164s eta=0:39:01
Epoch 144 complete. Average loss: 0.0010
[60800/75000] loss=0.0014 lr=8.6E-05 time/iter=0.164s eta=0:38:44
[60900/75000] loss=0.0020 lr=8.5E-05 time/iter=0.164s eta=0:38:28
[61000/75000] loss=0.0015 lr=8.4E-05 time/iter=0.164s eta=0:38:12
[61100/75000] loss=0.0012 lr=8.2E-05 time/iter=0.164s eta=0:37:55
Epoch 145 complete. Average loss: 0.0010
[61200/75000] loss=0.0005 lr=8.1E-05 time/iter=0.164s eta=0:37:39
[61300/75000] loss=0.0005 lr=8.0E-05 time/iter=0.164s eta=0:37:22
[61400/75000] loss=0.0008 lr=7.9E-05 time/iter=0.164s eta=0:37:06
[61500/75000] loss=0.0010 lr=7.8E-05 time/iter=0.164s eta=0:36:49
[61600/75000] loss=0.0009 lr=7.7E-05 time/iter=0.164s eta=0:36:33
Epoch 146 complete. Average loss: 0.0009
[61700/75000] loss=0.0004 lr=7.6E-05 time/iter=0.164s eta=0:36:16
[61800/75000] loss=0.0007 lr=7.5E-05 time/iter=0.164s eta=0:36:00
[61900/75000] loss=0.0010 lr=7.3E-05 time/iter=0.164s eta=0:35:43
[62000/75000] loss=0.0009 lr=7.2E-05 time/iter=0.164s eta=0:35:27
Epoch 147 complete. Average loss: 0.0009
[62100/75000] loss=0.0005 lr=7.1E-05 time/iter=0.164s eta=0:35:11
[62200/75000] loss=0.0004 lr=7.0E-05 time/iter=0.164s eta=0:34:54
[62300/75000] loss=0.0005 lr=6.9E-05 time/iter=0.164s eta=0:34:38
[62400/75000] loss=0.0005 lr=6.8E-05 time/iter=0.164s eta=0:34:21
Epoch 148 complete. Average loss: 0.0005
[62500/75000] loss=0.0009 lr=6.7E-05 time/iter=0.164s eta=0:34:05
[62600/75000] loss=0.0012 lr=6.6E-05 time/iter=0.164s eta=0:33:48
[62700/75000] loss=0.0013 lr=6.5E-05 time/iter=0.164s eta=0:33:32
[62800/75000] loss=0.0010 lr=6.4E-05 time/iter=0.164s eta=0:33:15
Epoch 149 complete. Average loss: 0.0010
[62900/75000] loss=0.0005 lr=6.3E-05 time/iter=0.164s eta=0:32:59
[63000/75000] loss=0.0004 lr=6.2E-05 time/iter=0.164s eta=0:32:43
[63100/75000] loss=0.0004 lr=6.1E-05 time/iter=0.164s eta=0:32:26
[63200/75000] loss=0.0008 lr=6.0E-05 time/iter=0.164s eta=0:32:10
[63300/75000] loss=0.0009 lr=5.9E-05 time/iter=0.164s eta=0:31:53
Epoch 150 complete. Average loss: 0.0009
[63400/75000] loss=0.0010 lr=5.8E-05 time/iter=0.164s eta=0:31:37
[63500/75000] loss=0.0010 lr=5.7E-05 time/iter=0.164s eta=0:31:20
[63600/75000] loss=0.0008 lr=5.6E-05 time/iter=0.164s eta=0:31:04
[63700/75000] loss=0.0007 lr=5.5E-05 time/iter=0.164s eta=0:30:48
Epoch 151 complete. Average loss: 0.0007
[63800/75000] loss=0.0003 lr=5.4E-05 time/iter=0.164s eta=0:30:31
[63900/75000] loss=0.0003 lr=5.3E-05 time/iter=0.164s eta=0:30:15
[64000/75000] loss=0.0004 lr=5.2E-05 time/iter=0.164s eta=0:29:58
[64100/75000] loss=0.0006 lr=5.1E-05 time/iter=0.164s eta=0:29:42
Epoch 152 complete. Average loss: 0.0007
[64200/75000] loss=0.0004 lr=5.0E-05 time/iter=0.164s eta=0:29:26
[64300/75000] loss=0.0005 lr=4.9E-05 time/iter=0.164s eta=0:29:09
[64400/75000] loss=0.0004 lr=4.8E-05 time/iter=0.164s eta=0:28:53
[64500/75000] loss=0.0004 lr=4.8E-05 time/iter=0.164s eta=0:28:36
Epoch 153 complete. Average loss: 0.0004
[64600/75000] loss=0.0004 lr=4.7E-05 time/iter=0.164s eta=0:28:20
[64700/75000] loss=0.0008 lr=4.6E-05 time/iter=0.163s eta=0:28:04
[64800/75000] loss=0.0006 lr=4.5E-05 time/iter=0.163s eta=0:27:47
[64900/75000] loss=0.0005 lr=4.4E-05 time/iter=0.163s eta=0:27:31
Epoch 154 complete. Average loss: 0.0005
[65000/75000] loss=0.0004 lr=4.3E-05 time/iter=0.163s eta=0:27:14
Saving checkpoint to ./runs/checkpoints/checkpoints_lstm_rnn/checkpoint-65000.pth...
Checkpoint saved.
[65100/75000] loss=0.0007 lr=4.2E-05 time/iter=0.163s eta=0:26:58
[65200/75000] loss=0.0005 lr=4.2E-05 time/iter=0.163s eta=0:26:42
[65300/75000] loss=0.0006 lr=4.1E-05 time/iter=0.163s eta=0:26:25
[65400/75000] loss=0.0005 lr=4.0E-05 time/iter=0.163s eta=0:26:09
Epoch 155 complete. Average loss: 0.0005
[65500/75000] loss=0.0003 lr=3.9E-05 time/iter=0.163s eta=0:25:52
[65600/75000] loss=0.0004 lr=3.8E-05 time/iter=0.163s eta=0:25:36
[65700/75000] loss=0.0004 lr=3.7E-05 time/iter=0.163s eta=0:25:20
[65800/75000] loss=0.0004 lr=3.7E-05 time/iter=0.163s eta=0:25:03
Epoch 156 complete. Average loss: 0.0004
[65900/75000] loss=0.0004 lr=3.6E-05 time/iter=0.163s eta=0:24:47
[66000/75000] loss=0.0003 lr=3.5E-05 time/iter=0.163s eta=0:24:30
[66100/75000] loss=0.0003 lr=3.4E-05 time/iter=0.163s eta=0:24:14
[66200/75000] loss=0.0006 lr=3.4E-05 time/iter=0.163s eta=0:23:58
Epoch 157 complete. Average loss: 0.0006
[66300/75000] loss=0.0003 lr=3.3E-05 time/iter=0.163s eta=0:23:41
[66400/75000] loss=0.0003 lr=3.2E-05 time/iter=0.163s eta=0:23:25
[66500/75000] loss=0.0004 lr=3.1E-05 time/iter=0.163s eta=0:23:09
[66600/75000] loss=0.0004 lr=3.1E-05 time/iter=0.163s eta=0:22:52
Epoch 158 complete. Average loss: 0.0004
[66700/75000] loss=0.0005 lr=3.0E-05 time/iter=0.163s eta=0:22:36
[66800/75000] loss=0.0003 lr=2.9E-05 time/iter=0.163s eta=0:22:19
[66900/75000] loss=0.0004 lr=2.9E-05 time/iter=0.163s eta=0:22:03
[67000/75000] loss=0.0004 lr=2.8E-05 time/iter=0.163s eta=0:21:47
Epoch 159 complete. Average loss: 0.0003
[67100/75000] loss=0.0001 lr=2.7E-05 time/iter=0.163s eta=0:21:30
[67200/75000] loss=0.0003 lr=2.6E-05 time/iter=0.163s eta=0:21:14
[67300/75000] loss=0.0002 lr=2.6E-05 time/iter=0.163s eta=0:20:57
[67400/75000] loss=0.0002 lr=2.5E-05 time/iter=0.163s eta=0:20:41
[67500/75000] loss=0.0003 lr=2.4E-05 time/iter=0.163s eta=0:20:25
Epoch 160 complete. Average loss: 0.0003
[67600/75000] loss=0.0005 lr=2.4E-05 time/iter=0.163s eta=0:20:08
[67700/75000] loss=0.0005 lr=2.3E-05 time/iter=0.163s eta=0:19:52
[67800/75000] loss=0.0004 lr=2.3E-05 time/iter=0.163s eta=0:19:36
[67900/75000] loss=0.0003 lr=2.2E-05 time/iter=0.163s eta=0:19:19
Epoch 161 complete. Average loss: 0.0003
[68000/75000] loss=0.0002 lr=2.1E-05 time/iter=0.163s eta=0:19:03
[68100/75000] loss=0.0002 lr=2.1E-05 time/iter=0.163s eta=0:18:47
[68200/75000] loss=0.0002 lr=2.0E-05 time/iter=0.163s eta=0:18:30
[68300/75000] loss=0.0002 lr=2.0E-05 time/iter=0.163s eta=0:18:14
Epoch 162 complete. Average loss: 0.0002
[68400/75000] loss=0.0003 lr=1.9E-05 time/iter=0.163s eta=0:17:57
[68500/75000] loss=0.0003 lr=1.8E-05 time/iter=0.163s eta=0:17:41
[68600/75000] loss=0.0003 lr=1.8E-05 time/iter=0.163s eta=0:17:25
[68700/75000] loss=0.0002 lr=1.7E-05 time/iter=0.163s eta=0:17:08
Epoch 163 complete. Average loss: 0.0002
[68800/75000] loss=0.0002 lr=1.7E-05 time/iter=0.163s eta=0:16:52
[68900/75000] loss=0.0002 lr=1.6E-05 time/iter=0.163s eta=0:16:36
[69000/75000] loss=0.0002 lr=1.6E-05 time/iter=0.163s eta=0:16:19
[69100/75000] loss=0.0002 lr=1.5E-05 time/iter=0.163s eta=0:16:03
[69200/75000] loss=0.0002 lr=1.5E-05 time/iter=0.163s eta=0:15:47
Epoch 164 complete. Average loss: 0.0002
[69300/75000] loss=0.0002 lr=1.4E-05 time/iter=0.163s eta=0:15:30
[69400/75000] loss=0.0002 lr=1.4E-05 time/iter=0.163s eta=0:15:14
[69500/75000] loss=0.0002 lr=1.3E-05 time/iter=0.163s eta=0:14:58
[69600/75000] loss=0.0002 lr=1.3E-05 time/iter=0.163s eta=0:14:41
Epoch 165 complete. Average loss: 0.0002
[69700/75000] loss=0.0002 lr=1.2E-05 time/iter=0.163s eta=0:14:25
[69800/75000] loss=0.0002 lr=1.2E-05 time/iter=0.163s eta=0:14:08
[69900/75000] loss=0.0002 lr=1.1E-05 time/iter=0.163s eta=0:13:52
[70000/75000] loss=0.0002 lr=1.1E-05 time/iter=0.163s eta=0:13:36
Saving checkpoint to ./runs/checkpoints/checkpoints_lstm_rnn/checkpoint-70000.pth...
Checkpoint saved.
Epoch 166 complete. Average loss: 0.0002
[70100/75000] loss=0.0001 lr=1.0E-05 time/iter=0.163s eta=0:13:19
[70200/75000] loss=0.0001 lr=1.0E-05 time/iter=0.163s eta=0:13:03
[70300/75000] loss=0.0001 lr=9.7E-06 time/iter=0.163s eta=0:12:47
[70400/75000] loss=0.0001 lr=9.3E-06 time/iter=0.163s eta=0:12:30
Epoch 167 complete. Average loss: 0.0001
[70500/75000] loss=0.0003 lr=8.9E-06 time/iter=0.163s eta=0:12:14
[70600/75000] loss=0.0002 lr=8.5E-06 time/iter=0.163s eta=0:11:58
[70700/75000] loss=0.0002 lr=8.1E-06 time/iter=0.163s eta=0:11:41
[70800/75000] loss=0.0002 lr=7.7E-06 time/iter=0.163s eta=0:11:25
Epoch 168 complete. Average loss: 0.0002
[70900/75000] loss=0.0002 lr=7.4E-06 time/iter=0.163s eta=0:11:09
[71000/75000] loss=0.0002 lr=7.0E-06 time/iter=0.163s eta=0:10:52
[71100/75000] loss=0.0001 lr=6.7E-06 time/iter=0.163s eta=0:10:36
[71200/75000] loss=0.0001 lr=6.3E-06 time/iter=0.163s eta=0:10:20
[71300/75000] loss=0.0001 lr=6.0E-06 time/iter=0.163s eta=0:10:03
Epoch 169 complete. Average loss: 0.0001
[71400/75000] loss=0.0001 lr=5.7E-06 time/iter=0.163s eta=0:09:47
[71500/75000] loss=0.0001 lr=5.4E-06 time/iter=0.163s eta=0:09:31
[71600/75000] loss=0.0001 lr=5.1E-06 time/iter=0.163s eta=0:09:14
[71700/75000] loss=0.0001 lr=4.8E-06 time/iter=0.163s eta=0:08:58
Epoch 170 complete. Average loss: 0.0001
[71800/75000] loss=0.0001 lr=4.5E-06 time/iter=0.163s eta=0:08:42
[71900/75000] loss=0.0001 lr=4.2E-06 time/iter=0.163s eta=0:08:25
[72000/75000] loss=0.0001 lr=3.9E-06 time/iter=0.163s eta=0:08:09
[72100/75000] loss=0.0001 lr=3.7E-06 time/iter=0.163s eta=0:07:53
Epoch 171 complete. Average loss: 0.0001
[72200/75000] loss=0.0001 lr=3.4E-06 time/iter=0.163s eta=0:07:36
[72300/75000] loss=0.0001 lr=3.2E-06 time/iter=0.163s eta=0:07:20
[72400/75000] loss=0.0001 lr=3.0E-06 time/iter=0.163s eta=0:07:04
[72500/75000] loss=0.0001 lr=2.7E-06 time/iter=0.163s eta=0:06:47
Epoch 172 complete. Average loss: 0.0001
[72600/75000] loss=0.0001 lr=2.5E-06 time/iter=0.163s eta=0:06:31
[72700/75000] loss=0.0001 lr=2.3E-06 time/iter=0.163s eta=0:06:15
[72800/75000] loss=0.0001 lr=2.1E-06 time/iter=0.163s eta=0:05:58
[72900/75000] loss=0.0001 lr=1.9E-06 time/iter=0.163s eta=0:05:42
[73000/75000] loss=0.0001 lr=1.8E-06 time/iter=0.163s eta=0:05:26
Epoch 173 complete. Average loss: 0.0001
[73100/75000] loss=0.0001 lr=1.6E-06 time/iter=0.163s eta=0:05:09
[73200/75000] loss=0.0001 lr=1.4E-06 time/iter=0.163s eta=0:04:53
[73300/75000] loss=0.0001 lr=1.3E-06 time/iter=0.163s eta=0:04:37
[73400/75000] loss=0.0001 lr=1.1E-06 time/iter=0.163s eta=0:04:20
Epoch 174 complete. Average loss: 0.0001
[73500/75000] loss=0.0001 lr=9.9E-07 time/iter=0.163s eta=0:04:04
[73600/75000] loss=0.0001 lr=8.6E-07 time/iter=0.163s eta=0:03:48
[73700/75000] loss=0.0001 lr=7.4E-07 time/iter=0.163s eta=0:03:32
[73800/75000] loss=0.0001 lr=6.3E-07 time/iter=0.163s eta=0:03:15
Epoch 175 complete. Average loss: 0.0001
[73900/75000] loss=0.0001 lr=5.3E-07 time/iter=0.163s eta=0:02:59
[74000/75000] loss=0.0001 lr=4.4E-07 time/iter=0.163s eta=0:02:43
[74100/75000] loss=0.0001 lr=3.6E-07 time/iter=0.163s eta=0:02:26
[74200/75000] loss=0.0001 lr=2.8E-07 time/iter=0.163s eta=0:02:10
Epoch 176 complete. Average loss: 0.0001
[74300/75000] loss=0.0001 lr=2.1E-07 time/iter=0.163s eta=0:01:54
[74400/75000] loss=0.0001 lr=1.6E-07 time/iter=0.163s eta=0:01:37
[74500/75000] loss=0.0001 lr=1.1E-07 time/iter=0.163s eta=0:01:21
[74600/75000] loss=0.0001 lr=7.0E-08 time/iter=0.163s eta=0:01:05
Epoch 177 complete. Average loss: 0.0001
[74700/75000] loss=0.0001 lr=3.9E-08 time/iter=0.163s eta=0:00:48
[74800/75000] loss=0.0001 lr=1.8E-08 time/iter=0.163s eta=0:00:32
[74900/75000] loss=0.0001 lr=4.4E-09 time/iter=0.163s eta=0:00:16
[75000/75000] loss=0.0001 lr=0.0E+00 time/iter=0.163s eta=0:00:00
Saving checkpoint to ./runs/checkpoints/checkpoints_lstm_rnn/checkpoint-75000.pth...
Checkpoint saved.
Epoch 178 complete. Average loss: 0.0001
Training loop finished.
Logging complete. File saved to train_results/logs_lstm_rnn
Training completed successfully.
Job finished at Tue Apr  8 18:15:54 CEST 2025

JOB STATISTICS
==============
Job ID: 11084634
Cluster: snellius
User/Group: igardner1/igardner1
State: RUNNING
Nodes: 1
Cores per node: 18
CPU Utilized: 00:00:00
CPU Efficiency: 0.00% of 2-14:14:24 core-walltime
Job Wall-clock time: 03:27:28
Memory Utilized: 0.00 MB
Memory Efficiency: 0.00% of 120.00 GB (120.00 GB/node)
WARNING: Efficiency statistics can only be obtained after the job has ended as seff tool is based on the accounting database data.
