============================================================================================== 
Warning! Mixing Conda and module environments may lead to corruption of the
user environment. 
We do not recommend users mixing those two environments unless absolutely
necessary. Note that 
SURF does not provide any support for Conda environment.
For more information, please refer to our software policy page:
https://servicedesk.surf.nl/wiki/display/WIKI/Software+policy+Snellius#SoftwarepolicySnellius-UseofAnacondaandMinicondaenvironmentsonSnellius 

Remember that many packages have already been installed on the system and can
be loaded using 
the 'module load <package__name>' command. If you are uncertain if a package is
already available 
on the system, please use 'module avail' or 'module spider' to search for it.
============================================================================================== 
Using config file: configs/config_aig_mlp2.yaml
Loaded config:
data:
  dataset_type: aig-directed-multiclass
  graph_file: dataset/final_data.pkl
  use_bfs: false
  max_graphs: null
model:
  mode: directed-multiclass
  use_lstm: false
  use_attention: false
  edge_model: mlp
  GraphRNN:
    embedding_size: 384
    hidden_size: 768
    num_layers: 3
    edge_feature_len: 3
    output_size: null
  EdgeMLP:
    hidden_size: 768
    edge_feature_len: 3
train:
  batch_size: 32
  lr: 0.0005
  steps: 60000
  print_iter: 100
  checkpoint_iter: 6000
  checkpoint_dir: checkpoints/checkpoints_gru_mlp2
  log_file: train_results/logs_gru_mlp2

Computing maximum node count from dataset...
Maximum node count: 89
Computing maximum level from dataset...
Calculated max level 18 from 37000 valid graphs
Maximum level: 18
Loading AIG graphs from dataset/final_data.pkl...
Limited to 30000 graphs for processing.
Preprocessing graphs...
Graph preprocessing complete. 30000 graphs processed, 0 skipped.
Maximum node count in processed dataset: 89
INFO: Topological Sort mode. Effective input size (m_internal): 88
Calculating node levels...
Maximum node level across dataset: 18
Calculating edge type counts for class weighting...
Calculating weights based on 27000 training graphs...
Total edge slots considered for weights: 98341408
Raw edge counts: {0: 96753923, 1: 959297, 2: 628188}
Calculated edge weights (Inverse Frequency): [0.011724252253770828, 1.1824986934661865, 1.8057770729064941]
Dataset ready: 27000 graphs (training split).
Total available graphs: 30000
Training graphs: 27000 (limited by split ratio)
Testing graphs: 3000
Ordering: Topological Sort
Dataset initialized with 27000 training graphs
Final statistics - Max node count: 89, Max level: 18
INFO: Using Topological Sort mode. Effective input/output size (max_nodes-1): 88
INFO: GraphLevelRNN (No Attention) using level embedding up to level 18
INFO: Using standard GraphLevelRNN for node level.
Selected EdgeLevelMLP model.
Setting up CrossEntropyLoss for 3 edge classes.
Applying edge class weights: [0.011724252253770828, 1.1824986934661865, 1.8057770729064941]
Logger initialized. Logging to train_results/logs_gru_mlp2
Logger initialized. Writing to: train_results/logs_gru_mlp2
[100/60000] loss=0.7481 lr=5.0E-04 time/iter=0.077s eta=1:16:54
[200/60000] loss=0.7175 lr=5.0E-04 time/iter=0.074s eta=1:13:47
[300/60000] loss=0.7008 lr=5.0E-04 time/iter=0.073s eta=1:12:29
[400/60000] loss=0.6910 lr=5.0E-04 time/iter=0.072s eta=1:11:55
[500/60000] loss=0.6839 lr=5.0E-04 time/iter=0.072s eta=1:11:36
[600/60000] loss=0.6782 lr=5.0E-04 time/iter=0.072s eta=1:11:12
[700/60000] loss=0.6734 lr=5.0E-04 time/iter=0.072s eta=1:10:50
[800/60000] loss=0.6697 lr=5.0E-04 time/iter=0.071s eta=1:10:31
Epoch 1 complete. Average loss: 0.6683
[900/60000] loss=0.6419 lr=5.0E-04 time/iter=0.071s eta=1:10:13
[1000/60000] loss=0.6410 lr=5.0E-04 time/iter=0.071s eta=1:10:01
[1100/60000] loss=0.6404 lr=5.0E-04 time/iter=0.071s eta=1:09:49
[1200/60000] loss=0.6394 lr=5.0E-04 time/iter=0.071s eta=1:09:36
[1300/60000] loss=0.6387 lr=5.0E-04 time/iter=0.071s eta=1:09:26
[1400/60000] loss=0.6382 lr=5.0E-04 time/iter=0.071s eta=1:09:17
[1500/60000] loss=0.6379 lr=5.0E-04 time/iter=0.071s eta=1:09:09
[1600/60000] loss=0.6376 lr=5.0E-04 time/iter=0.071s eta=1:09:02
Epoch 2 complete. Average loss: 0.6372
[1700/60000] loss=0.6292 lr=5.0E-04 time/iter=0.071s eta=1:08:51
[1800/60000] loss=0.6341 lr=5.0E-04 time/iter=0.071s eta=1:08:44
[1900/60000] loss=0.6337 lr=5.0E-04 time/iter=0.071s eta=1:08:37
[2000/60000] loss=0.6323 lr=5.0E-04 time/iter=0.071s eta=1:08:27
[2100/60000] loss=0.6318 lr=5.0E-04 time/iter=0.071s eta=1:08:18
[2200/60000] loss=0.6321 lr=5.0E-04 time/iter=0.071s eta=1:08:10
[2300/60000] loss=0.6329 lr=5.0E-04 time/iter=0.071s eta=1:08:01
[2400/60000] loss=0.6325 lr=5.0E-04 time/iter=0.071s eta=1:07:53
[2500/60000] loss=0.6325 lr=5.0E-04 time/iter=0.071s eta=1:07:46
Epoch 3 complete. Average loss: 0.6325
[2600/60000] loss=0.6275 lr=5.0E-04 time/iter=0.071s eta=1:07:37
[2700/60000] loss=0.6281 lr=5.0E-04 time/iter=0.071s eta=1:07:30
[2800/60000] loss=0.6277 lr=5.0E-04 time/iter=0.071s eta=1:07:22
[2900/60000] loss=0.6282 lr=5.0E-04 time/iter=0.071s eta=1:07:17
[3000/60000] loss=0.6278 lr=5.0E-04 time/iter=0.071s eta=1:07:09
[3100/60000] loss=0.6277 lr=5.0E-04 time/iter=0.071s eta=1:07:01
[3200/60000] loss=0.6279 lr=5.0E-04 time/iter=0.071s eta=1:06:55
[3300/60000] loss=0.6279 lr=5.0E-04 time/iter=0.071s eta=1:06:48
Epoch 4 complete. Average loss: 0.6277
[3400/60000] loss=0.6236 lr=5.0E-04 time/iter=0.071s eta=1:06:40
[3500/60000] loss=0.6245 lr=5.0E-04 time/iter=0.071s eta=1:06:33
[3600/60000] loss=0.6247 lr=5.0E-04 time/iter=0.071s eta=1:06:27
[3700/60000] loss=0.6240 lr=5.0E-04 time/iter=0.071s eta=1:06:20
[3800/60000] loss=0.6232 lr=5.0E-04 time/iter=0.071s eta=1:06:12
[3900/60000] loss=0.6228 lr=4.9E-04 time/iter=0.071s eta=1:06:04
[4000/60000] loss=0.6229 lr=4.9E-04 time/iter=0.071s eta=1:05:58
[4100/60000] loss=0.6221 lr=4.9E-04 time/iter=0.071s eta=1:05:50
[4200/60000] loss=0.6214 lr=4.9E-04 time/iter=0.071s eta=1:05:43
Epoch 5 complete. Average loss: 0.6213
[4300/60000] loss=0.6147 lr=4.9E-04 time/iter=0.071s eta=1:05:35
[4400/60000] loss=0.6145 lr=4.9E-04 time/iter=0.071s eta=1:05:28
[4500/60000] loss=0.6137 lr=4.9E-04 time/iter=0.071s eta=1:05:20
[4600/60000] loss=0.6134 lr=4.9E-04 time/iter=0.071s eta=1:05:12
[4700/60000] loss=0.6135 lr=4.9E-04 time/iter=0.071s eta=1:05:05
[4800/60000] loss=0.6132 lr=4.9E-04 time/iter=0.071s eta=1:04:57
[4900/60000] loss=0.6133 lr=4.9E-04 time/iter=0.071s eta=1:04:51
[5000/60000] loss=0.6132 lr=4.9E-04 time/iter=0.071s eta=1:04:44
Epoch 6 complete. Average loss: 0.6131
[5100/60000] loss=0.6124 lr=4.9E-04 time/iter=0.071s eta=1:04:37
[5200/60000] loss=0.6105 lr=4.9E-04 time/iter=0.071s eta=1:04:30
[5300/60000] loss=0.6102 lr=4.9E-04 time/iter=0.071s eta=1:04:23
[5400/60000] loss=0.6097 lr=4.9E-04 time/iter=0.071s eta=1:04:16
[5500/60000] loss=0.6092 lr=4.9E-04 time/iter=0.071s eta=1:04:09
[5600/60000] loss=0.6089 lr=4.9E-04 time/iter=0.071s eta=1:04:01
[5700/60000] loss=0.6087 lr=4.9E-04 time/iter=0.071s eta=1:03:54
[5800/60000] loss=0.6082 lr=4.9E-04 time/iter=0.071s eta=1:03:46
[5900/60000] loss=0.6081 lr=4.9E-04 time/iter=0.071s eta=1:03:39
Epoch 7 complete. Average loss: 0.6081
[6000/60000] loss=0.6054 lr=4.9E-04 time/iter=0.071s eta=1:03:32
Saving checkpoint to ./runs/checkpoints/checkpoints_gru_mlp2/checkpoint-6000.pth...
Checkpoint saved.
[6100/60000] loss=0.6061 lr=4.9E-04 time/iter=0.071s eta=1:03:26
[6200/60000] loss=0.6053 lr=4.9E-04 time/iter=0.071s eta=1:03:19
[6300/60000] loss=0.6048 lr=4.9E-04 time/iter=0.071s eta=1:03:11
[6400/60000] loss=0.6048 lr=4.9E-04 time/iter=0.071s eta=1:03:04
[6500/60000] loss=0.6049 lr=4.9E-04 time/iter=0.071s eta=1:02:57
[6600/60000] loss=0.6050 lr=4.9E-04 time/iter=0.071s eta=1:02:50
[6700/60000] loss=0.6049 lr=4.8E-04 time/iter=0.071s eta=1:02:43
Epoch 8 complete. Average loss: 0.6049
[6800/60000] loss=0.6008 lr=4.8E-04 time/iter=0.071s eta=1:02:35
[6900/60000] loss=0.6008 lr=4.8E-04 time/iter=0.071s eta=1:02:28
[7000/60000] loss=0.6012 lr=4.8E-04 time/iter=0.071s eta=1:02:20
[7100/60000] loss=0.6018 lr=4.8E-04 time/iter=0.071s eta=1:02:13
[7200/60000] loss=0.6022 lr=4.8E-04 time/iter=0.071s eta=1:02:06
[7300/60000] loss=0.6025 lr=4.8E-04 time/iter=0.071s eta=1:01:59
[7400/60000] loss=0.6028 lr=4.8E-04 time/iter=0.071s eta=1:01:53
[7500/60000] loss=0.6028 lr=4.8E-04 time/iter=0.071s eta=1:01:46
Epoch 9 complete. Average loss: 0.6027
[7600/60000] loss=0.6021 lr=4.8E-04 time/iter=0.071s eta=1:01:38
[7700/60000] loss=0.6013 lr=4.8E-04 time/iter=0.071s eta=1:01:32
[7800/60000] loss=0.6010 lr=4.8E-04 time/iter=0.071s eta=1:01:24
[7900/60000] loss=0.6006 lr=4.8E-04 time/iter=0.071s eta=1:01:17
[8000/60000] loss=0.6009 lr=4.8E-04 time/iter=0.071s eta=1:01:10
[8100/60000] loss=0.6009 lr=4.8E-04 time/iter=0.071s eta=1:01:03
[8200/60000] loss=0.6008 lr=4.8E-04 time/iter=0.071s eta=1:00:56
[8300/60000] loss=0.6005 lr=4.8E-04 time/iter=0.071s eta=1:00:48
[8400/60000] loss=0.6003 lr=4.8E-04 time/iter=0.071s eta=1:00:41
Epoch 10 complete. Average loss: 0.6005
[8500/60000] loss=0.5969 lr=4.8E-04 time/iter=0.071s eta=1:00:34
[8600/60000] loss=0.5987 lr=4.8E-04 time/iter=0.071s eta=1:00:28
[8700/60000] loss=0.5987 lr=4.7E-04 time/iter=0.071s eta=1:00:21
[8800/60000] loss=0.5988 lr=4.7E-04 time/iter=0.071s eta=1:00:14
[8900/60000] loss=0.5982 lr=4.7E-04 time/iter=0.071s eta=1:00:06
[9000/60000] loss=0.5985 lr=4.7E-04 time/iter=0.071s eta=1:00:00
[9100/60000] loss=0.5984 lr=4.7E-04 time/iter=0.071s eta=0:59:52
[9200/60000] loss=0.5989 lr=4.7E-04 time/iter=0.071s eta=0:59:46
Epoch 11 complete. Average loss: 0.5986
[9300/60000] loss=0.5980 lr=4.7E-04 time/iter=0.071s eta=0:59:38
[9400/60000] loss=0.5993 lr=4.7E-04 time/iter=0.071s eta=0:59:32
[9500/60000] loss=0.5979 lr=4.7E-04 time/iter=0.071s eta=0:59:24
[9600/60000] loss=0.5976 lr=4.7E-04 time/iter=0.071s eta=0:59:17
[9700/60000] loss=0.5972 lr=4.7E-04 time/iter=0.071s eta=0:59:10
[9800/60000] loss=0.5973 lr=4.7E-04 time/iter=0.071s eta=0:59:03
[9900/60000] loss=0.5976 lr=4.7E-04 time/iter=0.071s eta=0:58:56
[10000/60000] loss=0.5973 lr=4.7E-04 time/iter=0.071s eta=0:58:49
[10100/60000] loss=0.5974 lr=4.7E-04 time/iter=0.071s eta=0:58:42
Epoch 12 complete. Average loss: 0.5975
[10200/60000] loss=0.5970 lr=4.7E-04 time/iter=0.071s eta=0:58:35
[10300/60000] loss=0.5954 lr=4.6E-04 time/iter=0.071s eta=0:58:28
[10400/60000] loss=0.5953 lr=4.6E-04 time/iter=0.071s eta=0:58:21
[10500/60000] loss=0.5954 lr=4.6E-04 time/iter=0.071s eta=0:58:14
[10600/60000] loss=0.5955 lr=4.6E-04 time/iter=0.071s eta=0:58:07
[10700/60000] loss=0.5957 lr=4.6E-04 time/iter=0.071s eta=0:58:00
[10800/60000] loss=0.5957 lr=4.6E-04 time/iter=0.071s eta=0:57:52
[10900/60000] loss=0.5956 lr=4.6E-04 time/iter=0.071s eta=0:57:45
Epoch 13 complete. Average loss: 0.5964
[11000/60000] loss=0.6026 lr=4.6E-04 time/iter=0.071s eta=0:57:38
[11100/60000] loss=0.5974 lr=4.6E-04 time/iter=0.071s eta=0:57:31
[11200/60000] loss=0.5960 lr=4.6E-04 time/iter=0.071s eta=0:57:24
[11300/60000] loss=0.5962 lr=4.6E-04 time/iter=0.071s eta=0:57:17
[11400/60000] loss=0.5962 lr=4.6E-04 time/iter=0.071s eta=0:57:10
[11500/60000] loss=0.5964 lr=4.6E-04 time/iter=0.071s eta=0:57:03
[11600/60000] loss=0.5963 lr=4.6E-04 time/iter=0.071s eta=0:56:56
[11700/60000] loss=0.5964 lr=4.5E-04 time/iter=0.071s eta=0:56:48
[11800/60000] loss=0.5969 lr=4.5E-04 time/iter=0.071s eta=0:56:41
Epoch 14 complete. Average loss: 0.5969
[11900/60000] loss=0.5942 lr=4.5E-04 time/iter=0.071s eta=0:56:34
[12000/60000] loss=0.5965 lr=4.5E-04 time/iter=0.071s eta=0:56:28
Saving checkpoint to ./runs/checkpoints/checkpoints_gru_mlp2/checkpoint-12000.pth...
Checkpoint saved.
[12100/60000] loss=0.5968 lr=4.5E-04 time/iter=0.071s eta=0:56:21
[12200/60000] loss=0.5962 lr=4.5E-04 time/iter=0.071s eta=0:56:14
[12300/60000] loss=0.5956 lr=4.5E-04 time/iter=0.071s eta=0:56:06
[12400/60000] loss=0.5949 lr=4.5E-04 time/iter=0.071s eta=0:55:59
[12500/60000] loss=0.5948 lr=4.5E-04 time/iter=0.071s eta=0:55:52
[12600/60000] loss=0.5950 lr=4.5E-04 time/iter=0.071s eta=0:55:45
Epoch 15 complete. Average loss: 0.5949
[12700/60000] loss=0.5914 lr=4.5E-04 time/iter=0.071s eta=0:55:38
[12800/60000] loss=0.5910 lr=4.5E-04 time/iter=0.071s eta=0:55:31
[12900/60000] loss=0.5909 lr=4.5E-04 time/iter=0.071s eta=0:55:23
[13000/60000] loss=0.5910 lr=4.4E-04 time/iter=0.071s eta=0:55:16
[13100/60000] loss=0.5912 lr=4.4E-04 time/iter=0.071s eta=0:55:09
[13200/60000] loss=0.5911 lr=4.4E-04 time/iter=0.071s eta=0:55:02
[13300/60000] loss=0.5913 lr=4.4E-04 time/iter=0.071s eta=0:54:55
[13400/60000] loss=0.5913 lr=4.4E-04 time/iter=0.071s eta=0:54:47
[13500/60000] loss=0.5917 lr=4.4E-04 time/iter=0.071s eta=0:54:40
Epoch 16 complete. Average loss: 0.5917
[13600/60000] loss=0.5872 lr=4.4E-04 time/iter=0.071s eta=0:54:33
[13700/60000] loss=0.5880 lr=4.4E-04 time/iter=0.071s eta=0:54:26
[13800/60000] loss=0.5887 lr=4.4E-04 time/iter=0.071s eta=0:54:19
[13900/60000] loss=0.5889 lr=4.4E-04 time/iter=0.071s eta=0:54:12
[14000/60000] loss=0.5897 lr=4.4E-04 time/iter=0.071s eta=0:54:05
[14100/60000] loss=0.5900 lr=4.3E-04 time/iter=0.071s eta=0:53:58
[14200/60000] loss=0.5906 lr=4.3E-04 time/iter=0.071s eta=0:53:51
[14300/60000] loss=0.5907 lr=4.3E-04 time/iter=0.071s eta=0:53:43
Epoch 17 complete. Average loss: 0.5909
[14400/60000] loss=0.5857 lr=4.3E-04 time/iter=0.071s eta=0:53:36
[14500/60000] loss=0.5901 lr=4.3E-04 time/iter=0.071s eta=0:53:29
[14600/60000] loss=0.5921 lr=4.3E-04 time/iter=0.071s eta=0:53:22
[14700/60000] loss=0.5922 lr=4.3E-04 time/iter=0.071s eta=0:53:15
[14800/60000] loss=0.5922 lr=4.3E-04 time/iter=0.071s eta=0:53:08
[14900/60000] loss=0.5920 lr=4.3E-04 time/iter=0.071s eta=0:53:01
[15000/60000] loss=0.5917 lr=4.3E-04 time/iter=0.071s eta=0:52:53
[15100/60000] loss=0.5915 lr=4.3E-04 time/iter=0.071s eta=0:52:46
Epoch 18 complete. Average loss: 0.5914
[15200/60000] loss=0.5851 lr=4.2E-04 time/iter=0.071s eta=0:52:39
[15300/60000] loss=0.5860 lr=4.2E-04 time/iter=0.071s eta=0:52:32
[15400/60000] loss=0.5862 lr=4.2E-04 time/iter=0.071s eta=0:52:25
[15500/60000] loss=0.5869 lr=4.2E-04 time/iter=0.071s eta=0:52:19
[15600/60000] loss=0.5866 lr=4.2E-04 time/iter=0.071s eta=0:52:11
[15700/60000] loss=0.5869 lr=4.2E-04 time/iter=0.071s eta=0:52:04
[15800/60000] loss=0.5869 lr=4.2E-04 time/iter=0.071s eta=0:51:57
[15900/60000] loss=0.5869 lr=4.2E-04 time/iter=0.071s eta=0:51:50
[16000/60000] loss=0.5872 lr=4.2E-04 time/iter=0.071s eta=0:51:43
Epoch 19 complete. Average loss: 0.5870
[16100/60000] loss=0.5837 lr=4.2E-04 time/iter=0.071s eta=0:51:35
[16200/60000] loss=0.5840 lr=4.2E-04 time/iter=0.071s eta=0:51:28
[16300/60000] loss=0.5843 lr=4.1E-04 time/iter=0.071s eta=0:51:21
[16400/60000] loss=0.5848 lr=4.1E-04 time/iter=0.071s eta=0:51:14
[16500/60000] loss=0.5846 lr=4.1E-04 time/iter=0.071s eta=0:51:07
[16600/60000] loss=0.5847 lr=4.1E-04 time/iter=0.071s eta=0:51:00
[16700/60000] loss=0.5849 lr=4.1E-04 time/iter=0.071s eta=0:50:53
[16800/60000] loss=0.5849 lr=4.1E-04 time/iter=0.071s eta=0:50:46
Epoch 20 complete. Average loss: 0.5850
[16900/60000] loss=0.5880 lr=4.1E-04 time/iter=0.071s eta=0:50:39
[17000/60000] loss=0.5836 lr=4.1E-04 time/iter=0.071s eta=0:50:32
[17100/60000] loss=0.5830 lr=4.1E-04 time/iter=0.071s eta=0:50:25
[17200/60000] loss=0.5828 lr=4.1E-04 time/iter=0.071s eta=0:50:17
[17300/60000] loss=0.5828 lr=4.0E-04 time/iter=0.071s eta=0:50:10
[17400/60000] loss=0.5830 lr=4.0E-04 time/iter=0.071s eta=0:50:03
[17500/60000] loss=0.5831 lr=4.0E-04 time/iter=0.071s eta=0:49:56
[17600/60000] loss=0.5833 lr=4.0E-04 time/iter=0.071s eta=0:49:49
[17700/60000] loss=0.5835 lr=4.0E-04 time/iter=0.071s eta=0:49:42
Epoch 21 complete. Average loss: 0.5835
[17800/60000] loss=0.5778 lr=4.0E-04 time/iter=0.071s eta=0:49:35
[17900/60000] loss=0.5786 lr=4.0E-04 time/iter=0.071s eta=0:49:28
[18000/60000] loss=0.5785 lr=4.0E-04 time/iter=0.071s eta=0:49:21
Saving checkpoint to ./runs/checkpoints/checkpoints_gru_mlp2/checkpoint-18000.pth...
Checkpoint saved.
[18100/60000] loss=0.5788 lr=4.0E-04 time/iter=0.071s eta=0:49:14
[18200/60000] loss=0.5791 lr=3.9E-04 time/iter=0.071s eta=0:49:07
[18300/60000] loss=0.5794 lr=3.9E-04 time/iter=0.071s eta=0:49:00
[18400/60000] loss=0.5798 lr=3.9E-04 time/iter=0.071s eta=0:48:53
[18500/60000] loss=0.5801 lr=3.9E-04 time/iter=0.071s eta=0:48:46
Epoch 22 complete. Average loss: 0.5801
[18600/60000] loss=0.5751 lr=3.9E-04 time/iter=0.071s eta=0:48:39
[18700/60000] loss=0.5752 lr=3.9E-04 time/iter=0.071s eta=0:48:32
[18800/60000] loss=0.5757 lr=3.9E-04 time/iter=0.071s eta=0:48:25
[18900/60000] loss=0.5757 lr=3.9E-04 time/iter=0.071s eta=0:48:17
[19000/60000] loss=0.5759 lr=3.9E-04 time/iter=0.071s eta=0:48:10
[19100/60000] loss=0.5764 lr=3.9E-04 time/iter=0.071s eta=0:48:03
[19200/60000] loss=0.5767 lr=3.8E-04 time/iter=0.071s eta=0:47:56
[19300/60000] loss=0.5770 lr=3.8E-04 time/iter=0.071s eta=0:47:49
[19400/60000] loss=0.5773 lr=3.8E-04 time/iter=0.071s eta=0:47:42
Epoch 23 complete. Average loss: 0.5774
[19500/60000] loss=0.5702 lr=3.8E-04 time/iter=0.071s eta=0:47:35
[19600/60000] loss=0.5707 lr=3.8E-04 time/iter=0.071s eta=0:47:28
[19700/60000] loss=0.5710 lr=3.8E-04 time/iter=0.071s eta=0:47:21
[19800/60000] loss=0.5721 lr=3.8E-04 time/iter=0.071s eta=0:47:14
[19900/60000] loss=0.5722 lr=3.8E-04 time/iter=0.071s eta=0:47:07
[20000/60000] loss=0.5727 lr=3.8E-04 time/iter=0.071s eta=0:47:00
[20100/60000] loss=0.5732 lr=3.7E-04 time/iter=0.071s eta=0:46:53
[20200/60000] loss=0.5733 lr=3.7E-04 time/iter=0.071s eta=0:46:46
Epoch 24 complete. Average loss: 0.5733
[20300/60000] loss=0.5653 lr=3.7E-04 time/iter=0.071s eta=0:46:39
[20400/60000] loss=0.5657 lr=3.7E-04 time/iter=0.071s eta=0:46:32
[20500/60000] loss=0.5665 lr=3.7E-04 time/iter=0.071s eta=0:46:24
[20600/60000] loss=0.5669 lr=3.7E-04 time/iter=0.071s eta=0:46:17
[20700/60000] loss=0.5674 lr=3.7E-04 time/iter=0.071s eta=0:46:10
[20800/60000] loss=0.5679 lr=3.7E-04 time/iter=0.071s eta=0:46:03
[20900/60000] loss=0.5683 lr=3.6E-04 time/iter=0.071s eta=0:45:56
[21000/60000] loss=0.5687 lr=3.6E-04 time/iter=0.071s eta=0:45:49
[21100/60000] loss=0.5690 lr=3.6E-04 time/iter=0.071s eta=0:45:42
Epoch 25 complete. Average loss: 0.5690
[21200/60000] loss=0.5617 lr=3.6E-04 time/iter=0.071s eta=0:45:35
[21300/60000] loss=0.5618 lr=3.6E-04 time/iter=0.071s eta=0:45:28
[21400/60000] loss=0.5615 lr=3.6E-04 time/iter=0.071s eta=0:45:21
[21500/60000] loss=0.5624 lr=3.6E-04 time/iter=0.071s eta=0:45:14
[21600/60000] loss=0.5630 lr=3.6E-04 time/iter=0.071s eta=0:45:07
[21700/60000] loss=0.5632 lr=3.6E-04 time/iter=0.071s eta=0:45:00
[21800/60000] loss=0.5636 lr=3.5E-04 time/iter=0.071s eta=0:44:53
[21900/60000] loss=0.5636 lr=3.5E-04 time/iter=0.071s eta=0:44:46
Epoch 26 complete. Average loss: 0.5636
[22000/60000] loss=0.5535 lr=3.5E-04 time/iter=0.071s eta=0:44:39
[22100/60000] loss=0.5552 lr=3.5E-04 time/iter=0.071s eta=0:44:32
[22200/60000] loss=0.5553 lr=3.5E-04 time/iter=0.071s eta=0:44:25
[22300/60000] loss=0.5558 lr=3.5E-04 time/iter=0.071s eta=0:44:18
[22400/60000] loss=0.5568 lr=3.5E-04 time/iter=0.071s eta=0:44:11
[22500/60000] loss=0.5574 lr=3.5E-04 time/iter=0.071s eta=0:44:04
[22600/60000] loss=0.5580 lr=3.4E-04 time/iter=0.071s eta=0:43:57
[22700/60000] loss=0.5581 lr=3.4E-04 time/iter=0.071s eta=0:43:50
Epoch 27 complete. Average loss: 0.5584
[22800/60000] loss=0.5564 lr=3.4E-04 time/iter=0.071s eta=0:43:43
[22900/60000] loss=0.5496 lr=3.4E-04 time/iter=0.071s eta=0:43:36
[23000/60000] loss=0.5491 lr=3.4E-04 time/iter=0.071s eta=0:43:29
[23100/60000] loss=0.5492 lr=3.4E-04 time/iter=0.071s eta=0:43:21
[23200/60000] loss=0.5496 lr=3.4E-04 time/iter=0.071s eta=0:43:14
[23300/60000] loss=0.5502 lr=3.4E-04 time/iter=0.071s eta=0:43:07
[23400/60000] loss=0.5506 lr=3.3E-04 time/iter=0.071s eta=0:43:00
[23500/60000] loss=0.5511 lr=3.3E-04 time/iter=0.071s eta=0:42:53
[23600/60000] loss=0.5514 lr=3.3E-04 time/iter=0.071s eta=0:42:46
Epoch 28 complete. Average loss: 0.5516
[23700/60000] loss=0.5428 lr=3.3E-04 time/iter=0.071s eta=0:42:39
[23800/60000] loss=0.5429 lr=3.3E-04 time/iter=0.071s eta=0:42:32
[23900/60000] loss=0.5427 lr=3.3E-04 time/iter=0.071s eta=0:42:25
[24000/60000] loss=0.5431 lr=3.3E-04 time/iter=0.071s eta=0:42:18
Saving checkpoint to ./runs/checkpoints/checkpoints_gru_mlp2/checkpoint-24000.pth...
Checkpoint saved.
[24100/60000] loss=0.5432 lr=3.3E-04 time/iter=0.071s eta=0:42:11
[24200/60000] loss=0.5435 lr=3.2E-04 time/iter=0.071s eta=0:42:04
[24300/60000] loss=0.5441 lr=3.2E-04 time/iter=0.071s eta=0:41:57
[24400/60000] loss=0.5446 lr=3.2E-04 time/iter=0.071s eta=0:41:50
Epoch 29 complete. Average loss: 0.5450
[24500/60000] loss=0.5363 lr=3.2E-04 time/iter=0.071s eta=0:41:43
[24600/60000] loss=0.5333 lr=3.2E-04 time/iter=0.071s eta=0:41:36
[24700/60000] loss=0.5349 lr=3.2E-04 time/iter=0.071s eta=0:41:29
[24800/60000] loss=0.5350 lr=3.2E-04 time/iter=0.071s eta=0:41:22
[24900/60000] loss=0.5355 lr=3.2E-04 time/iter=0.071s eta=0:41:15
[25000/60000] loss=0.5360 lr=3.1E-04 time/iter=0.071s eta=0:41:08
[25100/60000] loss=0.5365 lr=3.1E-04 time/iter=0.071s eta=0:41:01
[25200/60000] loss=0.5368 lr=3.1E-04 time/iter=0.071s eta=0:40:54
[25300/60000] loss=0.5372 lr=3.1E-04 time/iter=0.071s eta=0:40:47
Epoch 30 complete. Average loss: 0.5373
[25400/60000] loss=0.5261 lr=3.1E-04 time/iter=0.071s eta=0:40:40
[25500/60000] loss=0.5260 lr=3.1E-04 time/iter=0.071s eta=0:40:32
[25600/60000] loss=0.5266 lr=3.1E-04 time/iter=0.071s eta=0:40:25
[25700/60000] loss=0.5271 lr=3.1E-04 time/iter=0.071s eta=0:40:18
[25800/60000] loss=0.5274 lr=3.0E-04 time/iter=0.071s eta=0:40:11
[25900/60000] loss=0.5279 lr=3.0E-04 time/iter=0.071s eta=0:40:04
[26000/60000] loss=0.5282 lr=3.0E-04 time/iter=0.071s eta=0:39:57
[26100/60000] loss=0.5288 lr=3.0E-04 time/iter=0.071s eta=0:39:50
Epoch 31 complete. Average loss: 0.5291
[26200/60000] loss=0.5179 lr=3.0E-04 time/iter=0.071s eta=0:39:43
[26300/60000] loss=0.5180 lr=3.0E-04 time/iter=0.071s eta=0:39:36
[26400/60000] loss=0.5182 lr=3.0E-04 time/iter=0.071s eta=0:39:29
[26500/60000] loss=0.5189 lr=3.0E-04 time/iter=0.071s eta=0:39:22
[26600/60000] loss=0.5192 lr=2.9E-04 time/iter=0.071s eta=0:39:15
[26700/60000] loss=0.5195 lr=2.9E-04 time/iter=0.071s eta=0:39:08
[26800/60000] loss=0.5200 lr=2.9E-04 time/iter=0.071s eta=0:39:01
[26900/60000] loss=0.5202 lr=2.9E-04 time/iter=0.071s eta=0:38:53
[27000/60000] loss=0.5207 lr=2.9E-04 time/iter=0.071s eta=0:38:47
Epoch 32 complete. Average loss: 0.5207
[27100/60000] loss=0.5076 lr=2.9E-04 time/iter=0.071s eta=0:38:39
[27200/60000] loss=0.5086 lr=2.9E-04 time/iter=0.071s eta=0:38:32
[27300/60000] loss=0.5095 lr=2.9E-04 time/iter=0.071s eta=0:38:25
[27400/60000] loss=0.5104 lr=2.8E-04 time/iter=0.071s eta=0:38:18
[27500/60000] loss=0.5108 lr=2.8E-04 time/iter=0.071s eta=0:38:11
[27600/60000] loss=0.5111 lr=2.8E-04 time/iter=0.071s eta=0:38:04
[27700/60000] loss=0.5115 lr=2.8E-04 time/iter=0.071s eta=0:37:57
[27800/60000] loss=0.5120 lr=2.8E-04 time/iter=0.071s eta=0:37:50
Epoch 33 complete. Average loss: 0.5121
[27900/60000] loss=0.4977 lr=2.8E-04 time/iter=0.071s eta=0:37:43
[28000/60000] loss=0.5000 lr=2.8E-04 time/iter=0.071s eta=0:37:36
[28100/60000] loss=0.5002 lr=2.7E-04 time/iter=0.071s eta=0:37:29
[28200/60000] loss=0.5009 lr=2.7E-04 time/iter=0.071s eta=0:37:22
[28300/60000] loss=0.5013 lr=2.7E-04 time/iter=0.071s eta=0:37:15
[28400/60000] loss=0.5017 lr=2.7E-04 time/iter=0.071s eta=0:37:08
[28500/60000] loss=0.5023 lr=2.7E-04 time/iter=0.071s eta=0:37:01
[28600/60000] loss=0.5027 lr=2.7E-04 time/iter=0.071s eta=0:36:54
Epoch 34 complete. Average loss: 0.5031
[28700/60000] loss=0.4971 lr=2.7E-04 time/iter=0.071s eta=0:36:47
[28800/60000] loss=0.4927 lr=2.7E-04 time/iter=0.071s eta=0:36:39
[28900/60000] loss=0.4922 lr=2.6E-04 time/iter=0.071s eta=0:36:32
[29000/60000] loss=0.4927 lr=2.6E-04 time/iter=0.071s eta=0:36:25
[29100/60000] loss=0.4930 lr=2.6E-04 time/iter=0.071s eta=0:36:18
[29200/60000] loss=0.4934 lr=2.6E-04 time/iter=0.071s eta=0:36:11
[29300/60000] loss=0.4937 lr=2.6E-04 time/iter=0.071s eta=0:36:04
[29400/60000] loss=0.4940 lr=2.6E-04 time/iter=0.071s eta=0:35:57
[29500/60000] loss=0.4945 lr=2.6E-04 time/iter=0.071s eta=0:35:50
Epoch 35 complete. Average loss: 0.4948
[29600/60000] loss=0.4822 lr=2.6E-04 time/iter=0.071s eta=0:35:43
[29700/60000] loss=0.4825 lr=2.5E-04 time/iter=0.071s eta=0:35:36
[29800/60000] loss=0.4831 lr=2.5E-04 time/iter=0.071s eta=0:35:29
[29900/60000] loss=0.4837 lr=2.5E-04 time/iter=0.071s eta=0:35:22
[30000/60000] loss=0.4842 lr=2.5E-04 time/iter=0.071s eta=0:35:15
Saving checkpoint to ./runs/checkpoints/checkpoints_gru_mlp2/checkpoint-30000.pth...
Checkpoint saved.
[30100/60000] loss=0.4846 lr=2.5E-04 time/iter=0.071s eta=0:35:08
[30200/60000] loss=0.4850 lr=2.5E-04 time/iter=0.071s eta=0:35:01
[30300/60000] loss=0.4853 lr=2.5E-04 time/iter=0.071s eta=0:34:54
Epoch 36 complete. Average loss: 0.4856
[30400/60000] loss=0.4728 lr=2.4E-04 time/iter=0.071s eta=0:34:47
[30500/60000] loss=0.4728 lr=2.4E-04 time/iter=0.071s eta=0:34:40
[30600/60000] loss=0.4732 lr=2.4E-04 time/iter=0.071s eta=0:34:33
[30700/60000] loss=0.4738 lr=2.4E-04 time/iter=0.071s eta=0:34:26
[30800/60000] loss=0.4742 lr=2.4E-04 time/iter=0.071s eta=0:34:19
[30900/60000] loss=0.4750 lr=2.4E-04 time/iter=0.071s eta=0:34:11
[31000/60000] loss=0.4753 lr=2.4E-04 time/iter=0.071s eta=0:34:04
[31100/60000] loss=0.4756 lr=2.4E-04 time/iter=0.071s eta=0:33:57
[31200/60000] loss=0.4761 lr=2.3E-04 time/iter=0.071s eta=0:33:50
Epoch 37 complete. Average loss: 0.4761
[31300/60000] loss=0.4656 lr=2.3E-04 time/iter=0.071s eta=0:33:43
[31400/60000] loss=0.4646 lr=2.3E-04 time/iter=0.071s eta=0:33:36
[31500/60000] loss=0.4646 lr=2.3E-04 time/iter=0.071s eta=0:33:29
[31600/60000] loss=0.4652 lr=2.3E-04 time/iter=0.071s eta=0:33:22
[31700/60000] loss=0.4661 lr=2.3E-04 time/iter=0.071s eta=0:33:15
[31800/60000] loss=0.4665 lr=2.3E-04 time/iter=0.071s eta=0:33:08
[31900/60000] loss=0.4669 lr=2.3E-04 time/iter=0.071s eta=0:33:01
[32000/60000] loss=0.4673 lr=2.2E-04 time/iter=0.071s eta=0:32:54
Epoch 38 complete. Average loss: 0.4676
[32100/60000] loss=0.4568 lr=2.2E-04 time/iter=0.071s eta=0:32:47
[32200/60000] loss=0.4574 lr=2.2E-04 time/iter=0.071s eta=0:32:40
[32300/60000] loss=0.4568 lr=2.2E-04 time/iter=0.071s eta=0:32:33
[32400/60000] loss=0.4571 lr=2.2E-04 time/iter=0.071s eta=0:32:26
[32500/60000] loss=0.4578 lr=2.2E-04 time/iter=0.071s eta=0:32:19
[32600/60000] loss=0.4581 lr=2.2E-04 time/iter=0.071s eta=0:32:12
[32700/60000] loss=0.4584 lr=2.1E-04 time/iter=0.071s eta=0:32:05
[32800/60000] loss=0.4586 lr=2.1E-04 time/iter=0.071s eta=0:31:57
[32900/60000] loss=0.4590 lr=2.1E-04 time/iter=0.071s eta=0:31:50
Epoch 39 complete. Average loss: 0.4590
[33000/60000] loss=0.4473 lr=2.1E-04 time/iter=0.071s eta=0:31:43
[33100/60000] loss=0.4480 lr=2.1E-04 time/iter=0.071s eta=0:31:36
[33200/60000] loss=0.4484 lr=2.1E-04 time/iter=0.071s eta=0:31:29
[33300/60000] loss=0.4488 lr=2.1E-04 time/iter=0.071s eta=0:31:22
[33400/60000] loss=0.4492 lr=2.1E-04 time/iter=0.071s eta=0:31:15
[33500/60000] loss=0.4497 lr=2.0E-04 time/iter=0.071s eta=0:31:08
[33600/60000] loss=0.4498 lr=2.0E-04 time/iter=0.071s eta=0:31:01
[33700/60000] loss=0.4501 lr=2.0E-04 time/iter=0.071s eta=0:30:54
Epoch 40 complete. Average loss: 0.4502
[33800/60000] loss=0.4405 lr=2.0E-04 time/iter=0.071s eta=0:30:47
[33900/60000] loss=0.4398 lr=2.0E-04 time/iter=0.071s eta=0:30:40
[34000/60000] loss=0.4397 lr=2.0E-04 time/iter=0.071s eta=0:30:33
[34100/60000] loss=0.4401 lr=2.0E-04 time/iter=0.071s eta=0:30:26
[34200/60000] loss=0.4406 lr=2.0E-04 time/iter=0.071s eta=0:30:19
[34300/60000] loss=0.4410 lr=1.9E-04 time/iter=0.071s eta=0:30:12
[34400/60000] loss=0.4411 lr=1.9E-04 time/iter=0.071s eta=0:30:05
[34500/60000] loss=0.4415 lr=1.9E-04 time/iter=0.071s eta=0:29:57
[34600/60000] loss=0.4419 lr=1.9E-04 time/iter=0.071s eta=0:29:50
Epoch 41 complete. Average loss: 0.4419
[34700/60000] loss=0.4300 lr=1.9E-04 time/iter=0.071s eta=0:29:43
[34800/60000] loss=0.4311 lr=1.9E-04 time/iter=0.071s eta=0:29:36
[34900/60000] loss=0.4313 lr=1.9E-04 time/iter=0.071s eta=0:29:29
[35000/60000] loss=0.4319 lr=1.9E-04 time/iter=0.071s eta=0:29:22
[35100/60000] loss=0.4326 lr=1.8E-04 time/iter=0.071s eta=0:29:15
[35200/60000] loss=0.4326 lr=1.8E-04 time/iter=0.071s eta=0:29:08
[35300/60000] loss=0.4330 lr=1.8E-04 time/iter=0.071s eta=0:29:01
[35400/60000] loss=0.4333 lr=1.8E-04 time/iter=0.071s eta=0:28:54
Epoch 42 complete. Average loss: 0.4336
[35500/60000] loss=0.4232 lr=1.8E-04 time/iter=0.071s eta=0:28:47
[35600/60000] loss=0.4250 lr=1.8E-04 time/iter=0.071s eta=0:28:40
[35700/60000] loss=0.4244 lr=1.8E-04 time/iter=0.071s eta=0:28:33
[35800/60000] loss=0.4245 lr=1.8E-04 time/iter=0.071s eta=0:28:26
[35900/60000] loss=0.4251 lr=1.7E-04 time/iter=0.071s eta=0:28:19
[36000/60000] loss=0.4251 lr=1.7E-04 time/iter=0.071s eta=0:28:12
Saving checkpoint to ./runs/checkpoints/checkpoints_gru_mlp2/checkpoint-36000.pth...
Checkpoint saved.
[36100/60000] loss=0.4252 lr=1.7E-04 time/iter=0.071s eta=0:28:05
[36200/60000] loss=0.4256 lr=1.7E-04 time/iter=0.071s eta=0:27:58
Epoch 43 complete. Average loss: 0.4259
[36300/60000] loss=0.4131 lr=1.7E-04 time/iter=0.071s eta=0:27:51
[36400/60000] loss=0.4149 lr=1.7E-04 time/iter=0.071s eta=0:27:44
[36500/60000] loss=0.4153 lr=1.7E-04 time/iter=0.071s eta=0:27:37
[36600/60000] loss=0.4158 lr=1.7E-04 time/iter=0.071s eta=0:27:30
[36700/60000] loss=0.4166 lr=1.6E-04 time/iter=0.071s eta=0:27:22
[36800/60000] loss=0.4169 lr=1.6E-04 time/iter=0.071s eta=0:27:15
[36900/60000] loss=0.4172 lr=1.6E-04 time/iter=0.071s eta=0:27:08
[37000/60000] loss=0.4176 lr=1.6E-04 time/iter=0.071s eta=0:27:01
[37100/60000] loss=0.4182 lr=1.6E-04 time/iter=0.071s eta=0:26:54
Epoch 44 complete. Average loss: 0.4183
[37200/60000] loss=0.4096 lr=1.6E-04 time/iter=0.071s eta=0:26:47
[37300/60000] loss=0.4087 lr=1.6E-04 time/iter=0.071s eta=0:26:40
[37400/60000] loss=0.4093 lr=1.6E-04 time/iter=0.071s eta=0:26:33
[37500/60000] loss=0.4098 lr=1.5E-04 time/iter=0.071s eta=0:26:26
[37600/60000] loss=0.4102 lr=1.5E-04 time/iter=0.071s eta=0:26:19
[37700/60000] loss=0.4103 lr=1.5E-04 time/iter=0.071s eta=0:26:12
[37800/60000] loss=0.4101 lr=1.5E-04 time/iter=0.071s eta=0:26:05
[37900/60000] loss=0.4106 lr=1.5E-04 time/iter=0.071s eta=0:25:58
Epoch 45 complete. Average loss: 0.4108
[38000/60000] loss=0.4030 lr=1.5E-04 time/iter=0.071s eta=0:25:51
[38100/60000] loss=0.4011 lr=1.5E-04 time/iter=0.071s eta=0:25:44
[38200/60000] loss=0.4018 lr=1.5E-04 time/iter=0.071s eta=0:25:36
[38300/60000] loss=0.4023 lr=1.4E-04 time/iter=0.071s eta=0:25:29
[38400/60000] loss=0.4027 lr=1.4E-04 time/iter=0.071s eta=0:25:22
[38500/60000] loss=0.4026 lr=1.4E-04 time/iter=0.071s eta=0:25:15
[38600/60000] loss=0.4030 lr=1.4E-04 time/iter=0.071s eta=0:25:08
[38700/60000] loss=0.4032 lr=1.4E-04 time/iter=0.071s eta=0:25:01
[38800/60000] loss=0.4033 lr=1.4E-04 time/iter=0.071s eta=0:24:54
Epoch 46 complete. Average loss: 0.4035
[38900/60000] loss=0.3946 lr=1.4E-04 time/iter=0.071s eta=0:24:47
[39000/60000] loss=0.3943 lr=1.4E-04 time/iter=0.070s eta=0:24:40
[39100/60000] loss=0.3949 lr=1.4E-04 time/iter=0.070s eta=0:24:33
[39200/60000] loss=0.3951 lr=1.3E-04 time/iter=0.071s eta=0:24:26
[39300/60000] loss=0.3955 lr=1.3E-04 time/iter=0.071s eta=0:24:19
[39400/60000] loss=0.3957 lr=1.3E-04 time/iter=0.071s eta=0:24:12
[39500/60000] loss=0.3961 lr=1.3E-04 time/iter=0.070s eta=0:24:05
[39600/60000] loss=0.3965 lr=1.3E-04 time/iter=0.070s eta=0:23:58
Epoch 47 complete. Average loss: 0.3967
[39700/60000] loss=0.3910 lr=1.3E-04 time/iter=0.070s eta=0:23:51
[39800/60000] loss=0.3886 lr=1.3E-04 time/iter=0.070s eta=0:23:44
[39900/60000] loss=0.3884 lr=1.3E-04 time/iter=0.070s eta=0:23:36
[40000/60000] loss=0.3888 lr=1.3E-04 time/iter=0.070s eta=0:23:29
[40100/60000] loss=0.3890 lr=1.2E-04 time/iter=0.070s eta=0:23:22
[40200/60000] loss=0.3892 lr=1.2E-04 time/iter=0.070s eta=0:23:15
[40300/60000] loss=0.3895 lr=1.2E-04 time/iter=0.070s eta=0:23:08
[40400/60000] loss=0.3898 lr=1.2E-04 time/iter=0.070s eta=0:23:01
[40500/60000] loss=0.3900 lr=1.2E-04 time/iter=0.070s eta=0:22:54
Epoch 48 complete. Average loss: 0.3901
[40600/60000] loss=0.3803 lr=1.2E-04 time/iter=0.070s eta=0:22:47
[40700/60000] loss=0.3818 lr=1.2E-04 time/iter=0.070s eta=0:22:40
[40800/60000] loss=0.3821 lr=1.2E-04 time/iter=0.070s eta=0:22:33
[40900/60000] loss=0.3823 lr=1.1E-04 time/iter=0.070s eta=0:22:26
[41000/60000] loss=0.3827 lr=1.1E-04 time/iter=0.070s eta=0:22:19
[41100/60000] loss=0.3831 lr=1.1E-04 time/iter=0.070s eta=0:22:12
[41200/60000] loss=0.3836 lr=1.1E-04 time/iter=0.070s eta=0:22:05
[41300/60000] loss=0.3838 lr=1.1E-04 time/iter=0.070s eta=0:21:58
Epoch 49 complete. Average loss: 0.3839
[41400/60000] loss=0.3756 lr=1.1E-04 time/iter=0.070s eta=0:21:51
[41500/60000] loss=0.3750 lr=1.1E-04 time/iter=0.070s eta=0:21:44
[41600/60000] loss=0.3758 lr=1.1E-04 time/iter=0.070s eta=0:21:36
[41700/60000] loss=0.3763 lr=1.1E-04 time/iter=0.070s eta=0:21:29
[41800/60000] loss=0.3769 lr=1.1E-04 time/iter=0.070s eta=0:21:22
[41900/60000] loss=0.3771 lr=1.0E-04 time/iter=0.070s eta=0:21:15
[42000/60000] loss=0.3773 lr=1.0E-04 time/iter=0.070s eta=0:21:08
Saving checkpoint to ./runs/checkpoints/checkpoints_gru_mlp2/checkpoint-42000.pth...
Checkpoint saved.
[42100/60000] loss=0.3776 lr=1.0E-04 time/iter=0.070s eta=0:21:01
[42200/60000] loss=0.3780 lr=1.0E-04 time/iter=0.070s eta=0:20:54
Epoch 50 complete. Average loss: 0.3780
[42300/60000] loss=0.3692 lr=1.0E-04 time/iter=0.070s eta=0:20:47
[42400/60000] loss=0.3695 lr=9.9E-05 time/iter=0.070s eta=0:20:40
[42500/60000] loss=0.3703 lr=9.8E-05 time/iter=0.070s eta=0:20:33
[42600/60000] loss=0.3707 lr=9.7E-05 time/iter=0.070s eta=0:20:26
[42700/60000] loss=0.3713 lr=9.6E-05 time/iter=0.070s eta=0:20:19
[42800/60000] loss=0.3718 lr=9.5E-05 time/iter=0.070s eta=0:20:12
[42900/60000] loss=0.3721 lr=9.4E-05 time/iter=0.070s eta=0:20:05
[43000/60000] loss=0.3722 lr=9.3E-05 time/iter=0.070s eta=0:19:58
Epoch 51 complete. Average loss: 0.3724
[43100/60000] loss=0.3629 lr=9.2E-05 time/iter=0.070s eta=0:19:51
[43200/60000] loss=0.3644 lr=9.1E-05 time/iter=0.070s eta=0:19:44
[43300/60000] loss=0.3654 lr=9.0E-05 time/iter=0.070s eta=0:19:37
[43400/60000] loss=0.3661 lr=8.9E-05 time/iter=0.070s eta=0:19:30
[43500/60000] loss=0.3663 lr=8.8E-05 time/iter=0.070s eta=0:19:23
[43600/60000] loss=0.3664 lr=8.7E-05 time/iter=0.070s eta=0:19:16
[43700/60000] loss=0.3668 lr=8.6E-05 time/iter=0.070s eta=0:19:09
[43800/60000] loss=0.3669 lr=8.5E-05 time/iter=0.070s eta=0:19:01
Epoch 52 complete. Average loss: 0.3670
[43900/60000] loss=0.3598 lr=8.4E-05 time/iter=0.070s eta=0:18:54
[44000/60000] loss=0.3602 lr=8.3E-05 time/iter=0.070s eta=0:18:47
[44100/60000] loss=0.3607 lr=8.2E-05 time/iter=0.070s eta=0:18:40
[44200/60000] loss=0.3612 lr=8.1E-05 time/iter=0.070s eta=0:18:33
[44300/60000] loss=0.3613 lr=8.0E-05 time/iter=0.070s eta=0:18:26
[44400/60000] loss=0.3615 lr=7.9E-05 time/iter=0.070s eta=0:18:19
[44500/60000] loss=0.3619 lr=7.8E-05 time/iter=0.070s eta=0:18:12
[44600/60000] loss=0.3618 lr=7.7E-05 time/iter=0.070s eta=0:18:05
[44700/60000] loss=0.3621 lr=7.6E-05 time/iter=0.070s eta=0:17:58
Epoch 53 complete. Average loss: 0.3621
[44800/60000] loss=0.3541 lr=7.5E-05 time/iter=0.070s eta=0:17:51
[44900/60000] loss=0.3558 lr=7.4E-05 time/iter=0.070s eta=0:17:44
[45000/60000] loss=0.3558 lr=7.3E-05 time/iter=0.070s eta=0:17:37
[45100/60000] loss=0.3563 lr=7.2E-05 time/iter=0.070s eta=0:17:30
[45200/60000] loss=0.3570 lr=7.1E-05 time/iter=0.070s eta=0:17:23
[45300/60000] loss=0.3570 lr=7.0E-05 time/iter=0.070s eta=0:17:16
[45400/60000] loss=0.3575 lr=7.0E-05 time/iter=0.070s eta=0:17:09
[45500/60000] loss=0.3576 lr=6.9E-05 time/iter=0.070s eta=0:17:02
Epoch 54 complete. Average loss: 0.3576
[45600/60000] loss=0.3547 lr=6.8E-05 time/iter=0.070s eta=0:16:55
[45700/60000] loss=0.3518 lr=6.7E-05 time/iter=0.070s eta=0:16:48
[45800/60000] loss=0.3523 lr=6.6E-05 time/iter=0.070s eta=0:16:40
[45900/60000] loss=0.3524 lr=6.5E-05 time/iter=0.070s eta=0:16:33
[46000/60000] loss=0.3529 lr=6.4E-05 time/iter=0.070s eta=0:16:26
[46100/60000] loss=0.3527 lr=6.3E-05 time/iter=0.070s eta=0:16:19
[46200/60000] loss=0.3530 lr=6.2E-05 time/iter=0.070s eta=0:16:12
[46300/60000] loss=0.3531 lr=6.2E-05 time/iter=0.070s eta=0:16:05
[46400/60000] loss=0.3534 lr=6.1E-05 time/iter=0.070s eta=0:15:58
Epoch 55 complete. Average loss: 0.3534
[46500/60000] loss=0.3458 lr=6.0E-05 time/iter=0.070s eta=0:15:51
[46600/60000] loss=0.3468 lr=5.9E-05 time/iter=0.070s eta=0:15:44
[46700/60000] loss=0.3474 lr=5.8E-05 time/iter=0.070s eta=0:15:37
[46800/60000] loss=0.3479 lr=5.7E-05 time/iter=0.070s eta=0:15:30
[46900/60000] loss=0.3481 lr=5.7E-05 time/iter=0.070s eta=0:15:23
[47000/60000] loss=0.3486 lr=5.6E-05 time/iter=0.070s eta=0:15:16
[47100/60000] loss=0.3491 lr=5.5E-05 time/iter=0.070s eta=0:15:09
[47200/60000] loss=0.3494 lr=5.4E-05 time/iter=0.070s eta=0:15:02
Epoch 56 complete. Average loss: 0.3495
[47300/60000] loss=0.3466 lr=5.3E-05 time/iter=0.070s eta=0:14:55
[47400/60000] loss=0.3454 lr=5.2E-05 time/iter=0.070s eta=0:14:48
[47500/60000] loss=0.3451 lr=5.2E-05 time/iter=0.070s eta=0:14:41
[47600/60000] loss=0.3449 lr=5.1E-05 time/iter=0.070s eta=0:14:34
[47700/60000] loss=0.3452 lr=5.0E-05 time/iter=0.070s eta=0:14:27
[47800/60000] loss=0.3457 lr=4.9E-05 time/iter=0.070s eta=0:14:19
[47900/60000] loss=0.3456 lr=4.9E-05 time/iter=0.070s eta=0:14:12
[48000/60000] loss=0.3457 lr=4.8E-05 time/iter=0.070s eta=0:14:05
Saving checkpoint to ./runs/checkpoints/checkpoints_gru_mlp2/checkpoint-48000.pth...
Checkpoint saved.
[48100/60000] loss=0.3460 lr=4.7E-05 time/iter=0.070s eta=0:13:58
Epoch 57 complete. Average loss: 0.3460
[48200/60000] loss=0.3416 lr=4.6E-05 time/iter=0.070s eta=0:13:51
[48300/60000] loss=0.3415 lr=4.5E-05 time/iter=0.070s eta=0:13:44
[48400/60000] loss=0.3413 lr=4.5E-05 time/iter=0.070s eta=0:13:37
[48500/60000] loss=0.3417 lr=4.4E-05 time/iter=0.070s eta=0:13:30
[48600/60000] loss=0.3421 lr=4.3E-05 time/iter=0.070s eta=0:13:23
[48700/60000] loss=0.3422 lr=4.2E-05 time/iter=0.070s eta=0:13:16
[48800/60000] loss=0.3425 lr=4.2E-05 time/iter=0.070s eta=0:13:09
[48900/60000] loss=0.3427 lr=4.1E-05 time/iter=0.070s eta=0:13:02
Epoch 58 complete. Average loss: 0.3428
[49000/60000] loss=0.3375 lr=4.0E-05 time/iter=0.070s eta=0:12:55
[49100/60000] loss=0.3389 lr=4.0E-05 time/iter=0.070s eta=0:12:48
[49200/60000] loss=0.3394 lr=3.9E-05 time/iter=0.070s eta=0:12:41
[49300/60000] loss=0.3395 lr=3.8E-05 time/iter=0.070s eta=0:12:34
[49400/60000] loss=0.3397 lr=3.8E-05 time/iter=0.070s eta=0:12:27
[49500/60000] loss=0.3398 lr=3.7E-05 time/iter=0.070s eta=0:12:20
[49600/60000] loss=0.3398 lr=3.6E-05 time/iter=0.070s eta=0:12:13
[49700/60000] loss=0.3399 lr=3.5E-05 time/iter=0.070s eta=0:12:06
Epoch 59 complete. Average loss: 0.3400
[49800/60000] loss=0.3382 lr=3.5E-05 time/iter=0.070s eta=0:11:59
[49900/60000] loss=0.3362 lr=3.4E-05 time/iter=0.070s eta=0:11:51
[50000/60000] loss=0.3365 lr=3.3E-05 time/iter=0.070s eta=0:11:44
[50100/60000] loss=0.3364 lr=3.3E-05 time/iter=0.070s eta=0:11:37
[50200/60000] loss=0.3365 lr=3.2E-05 time/iter=0.070s eta=0:11:30
[50300/60000] loss=0.3367 lr=3.2E-05 time/iter=0.070s eta=0:11:23
[50400/60000] loss=0.3371 lr=3.1E-05 time/iter=0.070s eta=0:11:16
[50500/60000] loss=0.3373 lr=3.0E-05 time/iter=0.070s eta=0:11:09
[50600/60000] loss=0.3373 lr=3.0E-05 time/iter=0.070s eta=0:11:02
Epoch 60 complete. Average loss: 0.3374
[50700/60000] loss=0.3342 lr=2.9E-05 time/iter=0.070s eta=0:10:55
[50800/60000] loss=0.3349 lr=2.8E-05 time/iter=0.070s eta=0:10:48
[50900/60000] loss=0.3342 lr=2.8E-05 time/iter=0.070s eta=0:10:41
[51000/60000] loss=0.3348 lr=2.7E-05 time/iter=0.070s eta=0:10:34
[51100/60000] loss=0.3349 lr=2.7E-05 time/iter=0.070s eta=0:10:27
[51200/60000] loss=0.3352 lr=2.6E-05 time/iter=0.070s eta=0:10:20
[51300/60000] loss=0.3351 lr=2.5E-05 time/iter=0.070s eta=0:10:13
[51400/60000] loss=0.3352 lr=2.5E-05 time/iter=0.070s eta=0:10:06
Epoch 61 complete. Average loss: 0.3352
[51500/60000] loss=0.3331 lr=2.4E-05 time/iter=0.070s eta=0:09:59
[51600/60000] loss=0.3332 lr=2.4E-05 time/iter=0.070s eta=0:09:52
[51700/60000] loss=0.3326 lr=2.3E-05 time/iter=0.070s eta=0:09:45
[51800/60000] loss=0.3326 lr=2.3E-05 time/iter=0.070s eta=0:09:38
[51900/60000] loss=0.3327 lr=2.2E-05 time/iter=0.070s eta=0:09:30
[52000/60000] loss=0.3330 lr=2.2E-05 time/iter=0.070s eta=0:09:23
[52100/60000] loss=0.3333 lr=2.1E-05 time/iter=0.070s eta=0:09:16
[52200/60000] loss=0.3333 lr=2.1E-05 time/iter=0.070s eta=0:09:09
[52300/60000] loss=0.3333 lr=2.0E-05 time/iter=0.070s eta=0:09:02
Epoch 62 complete. Average loss: 0.3333
[52400/60000] loss=0.3325 lr=2.0E-05 time/iter=0.070s eta=0:08:55
[52500/60000] loss=0.3320 lr=1.9E-05 time/iter=0.070s eta=0:08:48
[52600/60000] loss=0.3316 lr=1.9E-05 time/iter=0.070s eta=0:08:41
[52700/60000] loss=0.3318 lr=1.8E-05 time/iter=0.070s eta=0:08:34
[52800/60000] loss=0.3314 lr=1.8E-05 time/iter=0.070s eta=0:08:27
[52900/60000] loss=0.3314 lr=1.7E-05 time/iter=0.070s eta=0:08:20
[53000/60000] loss=0.3314 lr=1.7E-05 time/iter=0.070s eta=0:08:13
[53100/60000] loss=0.3315 lr=1.6E-05 time/iter=0.070s eta=0:08:06
Epoch 63 complete. Average loss: 0.3316
[53200/60000] loss=0.3292 lr=1.6E-05 time/iter=0.070s eta=0:07:59
[53300/60000] loss=0.3298 lr=1.5E-05 time/iter=0.070s eta=0:07:52
[53400/60000] loss=0.3301 lr=1.5E-05 time/iter=0.070s eta=0:07:45
[53500/60000] loss=0.3296 lr=1.4E-05 time/iter=0.070s eta=0:07:38
[53600/60000] loss=0.3294 lr=1.4E-05 time/iter=0.070s eta=0:07:31
[53700/60000] loss=0.3298 lr=1.3E-05 time/iter=0.070s eta=0:07:24
[53800/60000] loss=0.3300 lr=1.3E-05 time/iter=0.070s eta=0:07:17
[53900/60000] loss=0.3302 lr=1.3E-05 time/iter=0.070s eta=0:07:09
[54000/60000] loss=0.3303 lr=1.2E-05 time/iter=0.070s eta=0:07:02
Saving checkpoint to ./runs/checkpoints/checkpoints_gru_mlp2/checkpoint-54000.pth...
Checkpoint saved.
Epoch 64 complete. Average loss: 0.3303
[54100/60000] loss=0.3275 lr=1.2E-05 time/iter=0.070s eta=0:06:55
[54200/60000] loss=0.3277 lr=1.1E-05 time/iter=0.070s eta=0:06:48
[54300/60000] loss=0.3286 lr=1.1E-05 time/iter=0.070s eta=0:06:41
[54400/60000] loss=0.3290 lr=1.1E-05 time/iter=0.070s eta=0:06:34
[54500/60000] loss=0.3291 lr=1.0E-05 time/iter=0.070s eta=0:06:27
[54600/60000] loss=0.3290 lr=9.9E-06 time/iter=0.070s eta=0:06:20
[54700/60000] loss=0.3292 lr=9.6E-06 time/iter=0.070s eta=0:06:13
[54800/60000] loss=0.3291 lr=9.2E-06 time/iter=0.070s eta=0:06:06
Epoch 65 complete. Average loss: 0.3291
[54900/60000] loss=0.3273 lr=8.9E-06 time/iter=0.070s eta=0:05:59
[55000/60000] loss=0.3282 lr=8.5E-06 time/iter=0.070s eta=0:05:52
[55100/60000] loss=0.3283 lr=8.2E-06 time/iter=0.071s eta=0:05:45
[55200/60000] loss=0.3284 lr=7.9E-06 time/iter=0.071s eta=0:05:38
[55300/60000] loss=0.3282 lr=7.5E-06 time/iter=0.071s eta=0:05:31
[55400/60000] loss=0.3283 lr=7.2E-06 time/iter=0.071s eta=0:05:24
[55500/60000] loss=0.3281 lr=6.9E-06 time/iter=0.071s eta=0:05:17
[55600/60000] loss=0.3281 lr=6.6E-06 time/iter=0.071s eta=0:05:10
[55700/60000] loss=0.3283 lr=6.3E-06 time/iter=0.071s eta=0:05:03
Epoch 66 complete. Average loss: 0.3282
[55800/60000] loss=0.3254 lr=6.0E-06 time/iter=0.071s eta=0:04:56
[55900/60000] loss=0.3270 lr=5.7E-06 time/iter=0.071s eta=0:04:49
[56000/60000] loss=0.3271 lr=5.5E-06 time/iter=0.071s eta=0:04:42
[56100/60000] loss=0.3272 lr=5.2E-06 time/iter=0.071s eta=0:04:34
[56200/60000] loss=0.3274 lr=4.9E-06 time/iter=0.071s eta=0:04:27
[56300/60000] loss=0.3275 lr=4.7E-06 time/iter=0.071s eta=0:04:20
[56400/60000] loss=0.3275 lr=4.4E-06 time/iter=0.071s eta=0:04:13
[56500/60000] loss=0.3275 lr=4.2E-06 time/iter=0.071s eta=0:04:06
Epoch 67 complete. Average loss: 0.3276
[56600/60000] loss=0.3265 lr=4.0E-06 time/iter=0.071s eta=0:03:59
[56700/60000] loss=0.3268 lr=3.7E-06 time/iter=0.071s eta=0:03:52
[56800/60000] loss=0.3269 lr=3.5E-06 time/iter=0.071s eta=0:03:45
[56900/60000] loss=0.3269 lr=3.3E-06 time/iter=0.071s eta=0:03:38
[57000/60000] loss=0.3272 lr=3.1E-06 time/iter=0.071s eta=0:03:31
[57100/60000] loss=0.3271 lr=2.9E-06 time/iter=0.071s eta=0:03:24
[57200/60000] loss=0.3271 lr=2.7E-06 time/iter=0.071s eta=0:03:17
[57300/60000] loss=0.3272 lr=2.5E-06 time/iter=0.071s eta=0:03:10
Epoch 68 complete. Average loss: 0.3271
[57400/60000] loss=0.3251 lr=2.3E-06 time/iter=0.071s eta=0:03:03
[57500/60000] loss=0.3265 lr=2.1E-06 time/iter=0.071s eta=0:02:56
[57600/60000] loss=0.3268 lr=2.0E-06 time/iter=0.071s eta=0:02:49
[57700/60000] loss=0.3263 lr=1.8E-06 time/iter=0.071s eta=0:02:42
[57800/60000] loss=0.3264 lr=1.7E-06 time/iter=0.071s eta=0:02:35
[57900/60000] loss=0.3264 lr=1.5E-06 time/iter=0.071s eta=0:02:28
[58000/60000] loss=0.3264 lr=1.4E-06 time/iter=0.071s eta=0:02:21
[58100/60000] loss=0.3265 lr=1.2E-06 time/iter=0.071s eta=0:02:13
[58200/60000] loss=0.3265 lr=1.1E-06 time/iter=0.071s eta=0:02:06
Epoch 69 complete. Average loss: 0.3267
[58300/60000] loss=0.3253 lr=9.9E-07 time/iter=0.071s eta=0:01:59
[58400/60000] loss=0.3256 lr=8.8E-07 time/iter=0.071s eta=0:01:52
[58500/60000] loss=0.3256 lr=7.7E-07 time/iter=0.071s eta=0:01:45
[58600/60000] loss=0.3259 lr=6.7E-07 time/iter=0.071s eta=0:01:38
[58700/60000] loss=0.3260 lr=5.8E-07 time/iter=0.071s eta=0:01:31
[58800/60000] loss=0.3262 lr=4.9E-07 time/iter=0.071s eta=0:01:24
[58900/60000] loss=0.3263 lr=4.1E-07 time/iter=0.071s eta=0:01:17
[59000/60000] loss=0.3264 lr=3.4E-07 time/iter=0.071s eta=0:01:10
Epoch 70 complete. Average loss: 0.3264
[59100/60000] loss=0.3230 lr=2.8E-07 time/iter=0.071s eta=0:01:03
[59200/60000] loss=0.3261 lr=2.2E-07 time/iter=0.071s eta=0:00:56
[59300/60000] loss=0.3267 lr=1.7E-07 time/iter=0.071s eta=0:00:49
[59400/60000] loss=0.3266 lr=1.2E-07 time/iter=0.071s eta=0:00:42
[59500/60000] loss=0.3266 lr=8.6E-08 time/iter=0.071s eta=0:00:35
[59600/60000] loss=0.3267 lr=5.5E-08 time/iter=0.071s eta=0:00:28
[59700/60000] loss=0.3264 lr=3.1E-08 time/iter=0.071s eta=0:00:21
[59800/60000] loss=0.3263 lr=1.4E-08 time/iter=0.071s eta=0:00:14
[59900/60000] loss=0.3264 lr=3.4E-09 time/iter=0.071s eta=0:00:07
Epoch 71 complete. Average loss: 0.3263
[60000/60000] loss=0.3259 lr=0.0E+00 time/iter=0.071s eta=0:00:00
Saving checkpoint to ./runs/checkpoints/checkpoints_gru_mlp2/checkpoint-60000.pth...
Checkpoint saved.
Epoch 72 complete. Average loss: 0.3259
Training loop finished.
Logging complete. File saved to train_results/logs_gru_mlp2
Training completed successfully.
Job finished at Tue Apr  8 17:50:34 CEST 2025

JOB STATISTICS
==============
Job ID: 11087225
Cluster: snellius
User/Group: igardner1/igardner1
State: RUNNING
Nodes: 1
Cores per node: 18
CPU Utilized: 00:00:00
CPU Efficiency: 0.00% of 22:16:30 core-walltime
Job Wall-clock time: 01:14:15
Memory Utilized: 0.00 MB
Memory Efficiency: 0.00% of 120.00 GB (120.00 GB/node)
WARNING: Efficiency statistics can only be obtained after the job has ended as seff tool is based on the accounting database data.
