============================================================================================== 
Warning! Mixing Conda and module environments may lead to corruption of the
user environment. 
We do not recommend users mixing those two environments unless absolutely
necessary. Note that 
SURF does not provide any support for Conda environment.
For more information, please refer to our software policy page:
https://servicedesk.surf.nl/wiki/display/WIKI/Software+policy+Snellius#SoftwarepolicySnellius-UseofAnacondaandMinicondaenvironmentsonSnellius 

Remember that many packages have already been installed on the system and can
be loaded using 
the 'module load <package__name>' command. If you are uncertain if a package is
already available 
on the system, please use 'module avail' or 'module spider' to search for it.
============================================================================================== 
Using config file: configs/config_aig_mlp.yaml
Loaded config:
data:
  dataset_type: aig-directed-multiclass
  graph_file: dataset/final_data.pkl
  use_bfs: false
  max_graphs: null
model:
  mode: directed-multiclass
  use_lstm: false
  use_attention: false
  edge_model: mlp
  GraphRNN:
    embedding_size: 384
    hidden_size: 768
    num_layers: 3
    edge_feature_len: 3
    output_size: null
  EdgeMLP:
    hidden_size: 768
    edge_feature_len: 3
train:
  batch_size: 32
  lr: 0.001
  steps: 60000
  print_iter: 100
  checkpoint_iter: 6000
  checkpoint_dir: checkpoints/checkpoints_gru_mlp
  log_file: train_results/logs_gru_mlp

Computing maximum node count from dataset...
Maximum node count: 89
Computing maximum level from dataset...
Calculated max level 18 from 37000 valid graphs
Maximum level: 18
Loading AIG graphs from dataset/final_data.pkl...
Limited to 30000 graphs for processing.
Preprocessing graphs...
Graph preprocessing complete. 30000 graphs processed, 0 skipped.
Maximum node count in processed dataset: 89
INFO: Topological Sort mode. Effective input size (m_internal): 88
Calculating node levels...
Maximum node level across dataset: 18
Calculating edge type counts for class weighting...
Calculating weights based on 27000 training graphs...
Total edge slots considered for weights: 98341408
Raw edge counts: {0: 96753923, 1: 959297, 2: 628188}
Calculated edge weights (Inverse Frequency): [0.011724252253770828, 1.1824986934661865, 1.8057770729064941]
Dataset ready: 27000 graphs (training split).
Total available graphs: 30000
Training graphs: 27000 (limited by split ratio)
Testing graphs: 3000
Ordering: Topological Sort
Dataset initialized with 27000 training graphs
Final statistics - Max node count: 89, Max level: 18
INFO: Using Topological Sort mode. Effective input/output size (max_nodes-1): 88
INFO: GraphLevelRNN (No Attention) using level embedding up to level 18
INFO: Using standard GraphLevelRNN for node level.
Selected EdgeLevelMLP model.
Setting up CrossEntropyLoss for 3 edge classes.
Applying edge class weights: [0.011724252253770828, 1.1824986934661865, 1.8057770729064941]
Logger initialized. Logging to train_results/logs_gru_mlp
Logger initialized. Writing to: train_results/logs_gru_mlp
[100/60000] loss=0.7306 lr=1.0E-03 time/iter=0.074s eta=1:13:49
[200/60000] loss=0.7052 lr=1.0E-03 time/iter=0.072s eta=1:11:52
[300/60000] loss=0.6903 lr=1.0E-03 time/iter=0.071s eta=1:10:58
[400/60000] loss=0.6812 lr=1.0E-03 time/iter=0.071s eta=1:10:28
[500/60000] loss=0.6748 lr=1.0E-03 time/iter=0.071s eta=1:10:11
[600/60000] loss=0.6701 lr=1.0E-03 time/iter=0.071s eta=1:09:58
[700/60000] loss=0.6665 lr=1.0E-03 time/iter=0.071s eta=1:09:43
[800/60000] loss=0.6634 lr=1.0E-03 time/iter=0.070s eta=1:09:31
Epoch 1 complete. Average loss: 0.6622
[900/60000] loss=0.6374 lr=1.0E-03 time/iter=0.070s eta=1:09:16
[1000/60000] loss=0.6389 lr=1.0E-03 time/iter=0.070s eta=1:09:08
[1100/60000] loss=0.6384 lr=1.0E-03 time/iter=0.070s eta=1:08:59
[1200/60000] loss=0.6385 lr=1.0E-03 time/iter=0.070s eta=1:08:52
[1300/60000] loss=0.6378 lr=1.0E-03 time/iter=0.070s eta=1:08:40
[1400/60000] loss=0.6376 lr=1.0E-03 time/iter=0.070s eta=1:08:33
[1500/60000] loss=0.6369 lr=1.0E-03 time/iter=0.070s eta=1:08:23
[1600/60000] loss=0.6365 lr=1.0E-03 time/iter=0.070s eta=1:08:16
Epoch 2 complete. Average loss: 0.6361
[1700/60000] loss=0.6320 lr=1.0E-03 time/iter=0.070s eta=1:08:07
[1800/60000] loss=0.6381 lr=1.0E-03 time/iter=0.070s eta=1:08:00
[1900/60000] loss=0.6366 lr=1.0E-03 time/iter=0.070s eta=1:07:53
[2000/60000] loss=0.6354 lr=1.0E-03 time/iter=0.070s eta=1:07:46
[2100/60000] loss=0.6345 lr=1.0E-03 time/iter=0.070s eta=1:07:37
[2200/60000] loss=0.6336 lr=1.0E-03 time/iter=0.070s eta=1:07:28
[2300/60000] loss=0.6331 lr=1.0E-03 time/iter=0.070s eta=1:07:21
[2400/60000] loss=0.6329 lr=1.0E-03 time/iter=0.070s eta=1:07:14
[2500/60000] loss=0.6326 lr=1.0E-03 time/iter=0.070s eta=1:07:06
Epoch 3 complete. Average loss: 0.6327
[2600/60000] loss=0.6300 lr=1.0E-03 time/iter=0.070s eta=1:07:00
[2700/60000] loss=0.6300 lr=1.0E-03 time/iter=0.070s eta=1:06:54
[2800/60000] loss=0.6294 lr=9.9E-04 time/iter=0.070s eta=1:06:46
[2900/60000] loss=0.6297 lr=9.9E-04 time/iter=0.070s eta=1:06:39
[3000/60000] loss=0.6296 lr=9.9E-04 time/iter=0.070s eta=1:06:30
[3100/60000] loss=0.6294 lr=9.9E-04 time/iter=0.070s eta=1:06:22
[3200/60000] loss=0.6296 lr=9.9E-04 time/iter=0.070s eta=1:06:17
[3300/60000] loss=0.6291 lr=9.9E-04 time/iter=0.070s eta=1:06:09
Epoch 4 complete. Average loss: 0.6289
[3400/60000] loss=0.6256 lr=9.9E-04 time/iter=0.070s eta=1:06:01
[3500/60000] loss=0.6270 lr=9.9E-04 time/iter=0.070s eta=1:05:54
[3600/60000] loss=0.6271 lr=9.9E-04 time/iter=0.070s eta=1:05:48
[3700/60000] loss=0.6262 lr=9.9E-04 time/iter=0.070s eta=1:05:40
[3800/60000] loss=0.6260 lr=9.9E-04 time/iter=0.070s eta=1:05:33
[3900/60000] loss=0.6259 lr=9.9E-04 time/iter=0.070s eta=1:05:26
[4000/60000] loss=0.6255 lr=9.9E-04 time/iter=0.070s eta=1:05:18
[4100/60000] loss=0.6252 lr=9.9E-04 time/iter=0.070s eta=1:05:10
[4200/60000] loss=0.6252 lr=9.9E-04 time/iter=0.070s eta=1:05:04
Epoch 5 complete. Average loss: 0.6251
[4300/60000] loss=0.6226 lr=9.9E-04 time/iter=0.070s eta=1:04:57
[4400/60000] loss=0.6220 lr=9.9E-04 time/iter=0.070s eta=1:04:49
[4500/60000] loss=0.6220 lr=9.9E-04 time/iter=0.070s eta=1:04:42
[4600/60000] loss=0.6214 lr=9.9E-04 time/iter=0.070s eta=1:04:35
[4700/60000] loss=0.6214 lr=9.8E-04 time/iter=0.070s eta=1:04:27
[4800/60000] loss=0.6218 lr=9.8E-04 time/iter=0.070s eta=1:04:20
[4900/60000] loss=0.6220 lr=9.8E-04 time/iter=0.070s eta=1:04:14
[5000/60000] loss=0.6219 lr=9.8E-04 time/iter=0.070s eta=1:04:07
Epoch 6 complete. Average loss: 0.6219
[5100/60000] loss=0.6181 lr=9.8E-04 time/iter=0.070s eta=1:04:00
[5200/60000] loss=0.6187 lr=9.8E-04 time/iter=0.070s eta=1:03:53
[5300/60000] loss=0.6186 lr=9.8E-04 time/iter=0.070s eta=1:03:46
[5400/60000] loss=0.6185 lr=9.8E-04 time/iter=0.070s eta=1:03:39
[5500/60000] loss=0.6176 lr=9.8E-04 time/iter=0.070s eta=1:03:31
[5600/60000] loss=0.6181 lr=9.8E-04 time/iter=0.070s eta=1:03:25
[5700/60000] loss=0.6175 lr=9.8E-04 time/iter=0.070s eta=1:03:17
[5800/60000] loss=0.6176 lr=9.8E-04 time/iter=0.070s eta=1:03:11
[5900/60000] loss=0.6177 lr=9.8E-04 time/iter=0.070s eta=1:03:04
Epoch 7 complete. Average loss: 0.6176
[6000/60000] loss=0.6159 lr=9.8E-04 time/iter=0.070s eta=1:02:57
Saving checkpoint to ./runs/checkpoints/checkpoints_gru_mlp/checkpoint-6000.pth...
Checkpoint saved.
[6100/60000] loss=0.6163 lr=9.7E-04 time/iter=0.070s eta=1:02:52
[6200/60000] loss=0.6159 lr=9.7E-04 time/iter=0.070s eta=1:02:44
[6300/60000] loss=0.6154 lr=9.7E-04 time/iter=0.070s eta=1:02:37
[6400/60000] loss=0.6152 lr=9.7E-04 time/iter=0.070s eta=1:02:30
[6500/60000] loss=0.6152 lr=9.7E-04 time/iter=0.070s eta=1:02:22
[6600/60000] loss=0.6152 lr=9.7E-04 time/iter=0.070s eta=1:02:15
[6700/60000] loss=0.6151 lr=9.7E-04 time/iter=0.070s eta=1:02:08
Epoch 8 complete. Average loss: 0.6150
[6800/60000] loss=0.6137 lr=9.7E-04 time/iter=0.070s eta=1:02:01
[6900/60000] loss=0.6129 lr=9.7E-04 time/iter=0.070s eta=1:01:54
[7000/60000] loss=0.6135 lr=9.7E-04 time/iter=0.070s eta=1:01:47
[7100/60000] loss=0.6124 lr=9.7E-04 time/iter=0.070s eta=1:01:39
[7200/60000] loss=0.6122 lr=9.6E-04 time/iter=0.070s eta=1:01:32
[7300/60000] loss=0.6118 lr=9.6E-04 time/iter=0.070s eta=1:01:25
[7400/60000] loss=0.6118 lr=9.6E-04 time/iter=0.070s eta=1:01:18
[7500/60000] loss=0.6122 lr=9.6E-04 time/iter=0.070s eta=1:01:11
Epoch 9 complete. Average loss: 0.6124
[7600/60000] loss=0.6176 lr=9.6E-04 time/iter=0.070s eta=1:01:04
[7700/60000] loss=0.6112 lr=9.6E-04 time/iter=0.070s eta=1:00:57
[7800/60000] loss=0.6103 lr=9.6E-04 time/iter=0.070s eta=1:00:50
[7900/60000] loss=0.6109 lr=9.6E-04 time/iter=0.070s eta=1:00:43
[8000/60000] loss=0.6109 lr=9.6E-04 time/iter=0.070s eta=1:00:36
[8100/60000] loss=0.6104 lr=9.6E-04 time/iter=0.070s eta=1:00:29
[8200/60000] loss=0.6108 lr=9.5E-04 time/iter=0.070s eta=1:00:22
[8300/60000] loss=0.6105 lr=9.5E-04 time/iter=0.070s eta=1:00:15
[8400/60000] loss=0.6103 lr=9.5E-04 time/iter=0.070s eta=1:00:07
Epoch 10 complete. Average loss: 0.6101
[8500/60000] loss=0.6093 lr=9.5E-04 time/iter=0.070s eta=1:00:00
[8600/60000] loss=0.6086 lr=9.5E-04 time/iter=0.070s eta=0:59:53
[8700/60000] loss=0.6078 lr=9.5E-04 time/iter=0.070s eta=0:59:46
[8800/60000] loss=0.6079 lr=9.5E-04 time/iter=0.070s eta=0:59:39
[8900/60000] loss=0.6095 lr=9.5E-04 time/iter=0.070s eta=0:59:32
[9000/60000] loss=0.6097 lr=9.5E-04 time/iter=0.070s eta=0:59:25
[9100/60000] loss=0.6096 lr=9.4E-04 time/iter=0.070s eta=0:59:18
[9200/60000] loss=0.6096 lr=9.4E-04 time/iter=0.070s eta=0:59:11
Epoch 11 complete. Average loss: 0.6095
[9300/60000] loss=0.6130 lr=9.4E-04 time/iter=0.070s eta=0:59:03
[9400/60000] loss=0.6079 lr=9.4E-04 time/iter=0.070s eta=0:58:56
[9500/60000] loss=0.6075 lr=9.4E-04 time/iter=0.070s eta=0:58:49
[9600/60000] loss=0.6078 lr=9.4E-04 time/iter=0.070s eta=0:58:42
[9700/60000] loss=0.6080 lr=9.4E-04 time/iter=0.070s eta=0:58:35
[9800/60000] loss=0.6081 lr=9.4E-04 time/iter=0.070s eta=0:58:28
[9900/60000] loss=0.6082 lr=9.3E-04 time/iter=0.070s eta=0:58:21
[10000/60000] loss=0.6083 lr=9.3E-04 time/iter=0.070s eta=0:58:14
[10100/60000] loss=0.6080 lr=9.3E-04 time/iter=0.070s eta=0:58:07
Epoch 12 complete. Average loss: 0.6080
[10200/60000] loss=0.6073 lr=9.3E-04 time/iter=0.070s eta=0:58:00
[10300/60000] loss=0.6061 lr=9.3E-04 time/iter=0.070s eta=0:57:52
[10400/60000] loss=0.6071 lr=9.3E-04 time/iter=0.070s eta=0:57:46
[10500/60000] loss=0.6072 lr=9.3E-04 time/iter=0.070s eta=0:57:39
[10600/60000] loss=0.6072 lr=9.2E-04 time/iter=0.070s eta=0:57:32
[10700/60000] loss=0.6070 lr=9.2E-04 time/iter=0.070s eta=0:57:24
[10800/60000] loss=0.6069 lr=9.2E-04 time/iter=0.070s eta=0:57:17
[10900/60000] loss=0.6072 lr=9.2E-04 time/iter=0.070s eta=0:57:10
Epoch 13 complete. Average loss: 0.6071
[11000/60000] loss=0.6026 lr=9.2E-04 time/iter=0.070s eta=0:57:03
[11100/60000] loss=0.6046 lr=9.2E-04 time/iter=0.070s eta=0:56:56
[11200/60000] loss=0.6045 lr=9.2E-04 time/iter=0.070s eta=0:56:49
[11300/60000] loss=0.6053 lr=9.2E-04 time/iter=0.070s eta=0:56:42
[11400/60000] loss=0.6057 lr=9.1E-04 time/iter=0.070s eta=0:56:35
[11500/60000] loss=0.6058 lr=9.1E-04 time/iter=0.070s eta=0:56:28
[11600/60000] loss=0.6063 lr=9.1E-04 time/iter=0.070s eta=0:56:21
[11700/60000] loss=0.6064 lr=9.1E-04 time/iter=0.070s eta=0:56:14
[11800/60000] loss=0.6062 lr=9.1E-04 time/iter=0.070s eta=0:56:07
Epoch 14 complete. Average loss: 0.6063
[11900/60000] loss=0.6104 lr=9.1E-04 time/iter=0.070s eta=0:56:00
[12000/60000] loss=0.6085 lr=9.0E-04 time/iter=0.070s eta=0:55:53
Saving checkpoint to ./runs/checkpoints/checkpoints_gru_mlp/checkpoint-12000.pth...
Checkpoint saved.
[12100/60000] loss=0.6078 lr=9.0E-04 time/iter=0.070s eta=0:55:46
[12200/60000] loss=0.6073 lr=9.0E-04 time/iter=0.070s eta=0:55:39
[12300/60000] loss=0.6068 lr=9.0E-04 time/iter=0.070s eta=0:55:32
[12400/60000] loss=0.6065 lr=9.0E-04 time/iter=0.070s eta=0:55:25
[12500/60000] loss=0.6065 lr=9.0E-04 time/iter=0.070s eta=0:55:18
[12600/60000] loss=0.6065 lr=9.0E-04 time/iter=0.070s eta=0:55:11
Epoch 15 complete. Average loss: 0.6065
[12700/60000] loss=0.6033 lr=8.9E-04 time/iter=0.070s eta=0:55:04
[12800/60000] loss=0.6039 lr=8.9E-04 time/iter=0.070s eta=0:54:57
[12900/60000] loss=0.6050 lr=8.9E-04 time/iter=0.070s eta=0:54:50
[13000/60000] loss=0.6051 lr=8.9E-04 time/iter=0.070s eta=0:54:43
[13100/60000] loss=0.6054 lr=8.9E-04 time/iter=0.070s eta=0:54:36
[13200/60000] loss=0.6062 lr=8.9E-04 time/iter=0.070s eta=0:54:29
[13300/60000] loss=0.6059 lr=8.8E-04 time/iter=0.070s eta=0:54:22
[13400/60000] loss=0.6056 lr=8.8E-04 time/iter=0.070s eta=0:54:14
[13500/60000] loss=0.6055 lr=8.8E-04 time/iter=0.070s eta=0:54:07
Epoch 16 complete. Average loss: 0.6055
[13600/60000] loss=0.5997 lr=8.8E-04 time/iter=0.070s eta=0:54:00
[13700/60000] loss=0.6017 lr=8.8E-04 time/iter=0.070s eta=0:53:53
[13800/60000] loss=0.6030 lr=8.8E-04 time/iter=0.070s eta=0:53:46
[13900/60000] loss=0.6036 lr=8.7E-04 time/iter=0.070s eta=0:53:39
[14000/60000] loss=0.6041 lr=8.7E-04 time/iter=0.070s eta=0:53:32
[14100/60000] loss=0.6043 lr=8.7E-04 time/iter=0.070s eta=0:53:25
[14200/60000] loss=0.6044 lr=8.7E-04 time/iter=0.070s eta=0:53:18
[14300/60000] loss=0.6045 lr=8.7E-04 time/iter=0.070s eta=0:53:11
Epoch 17 complete. Average loss: 0.6045
[14400/60000] loss=0.6021 lr=8.6E-04 time/iter=0.070s eta=0:53:04
[14500/60000] loss=0.6041 lr=8.6E-04 time/iter=0.070s eta=0:52:57
[14600/60000] loss=0.6040 lr=8.6E-04 time/iter=0.070s eta=0:52:50
[14700/60000] loss=0.6037 lr=8.6E-04 time/iter=0.070s eta=0:52:43
[14800/60000] loss=0.6037 lr=8.6E-04 time/iter=0.070s eta=0:52:36
[14900/60000] loss=0.6036 lr=8.6E-04 time/iter=0.070s eta=0:52:29
[15000/60000] loss=0.6035 lr=8.5E-04 time/iter=0.070s eta=0:52:21
[15100/60000] loss=0.6035 lr=8.5E-04 time/iter=0.070s eta=0:52:14
Epoch 18 complete. Average loss: 0.6038
[15200/60000] loss=0.6014 lr=8.5E-04 time/iter=0.070s eta=0:52:07
[15300/60000] loss=0.6034 lr=8.5E-04 time/iter=0.070s eta=0:52:00
[15400/60000] loss=0.6028 lr=8.5E-04 time/iter=0.070s eta=0:51:53
[15500/60000] loss=0.6029 lr=8.4E-04 time/iter=0.070s eta=0:51:46
[15600/60000] loss=0.6029 lr=8.4E-04 time/iter=0.070s eta=0:51:39
[15700/60000] loss=0.6029 lr=8.4E-04 time/iter=0.070s eta=0:51:32
[15800/60000] loss=0.6030 lr=8.4E-04 time/iter=0.070s eta=0:51:25
[15900/60000] loss=0.6030 lr=8.4E-04 time/iter=0.070s eta=0:51:18
[16000/60000] loss=0.6032 lr=8.3E-04 time/iter=0.070s eta=0:51:11
Epoch 19 complete. Average loss: 0.6031
[16100/60000] loss=0.6015 lr=8.3E-04 time/iter=0.070s eta=0:51:04
[16200/60000] loss=0.6027 lr=8.3E-04 time/iter=0.070s eta=0:50:57
[16300/60000] loss=0.6023 lr=8.3E-04 time/iter=0.070s eta=0:50:50
[16400/60000] loss=0.6027 lr=8.3E-04 time/iter=0.070s eta=0:50:43
[16500/60000] loss=0.6024 lr=8.2E-04 time/iter=0.070s eta=0:50:36
[16600/60000] loss=0.6028 lr=8.2E-04 time/iter=0.070s eta=0:50:29
[16700/60000] loss=0.6026 lr=8.2E-04 time/iter=0.070s eta=0:50:22
[16800/60000] loss=0.6026 lr=8.2E-04 time/iter=0.070s eta=0:50:15
Epoch 20 complete. Average loss: 0.6023
[16900/60000] loss=0.5982 lr=8.2E-04 time/iter=0.070s eta=0:50:07
[17000/60000] loss=0.5999 lr=8.1E-04 time/iter=0.070s eta=0:50:00
[17100/60000] loss=0.6006 lr=8.1E-04 time/iter=0.070s eta=0:49:53
[17200/60000] loss=0.6007 lr=8.1E-04 time/iter=0.070s eta=0:49:46
[17300/60000] loss=0.6007 lr=8.1E-04 time/iter=0.070s eta=0:49:39
[17400/60000] loss=0.6012 lr=8.1E-04 time/iter=0.070s eta=0:49:32
[17500/60000] loss=0.6014 lr=8.0E-04 time/iter=0.070s eta=0:49:25
[17600/60000] loss=0.6016 lr=8.0E-04 time/iter=0.070s eta=0:49:18
[17700/60000] loss=0.6016 lr=8.0E-04 time/iter=0.070s eta=0:49:11
Epoch 21 complete. Average loss: 0.6017
[17800/60000] loss=0.6013 lr=8.0E-04 time/iter=0.070s eta=0:49:04
[17900/60000] loss=0.6006 lr=8.0E-04 time/iter=0.070s eta=0:48:57
[18000/60000] loss=0.6004 lr=7.9E-04 time/iter=0.070s eta=0:48:50
Saving checkpoint to ./runs/checkpoints/checkpoints_gru_mlp/checkpoint-18000.pth...
Checkpoint saved.
[18100/60000] loss=0.6009 lr=7.9E-04 time/iter=0.070s eta=0:48:44
[18200/60000] loss=0.6008 lr=7.9E-04 time/iter=0.070s eta=0:48:36
[18300/60000] loss=0.6010 lr=7.9E-04 time/iter=0.070s eta=0:48:30
[18400/60000] loss=0.6012 lr=7.9E-04 time/iter=0.070s eta=0:48:23
[18500/60000] loss=0.6014 lr=7.8E-04 time/iter=0.070s eta=0:48:16
Epoch 22 complete. Average loss: 0.6013
[18600/60000] loss=0.6019 lr=7.8E-04 time/iter=0.070s eta=0:48:09
[18700/60000] loss=0.6006 lr=7.8E-04 time/iter=0.070s eta=0:48:02
[18800/60000] loss=0.6010 lr=7.8E-04 time/iter=0.070s eta=0:47:55
[18900/60000] loss=0.6010 lr=7.7E-04 time/iter=0.070s eta=0:47:48
[19000/60000] loss=0.6009 lr=7.7E-04 time/iter=0.070s eta=0:47:41
[19100/60000] loss=0.6009 lr=7.7E-04 time/iter=0.070s eta=0:47:34
[19200/60000] loss=0.6007 lr=7.7E-04 time/iter=0.070s eta=0:47:27
[19300/60000] loss=0.6008 lr=7.7E-04 time/iter=0.070s eta=0:47:20
[19400/60000] loss=0.6016 lr=7.6E-04 time/iter=0.070s eta=0:47:13
Epoch 23 complete. Average loss: 0.6016
[19500/60000] loss=0.6007 lr=7.6E-04 time/iter=0.070s eta=0:47:06
[19600/60000] loss=0.6011 lr=7.6E-04 time/iter=0.070s eta=0:46:59
[19700/60000] loss=0.6013 lr=7.6E-04 time/iter=0.070s eta=0:46:52
[19800/60000] loss=0.6003 lr=7.5E-04 time/iter=0.070s eta=0:46:45
[19900/60000] loss=0.6001 lr=7.5E-04 time/iter=0.070s eta=0:46:38
[20000/60000] loss=0.6002 lr=7.5E-04 time/iter=0.070s eta=0:46:31
[20100/60000] loss=0.6004 lr=7.5E-04 time/iter=0.070s eta=0:46:24
[20200/60000] loss=0.6007 lr=7.5E-04 time/iter=0.070s eta=0:46:17
Epoch 24 complete. Average loss: 0.6008
[20300/60000] loss=0.5998 lr=7.4E-04 time/iter=0.070s eta=0:46:10
[20400/60000] loss=0.5985 lr=7.4E-04 time/iter=0.070s eta=0:46:03
[20500/60000] loss=0.5987 lr=7.4E-04 time/iter=0.070s eta=0:45:56
[20600/60000] loss=0.5982 lr=7.4E-04 time/iter=0.070s eta=0:45:49
[20700/60000] loss=0.5986 lr=7.3E-04 time/iter=0.070s eta=0:45:42
[20800/60000] loss=0.5990 lr=7.3E-04 time/iter=0.070s eta=0:45:35
[20900/60000] loss=0.5993 lr=7.3E-04 time/iter=0.070s eta=0:45:28
[21000/60000] loss=0.5994 lr=7.3E-04 time/iter=0.070s eta=0:45:21
[21100/60000] loss=0.5994 lr=7.2E-04 time/iter=0.070s eta=0:45:14
Epoch 25 complete. Average loss: 0.5994
[21200/60000] loss=0.5975 lr=7.2E-04 time/iter=0.070s eta=0:45:07
[21300/60000] loss=0.5976 lr=7.2E-04 time/iter=0.070s eta=0:45:00
[21400/60000] loss=0.5974 lr=7.2E-04 time/iter=0.070s eta=0:44:53
[21500/60000] loss=0.5978 lr=7.2E-04 time/iter=0.070s eta=0:44:46
[21600/60000] loss=0.5983 lr=7.1E-04 time/iter=0.070s eta=0:44:39
[21700/60000] loss=0.5985 lr=7.1E-04 time/iter=0.070s eta=0:44:32
[21800/60000] loss=0.5986 lr=7.1E-04 time/iter=0.070s eta=0:44:25
[21900/60000] loss=0.5986 lr=7.1E-04 time/iter=0.070s eta=0:44:18
Epoch 26 complete. Average loss: 0.5986
[22000/60000] loss=0.5966 lr=7.0E-04 time/iter=0.070s eta=0:44:11
[22100/60000] loss=0.5965 lr=7.0E-04 time/iter=0.070s eta=0:44:04
[22200/60000] loss=0.5963 lr=7.0E-04 time/iter=0.070s eta=0:43:57
[22300/60000] loss=0.5969 lr=7.0E-04 time/iter=0.070s eta=0:43:50
[22400/60000] loss=0.5974 lr=6.9E-04 time/iter=0.070s eta=0:43:43
[22500/60000] loss=0.5976 lr=6.9E-04 time/iter=0.070s eta=0:43:36
[22600/60000] loss=0.5980 lr=6.9E-04 time/iter=0.070s eta=0:43:30
[22700/60000] loss=0.5982 lr=6.9E-04 time/iter=0.070s eta=0:43:23
Epoch 27 complete. Average loss: 0.5983
[22800/60000] loss=0.5977 lr=6.8E-04 time/iter=0.070s eta=0:43:16
[22900/60000] loss=0.5961 lr=6.8E-04 time/iter=0.070s eta=0:43:09
[23000/60000] loss=0.5967 lr=6.8E-04 time/iter=0.070s eta=0:43:02
[23100/60000] loss=0.5968 lr=6.8E-04 time/iter=0.070s eta=0:42:55
[23200/60000] loss=0.5971 lr=6.7E-04 time/iter=0.070s eta=0:42:48
[23300/60000] loss=0.5983 lr=6.7E-04 time/iter=0.070s eta=0:42:41
[23400/60000] loss=0.5983 lr=6.7E-04 time/iter=0.070s eta=0:42:34
[23500/60000] loss=0.5984 lr=6.7E-04 time/iter=0.070s eta=0:42:27
[23600/60000] loss=0.5984 lr=6.6E-04 time/iter=0.070s eta=0:42:20
Epoch 28 complete. Average loss: 0.5984
[23700/60000] loss=0.5956 lr=6.6E-04 time/iter=0.070s eta=0:42:13
[23800/60000] loss=0.5947 lr=6.6E-04 time/iter=0.070s eta=0:42:06
[23900/60000] loss=0.5956 lr=6.6E-04 time/iter=0.070s eta=0:41:59
[24000/60000] loss=0.5963 lr=6.5E-04 time/iter=0.070s eta=0:41:52
Saving checkpoint to ./runs/checkpoints/checkpoints_gru_mlp/checkpoint-24000.pth...
Checkpoint saved.
[24100/60000] loss=0.5966 lr=6.5E-04 time/iter=0.070s eta=0:41:45
[24200/60000] loss=0.5970 lr=6.5E-04 time/iter=0.070s eta=0:41:38
[24300/60000] loss=0.5970 lr=6.5E-04 time/iter=0.070s eta=0:41:31
[24400/60000] loss=0.5969 lr=6.4E-04 time/iter=0.070s eta=0:41:24
Epoch 29 complete. Average loss: 0.5969
[24500/60000] loss=0.5879 lr=6.4E-04 time/iter=0.070s eta=0:41:17
[24600/60000] loss=0.5946 lr=6.4E-04 time/iter=0.070s eta=0:41:10
[24700/60000] loss=0.5948 lr=6.4E-04 time/iter=0.070s eta=0:41:03
[24800/60000] loss=0.5954 lr=6.3E-04 time/iter=0.070s eta=0:40:56
[24900/60000] loss=0.5957 lr=6.3E-04 time/iter=0.070s eta=0:40:49
[25000/60000] loss=0.5956 lr=6.3E-04 time/iter=0.070s eta=0:40:42
[25100/60000] loss=0.5959 lr=6.3E-04 time/iter=0.070s eta=0:40:35
[25200/60000] loss=0.5962 lr=6.2E-04 time/iter=0.070s eta=0:40:28
[25300/60000] loss=0.5963 lr=6.2E-04 time/iter=0.070s eta=0:40:21
Epoch 30 complete. Average loss: 0.5964
[25400/60000] loss=0.5948 lr=6.2E-04 time/iter=0.070s eta=0:40:14
[25500/60000] loss=0.5947 lr=6.2E-04 time/iter=0.070s eta=0:40:07
[25600/60000] loss=0.5950 lr=6.1E-04 time/iter=0.070s eta=0:40:00
[25700/60000] loss=0.5951 lr=6.1E-04 time/iter=0.070s eta=0:39:53
[25800/60000] loss=0.5954 lr=6.1E-04 time/iter=0.070s eta=0:39:46
[25900/60000] loss=0.5953 lr=6.1E-04 time/iter=0.070s eta=0:39:39
[26000/60000] loss=0.5954 lr=6.0E-04 time/iter=0.070s eta=0:39:32
[26100/60000] loss=0.5955 lr=6.0E-04 time/iter=0.070s eta=0:39:25
Epoch 31 complete. Average loss: 0.5954
[26200/60000] loss=0.5935 lr=6.0E-04 time/iter=0.070s eta=0:39:18
[26300/60000] loss=0.5945 lr=6.0E-04 time/iter=0.070s eta=0:39:11
[26400/60000] loss=0.5947 lr=5.9E-04 time/iter=0.070s eta=0:39:05
[26500/60000] loss=0.5954 lr=5.9E-04 time/iter=0.070s eta=0:38:58
[26600/60000] loss=0.5952 lr=5.9E-04 time/iter=0.070s eta=0:38:50
[26700/60000] loss=0.5955 lr=5.9E-04 time/iter=0.070s eta=0:38:44
[26800/60000] loss=0.5952 lr=5.8E-04 time/iter=0.070s eta=0:38:36
[26900/60000] loss=0.5953 lr=5.8E-04 time/iter=0.070s eta=0:38:30
[27000/60000] loss=0.5952 lr=5.8E-04 time/iter=0.070s eta=0:38:23
Epoch 32 complete. Average loss: 0.5952
[27100/60000] loss=0.5940 lr=5.8E-04 time/iter=0.070s eta=0:38:16
[27200/60000] loss=0.5945 lr=5.7E-04 time/iter=0.070s eta=0:38:09
[27300/60000] loss=0.5942 lr=5.7E-04 time/iter=0.070s eta=0:38:02
[27400/60000] loss=0.5945 lr=5.7E-04 time/iter=0.070s eta=0:37:55
[27500/60000] loss=0.5947 lr=5.7E-04 time/iter=0.070s eta=0:37:48
[27600/60000] loss=0.5945 lr=5.6E-04 time/iter=0.070s eta=0:37:41
[27700/60000] loss=0.5943 lr=5.6E-04 time/iter=0.070s eta=0:37:34
[27800/60000] loss=0.5944 lr=5.6E-04 time/iter=0.070s eta=0:37:27
Epoch 33 complete. Average loss: 0.5945
[27900/60000] loss=0.5900 lr=5.5E-04 time/iter=0.070s eta=0:37:20
[28000/60000] loss=0.5933 lr=5.5E-04 time/iter=0.070s eta=0:37:13
[28100/60000] loss=0.5937 lr=5.5E-04 time/iter=0.070s eta=0:37:06
[28200/60000] loss=0.5935 lr=5.5E-04 time/iter=0.070s eta=0:36:59
[28300/60000] loss=0.5936 lr=5.4E-04 time/iter=0.070s eta=0:36:52
[28400/60000] loss=0.5938 lr=5.4E-04 time/iter=0.070s eta=0:36:45
[28500/60000] loss=0.5940 lr=5.4E-04 time/iter=0.070s eta=0:36:38
[28600/60000] loss=0.5940 lr=5.4E-04 time/iter=0.070s eta=0:36:31
Epoch 34 complete. Average loss: 0.5937
[28700/60000] loss=0.5884 lr=5.3E-04 time/iter=0.070s eta=0:36:24
[28800/60000] loss=0.5917 lr=5.3E-04 time/iter=0.070s eta=0:36:17
[28900/60000] loss=0.5915 lr=5.3E-04 time/iter=0.070s eta=0:36:10
[29000/60000] loss=0.5920 lr=5.3E-04 time/iter=0.070s eta=0:36:03
[29100/60000] loss=0.5925 lr=5.2E-04 time/iter=0.070s eta=0:35:56
[29200/60000] loss=0.5928 lr=5.2E-04 time/iter=0.070s eta=0:35:49
[29300/60000] loss=0.5927 lr=5.2E-04 time/iter=0.070s eta=0:35:42
[29400/60000] loss=0.5926 lr=5.2E-04 time/iter=0.070s eta=0:35:35
[29500/60000] loss=0.5927 lr=5.1E-04 time/iter=0.070s eta=0:35:28
Epoch 35 complete. Average loss: 0.5927
[29600/60000] loss=0.5907 lr=5.1E-04 time/iter=0.070s eta=0:35:21
[29700/60000] loss=0.5908 lr=5.1E-04 time/iter=0.070s eta=0:35:14
[29800/60000] loss=0.5910 lr=5.1E-04 time/iter=0.070s eta=0:35:07
[29900/60000] loss=0.5911 lr=5.0E-04 time/iter=0.070s eta=0:35:00
[30000/60000] loss=0.5910 lr=5.0E-04 time/iter=0.070s eta=0:34:53
Saving checkpoint to ./runs/checkpoints/checkpoints_gru_mlp/checkpoint-30000.pth...
Checkpoint saved.
[30100/60000] loss=0.5915 lr=5.0E-04 time/iter=0.070s eta=0:34:46
[30200/60000] loss=0.5918 lr=4.9E-04 time/iter=0.070s eta=0:34:39
[30300/60000] loss=0.5920 lr=4.9E-04 time/iter=0.070s eta=0:34:32
Epoch 36 complete. Average loss: 0.5920
[30400/60000] loss=0.5827 lr=4.9E-04 time/iter=0.070s eta=0:34:25
[30500/60000] loss=0.5883 lr=4.9E-04 time/iter=0.070s eta=0:34:18
[30600/60000] loss=0.5915 lr=4.8E-04 time/iter=0.070s eta=0:34:11
[30700/60000] loss=0.5932 lr=4.8E-04 time/iter=0.070s eta=0:34:04
[30800/60000] loss=0.5935 lr=4.8E-04 time/iter=0.070s eta=0:33:57
[30900/60000] loss=0.5931 lr=4.8E-04 time/iter=0.070s eta=0:33:51
[31000/60000] loss=0.5932 lr=4.7E-04 time/iter=0.070s eta=0:33:44
[31100/60000] loss=0.5928 lr=4.7E-04 time/iter=0.070s eta=0:33:37
[31200/60000] loss=0.5928 lr=4.7E-04 time/iter=0.070s eta=0:33:30
Epoch 37 complete. Average loss: 0.5929
[31300/60000] loss=0.5904 lr=4.7E-04 time/iter=0.070s eta=0:33:23
[31400/60000] loss=0.5907 lr=4.6E-04 time/iter=0.070s eta=0:33:16
[31500/60000] loss=0.5903 lr=4.6E-04 time/iter=0.070s eta=0:33:09
[31600/60000] loss=0.5906 lr=4.6E-04 time/iter=0.070s eta=0:33:02
[31700/60000] loss=0.5906 lr=4.6E-04 time/iter=0.070s eta=0:32:55
[31800/60000] loss=0.5903 lr=4.5E-04 time/iter=0.070s eta=0:32:48
[31900/60000] loss=0.5902 lr=4.5E-04 time/iter=0.070s eta=0:32:41
[32000/60000] loss=0.5904 lr=4.5E-04 time/iter=0.070s eta=0:32:34
Epoch 38 complete. Average loss: 0.5906
[32100/60000] loss=0.5883 lr=4.5E-04 time/iter=0.070s eta=0:32:27
[32200/60000] loss=0.5882 lr=4.4E-04 time/iter=0.070s eta=0:32:20
[32300/60000] loss=0.5876 lr=4.4E-04 time/iter=0.070s eta=0:32:13
[32400/60000] loss=0.5880 lr=4.4E-04 time/iter=0.070s eta=0:32:06
[32500/60000] loss=0.5880 lr=4.3E-04 time/iter=0.070s eta=0:32:00
[32600/60000] loss=0.5883 lr=4.3E-04 time/iter=0.070s eta=0:31:53
[32700/60000] loss=0.5888 lr=4.3E-04 time/iter=0.070s eta=0:31:46
[32800/60000] loss=0.5889 lr=4.3E-04 time/iter=0.070s eta=0:31:39
[32900/60000] loss=0.5891 lr=4.2E-04 time/iter=0.070s eta=0:31:32
Epoch 39 complete. Average loss: 0.5891
[33000/60000] loss=0.5859 lr=4.2E-04 time/iter=0.070s eta=0:31:25
[33100/60000] loss=0.5861 lr=4.2E-04 time/iter=0.070s eta=0:31:18
[33200/60000] loss=0.5871 lr=4.2E-04 time/iter=0.070s eta=0:31:11
[33300/60000] loss=0.5870 lr=4.1E-04 time/iter=0.070s eta=0:31:04
[33400/60000] loss=0.5875 lr=4.1E-04 time/iter=0.070s eta=0:30:57
[33500/60000] loss=0.5877 lr=4.1E-04 time/iter=0.070s eta=0:30:50
[33600/60000] loss=0.5878 lr=4.1E-04 time/iter=0.070s eta=0:30:43
[33700/60000] loss=0.5881 lr=4.0E-04 time/iter=0.070s eta=0:30:36
Epoch 40 complete. Average loss: 0.5881
[33800/60000] loss=0.5876 lr=4.0E-04 time/iter=0.070s eta=0:30:29
[33900/60000] loss=0.5863 lr=4.0E-04 time/iter=0.070s eta=0:30:23
[34000/60000] loss=0.5859 lr=4.0E-04 time/iter=0.070s eta=0:30:16
[34100/60000] loss=0.5860 lr=3.9E-04 time/iter=0.070s eta=0:30:09
[34200/60000] loss=0.5860 lr=3.9E-04 time/iter=0.070s eta=0:30:02
[34300/60000] loss=0.5862 lr=3.9E-04 time/iter=0.070s eta=0:29:55
[34400/60000] loss=0.5865 lr=3.9E-04 time/iter=0.070s eta=0:29:48
[34500/60000] loss=0.5867 lr=3.8E-04 time/iter=0.070s eta=0:29:41
[34600/60000] loss=0.5868 lr=3.8E-04 time/iter=0.070s eta=0:29:34
Epoch 41 complete. Average loss: 0.5867
[34700/60000] loss=0.5836 lr=3.8E-04 time/iter=0.070s eta=0:29:27
[34800/60000] loss=0.5840 lr=3.8E-04 time/iter=0.070s eta=0:29:20
[34900/60000] loss=0.5844 lr=3.7E-04 time/iter=0.070s eta=0:29:13
[35000/60000] loss=0.5840 lr=3.7E-04 time/iter=0.070s eta=0:29:06
[35100/60000] loss=0.5839 lr=3.7E-04 time/iter=0.070s eta=0:28:59
[35200/60000] loss=0.5842 lr=3.7E-04 time/iter=0.070s eta=0:28:52
[35300/60000] loss=0.5846 lr=3.6E-04 time/iter=0.070s eta=0:28:45
[35400/60000] loss=0.5847 lr=3.6E-04 time/iter=0.070s eta=0:28:38
Epoch 42 complete. Average loss: 0.5850
[35500/60000] loss=0.5825 lr=3.6E-04 time/iter=0.070s eta=0:28:31
[35600/60000] loss=0.5829 lr=3.6E-04 time/iter=0.070s eta=0:28:25
[35700/60000] loss=0.5823 lr=3.5E-04 time/iter=0.070s eta=0:28:18
[35800/60000] loss=0.5828 lr=3.5E-04 time/iter=0.070s eta=0:28:11
[35900/60000] loss=0.5825 lr=3.5E-04 time/iter=0.070s eta=0:28:04
[36000/60000] loss=0.5830 lr=3.5E-04 time/iter=0.070s eta=0:27:57
Saving checkpoint to ./runs/checkpoints/checkpoints_gru_mlp/checkpoint-36000.pth...
Checkpoint saved.
[36100/60000] loss=0.5829 lr=3.4E-04 time/iter=0.070s eta=0:27:50
[36200/60000] loss=0.5830 lr=3.4E-04 time/iter=0.070s eta=0:27:43
Epoch 43 complete. Average loss: 0.5832
[36300/60000] loss=0.5784 lr=3.4E-04 time/iter=0.070s eta=0:27:36
[36400/60000] loss=0.5786 lr=3.4E-04 time/iter=0.070s eta=0:27:29
[36500/60000] loss=0.5794 lr=3.3E-04 time/iter=0.070s eta=0:27:22
[36600/60000] loss=0.5796 lr=3.3E-04 time/iter=0.070s eta=0:27:15
[36700/60000] loss=0.5799 lr=3.3E-04 time/iter=0.070s eta=0:27:08
[36800/60000] loss=0.5805 lr=3.3E-04 time/iter=0.070s eta=0:27:01
[36900/60000] loss=0.5803 lr=3.2E-04 time/iter=0.070s eta=0:26:54
[37000/60000] loss=0.5806 lr=3.2E-04 time/iter=0.070s eta=0:26:47
[37100/60000] loss=0.5807 lr=3.2E-04 time/iter=0.070s eta=0:26:40
Epoch 44 complete. Average loss: 0.5808
[37200/60000] loss=0.5777 lr=3.2E-04 time/iter=0.070s eta=0:26:33
[37300/60000] loss=0.5768 lr=3.1E-04 time/iter=0.070s eta=0:26:26
[37400/60000] loss=0.5775 lr=3.1E-04 time/iter=0.070s eta=0:26:19
[37500/60000] loss=0.5774 lr=3.1E-04 time/iter=0.070s eta=0:26:12
[37600/60000] loss=0.5773 lr=3.1E-04 time/iter=0.070s eta=0:26:05
[37700/60000] loss=0.5775 lr=3.0E-04 time/iter=0.070s eta=0:25:58
[37800/60000] loss=0.5776 lr=3.0E-04 time/iter=0.070s eta=0:25:51
[37900/60000] loss=0.5779 lr=3.0E-04 time/iter=0.070s eta=0:25:44
Epoch 45 complete. Average loss: 0.5782
[38000/60000] loss=0.5742 lr=3.0E-04 time/iter=0.070s eta=0:25:37
[38100/60000] loss=0.5735 lr=2.9E-04 time/iter=0.070s eta=0:25:30
[38200/60000] loss=0.5728 lr=2.9E-04 time/iter=0.070s eta=0:25:23
[38300/60000] loss=0.5732 lr=2.9E-04 time/iter=0.070s eta=0:25:16
[38400/60000] loss=0.5738 lr=2.9E-04 time/iter=0.070s eta=0:25:09
[38500/60000] loss=0.5740 lr=2.8E-04 time/iter=0.070s eta=0:25:02
[38600/60000] loss=0.5745 lr=2.8E-04 time/iter=0.070s eta=0:24:55
[38700/60000] loss=0.5752 lr=2.8E-04 time/iter=0.070s eta=0:24:48
[38800/60000] loss=0.5755 lr=2.8E-04 time/iter=0.070s eta=0:24:41
Epoch 46 complete. Average loss: 0.5755
[38900/60000] loss=0.5704 lr=2.8E-04 time/iter=0.070s eta=0:24:34
[39000/60000] loss=0.5701 lr=2.7E-04 time/iter=0.070s eta=0:24:27
[39100/60000] loss=0.5709 lr=2.7E-04 time/iter=0.070s eta=0:24:21
[39200/60000] loss=0.5711 lr=2.7E-04 time/iter=0.070s eta=0:24:14
[39300/60000] loss=0.5714 lr=2.7E-04 time/iter=0.070s eta=0:24:07
[39400/60000] loss=0.5717 lr=2.6E-04 time/iter=0.070s eta=0:24:00
[39500/60000] loss=0.5717 lr=2.6E-04 time/iter=0.070s eta=0:23:53
[39600/60000] loss=0.5720 lr=2.6E-04 time/iter=0.070s eta=0:23:46
Epoch 47 complete. Average loss: 0.5721
[39700/60000] loss=0.5667 lr=2.6E-04 time/iter=0.070s eta=0:23:39
[39800/60000] loss=0.5677 lr=2.5E-04 time/iter=0.070s eta=0:23:32
[39900/60000] loss=0.5673 lr=2.5E-04 time/iter=0.070s eta=0:23:25
[40000/60000] loss=0.5673 lr=2.5E-04 time/iter=0.070s eta=0:23:18
[40100/60000] loss=0.5676 lr=2.5E-04 time/iter=0.070s eta=0:23:11
[40200/60000] loss=0.5681 lr=2.5E-04 time/iter=0.070s eta=0:23:04
[40300/60000] loss=0.5682 lr=2.4E-04 time/iter=0.070s eta=0:22:57
[40400/60000] loss=0.5684 lr=2.4E-04 time/iter=0.070s eta=0:22:50
[40500/60000] loss=0.5686 lr=2.4E-04 time/iter=0.070s eta=0:22:43
Epoch 48 complete. Average loss: 0.5687
[40600/60000] loss=0.5656 lr=2.4E-04 time/iter=0.070s eta=0:22:36
[40700/60000] loss=0.5647 lr=2.3E-04 time/iter=0.070s eta=0:22:29
[40800/60000] loss=0.5646 lr=2.3E-04 time/iter=0.070s eta=0:22:22
[40900/60000] loss=0.5649 lr=2.3E-04 time/iter=0.070s eta=0:22:15
[41000/60000] loss=0.5650 lr=2.3E-04 time/iter=0.070s eta=0:22:08
[41100/60000] loss=0.5650 lr=2.3E-04 time/iter=0.070s eta=0:22:01
[41200/60000] loss=0.5650 lr=2.2E-04 time/iter=0.070s eta=0:21:54
[41300/60000] loss=0.5649 lr=2.2E-04 time/iter=0.070s eta=0:21:47
Epoch 49 complete. Average loss: 0.5649
[41400/60000] loss=0.5576 lr=2.2E-04 time/iter=0.070s eta=0:21:40
[41500/60000] loss=0.5593 lr=2.2E-04 time/iter=0.070s eta=0:21:33
[41600/60000] loss=0.5595 lr=2.1E-04 time/iter=0.070s eta=0:21:26
[41700/60000] loss=0.5598 lr=2.1E-04 time/iter=0.070s eta=0:21:19
[41800/60000] loss=0.5600 lr=2.1E-04 time/iter=0.070s eta=0:21:12
[41900/60000] loss=0.5602 lr=2.1E-04 time/iter=0.070s eta=0:21:05
[42000/60000] loss=0.5605 lr=2.1E-04 time/iter=0.070s eta=0:20:58
Saving checkpoint to ./runs/checkpoints/checkpoints_gru_mlp/checkpoint-42000.pth...
Checkpoint saved.
[42100/60000] loss=0.5606 lr=2.0E-04 time/iter=0.070s eta=0:20:51
[42200/60000] loss=0.5610 lr=2.0E-04 time/iter=0.070s eta=0:20:44
Epoch 50 complete. Average loss: 0.5610
[42300/60000] loss=0.5557 lr=2.0E-04 time/iter=0.070s eta=0:20:37
[42400/60000] loss=0.5555 lr=2.0E-04 time/iter=0.070s eta=0:20:30
[42500/60000] loss=0.5562 lr=2.0E-04 time/iter=0.070s eta=0:20:23
[42600/60000] loss=0.5566 lr=1.9E-04 time/iter=0.070s eta=0:20:16
[42700/60000] loss=0.5566 lr=1.9E-04 time/iter=0.070s eta=0:20:09
[42800/60000] loss=0.5565 lr=1.9E-04 time/iter=0.070s eta=0:20:02
[42900/60000] loss=0.5566 lr=1.9E-04 time/iter=0.070s eta=0:19:55
[43000/60000] loss=0.5567 lr=1.9E-04 time/iter=0.070s eta=0:19:48
Epoch 51 complete. Average loss: 0.5567
[43100/60000] loss=0.5531 lr=1.8E-04 time/iter=0.070s eta=0:19:41
[43200/60000] loss=0.5520 lr=1.8E-04 time/iter=0.070s eta=0:19:34
[43300/60000] loss=0.5530 lr=1.8E-04 time/iter=0.070s eta=0:19:27
[43400/60000] loss=0.5527 lr=1.8E-04 time/iter=0.070s eta=0:19:20
[43500/60000] loss=0.5524 lr=1.8E-04 time/iter=0.070s eta=0:19:13
[43600/60000] loss=0.5524 lr=1.7E-04 time/iter=0.070s eta=0:19:06
[43700/60000] loss=0.5524 lr=1.7E-04 time/iter=0.070s eta=0:18:59
[43800/60000] loss=0.5524 lr=1.7E-04 time/iter=0.070s eta=0:18:52
Epoch 52 complete. Average loss: 0.5526
[43900/60000] loss=0.5481 lr=1.7E-04 time/iter=0.070s eta=0:18:45
[44000/60000] loss=0.5472 lr=1.7E-04 time/iter=0.070s eta=0:18:38
[44100/60000] loss=0.5481 lr=1.6E-04 time/iter=0.070s eta=0:18:31
[44200/60000] loss=0.5484 lr=1.6E-04 time/iter=0.070s eta=0:18:24
[44300/60000] loss=0.5487 lr=1.6E-04 time/iter=0.070s eta=0:18:17
[44400/60000] loss=0.5486 lr=1.6E-04 time/iter=0.070s eta=0:18:10
[44500/60000] loss=0.5487 lr=1.6E-04 time/iter=0.070s eta=0:18:03
[44600/60000] loss=0.5485 lr=1.5E-04 time/iter=0.070s eta=0:17:56
[44700/60000] loss=0.5485 lr=1.5E-04 time/iter=0.070s eta=0:17:49
Epoch 53 complete. Average loss: 0.5484
[44800/60000] loss=0.5420 lr=1.5E-04 time/iter=0.070s eta=0:17:42
[44900/60000] loss=0.5417 lr=1.5E-04 time/iter=0.070s eta=0:17:35
[45000/60000] loss=0.5434 lr=1.5E-04 time/iter=0.070s eta=0:17:28
[45100/60000] loss=0.5441 lr=1.4E-04 time/iter=0.070s eta=0:17:21
[45200/60000] loss=0.5442 lr=1.4E-04 time/iter=0.070s eta=0:17:14
[45300/60000] loss=0.5440 lr=1.4E-04 time/iter=0.070s eta=0:17:07
[45400/60000] loss=0.5441 lr=1.4E-04 time/iter=0.070s eta=0:17:00
[45500/60000] loss=0.5443 lr=1.4E-04 time/iter=0.070s eta=0:16:53
Epoch 54 complete. Average loss: 0.5444
[45600/60000] loss=0.5416 lr=1.4E-04 time/iter=0.070s eta=0:16:46
[45700/60000] loss=0.5401 lr=1.3E-04 time/iter=0.070s eta=0:16:39
[45800/60000] loss=0.5398 lr=1.3E-04 time/iter=0.070s eta=0:16:32
[45900/60000] loss=0.5398 lr=1.3E-04 time/iter=0.070s eta=0:16:25
[46000/60000] loss=0.5394 lr=1.3E-04 time/iter=0.070s eta=0:16:18
[46100/60000] loss=0.5399 lr=1.3E-04 time/iter=0.070s eta=0:16:11
[46200/60000] loss=0.5402 lr=1.2E-04 time/iter=0.070s eta=0:16:04
[46300/60000] loss=0.5401 lr=1.2E-04 time/iter=0.070s eta=0:15:57
[46400/60000] loss=0.5403 lr=1.2E-04 time/iter=0.070s eta=0:15:50
Epoch 55 complete. Average loss: 0.5403
[46500/60000] loss=0.5360 lr=1.2E-04 time/iter=0.070s eta=0:15:43
[46600/60000] loss=0.5364 lr=1.2E-04 time/iter=0.070s eta=0:15:37
[46700/60000] loss=0.5361 lr=1.2E-04 time/iter=0.070s eta=0:15:30
[46800/60000] loss=0.5359 lr=1.1E-04 time/iter=0.070s eta=0:15:23
[46900/60000] loss=0.5359 lr=1.1E-04 time/iter=0.070s eta=0:15:16
[47000/60000] loss=0.5363 lr=1.1E-04 time/iter=0.070s eta=0:15:09
[47100/60000] loss=0.5363 lr=1.1E-04 time/iter=0.070s eta=0:15:02
[47200/60000] loss=0.5363 lr=1.1E-04 time/iter=0.070s eta=0:14:55
Epoch 56 complete. Average loss: 0.5364
[47300/60000] loss=0.5266 lr=1.1E-04 time/iter=0.070s eta=0:14:48
[47400/60000] loss=0.5310 lr=1.0E-04 time/iter=0.070s eta=0:14:41
[47500/60000] loss=0.5312 lr=1.0E-04 time/iter=0.070s eta=0:14:34
[47600/60000] loss=0.5319 lr=1.0E-04 time/iter=0.070s eta=0:14:27
[47700/60000] loss=0.5322 lr=1.0E-04 time/iter=0.070s eta=0:14:20
[47800/60000] loss=0.5323 lr=9.9E-05 time/iter=0.070s eta=0:14:13
[47900/60000] loss=0.5323 lr=9.7E-05 time/iter=0.070s eta=0:14:06
[48000/60000] loss=0.5326 lr=9.5E-05 time/iter=0.070s eta=0:13:59
Saving checkpoint to ./runs/checkpoints/checkpoints_gru_mlp/checkpoint-48000.pth...
Checkpoint saved.
[48100/60000] loss=0.5328 lr=9.4E-05 time/iter=0.070s eta=0:13:52
Epoch 57 complete. Average loss: 0.5328
[48200/60000] loss=0.5290 lr=9.2E-05 time/iter=0.070s eta=0:13:45
[48300/60000] loss=0.5279 lr=9.1E-05 time/iter=0.070s eta=0:13:38
[48400/60000] loss=0.5284 lr=8.9E-05 time/iter=0.070s eta=0:13:31
[48500/60000] loss=0.5284 lr=8.8E-05 time/iter=0.070s eta=0:13:24
[48600/60000] loss=0.5289 lr=8.6E-05 time/iter=0.070s eta=0:13:17
[48700/60000] loss=0.5292 lr=8.5E-05 time/iter=0.070s eta=0:13:10
[48800/60000] loss=0.5294 lr=8.4E-05 time/iter=0.070s eta=0:13:03
[48900/60000] loss=0.5295 lr=8.2E-05 time/iter=0.070s eta=0:12:56
Epoch 58 complete. Average loss: 0.5295
[49000/60000] loss=0.5255 lr=8.1E-05 time/iter=0.070s eta=0:12:49
[49100/60000] loss=0.5263 lr=7.9E-05 time/iter=0.070s eta=0:12:42
[49200/60000] loss=0.5259 lr=7.8E-05 time/iter=0.070s eta=0:12:35
[49300/60000] loss=0.5255 lr=7.6E-05 time/iter=0.070s eta=0:12:28
[49400/60000] loss=0.5258 lr=7.5E-05 time/iter=0.070s eta=0:12:21
[49500/60000] loss=0.5261 lr=7.4E-05 time/iter=0.070s eta=0:12:14
[49600/60000] loss=0.5260 lr=7.2E-05 time/iter=0.070s eta=0:12:07
[49700/60000] loss=0.5262 lr=7.1E-05 time/iter=0.070s eta=0:12:00
Epoch 59 complete. Average loss: 0.5263
[49800/60000] loss=0.5228 lr=7.0E-05 time/iter=0.070s eta=0:11:53
[49900/60000] loss=0.5230 lr=6.8E-05 time/iter=0.070s eta=0:11:46
[50000/60000] loss=0.5228 lr=6.7E-05 time/iter=0.070s eta=0:11:39
[50100/60000] loss=0.5229 lr=6.6E-05 time/iter=0.070s eta=0:11:32
[50200/60000] loss=0.5230 lr=6.4E-05 time/iter=0.070s eta=0:11:25
[50300/60000] loss=0.5231 lr=6.3E-05 time/iter=0.070s eta=0:11:18
[50400/60000] loss=0.5233 lr=6.2E-05 time/iter=0.070s eta=0:11:11
[50500/60000] loss=0.5234 lr=6.1E-05 time/iter=0.070s eta=0:11:04
[50600/60000] loss=0.5236 lr=5.9E-05 time/iter=0.070s eta=0:10:57
Epoch 60 complete. Average loss: 0.5235
[50700/60000] loss=0.5172 lr=5.8E-05 time/iter=0.070s eta=0:10:50
[50800/60000] loss=0.5186 lr=5.7E-05 time/iter=0.070s eta=0:10:43
[50900/60000] loss=0.5200 lr=5.6E-05 time/iter=0.070s eta=0:10:36
[51000/60000] loss=0.5205 lr=5.4E-05 time/iter=0.070s eta=0:10:29
[51100/60000] loss=0.5203 lr=5.3E-05 time/iter=0.070s eta=0:10:22
[51200/60000] loss=0.5202 lr=5.2E-05 time/iter=0.070s eta=0:10:15
[51300/60000] loss=0.5205 lr=5.1E-05 time/iter=0.070s eta=0:10:08
[51400/60000] loss=0.5209 lr=5.0E-05 time/iter=0.070s eta=0:10:01
Epoch 61 complete. Average loss: 0.5210
[51500/60000] loss=0.5169 lr=4.9E-05 time/iter=0.070s eta=0:09:54
[51600/60000] loss=0.5184 lr=4.8E-05 time/iter=0.070s eta=0:09:47
[51700/60000] loss=0.5193 lr=4.6E-05 time/iter=0.070s eta=0:09:40
[51800/60000] loss=0.5192 lr=4.5E-05 time/iter=0.070s eta=0:09:33
[51900/60000] loss=0.5189 lr=4.4E-05 time/iter=0.070s eta=0:09:26
[52000/60000] loss=0.5186 lr=4.3E-05 time/iter=0.070s eta=0:09:19
[52100/60000] loss=0.5188 lr=4.2E-05 time/iter=0.070s eta=0:09:12
[52200/60000] loss=0.5187 lr=4.1E-05 time/iter=0.070s eta=0:09:05
[52300/60000] loss=0.5189 lr=4.0E-05 time/iter=0.070s eta=0:08:58
Epoch 62 complete. Average loss: 0.5189
[52400/60000] loss=0.5167 lr=3.9E-05 time/iter=0.070s eta=0:08:51
[52500/60000] loss=0.5171 lr=3.8E-05 time/iter=0.070s eta=0:08:44
[52600/60000] loss=0.5173 lr=3.7E-05 time/iter=0.070s eta=0:08:37
[52700/60000] loss=0.5171 lr=3.6E-05 time/iter=0.070s eta=0:08:30
[52800/60000] loss=0.5169 lr=3.5E-05 time/iter=0.070s eta=0:08:23
[52900/60000] loss=0.5171 lr=3.4E-05 time/iter=0.070s eta=0:08:16
[53000/60000] loss=0.5170 lr=3.3E-05 time/iter=0.070s eta=0:08:09
[53100/60000] loss=0.5171 lr=3.2E-05 time/iter=0.070s eta=0:08:02
Epoch 63 complete. Average loss: 0.5170
[53200/60000] loss=0.5142 lr=3.1E-05 time/iter=0.070s eta=0:07:55
[53300/60000] loss=0.5156 lr=3.0E-05 time/iter=0.070s eta=0:07:48
[53400/60000] loss=0.5154 lr=3.0E-05 time/iter=0.070s eta=0:07:41
[53500/60000] loss=0.5152 lr=2.9E-05 time/iter=0.070s eta=0:07:34
[53600/60000] loss=0.5149 lr=2.8E-05 time/iter=0.070s eta=0:07:27
[53700/60000] loss=0.5149 lr=2.7E-05 time/iter=0.070s eta=0:07:20
[53800/60000] loss=0.5150 lr=2.6E-05 time/iter=0.070s eta=0:07:13
[53900/60000] loss=0.5154 lr=2.5E-05 time/iter=0.070s eta=0:07:06
[54000/60000] loss=0.5155 lr=2.4E-05 time/iter=0.070s eta=0:06:59
Saving checkpoint to ./runs/checkpoints/checkpoints_gru_mlp/checkpoint-54000.pth...
Checkpoint saved.
Epoch 64 complete. Average loss: 0.5155
[54100/60000] loss=0.5137 lr=2.4E-05 time/iter=0.070s eta=0:06:52
[54200/60000] loss=0.5146 lr=2.3E-05 time/iter=0.070s eta=0:06:45
[54300/60000] loss=0.5142 lr=2.2E-05 time/iter=0.070s eta=0:06:38
[54400/60000] loss=0.5144 lr=2.1E-05 time/iter=0.070s eta=0:06:31
[54500/60000] loss=0.5142 lr=2.1E-05 time/iter=0.070s eta=0:06:24
[54600/60000] loss=0.5143 lr=2.0E-05 time/iter=0.070s eta=0:06:17
[54700/60000] loss=0.5141 lr=1.9E-05 time/iter=0.070s eta=0:06:10
[54800/60000] loss=0.5141 lr=1.8E-05 time/iter=0.070s eta=0:06:03
Epoch 65 complete. Average loss: 0.5142
[54900/60000] loss=0.5138 lr=1.8E-05 time/iter=0.070s eta=0:05:56
[55000/60000] loss=0.5147 lr=1.7E-05 time/iter=0.070s eta=0:05:49
[55100/60000] loss=0.5138 lr=1.6E-05 time/iter=0.070s eta=0:05:42
[55200/60000] loss=0.5135 lr=1.6E-05 time/iter=0.070s eta=0:05:35
[55300/60000] loss=0.5135 lr=1.5E-05 time/iter=0.070s eta=0:05:28
[55400/60000] loss=0.5135 lr=1.4E-05 time/iter=0.070s eta=0:05:21
[55500/60000] loss=0.5133 lr=1.4E-05 time/iter=0.070s eta=0:05:14
[55600/60000] loss=0.5131 lr=1.3E-05 time/iter=0.070s eta=0:05:07
[55700/60000] loss=0.5132 lr=1.3E-05 time/iter=0.070s eta=0:05:00
Epoch 66 complete. Average loss: 0.5131
[55800/60000] loss=0.5128 lr=1.2E-05 time/iter=0.070s eta=0:04:53
[55900/60000] loss=0.5132 lr=1.1E-05 time/iter=0.070s eta=0:04:46
[56000/60000] loss=0.5130 lr=1.1E-05 time/iter=0.070s eta=0:04:39
[56100/60000] loss=0.5128 lr=1.0E-05 time/iter=0.070s eta=0:04:32
[56200/60000] loss=0.5128 lr=9.9E-06 time/iter=0.070s eta=0:04:25
[56300/60000] loss=0.5125 lr=9.4E-06 time/iter=0.070s eta=0:04:18
[56400/60000] loss=0.5125 lr=8.9E-06 time/iter=0.070s eta=0:04:11
[56500/60000] loss=0.5125 lr=8.4E-06 time/iter=0.070s eta=0:04:04
Epoch 67 complete. Average loss: 0.5124
[56600/60000] loss=0.5119 lr=7.9E-06 time/iter=0.070s eta=0:03:57
[56700/60000] loss=0.5121 lr=7.4E-06 time/iter=0.070s eta=0:03:50
[56800/60000] loss=0.5112 lr=7.0E-06 time/iter=0.070s eta=0:03:43
[56900/60000] loss=0.5116 lr=6.6E-06 time/iter=0.070s eta=0:03:36
[57000/60000] loss=0.5118 lr=6.2E-06 time/iter=0.070s eta=0:03:29
[57100/60000] loss=0.5117 lr=5.8E-06 time/iter=0.070s eta=0:03:22
[57200/60000] loss=0.5118 lr=5.4E-06 time/iter=0.070s eta=0:03:15
[57300/60000] loss=0.5116 lr=5.0E-06 time/iter=0.070s eta=0:03:08
Epoch 68 complete. Average loss: 0.5118
[57400/60000] loss=0.5106 lr=4.6E-06 time/iter=0.070s eta=0:03:01
[57500/60000] loss=0.5098 lr=4.3E-06 time/iter=0.070s eta=0:02:54
[57600/60000] loss=0.5107 lr=3.9E-06 time/iter=0.070s eta=0:02:47
[57700/60000] loss=0.5110 lr=3.6E-06 time/iter=0.070s eta=0:02:40
[57800/60000] loss=0.5112 lr=3.3E-06 time/iter=0.070s eta=0:02:33
[57900/60000] loss=0.5110 lr=3.0E-06 time/iter=0.070s eta=0:02:26
[58000/60000] loss=0.5112 lr=2.7E-06 time/iter=0.070s eta=0:02:19
[58100/60000] loss=0.5112 lr=2.5E-06 time/iter=0.070s eta=0:02:12
[58200/60000] loss=0.5113 lr=2.2E-06 time/iter=0.070s eta=0:02:05
Epoch 69 complete. Average loss: 0.5114
[58300/60000] loss=0.5093 lr=2.0E-06 time/iter=0.070s eta=0:01:58
[58400/60000] loss=0.5110 lr=1.8E-06 time/iter=0.070s eta=0:01:51
[58500/60000] loss=0.5111 lr=1.5E-06 time/iter=0.070s eta=0:01:44
[58600/60000] loss=0.5111 lr=1.3E-06 time/iter=0.070s eta=0:01:37
[58700/60000] loss=0.5111 lr=1.2E-06 time/iter=0.070s eta=0:01:30
[58800/60000] loss=0.5110 lr=9.9E-07 time/iter=0.070s eta=0:01:23
[58900/60000] loss=0.5110 lr=8.3E-07 time/iter=0.070s eta=0:01:16
[59000/60000] loss=0.5112 lr=6.9E-07 time/iter=0.070s eta=0:01:09
Epoch 70 complete. Average loss: 0.5112
[59100/60000] loss=0.5107 lr=5.6E-07 time/iter=0.070s eta=0:01:02
[59200/60000] loss=0.5106 lr=4.4E-07 time/iter=0.070s eta=0:00:55
[59300/60000] loss=0.5104 lr=3.4E-07 time/iter=0.070s eta=0:00:48
[59400/60000] loss=0.5105 lr=2.5E-07 time/iter=0.070s eta=0:00:41
[59500/60000] loss=0.5107 lr=1.7E-07 time/iter=0.070s eta=0:00:34
[59600/60000] loss=0.5109 lr=1.1E-07 time/iter=0.070s eta=0:00:27
[59700/60000] loss=0.5111 lr=6.2E-08 time/iter=0.070s eta=0:00:20
[59800/60000] loss=0.5111 lr=2.7E-08 time/iter=0.070s eta=0:00:13
[59900/60000] loss=0.5110 lr=6.9E-09 time/iter=0.070s eta=0:00:06
Epoch 71 complete. Average loss: 0.5110
[60000/60000] loss=0.5105 lr=0.0E+00 time/iter=0.070s eta=0:00:00
Saving checkpoint to ./runs/checkpoints/checkpoints_gru_mlp/checkpoint-60000.pth...
Checkpoint saved.
Epoch 72 complete. Average loss: 0.5105
Training loop finished.
Logging complete. File saved to train_results/logs_gru_mlp
Training completed successfully.
Job finished at Tue Apr  8 16:03:39 CEST 2025

JOB STATISTICS
==============
Job ID: 11084637
Cluster: snellius
User/Group: igardner1/igardner1
State: RUNNING
Nodes: 1
Cores per node: 18
CPU Utilized: 00:00:00
CPU Efficiency: 0.00% of 22:02:42 core-walltime
Job Wall-clock time: 01:13:29
Memory Utilized: 0.00 MB
Memory Efficiency: 0.00% of 120.00 GB (120.00 GB/node)
WARNING: Efficiency statistics can only be obtained after the job has ended as seff tool is based on the accounting database data.
